<?xml version="1.0" encoding="UTF-8"?>
<testsuite name="lv.javaguru.travel.insurance.rest.controller_v2_test.agreement_errors.medical_risk_limit_level.V2AgreementMedicalRiskLimitLevelTest" tests="1" skipped="0" failures="0" errors="0" timestamp="2024-06-23T16:37:15" hostname="DESKTOP-QKNTNJC" time="0.042">
  <properties/>
  <testcase name="execute23()" classname="lv.javaguru.travel.insurance.rest.controller_v2_test.agreement_errors.medical_risk_limit_level.V2AgreementMedicalRiskLimitLevelTest" time="0.042"/>
  <system-out><![CDATA[2024-06-23 19:37:15,635 [Test worker] INFO  o.s.b.t.c.SpringBootTestContextBootstrapper - Neither @ContextConfiguration nor @ContextHierarchy found for test class [lv.javaguru.travel.insurance.rest.controller_v2_test.agreement_errors.medical_risk_limit_level.V2AgreementMedicalRiskLimitLevelTest], using SpringBootContextLoader
2024-06-23 19:37:15,637 [Test worker] INFO  o.s.t.c.s.AbstractContextLoader - Could not detect default resource locations for test class [lv.javaguru.travel.insurance.rest.controller_v2_test.agreement_errors.medical_risk_limit_level.V2AgreementMedicalRiskLimitLevelTest]: no resource found for suffixes {-context.xml, Context.groovy}.
2024-06-23 19:37:15,638 [Test worker] INFO  o.s.t.c.s.AnnotationConfigContextLoaderUtils - Could not detect default configuration classes for test class [lv.javaguru.travel.insurance.rest.controller_v2_test.agreement_errors.medical_risk_limit_level.V2AgreementMedicalRiskLimitLevelTest]: V2AgreementMedicalRiskLimitLevelTest does not declare any static, non-private, non-final, nested classes annotated with @Configuration.
2024-06-23 19:37:15,657 [Test worker] INFO  o.s.b.t.c.SpringBootTestContextBootstrapper - Found @SpringBootConfiguration lv.javaguru.travel.insurance.InsuranceApplication for test class lv.javaguru.travel.insurance.rest.controller_v2_test.agreement_errors.medical_risk_limit_level.V2AgreementMedicalRiskLimitLevelTest
2024-06-23 19:37:15,663 [Test worker] INFO  o.s.b.t.c.SpringBootTestContextBootstrapper - Loaded default TestExecutionListener class names from location [META-INF/spring.factories]: [org.springframework.boot.test.autoconfigure.restdocs.RestDocsTestExecutionListener, org.springframework.boot.test.autoconfigure.web.client.MockRestServiceServerResetTestExecutionListener, org.springframework.boot.test.autoconfigure.web.servlet.MockMvcPrintOnlyOnFailureTestExecutionListener, org.springframework.boot.test.autoconfigure.web.servlet.WebDriverTestExecutionListener, org.springframework.boot.test.autoconfigure.webservices.client.MockWebServiceServerTestExecutionListener, org.springframework.boot.test.mock.mockito.MockitoTestExecutionListener, org.springframework.boot.test.mock.mockito.ResetMocksTestExecutionListener, org.springframework.test.context.web.ServletTestExecutionListener, org.springframework.test.context.support.DirtiesContextBeforeModesTestExecutionListener, org.springframework.test.context.event.ApplicationEventsTestExecutionListener, org.springframework.test.context.support.DependencyInjectionTestExecutionListener, org.springframework.test.context.support.DirtiesContextTestExecutionListener, org.springframework.test.context.transaction.TransactionalTestExecutionListener, org.springframework.test.context.jdbc.SqlScriptsTestExecutionListener, org.springframework.test.context.event.EventPublishingTestExecutionListener]
2024-06-23 19:37:15,665 [Test worker] INFO  o.s.b.t.c.SpringBootTestContextBootstrapper - Using TestExecutionListeners: [org.springframework.test.context.web.ServletTestExecutionListener@b9271b6, org.springframework.test.context.support.DirtiesContextBeforeModesTestExecutionListener@9736d7e, org.springframework.test.context.event.ApplicationEventsTestExecutionListener@5c608988, org.springframework.boot.test.mock.mockito.MockitoTestExecutionListener@4d979f76, org.springframework.boot.test.autoconfigure.SpringBootDependencyInjectionTestExecutionListener@559048b3, org.springframework.test.context.support.DirtiesContextTestExecutionListener@471ac7e2, org.springframework.test.context.transaction.TransactionalTestExecutionListener@1fee3a40, org.springframework.test.context.jdbc.SqlScriptsTestExecutionListener@6e737ae4, org.springframework.test.context.event.EventPublishingTestExecutionListener@39716249, org.springframework.boot.test.autoconfigure.restdocs.RestDocsTestExecutionListener@28459752, org.springframework.boot.test.autoconfigure.web.client.MockRestServiceServerResetTestExecutionListener@46179420, org.springframework.boot.test.autoconfigure.web.servlet.MockMvcPrintOnlyOnFailureTestExecutionListener@33c6625c, org.springframework.boot.test.autoconfigure.web.servlet.WebDriverTestExecutionListener@1172d47, org.springframework.boot.test.autoconfigure.webservices.client.MockWebServiceServerTestExecutionListener@5ecc530, org.springframework.boot.test.mock.mockito.ResetMocksTestExecutionListener@7fa0f739]
Hibernate: select classifier0_.id as id1_2_, classifier0_.classifier_id as classifi4_2_, classifier0_.description as descript2_2_, classifier0_.ic as ic3_2_ from classifier_values classifier0_ left outer join classifiers classifier1_ on classifier0_.classifier_id=classifier1_.id where classifier1_.title=? and classifier0_.ic=?
Hibernate: select classifier0_.id as id1_3_0_, classifier0_.description as descript2_3_0_, classifier0_.title as title3_3_0_ from classifiers classifier0_ where classifier0_.id=?
Hibernate: select classifier0_.id as id1_2_, classifier0_.classifier_id as classifi4_2_, classifier0_.description as descript2_2_, classifier0_.ic as ic3_2_ from classifier_values classifier0_ left outer join classifiers classifier1_ on classifier0_.classifier_id=classifier1_.id where classifier1_.title=? and classifier0_.ic=?
Hibernate: select classifier0_.id as id1_3_0_, classifier0_.description as descript2_3_0_, classifier0_.title as title3_3_0_ from classifiers classifier0_ where classifier0_.id=?
Hibernate: select classifier0_.id as id1_2_, classifier0_.classifier_id as classifi4_2_, classifier0_.description as descript2_2_, classifier0_.ic as ic3_2_ from classifier_values classifier0_ left outer join classifiers classifier1_ on classifier0_.classifier_id=classifier1_.id where classifier1_.title=? and classifier0_.ic=?
Hibernate: select classifier0_.id as id1_2_, classifier0_.classifier_id as classifi4_2_, classifier0_.description as descript2_2_, classifier0_.ic as ic3_2_ from classifier_values classifier0_ left outer join classifiers classifier1_ on classifier0_.classifier_id=classifier1_.id where classifier1_.title=? and classifier0_.ic=?
2024-06-23 19:37:15,703 [Test worker] INFO  l.j.t.i.r.c.TravelCalculatePremiumRequestExecutionTimeLogger - Request processing time (ms): 24
]]></system-out>
  <system-err><![CDATA[]]></system-err>
</testsuite>
