<?xml version="1.0" encoding="UTF-8"?>
<testsuite name="lv.javaguru.travel.insurance.core.validations.calculate.person.PersonMedicalRiskLimitLevelValidationTest" tests="2" skipped="0" failures="0" errors="0" timestamp="2024-06-23T16:37:05" hostname="DESKTOP-QKNTNJC" time="0.012">
  <properties/>
  <testcase name="AgreementMedicalRiskLimitLevelExistsTest()" classname="lv.javaguru.travel.insurance.core.validations.calculate.person.PersonMedicalRiskLimitLevelValidationTest" time="0.005"/>
  <testcase name="AgreementMedicalRiskLimitLevelIsNullTest()" classname="lv.javaguru.travel.insurance.core.validations.calculate.person.PersonMedicalRiskLimitLevelValidationTest" time="0.006"/>
  <system-out><![CDATA[]]></system-out>
  <system-err><![CDATA[]]></system-err>
</testsuite>
