<?xml version="1.0" encoding="UTF-8"?>
<testsuite name="lv.javaguru.travel.insurance.core.underwriting.calculators.medical.TravelRiskPremiumCalculatorMedicalTest" tests="4" skipped="0" failures="0" errors="0" timestamp="2024-07-15T15:30:39" hostname="DESKTOP-QKNTNJC" time="0.111">
  <properties/>
  <testcase name="calculatePremiumForMedicalRiskLatviaTest()" classname="lv.javaguru.travel.insurance.core.underwriting.calculators.medical.TravelRiskPremiumCalculatorMedicalTest" time="0.018"/>
  <testcase name="calculatePremiumForMedicalRiskJapanTest()" classname="lv.javaguru.travel.insurance.core.underwriting.calculators.medical.TravelRiskPremiumCalculatorMedicalTest" time="0.021"/>
  <testcase name="calculatePremiumForMedicalRiskSpainTest()" classname="lv.javaguru.travel.insurance.core.underwriting.calculators.medical.TravelRiskPremiumCalculatorMedicalTest" time="0.055"/>
  <testcase name="calculatePremiumForMedicalRiskLatviaIntegrationTest()" classname="lv.javaguru.travel.insurance.core.underwriting.calculators.medical.TravelRiskPremiumCalculatorMedicalTest" time="0.008"/>
  <system-out><![CDATA[2024-07-15 18:30:39,386 [Test worker] INFO  o.s.t.c.s.DefaultTestContextBootstrapper - Neither @ContextConfiguration nor @ContextHierarchy found for test class [lv.javaguru.travel.insurance.core.underwriting.calculators.medical.TravelRiskPremiumCalculatorMedicalTest], using DelegatingSmartContextLoader
2024-07-15 18:30:39,387 [Test worker] INFO  o.s.t.c.s.AbstractContextLoader - Could not detect default resource locations for test class [lv.javaguru.travel.insurance.core.underwriting.calculators.medical.TravelRiskPremiumCalculatorMedicalTest]: no resource found for suffixes {-context.xml}.
2024-07-15 18:30:39,387 [Test worker] INFO  o.s.t.c.s.AnnotationConfigContextLoaderUtils - Could not detect default configuration classes for test class [lv.javaguru.travel.insurance.core.underwriting.calculators.medical.TravelRiskPremiumCalculatorMedicalTest]: TravelRiskPremiumCalculatorMedicalTest does not declare any static, non-private, non-final, nested classes annotated with @Configuration.
2024-07-15 18:30:39,388 [Test worker] INFO  o.s.t.c.s.DefaultTestContextBootstrapper - Loaded default TestExecutionListener class names from location [META-INF/spring.factories]: [org.springframework.boot.test.autoconfigure.restdocs.RestDocsTestExecutionListener, org.springframework.boot.test.autoconfigure.web.client.MockRestServiceServerResetTestExecutionListener, org.springframework.boot.test.autoconfigure.web.servlet.MockMvcPrintOnlyOnFailureTestExecutionListener, org.springframework.boot.test.autoconfigure.web.servlet.WebDriverTestExecutionListener, org.springframework.boot.test.autoconfigure.webservices.client.MockWebServiceServerTestExecutionListener, org.springframework.boot.test.mock.mockito.MockitoTestExecutionListener, org.springframework.boot.test.mock.mockito.ResetMocksTestExecutionListener, org.springframework.test.context.web.ServletTestExecutionListener, org.springframework.test.context.support.DirtiesContextBeforeModesTestExecutionListener, org.springframework.test.context.event.ApplicationEventsTestExecutionListener, org.springframework.test.context.support.DependencyInjectionTestExecutionListener, org.springframework.test.context.support.DirtiesContextTestExecutionListener, org.springframework.test.context.transaction.TransactionalTestExecutionListener, org.springframework.test.context.jdbc.SqlScriptsTestExecutionListener, org.springframework.test.context.event.EventPublishingTestExecutionListener]
2024-07-15 18:30:39,388 [Test worker] INFO  o.s.t.c.s.DefaultTestContextBootstrapper - Using TestExecutionListeners: [org.springframework.test.context.web.ServletTestExecutionListener@41dbf02b, org.springframework.test.context.support.DirtiesContextBeforeModesTestExecutionListener@6a28d987, org.springframework.test.context.event.ApplicationEventsTestExecutionListener@d41518b, org.springframework.boot.test.mock.mockito.MockitoTestExecutionListener@4708acc6, org.springframework.test.context.support.DependencyInjectionTestExecutionListener@59cc46a4, org.springframework.test.context.support.DirtiesContextTestExecutionListener@750448fb, org.springframework.test.context.transaction.TransactionalTestExecutionListener@724e82d9, org.springframework.test.context.jdbc.SqlScriptsTestExecutionListener@70a26eca, org.springframework.test.context.event.EventPublishingTestExecutionListener@4b60ff1c, org.springframework.boot.test.autoconfigure.restdocs.RestDocsTestExecutionListener@1c74251b, org.springframework.boot.test.autoconfigure.web.client.MockRestServiceServerResetTestExecutionListener@1aaa3406, org.springframework.boot.test.autoconfigure.web.servlet.MockMvcPrintOnlyOnFailureTestExecutionListener@791dcda7, org.springframework.boot.test.autoconfigure.web.servlet.WebDriverTestExecutionListener@35c95587, org.springframework.boot.test.autoconfigure.webservices.client.MockWebServiceServerTestExecutionListener@828e2d8, org.springframework.boot.test.mock.mockito.ResetMocksTestExecutionListener@43e9eddf]
]]></system-out>
  <system-err><![CDATA[]]></system-err>
</testsuite>
