<?xml version="1.0" encoding="UTF-8"?>
<testsuite name="lv.javaguru.travel.insurance.core.validations.calculate.integration.AgreementDateFromValidationIntegrationTest" tests="2" skipped="0" failures="0" errors="0" timestamp="2024-06-23T16:37:05" hostname="DESKTOP-QKNTNJC" time="0.115">
  <properties/>
  <testcase name="shouldReturnErrorsWhenDateFromIsNull()" classname="lv.javaguru.travel.insurance.core.validations.calculate.integration.AgreementDateFromValidationIntegrationTest" time="0.092"/>
  <testcase name="shouldReturnErrorsWhenDateFromIsInThePast()" classname="lv.javaguru.travel.insurance.core.validations.calculate.integration.AgreementDateFromValidationIntegrationTest" time="0.022"/>
  <system-out><![CDATA[2024-06-23 19:36:51,617 [Test worker] INFO  o.s.b.t.c.SpringBootTestContextBootstrapper - Neither @ContextConfiguration nor @ContextHierarchy found for test class [lv.javaguru.travel.insurance.core.validations.calculate.integration.AgreementDateFromValidationIntegrationTest], using SpringBootContextLoader
2024-06-23 19:36:51,619 [Test worker] INFO  o.s.t.c.s.AbstractContextLoader - Could not detect default resource locations for test class [lv.javaguru.travel.insurance.core.validations.calculate.integration.AgreementDateFromValidationIntegrationTest]: no resource found for suffixes {-context.xml, Context.groovy}.
2024-06-23 19:36:51,620 [Test worker] INFO  o.s.t.c.s.AnnotationConfigContextLoaderUtils - Could not detect default configuration classes for test class [lv.javaguru.travel.insurance.core.validations.calculate.integration.AgreementDateFromValidationIntegrationTest]: AgreementDateFromValidationIntegrationTest does not declare any static, non-private, non-final, nested classes annotated with @Configuration.
2024-06-23 19:36:51,642 [Test worker] INFO  o.s.b.t.c.SpringBootTestContextBootstrapper - Found @SpringBootConfiguration lv.javaguru.travel.insurance.InsuranceApplication for test class lv.javaguru.travel.insurance.core.validations.calculate.integration.AgreementDateFromValidationIntegrationTest
2024-06-23 19:36:51,651 [Test worker] INFO  o.s.b.t.c.SpringBootTestContextBootstrapper - Loaded default TestExecutionListener class names from location [META-INF/spring.factories]: [org.springframework.boot.test.autoconfigure.restdocs.RestDocsTestExecutionListener, org.springframework.boot.test.autoconfigure.web.client.MockRestServiceServerResetTestExecutionListener, org.springframework.boot.test.autoconfigure.web.servlet.MockMvcPrintOnlyOnFailureTestExecutionListener, org.springframework.boot.test.autoconfigure.web.servlet.WebDriverTestExecutionListener, org.springframework.boot.test.autoconfigure.webservices.client.MockWebServiceServerTestExecutionListener, org.springframework.boot.test.mock.mockito.MockitoTestExecutionListener, org.springframework.boot.test.mock.mockito.ResetMocksTestExecutionListener, org.springframework.test.context.web.ServletTestExecutionListener, org.springframework.test.context.support.DirtiesContextBeforeModesTestExecutionListener, org.springframework.test.context.event.ApplicationEventsTestExecutionListener, org.springframework.test.context.support.DependencyInjectionTestExecutionListener, org.springframework.test.context.support.DirtiesContextTestExecutionListener, org.springframework.test.context.transaction.TransactionalTestExecutionListener, org.springframework.test.context.jdbc.SqlScriptsTestExecutionListener, org.springframework.test.context.event.EventPublishingTestExecutionListener]
2024-06-23 19:36:51,651 [Test worker] INFO  o.s.b.t.c.SpringBootTestContextBootstrapper - Using TestExecutionListeners: [org.springframework.test.context.web.ServletTestExecutionListener@2582e213, org.springframework.test.context.support.DirtiesContextBeforeModesTestExecutionListener@4a1cafb2, org.springframework.test.context.event.ApplicationEventsTestExecutionListener@441798ce, org.springframework.boot.test.mock.mockito.MockitoTestExecutionListener@335cd031, org.springframework.boot.test.autoconfigure.SpringBootDependencyInjectionTestExecutionListener@17c3e33, org.springframework.test.context.support.DirtiesContextTestExecutionListener@2eb27091, org.springframework.test.context.transaction.TransactionalTestExecutionListener@561b4c61, org.springframework.test.context.jdbc.SqlScriptsTestExecutionListener@313c3cb, org.springframework.test.context.event.EventPublishingTestExecutionListener@63fef83c, org.springframework.boot.test.autoconfigure.restdocs.RestDocsTestExecutionListener@5e752a2a, org.springframework.boot.test.autoconfigure.web.client.MockRestServiceServerResetTestExecutionListener@52811dc1, org.springframework.boot.test.autoconfigure.web.servlet.MockMvcPrintOnlyOnFailureTestExecutionListener@4f9191c1, org.springframework.boot.test.autoconfigure.web.servlet.WebDriverTestExecutionListener@5bbaaf17, org.springframework.boot.test.autoconfigure.webservices.client.MockWebServiceServerTestExecutionListener@2c69ea30, org.springframework.boot.test.mock.mockito.ResetMocksTestExecutionListener@76dc9569]

  .   ____          _            __ _ _
 /\\ / ___'_ __ _ _(_)_ __  __ _ \ \ \ \
( ( )\___ | '_ | '_| | '_ \/ _` | \ \ \ \
 \\/  ___)| |_)| | | | | || (_| |  ) ) ) )
  '  |____| .__|_| |_|_| |_\__, | / / / /
 =========|_|==============|___/=/_/_/_/
 :: Spring Boot ::                (v2.7.5)

2024-06-23 19:36:51,823 [Test worker] INFO  l.j.t.i.c.v.c.i.AgreementDateFromValidationIntegrationTest - Starting AgreementDateFromValidationIntegrationTest using Java 18.0.2 on DESKTOP-QKNTNJC with PID 6000 (started by User in D:\Leva\Program\repos\My_Portfolio\Insurance_Calculator\student_snezhko_leu_version_2)
2024-06-23 19:36:51,824 [Test worker] INFO  l.j.t.i.c.v.c.i.AgreementDateFromValidationIntegrationTest - No active profile set, falling back to 1 default profile: "default"
2024-06-23 19:36:53,525 [Test worker] INFO  o.s.d.r.c.RepositoryConfigurationDelegate - Bootstrapping Spring Data JPA repositories in DEFAULT mode.
2024-06-23 19:36:53,703 [Test worker] INFO  o.s.d.r.c.RepositoryConfigurationDelegate - Finished Spring Data repository scanning in 176 ms. Found 14 JPA repository interfaces.
2024-06-23 19:36:54,458 [Test worker] INFO  com.zaxxer.hikari.HikariDataSource - HikariPool-1 - Starting...
2024-06-23 19:36:54,542 [Test worker] INFO  com.zaxxer.hikari.HikariDataSource - HikariPool-1 - Start completed.
2024-06-23 19:36:54,930 [Test worker] INFO  o.h.jpa.internal.util.LogHelper - HHH000204: Processing PersistenceUnitInfo [name: default]
2024-06-23 19:36:54,954 [Test worker] INFO  org.hibernate.dialect.Dialect - HHH000400: Using dialect: org.hibernate.dialect.H2Dialect
2024-06-23 19:36:55,581 [Test worker] INFO  o.h.e.t.j.p.i.JtaPlatformInitiator - HHH000490: Using JtaPlatform implementation: [org.hibernate.engine.transaction.jta.platform.internal.NoJtaPlatform]
2024-06-23 19:36:55,582 [Test worker] INFO  o.s.o.j.LocalContainerEntityManagerFactoryBean - Initialized JPA EntityManagerFactory for persistence unit 'default'
2024-06-23 19:36:58,456 [Test worker] WARN  o.s.b.a.o.j.JpaBaseConfiguration$JpaWebConfiguration - spring.jpa.open-in-view is enabled by default. Therefore, database queries may be performed during view rendering. Explicitly configure spring.jpa.open-in-view to disable this warning
2024-06-23 19:37:05,304 [Test worker] INFO  l.j.t.i.c.v.c.i.AgreementDateFromValidationIntegrationTest - Started AgreementDateFromValidationIntegrationTest in 13.637 seconds (JVM running for 40.947)
Hibernate: select classifier0_.id as id1_2_, classifier0_.classifier_id as classifi4_2_, classifier0_.description as descript2_2_, classifier0_.ic as ic3_2_ from classifier_values classifier0_ left outer join classifiers classifier1_ on classifier0_.classifier_id=classifier1_.id where classifier1_.title=? and classifier0_.ic=?
Hibernate: select classifier0_.id as id1_3_0_, classifier0_.description as descript2_3_0_, classifier0_.title as title3_3_0_ from classifiers classifier0_ where classifier0_.id=?
Hibernate: select classifier0_.id as id1_2_, classifier0_.classifier_id as classifi4_2_, classifier0_.description as descript2_2_, classifier0_.ic as ic3_2_ from classifier_values classifier0_ left outer join classifiers classifier1_ on classifier0_.classifier_id=classifier1_.id where classifier1_.title=? and classifier0_.ic=?
Hibernate: select classifier0_.id as id1_3_0_, classifier0_.description as descript2_3_0_, classifier0_.title as title3_3_0_ from classifiers classifier0_ where classifier0_.id=?
Hibernate: select classifier0_.id as id1_2_, classifier0_.classifier_id as classifi4_2_, classifier0_.description as descript2_2_, classifier0_.ic as ic3_2_ from classifier_values classifier0_ left outer join classifiers classifier1_ on classifier0_.classifier_id=classifier1_.id where classifier1_.title=? and classifier0_.ic=?
Hibernate: select classifier0_.id as id1_3_0_, classifier0_.description as descript2_3_0_, classifier0_.title as title3_3_0_ from classifiers classifier0_ where classifier0_.id=?
Hibernate: select classifier0_.id as id1_2_, classifier0_.classifier_id as classifi4_2_, classifier0_.description as descript2_2_, classifier0_.ic as ic3_2_ from classifier_values classifier0_ left outer join classifiers classifier1_ on classifier0_.classifier_id=classifier1_.id where classifier1_.title=? and classifier0_.ic=?
Hibernate: select classifier0_.id as id1_3_0_, classifier0_.description as descript2_3_0_, classifier0_.title as title3_3_0_ from classifiers classifier0_ where classifier0_.id=?
Hibernate: select classifier0_.id as id1_2_, classifier0_.classifier_id as classifi4_2_, classifier0_.description as descript2_2_, classifier0_.ic as ic3_2_ from classifier_values classifier0_ left outer join classifiers classifier1_ on classifier0_.classifier_id=classifier1_.id where classifier1_.title=? and classifier0_.ic=?
Hibernate: select classifier0_.id as id1_3_0_, classifier0_.description as descript2_3_0_, classifier0_.title as title3_3_0_ from classifiers classifier0_ where classifier0_.id=?
Hibernate: select classifier0_.id as id1_2_, classifier0_.classifier_id as classifi4_2_, classifier0_.description as descript2_2_, classifier0_.ic as ic3_2_ from classifier_values classifier0_ left outer join classifiers classifier1_ on classifier0_.classifier_id=classifier1_.id where classifier1_.title=? and classifier0_.ic=?
Hibernate: select classifier0_.id as id1_3_0_, classifier0_.description as descript2_3_0_, classifier0_.title as title3_3_0_ from classifiers classifier0_ where classifier0_.id=?
]]></system-out>
  <system-err><![CDATA[]]></system-err>
</testsuite>
