<?xml version="1.0" encoding="UTF-8"?>
<testsuite name="lv.javaguru.travel.insurance.core.validations.calculate.integration.AgreementSelectedRisksValidationIntegrationTest" tests="2" skipped="0" failures="0" errors="0" timestamp="2024-06-23T16:37:05" hostname="DESKTOP-QKNTNJC" time="0.087">
  <properties/>
  <testcase name="shouldReturnErrorsWhenAgreementSelectedRisksAreNull()" classname="lv.javaguru.travel.insurance.core.validations.calculate.integration.AgreementSelectedRisksValidationIntegrationTest" time="0.023"/>
  <testcase name="shouldReturnErrorsWhenSelectedRisksAreNotSupported()" classname="lv.javaguru.travel.insurance.core.validations.calculate.integration.AgreementSelectedRisksValidationIntegrationTest" time="0.062"/>
  <system-out><![CDATA[2024-06-23 19:37:05,466 [Test worker] INFO  o.s.b.t.c.SpringBootTestContextBootstrapper - Neither @ContextConfiguration nor @ContextHierarchy found for test class [lv.javaguru.travel.insurance.core.validations.calculate.integration.AgreementSelectedRisksValidationIntegrationTest], using SpringBootContextLoader
2024-06-23 19:37:05,508 [Test worker] INFO  o.s.t.c.s.AbstractContextLoader - Could not detect default resource locations for test class [lv.javaguru.travel.insurance.core.validations.calculate.integration.AgreementSelectedRisksValidationIntegrationTest]: no resource found for suffixes {-context.xml, Context.groovy}.
2024-06-23 19:37:05,509 [Test worker] INFO  o.s.t.c.s.AnnotationConfigContextLoaderUtils - Could not detect default configuration classes for test class [lv.javaguru.travel.insurance.core.validations.calculate.integration.AgreementSelectedRisksValidationIntegrationTest]: AgreementSelectedRisksValidationIntegrationTest does not declare any static, non-private, non-final, nested classes annotated with @Configuration.
2024-06-23 19:37:05,511 [Test worker] INFO  o.s.b.t.c.SpringBootTestContextBootstrapper - Found @SpringBootConfiguration lv.javaguru.travel.insurance.InsuranceApplication for test class lv.javaguru.travel.insurance.core.validations.calculate.integration.AgreementSelectedRisksValidationIntegrationTest
2024-06-23 19:37:05,514 [Test worker] INFO  o.s.b.t.c.SpringBootTestContextBootstrapper - Loaded default TestExecutionListener class names from location [META-INF/spring.factories]: [org.springframework.boot.test.autoconfigure.restdocs.RestDocsTestExecutionListener, org.springframework.boot.test.autoconfigure.web.client.MockRestServiceServerResetTestExecutionListener, org.springframework.boot.test.autoconfigure.web.servlet.MockMvcPrintOnlyOnFailureTestExecutionListener, org.springframework.boot.test.autoconfigure.web.servlet.WebDriverTestExecutionListener, org.springframework.boot.test.autoconfigure.webservices.client.MockWebServiceServerTestExecutionListener, org.springframework.boot.test.mock.mockito.MockitoTestExecutionListener, org.springframework.boot.test.mock.mockito.ResetMocksTestExecutionListener, org.springframework.test.context.web.ServletTestExecutionListener, org.springframework.test.context.support.DirtiesContextBeforeModesTestExecutionListener, org.springframework.test.context.event.ApplicationEventsTestExecutionListener, org.springframework.test.context.support.DependencyInjectionTestExecutionListener, org.springframework.test.context.support.DirtiesContextTestExecutionListener, org.springframework.test.context.transaction.TransactionalTestExecutionListener, org.springframework.test.context.jdbc.SqlScriptsTestExecutionListener, org.springframework.test.context.event.EventPublishingTestExecutionListener]
2024-06-23 19:37:05,515 [Test worker] INFO  o.s.b.t.c.SpringBootTestContextBootstrapper - Using TestExecutionListeners: [org.springframework.test.context.web.ServletTestExecutionListener@7d8fcde8, org.springframework.test.context.support.DirtiesContextBeforeModesTestExecutionListener@12620e98, org.springframework.test.context.event.ApplicationEventsTestExecutionListener@46916d68, org.springframework.boot.test.mock.mockito.MockitoTestExecutionListener@79b07ccd, org.springframework.boot.test.autoconfigure.SpringBootDependencyInjectionTestExecutionListener@7ad31e9e, org.springframework.test.context.support.DirtiesContextTestExecutionListener@78c7d992, org.springframework.test.context.transaction.TransactionalTestExecutionListener@35f011cf, org.springframework.test.context.jdbc.SqlScriptsTestExecutionListener@4f5c55a8, org.springframework.test.context.event.EventPublishingTestExecutionListener@2d198533, org.springframework.boot.test.autoconfigure.restdocs.RestDocsTestExecutionListener@6bd4d24b, org.springframework.boot.test.autoconfigure.web.client.MockRestServiceServerResetTestExecutionListener@5e1fc897, org.springframework.boot.test.autoconfigure.web.servlet.MockMvcPrintOnlyOnFailureTestExecutionListener@73c337e9, org.springframework.boot.test.autoconfigure.web.servlet.WebDriverTestExecutionListener@129204bf, org.springframework.boot.test.autoconfigure.webservices.client.MockWebServiceServerTestExecutionListener@5f19da2c, org.springframework.boot.test.mock.mockito.ResetMocksTestExecutionListener@7f62fa28]
Hibernate: select classifier0_.id as id1_2_, classifier0_.classifier_id as classifi4_2_, classifier0_.description as descript2_2_, classifier0_.ic as ic3_2_ from classifier_values classifier0_ left outer join classifiers classifier1_ on classifier0_.classifier_id=classifier1_.id where classifier1_.title=? and classifier0_.ic=?
Hibernate: select classifier0_.id as id1_3_0_, classifier0_.description as descript2_3_0_, classifier0_.title as title3_3_0_ from classifiers classifier0_ where classifier0_.id=?
Hibernate: select classifier0_.id as id1_2_, classifier0_.classifier_id as classifi4_2_, classifier0_.description as descript2_2_, classifier0_.ic as ic3_2_ from classifier_values classifier0_ left outer join classifiers classifier1_ on classifier0_.classifier_id=classifier1_.id where classifier1_.title=? and classifier0_.ic=?
Hibernate: select classifier0_.id as id1_3_0_, classifier0_.description as descript2_3_0_, classifier0_.title as title3_3_0_ from classifiers classifier0_ where classifier0_.id=?
Hibernate: select classifier0_.id as id1_2_, classifier0_.classifier_id as classifi4_2_, classifier0_.description as descript2_2_, classifier0_.ic as ic3_2_ from classifier_values classifier0_ left outer join classifiers classifier1_ on classifier0_.classifier_id=classifier1_.id where classifier1_.title=? and classifier0_.ic=?
Hibernate: select classifier0_.id as id1_3_0_, classifier0_.description as descript2_3_0_, classifier0_.title as title3_3_0_ from classifiers classifier0_ where classifier0_.id=?
Hibernate: select classifier0_.id as id1_2_, classifier0_.classifier_id as classifi4_2_, classifier0_.description as descript2_2_, classifier0_.ic as ic3_2_ from classifier_values classifier0_ left outer join classifiers classifier1_ on classifier0_.classifier_id=classifier1_.id where classifier1_.title=? and classifier0_.ic=?
Hibernate: select classifier0_.id as id1_2_, classifier0_.classifier_id as classifi4_2_, classifier0_.description as descript2_2_, classifier0_.ic as ic3_2_ from classifier_values classifier0_ left outer join classifiers classifier1_ on classifier0_.classifier_id=classifier1_.id where classifier1_.title=? and classifier0_.ic=?
Hibernate: select classifier0_.id as id1_3_0_, classifier0_.description as descript2_3_0_, classifier0_.title as title3_3_0_ from classifiers classifier0_ where classifier0_.id=?
]]></system-out>
  <system-err><![CDATA[]]></system-err>
</testsuite>
