<?xml version="1.0" encoding="UTF-8"?>
<testsuite name="lv.javaguru.travel.insurance.core.underwriting.SelectedRiskPremiumCalculatorTest" tests="3" skipped="0" failures="0" errors="0" timestamp="2024-06-23T16:36:48" hostname="DESKTOP-QKNTNJC" time="0.212">
  <properties/>
  <testcase name="calculatePremiumForAllRisksTest()" classname="lv.javaguru.travel.insurance.core.underwriting.SelectedRiskPremiumCalculatorTest" time="0.156"/>
  <testcase name="findCalculatorByIcIncorrectValueTest()" classname="lv.javaguru.travel.insurance.core.underwriting.SelectedRiskPremiumCalculatorTest" time="0.013"/>
  <testcase name="findCalculatorByIcCorrectValueTest()" classname="lv.javaguru.travel.insurance.core.underwriting.SelectedRiskPremiumCalculatorTest" time="0.033"/>
  <system-out><![CDATA[2024-06-23 19:36:48,148 [Test worker] INFO  o.s.t.c.s.DefaultTestContextBootstrapper - Neither @ContextConfiguration nor @ContextHierarchy found for test class [lv.javaguru.travel.insurance.core.underwriting.SelectedRiskPremiumCalculatorTest], using DelegatingSmartContextLoader
2024-06-23 19:36:48,149 [Test worker] INFO  o.s.t.c.s.AbstractContextLoader - Could not detect default resource locations for test class [lv.javaguru.travel.insurance.core.underwriting.SelectedRiskPremiumCalculatorTest]: no resource found for suffixes {-context.xml}.
2024-06-23 19:36:48,149 [Test worker] INFO  o.s.t.c.s.AnnotationConfigContextLoaderUtils - Could not detect default configuration classes for test class [lv.javaguru.travel.insurance.core.underwriting.SelectedRiskPremiumCalculatorTest]: SelectedRiskPremiumCalculatorTest does not declare any static, non-private, non-final, nested classes annotated with @Configuration.
2024-06-23 19:36:48,150 [Test worker] INFO  o.s.t.c.s.DefaultTestContextBootstrapper - Loaded default TestExecutionListener class names from location [META-INF/spring.factories]: [org.springframework.boot.test.autoconfigure.restdocs.RestDocsTestExecutionListener, org.springframework.boot.test.autoconfigure.web.client.MockRestServiceServerResetTestExecutionListener, org.springframework.boot.test.autoconfigure.web.servlet.MockMvcPrintOnlyOnFailureTestExecutionListener, org.springframework.boot.test.autoconfigure.web.servlet.WebDriverTestExecutionListener, org.springframework.boot.test.autoconfigure.webservices.client.MockWebServiceServerTestExecutionListener, org.springframework.boot.test.mock.mockito.MockitoTestExecutionListener, org.springframework.boot.test.mock.mockito.ResetMocksTestExecutionListener, org.springframework.test.context.web.ServletTestExecutionListener, org.springframework.test.context.support.DirtiesContextBeforeModesTestExecutionListener, org.springframework.test.context.event.ApplicationEventsTestExecutionListener, org.springframework.test.context.support.DependencyInjectionTestExecutionListener, org.springframework.test.context.support.DirtiesContextTestExecutionListener, org.springframework.test.context.transaction.TransactionalTestExecutionListener, org.springframework.test.context.jdbc.SqlScriptsTestExecutionListener, org.springframework.test.context.event.EventPublishingTestExecutionListener]
2024-06-23 19:36:48,150 [Test worker] INFO  o.s.t.c.s.DefaultTestContextBootstrapper - Using TestExecutionListeners: [org.springframework.test.context.web.ServletTestExecutionListener@501b15b9, org.springframework.test.context.support.DirtiesContextBeforeModesTestExecutionListener@769b1d1c, org.springframework.test.context.event.ApplicationEventsTestExecutionListener@c5e7696, org.springframework.boot.test.mock.mockito.MockitoTestExecutionListener@4f579582, org.springframework.test.context.support.DependencyInjectionTestExecutionListener@4769e70c, org.springframework.test.context.support.DirtiesContextTestExecutionListener@69346100, org.springframework.test.context.transaction.TransactionalTestExecutionListener@16a14076, org.springframework.test.context.jdbc.SqlScriptsTestExecutionListener@65293ca5, org.springframework.test.context.event.EventPublishingTestExecutionListener@6d70e68b, org.springframework.boot.test.autoconfigure.restdocs.RestDocsTestExecutionListener@2786b644, org.springframework.boot.test.autoconfigure.web.client.MockRestServiceServerResetTestExecutionListener@3b38f032, org.springframework.boot.test.autoconfigure.web.servlet.MockMvcPrintOnlyOnFailureTestExecutionListener@17d83fe4, org.springframework.boot.test.autoconfigure.web.servlet.WebDriverTestExecutionListener@7d76d72a, org.springframework.boot.test.autoconfigure.webservices.client.MockWebServiceServerTestExecutionListener@6fd07a56, org.springframework.boot.test.mock.mockito.ResetMocksTestExecutionListener@1315befe]
]]></system-out>
  <system-err><![CDATA[]]></system-err>
</testsuite>
