<?xml version="1.0" encoding="UTF-8"?>
<testsuite name="lv.javaguru.travel.insurance.core.validations.calculate.TravelOnlyPersonValidatorTest" tests="3" skipped="0" failures="0" errors="0" timestamp="2024-07-15T15:30:40" hostname="DESKTOP-QKNTNJC" time="0.076">
  <properties/>
  <testcase name="shouldReturnSingleAgreementErrors()" classname="lv.javaguru.travel.insurance.core.validations.calculate.TravelOnlyPersonValidatorTest" time="0.041"/>
  <testcase name="shouldReturnListAgreementErrors()" classname="lv.javaguru.travel.insurance.core.validations.calculate.TravelOnlyPersonValidatorTest" time="0.011"/>
  <testcase name="shouldNotReturnErrors()" classname="lv.javaguru.travel.insurance.core.validations.calculate.TravelOnlyPersonValidatorTest" time="0.017"/>
  <system-out><![CDATA[2024-07-15 18:30:40,141 [Test worker] INFO  o.s.t.c.s.DefaultTestContextBootstrapper - Neither @ContextConfiguration nor @ContextHierarchy found for test class [lv.javaguru.travel.insurance.core.validations.calculate.TravelOnlyPersonValidatorTest], using DelegatingSmartContextLoader
2024-07-15 18:30:40,142 [Test worker] INFO  o.s.t.c.s.AbstractContextLoader - Could not detect default resource locations for test class [lv.javaguru.travel.insurance.core.validations.calculate.TravelOnlyPersonValidatorTest]: no resource found for suffixes {-context.xml}.
2024-07-15 18:30:40,142 [Test worker] INFO  o.s.t.c.s.AnnotationConfigContextLoaderUtils - Could not detect default configuration classes for test class [lv.javaguru.travel.insurance.core.validations.calculate.TravelOnlyPersonValidatorTest]: TravelOnlyPersonValidatorTest does not declare any static, non-private, non-final, nested classes annotated with @Configuration.
2024-07-15 18:30:40,143 [Test worker] INFO  o.s.t.c.s.DefaultTestContextBootstrapper - Loaded default TestExecutionListener class names from location [META-INF/spring.factories]: [org.springframework.boot.test.autoconfigure.restdocs.RestDocsTestExecutionListener, org.springframework.boot.test.autoconfigure.web.client.MockRestServiceServerResetTestExecutionListener, org.springframework.boot.test.autoconfigure.web.servlet.MockMvcPrintOnlyOnFailureTestExecutionListener, org.springframework.boot.test.autoconfigure.web.servlet.WebDriverTestExecutionListener, org.springframework.boot.test.autoconfigure.webservices.client.MockWebServiceServerTestExecutionListener, org.springframework.boot.test.mock.mockito.MockitoTestExecutionListener, org.springframework.boot.test.mock.mockito.ResetMocksTestExecutionListener, org.springframework.test.context.web.ServletTestExecutionListener, org.springframework.test.context.support.DirtiesContextBeforeModesTestExecutionListener, org.springframework.test.context.event.ApplicationEventsTestExecutionListener, org.springframework.test.context.support.DependencyInjectionTestExecutionListener, org.springframework.test.context.support.DirtiesContextTestExecutionListener, org.springframework.test.context.transaction.TransactionalTestExecutionListener, org.springframework.test.context.jdbc.SqlScriptsTestExecutionListener, org.springframework.test.context.event.EventPublishingTestExecutionListener]
2024-07-15 18:30:40,144 [Test worker] INFO  o.s.t.c.s.DefaultTestContextBootstrapper - Using TestExecutionListeners: [org.springframework.test.context.web.ServletTestExecutionListener@15844237, org.springframework.test.context.support.DirtiesContextBeforeModesTestExecutionListener@2e04dbc1, org.springframework.test.context.event.ApplicationEventsTestExecutionListener@50cb64d5, org.springframework.boot.test.mock.mockito.MockitoTestExecutionListener@9be2897, org.springframework.test.context.support.DependencyInjectionTestExecutionListener@3e1c566d, org.springframework.test.context.support.DirtiesContextTestExecutionListener@36ce48bc, org.springframework.test.context.transaction.TransactionalTestExecutionListener@3d287f7c, org.springframework.test.context.jdbc.SqlScriptsTestExecutionListener@45aa02de, org.springframework.test.context.event.EventPublishingTestExecutionListener@19598b38, org.springframework.boot.test.autoconfigure.restdocs.RestDocsTestExecutionListener@5d16bb07, org.springframework.boot.test.autoconfigure.web.client.MockRestServiceServerResetTestExecutionListener@233bfc46, org.springframework.boot.test.autoconfigure.web.servlet.MockMvcPrintOnlyOnFailureTestExecutionListener@3612a60d, org.springframework.boot.test.autoconfigure.web.servlet.WebDriverTestExecutionListener@6347ebbc, org.springframework.boot.test.autoconfigure.webservices.client.MockWebServiceServerTestExecutionListener@b61aa50, org.springframework.boot.test.mock.mockito.ResetMocksTestExecutionListener@77c4aeb6]
]]></system-out>
  <system-err><![CDATA[]]></system-err>
</testsuite>
