<?xml version="1.0" encoding="UTF-8"?>
<testsuite name="lv.javaguru.travel.insurance.core.validations.calculate.agreement.AgreementCountryIsSupportedValidationTest" tests="2" skipped="0" failures="0" errors="0" timestamp="2024-07-15T15:30:40" hostname="DESKTOP-QKNTNJC" time="0.136">
  <properties/>
  <testcase name="correctCountry()" classname="lv.javaguru.travel.insurance.core.validations.calculate.agreement.AgreementCountryIsSupportedValidationTest" time="0.114"/>
  <testcase name="notExistingCountryTest()" classname="lv.javaguru.travel.insurance.core.validations.calculate.agreement.AgreementCountryIsSupportedValidationTest" time="0.021"/>
  <system-out><![CDATA[]]></system-out>
  <system-err><![CDATA[]]></system-err>
</testsuite>
