<?xml version="1.0" encoding="UTF-8"?>
<testsuite name="lv.javaguru.travel.insurance.core.repositories.agreement.SelectedRisksEntityRepositoryTest" tests="3" skipped="0" failures="0" errors="0" timestamp="2024-06-23T16:36:45" hostname="DESKTOP-QKNTNJC" time="0.071">
  <properties/>
  <testcase name="incorrectRiskIc()" classname="lv.javaguru.travel.insurance.core.repositories.agreement.SelectedRisksEntityRepositoryTest" time="0.021"/>
  <testcase name="correctRiskIc()" classname="lv.javaguru.travel.insurance.core.repositories.agreement.SelectedRisksEntityRepositoryTest" time="0.022"/>
  <testcase name="isExistingRepository()" classname="lv.javaguru.travel.insurance.core.repositories.agreement.SelectedRisksEntityRepositoryTest" time="0.016"/>
  <system-out><![CDATA[2024-06-23 19:36:45,695 [Test worker] INFO  o.s.b.t.a.o.j.DataJpaTestContextBootstrapper - Neither @ContextConfiguration nor @ContextHierarchy found for test class [lv.javaguru.travel.insurance.core.repositories.agreement.SelectedRisksEntityRepositoryTest], using SpringBootContextLoader
2024-06-23 19:36:45,697 [Test worker] INFO  o.s.t.c.s.AbstractContextLoader - Could not detect default resource locations for test class [lv.javaguru.travel.insurance.core.repositories.agreement.SelectedRisksEntityRepositoryTest]: no resource found for suffixes {-context.xml, Context.groovy}.
2024-06-23 19:36:45,698 [Test worker] INFO  o.s.t.c.s.AnnotationConfigContextLoaderUtils - Could not detect default configuration classes for test class [lv.javaguru.travel.insurance.core.repositories.agreement.SelectedRisksEntityRepositoryTest]: SelectedRisksEntityRepositoryTest does not declare any static, non-private, non-final, nested classes annotated with @Configuration.
2024-06-23 19:36:45,728 [Test worker] INFO  o.s.b.t.c.SpringBootTestContextBootstrapper - Found @SpringBootConfiguration lv.javaguru.travel.insurance.InsuranceApplication for test class lv.javaguru.travel.insurance.core.repositories.agreement.SelectedRisksEntityRepositoryTest
2024-06-23 19:36:45,732 [Test worker] INFO  o.s.b.t.a.o.j.DataJpaTestContextBootstrapper - Loaded default TestExecutionListener class names from location [META-INF/spring.factories]: [org.springframework.boot.test.autoconfigure.restdocs.RestDocsTestExecutionListener, org.springframework.boot.test.autoconfigure.web.client.MockRestServiceServerResetTestExecutionListener, org.springframework.boot.test.autoconfigure.web.servlet.MockMvcPrintOnlyOnFailureTestExecutionListener, org.springframework.boot.test.autoconfigure.web.servlet.WebDriverTestExecutionListener, org.springframework.boot.test.autoconfigure.webservices.client.MockWebServiceServerTestExecutionListener, org.springframework.boot.test.mock.mockito.MockitoTestExecutionListener, org.springframework.boot.test.mock.mockito.ResetMocksTestExecutionListener, org.springframework.test.context.web.ServletTestExecutionListener, org.springframework.test.context.support.DirtiesContextBeforeModesTestExecutionListener, org.springframework.test.context.event.ApplicationEventsTestExecutionListener, org.springframework.test.context.support.DependencyInjectionTestExecutionListener, org.springframework.test.context.support.DirtiesContextTestExecutionListener, org.springframework.test.context.transaction.TransactionalTestExecutionListener, org.springframework.test.context.jdbc.SqlScriptsTestExecutionListener, org.springframework.test.context.event.EventPublishingTestExecutionListener]
2024-06-23 19:36:45,734 [Test worker] INFO  o.s.b.t.a.o.j.DataJpaTestContextBootstrapper - Using TestExecutionListeners: [org.springframework.test.context.web.ServletTestExecutionListener@6632eb19, org.springframework.test.context.support.DirtiesContextBeforeModesTestExecutionListener@42db3ff, org.springframework.test.context.event.ApplicationEventsTestExecutionListener@5a95aaae, org.springframework.boot.test.mock.mockito.MockitoTestExecutionListener@519e67e, org.springframework.boot.test.autoconfigure.SpringBootDependencyInjectionTestExecutionListener@7402bfe7, org.springframework.test.context.support.DirtiesContextTestExecutionListener@1d5958d3, org.springframework.test.context.transaction.TransactionalTestExecutionListener@6a6e410c, org.springframework.test.context.jdbc.SqlScriptsTestExecutionListener@200e6029, org.springframework.test.context.event.EventPublishingTestExecutionListener@41120e48, org.springframework.boot.test.autoconfigure.restdocs.RestDocsTestExecutionListener@165a5979, org.springframework.boot.test.autoconfigure.web.client.MockRestServiceServerResetTestExecutionListener@ea40c9f, org.springframework.boot.test.autoconfigure.web.servlet.MockMvcPrintOnlyOnFailureTestExecutionListener@5d782a4a, org.springframework.boot.test.autoconfigure.web.servlet.WebDriverTestExecutionListener@cc91fe3, org.springframework.boot.test.autoconfigure.webservices.client.MockWebServiceServerTestExecutionListener@481c1e92, org.springframework.boot.test.mock.mockito.ResetMocksTestExecutionListener@66f223fa]
2024-06-23 19:36:45,744 [Test worker] INFO  o.s.t.c.t.TransactionContext - Began transaction (1) for test context [DefaultTestContext@16f62062 testClass = SelectedRisksEntityRepositoryTest, testInstance = lv.javaguru.travel.insurance.core.repositories.agreement.SelectedRisksEntityRepositoryTest@61ec2cb5, testMethod = incorrectRiskIc@SelectedRisksEntityRepositoryTest, testException = [null], mergedContextConfiguration = [MergedContextConfiguration@3889c343 testClass = SelectedRisksEntityRepositoryTest, locations = '{}', classes = '{class lv.javaguru.travel.insurance.InsuranceApplication}', contextInitializerClasses = '[]', activeProfiles = '{}', propertySourceLocations = '{}', propertySourceProperties = '{org.springframework.boot.test.autoconfigure.orm.jpa.DataJpaTestContextBootstrapper=true}', contextCustomizers = set[org.springframework.boot.test.autoconfigure.OverrideAutoConfigurationContextCustomizerFactory$DisableAutoConfigurationContextCustomizer@2a2da905, org.springframework.boot.test.autoconfigure.actuate.metrics.MetricsExportContextCustomizerFactory$DisableMetricExportContextCustomizer@48c40605, org.springframework.boot.test.autoconfigure.filter.TypeExcludeFiltersContextCustomizer@351584c0, org.springframework.boot.test.autoconfigure.properties.PropertyMappingContextCustomizer@f331bdb8, org.springframework.boot.test.autoconfigure.web.servlet.WebDriverContextCustomizerFactory$Customizer@67ef029, [ImportsContextCustomizer@34be7efb key = [org.springframework.boot.autoconfigure.cache.CacheAutoConfiguration, org.springframework.boot.autoconfigure.data.jpa.JpaRepositoriesAutoConfiguration, org.springframework.boot.autoconfigure.flyway.FlywayAutoConfiguration, org.springframework.boot.autoconfigure.jdbc.DataSourceAutoConfiguration, org.springframework.boot.autoconfigure.jdbc.DataSourceTransactionManagerAutoConfiguration, org.springframework.boot.autoconfigure.jdbc.JdbcTemplateAutoConfiguration, org.springframework.boot.autoconfigure.liquibase.LiquibaseAutoConfiguration, org.springframework.boot.autoconfigure.orm.jpa.HibernateJpaAutoConfiguration, org.springframework.boot.autoconfigure.sql.init.SqlInitializationAutoConfiguration, org.springframework.boot.autoconfigure.transaction.TransactionAutoConfiguration, org.springframework.boot.test.autoconfigure.jdbc.TestDatabaseAutoConfiguration, org.springframework.boot.test.autoconfigure.orm.jpa.TestEntityManagerAutoConfiguration]], org.springframework.boot.test.context.filter.ExcludeFilterContextCustomizer@5910de75, org.springframework.boot.test.json.DuplicateJsonObjectContextCustomizerFactory$DuplicateJsonObjectContextCustomizer@7e0aadd0, org.springframework.boot.test.mock.mockito.MockitoContextCustomizer@0, org.springframework.boot.test.context.SpringBootTestArgs@1, org.springframework.boot.test.context.SpringBootTestWebEnvironment@0], contextLoader = 'org.springframework.boot.test.context.SpringBootContextLoader', parent = [null]], attributes = map['org.springframework.test.context.event.ApplicationEventsTestExecutionListener.recordApplicationEvents' -> false]]; transaction manager [org.springframework.orm.jpa.JpaTransactionManager@c1386b4]; rollback [true]
Hibernate: select agreementr0_.id as id1_8_, agreementr0_.agreement as agreemen3_8_, agreementr0_.risk_ic as risk_ic2_8_ from selected_risks agreementr0_ left outer join agreements agreemente1_ on agreementr0_.agreement=agreemente1_.id where agreementr0_.risk_ic=? and agreemente1_.id=?
2024-06-23 19:36:45,760 [Test worker] INFO  o.s.t.c.t.TransactionContext - Rolled back transaction for test: [DefaultTestContext@16f62062 testClass = SelectedRisksEntityRepositoryTest, testInstance = lv.javaguru.travel.insurance.core.repositories.agreement.SelectedRisksEntityRepositoryTest@61ec2cb5, testMethod = incorrectRiskIc@SelectedRisksEntityRepositoryTest, testException = [null], mergedContextConfiguration = [MergedContextConfiguration@3889c343 testClass = SelectedRisksEntityRepositoryTest, locations = '{}', classes = '{class lv.javaguru.travel.insurance.InsuranceApplication}', contextInitializerClasses = '[]', activeProfiles = '{}', propertySourceLocations = '{}', propertySourceProperties = '{org.springframework.boot.test.autoconfigure.orm.jpa.DataJpaTestContextBootstrapper=true}', contextCustomizers = set[org.springframework.boot.test.autoconfigure.OverrideAutoConfigurationContextCustomizerFactory$DisableAutoConfigurationContextCustomizer@2a2da905, org.springframework.boot.test.autoconfigure.actuate.metrics.MetricsExportContextCustomizerFactory$DisableMetricExportContextCustomizer@48c40605, org.springframework.boot.test.autoconfigure.filter.TypeExcludeFiltersContextCustomizer@351584c0, org.springframework.boot.test.autoconfigure.properties.PropertyMappingContextCustomizer@f331bdb8, org.springframework.boot.test.autoconfigure.web.servlet.WebDriverContextCustomizerFactory$Customizer@67ef029, [ImportsContextCustomizer@34be7efb key = [org.springframework.boot.autoconfigure.cache.CacheAutoConfiguration, org.springframework.boot.autoconfigure.data.jpa.JpaRepositoriesAutoConfiguration, org.springframework.boot.autoconfigure.flyway.FlywayAutoConfiguration, org.springframework.boot.autoconfigure.jdbc.DataSourceAutoConfiguration, org.springframework.boot.autoconfigure.jdbc.DataSourceTransactionManagerAutoConfiguration, org.springframework.boot.autoconfigure.jdbc.JdbcTemplateAutoConfiguration, org.springframework.boot.autoconfigure.liquibase.LiquibaseAutoConfiguration, org.springframework.boot.autoconfigure.orm.jpa.HibernateJpaAutoConfiguration, org.springframework.boot.autoconfigure.sql.init.SqlInitializationAutoConfiguration, org.springframework.boot.autoconfigure.transaction.TransactionAutoConfiguration, org.springframework.boot.test.autoconfigure.jdbc.TestDatabaseAutoConfiguration, org.springframework.boot.test.autoconfigure.orm.jpa.TestEntityManagerAutoConfiguration]], org.springframework.boot.test.context.filter.ExcludeFilterContextCustomizer@5910de75, org.springframework.boot.test.json.DuplicateJsonObjectContextCustomizerFactory$DuplicateJsonObjectContextCustomizer@7e0aadd0, org.springframework.boot.test.mock.mockito.MockitoContextCustomizer@0, org.springframework.boot.test.context.SpringBootTestArgs@1, org.springframework.boot.test.context.SpringBootTestWebEnvironment@0], contextLoader = 'org.springframework.boot.test.context.SpringBootContextLoader', parent = [null]], attributes = map['org.springframework.test.context.event.ApplicationEventsTestExecutionListener.recordApplicationEvents' -> false]]
2024-06-23 19:36:45,769 [Test worker] INFO  o.s.t.c.t.TransactionContext - Began transaction (1) for test context [DefaultTestContext@16f62062 testClass = SelectedRisksEntityRepositoryTest, testInstance = lv.javaguru.travel.insurance.core.repositories.agreement.SelectedRisksEntityRepositoryTest@54fd5759, testMethod = correctRiskIc@SelectedRisksEntityRepositoryTest, testException = [null], mergedContextConfiguration = [MergedContextConfiguration@3889c343 testClass = SelectedRisksEntityRepositoryTest, locations = '{}', classes = '{class lv.javaguru.travel.insurance.InsuranceApplication}', contextInitializerClasses = '[]', activeProfiles = '{}', propertySourceLocations = '{}', propertySourceProperties = '{org.springframework.boot.test.autoconfigure.orm.jpa.DataJpaTestContextBootstrapper=true}', contextCustomizers = set[org.springframework.boot.test.autoconfigure.OverrideAutoConfigurationContextCustomizerFactory$DisableAutoConfigurationContextCustomizer@2a2da905, org.springframework.boot.test.autoconfigure.actuate.metrics.MetricsExportContextCustomizerFactory$DisableMetricExportContextCustomizer@48c40605, org.springframework.boot.test.autoconfigure.filter.TypeExcludeFiltersContextCustomizer@351584c0, org.springframework.boot.test.autoconfigure.properties.PropertyMappingContextCustomizer@f331bdb8, org.springframework.boot.test.autoconfigure.web.servlet.WebDriverContextCustomizerFactory$Customizer@67ef029, [ImportsContextCustomizer@34be7efb key = [org.springframework.boot.autoconfigure.cache.CacheAutoConfiguration, org.springframework.boot.autoconfigure.data.jpa.JpaRepositoriesAutoConfiguration, org.springframework.boot.autoconfigure.flyway.FlywayAutoConfiguration, org.springframework.boot.autoconfigure.jdbc.DataSourceAutoConfiguration, org.springframework.boot.autoconfigure.jdbc.DataSourceTransactionManagerAutoConfiguration, org.springframework.boot.autoconfigure.jdbc.JdbcTemplateAutoConfiguration, org.springframework.boot.autoconfigure.liquibase.LiquibaseAutoConfiguration, org.springframework.boot.autoconfigure.orm.jpa.HibernateJpaAutoConfiguration, org.springframework.boot.autoconfigure.sql.init.SqlInitializationAutoConfiguration, org.springframework.boot.autoconfigure.transaction.TransactionAutoConfiguration, org.springframework.boot.test.autoconfigure.jdbc.TestDatabaseAutoConfiguration, org.springframework.boot.test.autoconfigure.orm.jpa.TestEntityManagerAutoConfiguration]], org.springframework.boot.test.context.filter.ExcludeFilterContextCustomizer@5910de75, org.springframework.boot.test.json.DuplicateJsonObjectContextCustomizerFactory$DuplicateJsonObjectContextCustomizer@7e0aadd0, org.springframework.boot.test.mock.mockito.MockitoContextCustomizer@0, org.springframework.boot.test.context.SpringBootTestArgs@1, org.springframework.boot.test.context.SpringBootTestWebEnvironment@0], contextLoader = 'org.springframework.boot.test.context.SpringBootContextLoader', parent = [null]], attributes = map['org.springframework.test.context.event.ApplicationEventsTestExecutionListener.recordApplicationEvents' -> false]]; transaction manager [org.springframework.orm.jpa.JpaTransactionManager@c1386b4]; rollback [true]
Hibernate: select agreementr0_.id as id1_8_, agreementr0_.agreement as agreemen3_8_, agreementr0_.risk_ic as risk_ic2_8_ from selected_risks agreementr0_ left outer join agreements agreemente1_ on agreementr0_.agreement=agreemente1_.id where agreementr0_.risk_ic=? and agreemente1_.id=?
Hibernate: select agreemente0_.id as id1_1_0_, agreemente0_.cost as cost2_1_0_, agreemente0_.country as country3_1_0_, agreemente0_.date_from as date_fro4_1_0_, agreemente0_.date_to as date_to5_1_0_, agreemente0_.premium as premium6_1_0_, agreemente0_.uuid as uuid7_1_0_ from agreements agreemente0_ where agreemente0_.id=?
2024-06-23 19:36:45,786 [Test worker] INFO  o.s.t.c.t.TransactionContext - Rolled back transaction for test: [DefaultTestContext@16f62062 testClass = SelectedRisksEntityRepositoryTest, testInstance = lv.javaguru.travel.insurance.core.repositories.agreement.SelectedRisksEntityRepositoryTest@54fd5759, testMethod = correctRiskIc@SelectedRisksEntityRepositoryTest, testException = [null], mergedContextConfiguration = [MergedContextConfiguration@3889c343 testClass = SelectedRisksEntityRepositoryTest, locations = '{}', classes = '{class lv.javaguru.travel.insurance.InsuranceApplication}', contextInitializerClasses = '[]', activeProfiles = '{}', propertySourceLocations = '{}', propertySourceProperties = '{org.springframework.boot.test.autoconfigure.orm.jpa.DataJpaTestContextBootstrapper=true}', contextCustomizers = set[org.springframework.boot.test.autoconfigure.OverrideAutoConfigurationContextCustomizerFactory$DisableAutoConfigurationContextCustomizer@2a2da905, org.springframework.boot.test.autoconfigure.actuate.metrics.MetricsExportContextCustomizerFactory$DisableMetricExportContextCustomizer@48c40605, org.springframework.boot.test.autoconfigure.filter.TypeExcludeFiltersContextCustomizer@351584c0, org.springframework.boot.test.autoconfigure.properties.PropertyMappingContextCustomizer@f331bdb8, org.springframework.boot.test.autoconfigure.web.servlet.WebDriverContextCustomizerFactory$Customizer@67ef029, [ImportsContextCustomizer@34be7efb key = [org.springframework.boot.autoconfigure.cache.CacheAutoConfiguration, org.springframework.boot.autoconfigure.data.jpa.JpaRepositoriesAutoConfiguration, org.springframework.boot.autoconfigure.flyway.FlywayAutoConfiguration, org.springframework.boot.autoconfigure.jdbc.DataSourceAutoConfiguration, org.springframework.boot.autoconfigure.jdbc.DataSourceTransactionManagerAutoConfiguration, org.springframework.boot.autoconfigure.jdbc.JdbcTemplateAutoConfiguration, org.springframework.boot.autoconfigure.liquibase.LiquibaseAutoConfiguration, org.springframework.boot.autoconfigure.orm.jpa.HibernateJpaAutoConfiguration, org.springframework.boot.autoconfigure.sql.init.SqlInitializationAutoConfiguration, org.springframework.boot.autoconfigure.transaction.TransactionAutoConfiguration, org.springframework.boot.test.autoconfigure.jdbc.TestDatabaseAutoConfiguration, org.springframework.boot.test.autoconfigure.orm.jpa.TestEntityManagerAutoConfiguration]], org.springframework.boot.test.context.filter.ExcludeFilterContextCustomizer@5910de75, org.springframework.boot.test.json.DuplicateJsonObjectContextCustomizerFactory$DuplicateJsonObjectContextCustomizer@7e0aadd0, org.springframework.boot.test.mock.mockito.MockitoContextCustomizer@0, org.springframework.boot.test.context.SpringBootTestArgs@1, org.springframework.boot.test.context.SpringBootTestWebEnvironment@0], contextLoader = 'org.springframework.boot.test.context.SpringBootContextLoader', parent = [null]], attributes = map['org.springframework.test.context.event.ApplicationEventsTestExecutionListener.recordApplicationEvents' -> false]]
2024-06-23 19:36:45,802 [Test worker] INFO  o.s.t.c.t.TransactionContext - Began transaction (1) for test context [DefaultTestContext@16f62062 testClass = SelectedRisksEntityRepositoryTest, testInstance = lv.javaguru.travel.insurance.core.repositories.agreement.SelectedRisksEntityRepositoryTest@4280b20b, testMethod = isExistingRepository@SelectedRisksEntityRepositoryTest, testException = [null], mergedContextConfiguration = [MergedContextConfiguration@3889c343 testClass = SelectedRisksEntityRepositoryTest, locations = '{}', classes = '{class lv.javaguru.travel.insurance.InsuranceApplication}', contextInitializerClasses = '[]', activeProfiles = '{}', propertySourceLocations = '{}', propertySourceProperties = '{org.springframework.boot.test.autoconfigure.orm.jpa.DataJpaTestContextBootstrapper=true}', contextCustomizers = set[org.springframework.boot.test.autoconfigure.OverrideAutoConfigurationContextCustomizerFactory$DisableAutoConfigurationContextCustomizer@2a2da905, org.springframework.boot.test.autoconfigure.actuate.metrics.MetricsExportContextCustomizerFactory$DisableMetricExportContextCustomizer@48c40605, org.springframework.boot.test.autoconfigure.filter.TypeExcludeFiltersContextCustomizer@351584c0, org.springframework.boot.test.autoconfigure.properties.PropertyMappingContextCustomizer@f331bdb8, org.springframework.boot.test.autoconfigure.web.servlet.WebDriverContextCustomizerFactory$Customizer@67ef029, [ImportsContextCustomizer@34be7efb key = [org.springframework.boot.autoconfigure.cache.CacheAutoConfiguration, org.springframework.boot.autoconfigure.data.jpa.JpaRepositoriesAutoConfiguration, org.springframework.boot.autoconfigure.flyway.FlywayAutoConfiguration, org.springframework.boot.autoconfigure.jdbc.DataSourceAutoConfiguration, org.springframework.boot.autoconfigure.jdbc.DataSourceTransactionManagerAutoConfiguration, org.springframework.boot.autoconfigure.jdbc.JdbcTemplateAutoConfiguration, org.springframework.boot.autoconfigure.liquibase.LiquibaseAutoConfiguration, org.springframework.boot.autoconfigure.orm.jpa.HibernateJpaAutoConfiguration, org.springframework.boot.autoconfigure.sql.init.SqlInitializationAutoConfiguration, org.springframework.boot.autoconfigure.transaction.TransactionAutoConfiguration, org.springframework.boot.test.autoconfigure.jdbc.TestDatabaseAutoConfiguration, org.springframework.boot.test.autoconfigure.orm.jpa.TestEntityManagerAutoConfiguration]], org.springframework.boot.test.context.filter.ExcludeFilterContextCustomizer@5910de75, org.springframework.boot.test.json.DuplicateJsonObjectContextCustomizerFactory$DuplicateJsonObjectContextCustomizer@7e0aadd0, org.springframework.boot.test.mock.mockito.MockitoContextCustomizer@0, org.springframework.boot.test.context.SpringBootTestArgs@1, org.springframework.boot.test.context.SpringBootTestWebEnvironment@0], contextLoader = 'org.springframework.boot.test.context.SpringBootContextLoader', parent = [null]], attributes = map['org.springframework.test.context.event.ApplicationEventsTestExecutionListener.recordApplicationEvents' -> false]]; transaction manager [org.springframework.orm.jpa.JpaTransactionManager@c1386b4]; rollback [true]
2024-06-23 19:36:45,811 [Test worker] INFO  o.s.t.c.t.TransactionContext - Rolled back transaction for test: [DefaultTestContext@16f62062 testClass = SelectedRisksEntityRepositoryTest, testInstance = lv.javaguru.travel.insurance.core.repositories.agreement.SelectedRisksEntityRepositoryTest@4280b20b, testMethod = isExistingRepository@SelectedRisksEntityRepositoryTest, testException = [null], mergedContextConfiguration = [MergedContextConfiguration@3889c343 testClass = SelectedRisksEntityRepositoryTest, locations = '{}', classes = '{class lv.javaguru.travel.insurance.InsuranceApplication}', contextInitializerClasses = '[]', activeProfiles = '{}', propertySourceLocations = '{}', propertySourceProperties = '{org.springframework.boot.test.autoconfigure.orm.jpa.DataJpaTestContextBootstrapper=true}', contextCustomizers = set[org.springframework.boot.test.autoconfigure.OverrideAutoConfigurationContextCustomizerFactory$DisableAutoConfigurationContextCustomizer@2a2da905, org.springframework.boot.test.autoconfigure.actuate.metrics.MetricsExportContextCustomizerFactory$DisableMetricExportContextCustomizer@48c40605, org.springframework.boot.test.autoconfigure.filter.TypeExcludeFiltersContextCustomizer@351584c0, org.springframework.boot.test.autoconfigure.properties.PropertyMappingContextCustomizer@f331bdb8, org.springframework.boot.test.autoconfigure.web.servlet.WebDriverContextCustomizerFactory$Customizer@67ef029, [ImportsContextCustomizer@34be7efb key = [org.springframework.boot.autoconfigure.cache.CacheAutoConfiguration, org.springframework.boot.autoconfigure.data.jpa.JpaRepositoriesAutoConfiguration, org.springframework.boot.autoconfigure.flyway.FlywayAutoConfiguration, org.springframework.boot.autoconfigure.jdbc.DataSourceAutoConfiguration, org.springframework.boot.autoconfigure.jdbc.DataSourceTransactionManagerAutoConfiguration, org.springframework.boot.autoconfigure.jdbc.JdbcTemplateAutoConfiguration, org.springframework.boot.autoconfigure.liquibase.LiquibaseAutoConfiguration, org.springframework.boot.autoconfigure.orm.jpa.HibernateJpaAutoConfiguration, org.springframework.boot.autoconfigure.sql.init.SqlInitializationAutoConfiguration, org.springframework.boot.autoconfigure.transaction.TransactionAutoConfiguration, org.springframework.boot.test.autoconfigure.jdbc.TestDatabaseAutoConfiguration, org.springframework.boot.test.autoconfigure.orm.jpa.TestEntityManagerAutoConfiguration]], org.springframework.boot.test.context.filter.ExcludeFilterContextCustomizer@5910de75, org.springframework.boot.test.json.DuplicateJsonObjectContextCustomizerFactory$DuplicateJsonObjectContextCustomizer@7e0aadd0, org.springframework.boot.test.mock.mockito.MockitoContextCustomizer@0, org.springframework.boot.test.context.SpringBootTestArgs@1, org.springframework.boot.test.context.SpringBootTestWebEnvironment@0], contextLoader = 'org.springframework.boot.test.context.SpringBootContextLoader', parent = [null]], attributes = map['org.springframework.test.context.event.ApplicationEventsTestExecutionListener.recordApplicationEvents' -> false]]
]]></system-out>
  <system-err><![CDATA[]]></system-err>
</testsuite>
