<?xml version="1.0" encoding="UTF-8"?>
<testsuite name="lv.javaguru.travel.insurance.rest.controller_get_test.TravelGetAgreementControllerTestCase3" tests="1" skipped="0" failures="0" errors="0" timestamp="2024-06-23T16:37:13" hostname="DESKTOP-QKNTNJC" time="0.018">
  <properties/>
  <testcase name="execute()" classname="lv.javaguru.travel.insurance.rest.controller_get_test.TravelGetAgreementControllerTestCase3" time="0.018"/>
  <system-out><![CDATA[2024-06-23 19:37:13,330 [Test worker] INFO  o.s.b.t.c.SpringBootTestContextBootstrapper - Neither @ContextConfiguration nor @ContextHierarchy found for test class [lv.javaguru.travel.insurance.rest.controller_get_test.TravelGetAgreementControllerTestCase3], using SpringBootContextLoader
2024-06-23 19:37:13,331 [Test worker] INFO  o.s.t.c.s.AbstractContextLoader - Could not detect default resource locations for test class [lv.javaguru.travel.insurance.rest.controller_get_test.TravelGetAgreementControllerTestCase3]: no resource found for suffixes {-context.xml, Context.groovy}.
2024-06-23 19:37:13,332 [Test worker] INFO  o.s.t.c.s.AnnotationConfigContextLoaderUtils - Could not detect default configuration classes for test class [lv.javaguru.travel.insurance.rest.controller_get_test.TravelGetAgreementControllerTestCase3]: TravelGetAgreementControllerTestCase3 does not declare any static, non-private, non-final, nested classes annotated with @Configuration.
2024-06-23 19:37:13,338 [Test worker] INFO  o.s.b.t.c.SpringBootTestContextBootstrapper - Found @SpringBootConfiguration lv.javaguru.travel.insurance.InsuranceApplication for test class lv.javaguru.travel.insurance.rest.controller_get_test.TravelGetAgreementControllerTestCase3
2024-06-23 19:37:13,342 [Test worker] INFO  o.s.b.t.c.SpringBootTestContextBootstrapper - Loaded default TestExecutionListener class names from location [META-INF/spring.factories]: [org.springframework.boot.test.autoconfigure.restdocs.RestDocsTestExecutionListener, org.springframework.boot.test.autoconfigure.web.client.MockRestServiceServerResetTestExecutionListener, org.springframework.boot.test.autoconfigure.web.servlet.MockMvcPrintOnlyOnFailureTestExecutionListener, org.springframework.boot.test.autoconfigure.web.servlet.WebDriverTestExecutionListener, org.springframework.boot.test.autoconfigure.webservices.client.MockWebServiceServerTestExecutionListener, org.springframework.boot.test.mock.mockito.MockitoTestExecutionListener, org.springframework.boot.test.mock.mockito.ResetMocksTestExecutionListener, org.springframework.test.context.web.ServletTestExecutionListener, org.springframework.test.context.support.DirtiesContextBeforeModesTestExecutionListener, org.springframework.test.context.event.ApplicationEventsTestExecutionListener, org.springframework.test.context.support.DependencyInjectionTestExecutionListener, org.springframework.test.context.support.DirtiesContextTestExecutionListener, org.springframework.test.context.transaction.TransactionalTestExecutionListener, org.springframework.test.context.jdbc.SqlScriptsTestExecutionListener, org.springframework.test.context.event.EventPublishingTestExecutionListener]
2024-06-23 19:37:13,343 [Test worker] INFO  o.s.b.t.c.SpringBootTestContextBootstrapper - Using TestExecutionListeners: [org.springframework.test.context.web.ServletTestExecutionListener@28d26e57, org.springframework.test.context.support.DirtiesContextBeforeModesTestExecutionListener@4315d110, org.springframework.test.context.event.ApplicationEventsTestExecutionListener@728055bf, org.springframework.boot.test.mock.mockito.MockitoTestExecutionListener@6991f512, org.springframework.boot.test.autoconfigure.SpringBootDependencyInjectionTestExecutionListener@520a8ea1, org.springframework.test.context.support.DirtiesContextTestExecutionListener@3f7a48a1, org.springframework.test.context.transaction.TransactionalTestExecutionListener@4fa7df5c, org.springframework.test.context.jdbc.SqlScriptsTestExecutionListener@29788adf, org.springframework.test.context.event.EventPublishingTestExecutionListener@2f0166d7, org.springframework.boot.test.autoconfigure.restdocs.RestDocsTestExecutionListener@42530cd6, org.springframework.boot.test.autoconfigure.web.client.MockRestServiceServerResetTestExecutionListener@337f76ff, org.springframework.boot.test.autoconfigure.web.servlet.MockMvcPrintOnlyOnFailureTestExecutionListener@5e3c3c3d, org.springframework.boot.test.autoconfigure.web.servlet.WebDriverTestExecutionListener@7aafcef3, org.springframework.boot.test.autoconfigure.webservices.client.MockWebServiceServerTestExecutionListener@20c048cc, org.springframework.boot.test.mock.mockito.ResetMocksTestExecutionListener@68400aa5]
]]></system-out>
  <system-err><![CDATA[]]></system-err>
</testsuite>
