<?xml version="1.0" encoding="UTF-8"?>
<testsuite name="lv.javaguru.travel.insurance.core.underwriting.calculators.cancellation.TravelCancellationAgeCoefficientTest" tests="1" skipped="0" failures="0" errors="0" timestamp="2024-06-23T16:36:49" hostname="DESKTOP-QKNTNJC" time="0.007">
  <properties/>
  <testcase name="calculateAgeCoefficientTest()" classname="lv.javaguru.travel.insurance.core.underwriting.calculators.cancellation.TravelCancellationAgeCoefficientTest" time="0.007"/>
  <system-out><![CDATA[2024-06-23 19:36:49,045 [Test worker] INFO  o.s.t.c.s.DefaultTestContextBootstrapper - Neither @ContextConfiguration nor @ContextHierarchy found for test class [lv.javaguru.travel.insurance.core.underwriting.calculators.cancellation.TravelCancellationAgeCoefficientTest], using DelegatingSmartContextLoader
2024-06-23 19:36:49,046 [Test worker] INFO  o.s.t.c.s.AbstractContextLoader - Could not detect default resource locations for test class [lv.javaguru.travel.insurance.core.underwriting.calculators.cancellation.TravelCancellationAgeCoefficientTest]: no resource found for suffixes {-context.xml}.
2024-06-23 19:36:49,046 [Test worker] INFO  o.s.t.c.s.AnnotationConfigContextLoaderUtils - Could not detect default configuration classes for test class [lv.javaguru.travel.insurance.core.underwriting.calculators.cancellation.TravelCancellationAgeCoefficientTest]: TravelCancellationAgeCoefficientTest does not declare any static, non-private, non-final, nested classes annotated with @Configuration.
2024-06-23 19:36:49,047 [Test worker] INFO  o.s.t.c.s.DefaultTestContextBootstrapper - Loaded default TestExecutionListener class names from location [META-INF/spring.factories]: [org.springframework.boot.test.autoconfigure.restdocs.RestDocsTestExecutionListener, org.springframework.boot.test.autoconfigure.web.client.MockRestServiceServerResetTestExecutionListener, org.springframework.boot.test.autoconfigure.web.servlet.MockMvcPrintOnlyOnFailureTestExecutionListener, org.springframework.boot.test.autoconfigure.web.servlet.WebDriverTestExecutionListener, org.springframework.boot.test.autoconfigure.webservices.client.MockWebServiceServerTestExecutionListener, org.springframework.boot.test.mock.mockito.MockitoTestExecutionListener, org.springframework.boot.test.mock.mockito.ResetMocksTestExecutionListener, org.springframework.test.context.web.ServletTestExecutionListener, org.springframework.test.context.support.DirtiesContextBeforeModesTestExecutionListener, org.springframework.test.context.event.ApplicationEventsTestExecutionListener, org.springframework.test.context.support.DependencyInjectionTestExecutionListener, org.springframework.test.context.support.DirtiesContextTestExecutionListener, org.springframework.test.context.transaction.TransactionalTestExecutionListener, org.springframework.test.context.jdbc.SqlScriptsTestExecutionListener, org.springframework.test.context.event.EventPublishingTestExecutionListener]
2024-06-23 19:36:49,048 [Test worker] INFO  o.s.t.c.s.DefaultTestContextBootstrapper - Using TestExecutionListeners: [org.springframework.test.context.web.ServletTestExecutionListener@40c92dfa, org.springframework.test.context.support.DirtiesContextBeforeModesTestExecutionListener@16b713dd, org.springframework.test.context.event.ApplicationEventsTestExecutionListener@379df603, org.springframework.boot.test.mock.mockito.MockitoTestExecutionListener@58fb5b8f, org.springframework.test.context.support.DependencyInjectionTestExecutionListener@51d41b97, org.springframework.test.context.support.DirtiesContextTestExecutionListener@7fd3c38b, org.springframework.test.context.transaction.TransactionalTestExecutionListener@27260f9c, org.springframework.test.context.jdbc.SqlScriptsTestExecutionListener@25031fd4, org.springframework.test.context.event.EventPublishingTestExecutionListener@54faa040, org.springframework.boot.test.autoconfigure.restdocs.RestDocsTestExecutionListener@35d4fecf, org.springframework.boot.test.autoconfigure.web.client.MockRestServiceServerResetTestExecutionListener@22195d06, org.springframework.boot.test.autoconfigure.web.servlet.MockMvcPrintOnlyOnFailureTestExecutionListener@1f591b2e, org.springframework.boot.test.autoconfigure.web.servlet.WebDriverTestExecutionListener@1e205025, org.springframework.boot.test.autoconfigure.webservices.client.MockWebServiceServerTestExecutionListener@c10f7a8, org.springframework.boot.test.mock.mockito.ResetMocksTestExecutionListener@64096a41]
]]></system-out>
  <system-err><![CDATA[]]></system-err>
</testsuite>
