<?xml version="1.0" encoding="UTF-8"?>
<testsuite name="lv.javaguru.travel.insurance.rest.controller_v2_test.agreement_errors.DateToIsLessThanDateFromTest" tests="1" skipped="0" failures="0" errors="0" timestamp="2024-06-23T16:37:14" hostname="DESKTOP-QKNTNJC" time="0.051">
  <properties/>
  <testcase name="execute12()" classname="lv.javaguru.travel.insurance.rest.controller_v2_test.agreement_errors.DateToIsLessThanDateFromTest" time="0.051"/>
  <system-out><![CDATA[2024-06-23 19:37:14,952 [Test worker] INFO  o.s.b.t.c.SpringBootTestContextBootstrapper - Neither @ContextConfiguration nor @ContextHierarchy found for test class [lv.javaguru.travel.insurance.rest.controller_v2_test.agreement_errors.DateToIsLessThanDateFromTest], using SpringBootContextLoader
2024-06-23 19:37:14,954 [Test worker] INFO  o.s.t.c.s.AbstractContextLoader - Could not detect default resource locations for test class [lv.javaguru.travel.insurance.rest.controller_v2_test.agreement_errors.DateToIsLessThanDateFromTest]: no resource found for suffixes {-context.xml, Context.groovy}.
2024-06-23 19:37:14,955 [Test worker] INFO  o.s.t.c.s.AnnotationConfigContextLoaderUtils - Could not detect default configuration classes for test class [lv.javaguru.travel.insurance.rest.controller_v2_test.agreement_errors.DateToIsLessThanDateFromTest]: DateToIsLessThanDateFromTest does not declare any static, non-private, non-final, nested classes annotated with @Configuration.
2024-06-23 19:37:14,970 [Test worker] INFO  o.s.b.t.c.SpringBootTestContextBootstrapper - Found @SpringBootConfiguration lv.javaguru.travel.insurance.InsuranceApplication for test class lv.javaguru.travel.insurance.rest.controller_v2_test.agreement_errors.DateToIsLessThanDateFromTest
2024-06-23 19:37:14,973 [Test worker] INFO  o.s.b.t.c.SpringBootTestContextBootstrapper - Loaded default TestExecutionListener class names from location [META-INF/spring.factories]: [org.springframework.boot.test.autoconfigure.restdocs.RestDocsTestExecutionListener, org.springframework.boot.test.autoconfigure.web.client.MockRestServiceServerResetTestExecutionListener, org.springframework.boot.test.autoconfigure.web.servlet.MockMvcPrintOnlyOnFailureTestExecutionListener, org.springframework.boot.test.autoconfigure.web.servlet.WebDriverTestExecutionListener, org.springframework.boot.test.autoconfigure.webservices.client.MockWebServiceServerTestExecutionListener, org.springframework.boot.test.mock.mockito.MockitoTestExecutionListener, org.springframework.boot.test.mock.mockito.ResetMocksTestExecutionListener, org.springframework.test.context.web.ServletTestExecutionListener, org.springframework.test.context.support.DirtiesContextBeforeModesTestExecutionListener, org.springframework.test.context.event.ApplicationEventsTestExecutionListener, org.springframework.test.context.support.DependencyInjectionTestExecutionListener, org.springframework.test.context.support.DirtiesContextTestExecutionListener, org.springframework.test.context.transaction.TransactionalTestExecutionListener, org.springframework.test.context.jdbc.SqlScriptsTestExecutionListener, org.springframework.test.context.event.EventPublishingTestExecutionListener]
2024-06-23 19:37:14,974 [Test worker] INFO  o.s.b.t.c.SpringBootTestContextBootstrapper - Using TestExecutionListeners: [org.springframework.test.context.web.ServletTestExecutionListener@62b2885d, org.springframework.test.context.support.DirtiesContextBeforeModesTestExecutionListener@524023c8, org.springframework.test.context.event.ApplicationEventsTestExecutionListener@16224bd8, org.springframework.boot.test.mock.mockito.MockitoTestExecutionListener@f6776e2, org.springframework.boot.test.autoconfigure.SpringBootDependencyInjectionTestExecutionListener@79e1f733, org.springframework.test.context.support.DirtiesContextTestExecutionListener@2aecd5a4, org.springframework.test.context.transaction.TransactionalTestExecutionListener@2e1437aa, org.springframework.test.context.jdbc.SqlScriptsTestExecutionListener@1a7084ec, org.springframework.test.context.event.EventPublishingTestExecutionListener@6cdea0fe, org.springframework.boot.test.autoconfigure.restdocs.RestDocsTestExecutionListener@20531934, org.springframework.boot.test.autoconfigure.web.client.MockRestServiceServerResetTestExecutionListener@2f75c3f3, org.springframework.boot.test.autoconfigure.web.servlet.MockMvcPrintOnlyOnFailureTestExecutionListener@313c7515, org.springframework.boot.test.autoconfigure.web.servlet.WebDriverTestExecutionListener@287cfa9c, org.springframework.boot.test.autoconfigure.webservices.client.MockWebServiceServerTestExecutionListener@10decc1e, org.springframework.boot.test.mock.mockito.ResetMocksTestExecutionListener@1135efad]
Hibernate: select classifier0_.id as id1_2_, classifier0_.classifier_id as classifi4_2_, classifier0_.description as descript2_2_, classifier0_.ic as ic3_2_ from classifier_values classifier0_ left outer join classifiers classifier1_ on classifier0_.classifier_id=classifier1_.id where classifier1_.title=? and classifier0_.ic=?
Hibernate: select classifier0_.id as id1_3_0_, classifier0_.description as descript2_3_0_, classifier0_.title as title3_3_0_ from classifiers classifier0_ where classifier0_.id=?
Hibernate: select classifier0_.id as id1_2_, classifier0_.classifier_id as classifi4_2_, classifier0_.description as descript2_2_, classifier0_.ic as ic3_2_ from classifier_values classifier0_ left outer join classifiers classifier1_ on classifier0_.classifier_id=classifier1_.id where classifier1_.title=? and classifier0_.ic=?
Hibernate: select classifier0_.id as id1_3_0_, classifier0_.description as descript2_3_0_, classifier0_.title as title3_3_0_ from classifiers classifier0_ where classifier0_.id=?
Hibernate: select classifier0_.id as id1_2_, classifier0_.classifier_id as classifi4_2_, classifier0_.description as descript2_2_, classifier0_.ic as ic3_2_ from classifier_values classifier0_ left outer join classifiers classifier1_ on classifier0_.classifier_id=classifier1_.id where classifier1_.title=? and classifier0_.ic=?
Hibernate: select classifier0_.id as id1_3_0_, classifier0_.description as descript2_3_0_, classifier0_.title as title3_3_0_ from classifiers classifier0_ where classifier0_.id=?
Hibernate: select classifier0_.id as id1_2_, classifier0_.classifier_id as classifi4_2_, classifier0_.description as descript2_2_, classifier0_.ic as ic3_2_ from classifier_values classifier0_ left outer join classifiers classifier1_ on classifier0_.classifier_id=classifier1_.id where classifier1_.title=? and classifier0_.ic=?
2024-06-23 19:37:15,019 [Test worker] INFO  l.j.t.i.r.c.TravelCalculatePremiumRequestExecutionTimeLogger - Request processing time (ms): 16
]]></system-out>
  <system-err><![CDATA[]]></system-err>
</testsuite>
