<?xml version="1.0" encoding="UTF-8"?>
<testsuite name="lv.javaguru.travel.insurance.rest.controller_v2_test.correct_request.V2CorrectRequestTest" tests="3" skipped="0" failures="0" errors="0" timestamp="2024-06-23T16:37:15" hostname="DESKTOP-QKNTNJC" time="0.421">
  <properties/>
  <testcase name="execute24()" classname="lv.javaguru.travel.insurance.rest.controller_v2_test.correct_request.V2CorrectRequestTest" time="0.165"/>
  <testcase name="execute25()" classname="lv.javaguru.travel.insurance.rest.controller_v2_test.correct_request.V2CorrectRequestTest" time="0.174"/>
  <testcase name="execute1()" classname="lv.javaguru.travel.insurance.rest.controller_v2_test.correct_request.V2CorrectRequestTest" time="0.078"/>
  <system-out><![CDATA[2024-06-23 19:37:15,874 [Test worker] INFO  o.s.b.t.c.SpringBootTestContextBootstrapper - Neither @ContextConfiguration nor @ContextHierarchy found for test class [lv.javaguru.travel.insurance.rest.controller_v2_test.correct_request.V2CorrectRequestTest], using SpringBootContextLoader
2024-06-23 19:37:15,879 [Test worker] INFO  o.s.t.c.s.AbstractContextLoader - Could not detect default resource locations for test class [lv.javaguru.travel.insurance.rest.controller_v2_test.correct_request.V2CorrectRequestTest]: no resource found for suffixes {-context.xml, Context.groovy}.
2024-06-23 19:37:15,879 [Test worker] INFO  o.s.t.c.s.AnnotationConfigContextLoaderUtils - Could not detect default configuration classes for test class [lv.javaguru.travel.insurance.rest.controller_v2_test.correct_request.V2CorrectRequestTest]: V2CorrectRequestTest does not declare any static, non-private, non-final, nested classes annotated with @Configuration.
2024-06-23 19:37:15,888 [Test worker] INFO  o.s.b.t.c.SpringBootTestContextBootstrapper - Found @SpringBootConfiguration lv.javaguru.travel.insurance.InsuranceApplication for test class lv.javaguru.travel.insurance.rest.controller_v2_test.correct_request.V2CorrectRequestTest
2024-06-23 19:37:15,891 [Test worker] INFO  o.s.b.t.c.SpringBootTestContextBootstrapper - Loaded default TestExecutionListener class names from location [META-INF/spring.factories]: [org.springframework.boot.test.autoconfigure.restdocs.RestDocsTestExecutionListener, org.springframework.boot.test.autoconfigure.web.client.MockRestServiceServerResetTestExecutionListener, org.springframework.boot.test.autoconfigure.web.servlet.MockMvcPrintOnlyOnFailureTestExecutionListener, org.springframework.boot.test.autoconfigure.web.servlet.WebDriverTestExecutionListener, org.springframework.boot.test.autoconfigure.webservices.client.MockWebServiceServerTestExecutionListener, org.springframework.boot.test.mock.mockito.MockitoTestExecutionListener, org.springframework.boot.test.mock.mockito.ResetMocksTestExecutionListener, org.springframework.test.context.web.ServletTestExecutionListener, org.springframework.test.context.support.DirtiesContextBeforeModesTestExecutionListener, org.springframework.test.context.event.ApplicationEventsTestExecutionListener, org.springframework.test.context.support.DependencyInjectionTestExecutionListener, org.springframework.test.context.support.DirtiesContextTestExecutionListener, org.springframework.test.context.transaction.TransactionalTestExecutionListener, org.springframework.test.context.jdbc.SqlScriptsTestExecutionListener, org.springframework.test.context.event.EventPublishingTestExecutionListener]
2024-06-23 19:37:15,891 [Test worker] INFO  o.s.b.t.c.SpringBootTestContextBootstrapper - Using TestExecutionListeners: [org.springframework.test.context.web.ServletTestExecutionListener@63e31b89, org.springframework.test.context.support.DirtiesContextBeforeModesTestExecutionListener@42141c59, org.springframework.test.context.event.ApplicationEventsTestExecutionListener@49854d93, org.springframework.boot.test.mock.mockito.MockitoTestExecutionListener@29d7d117, org.springframework.boot.test.autoconfigure.SpringBootDependencyInjectionTestExecutionListener@5213a8f7, org.springframework.test.context.support.DirtiesContextTestExecutionListener@30078038, org.springframework.test.context.transaction.TransactionalTestExecutionListener@530daa7e, org.springframework.test.context.jdbc.SqlScriptsTestExecutionListener@44459661, org.springframework.test.context.event.EventPublishingTestExecutionListener@bdeda0e, org.springframework.boot.test.autoconfigure.restdocs.RestDocsTestExecutionListener@7548d0d, org.springframework.boot.test.autoconfigure.web.client.MockRestServiceServerResetTestExecutionListener@393489c3, org.springframework.boot.test.autoconfigure.web.servlet.MockMvcPrintOnlyOnFailureTestExecutionListener@51aae61a, org.springframework.boot.test.autoconfigure.web.servlet.WebDriverTestExecutionListener@2cd9488b, org.springframework.boot.test.autoconfigure.webservices.client.MockWebServiceServerTestExecutionListener@f4694f8, org.springframework.boot.test.mock.mockito.ResetMocksTestExecutionListener@12a16e42]
Hibernate: select classifier0_.id as id1_2_, classifier0_.classifier_id as classifi4_2_, classifier0_.description as descript2_2_, classifier0_.ic as ic3_2_ from classifier_values classifier0_ left outer join classifiers classifier1_ on classifier0_.classifier_id=classifier1_.id where classifier1_.title=? and classifier0_.ic=?
Hibernate: select classifier0_.id as id1_3_0_, classifier0_.description as descript2_3_0_, classifier0_.title as title3_3_0_ from classifiers classifier0_ where classifier0_.id=?
Hibernate: select classifier0_.id as id1_2_, classifier0_.classifier_id as classifi4_2_, classifier0_.description as descript2_2_, classifier0_.ic as ic3_2_ from classifier_values classifier0_ left outer join classifiers classifier1_ on classifier0_.classifier_id=classifier1_.id where classifier1_.title=? and classifier0_.ic=?
Hibernate: select classifier0_.id as id1_3_0_, classifier0_.description as descript2_3_0_, classifier0_.title as title3_3_0_ from classifiers classifier0_ where classifier0_.id=?
Hibernate: select classifier0_.id as id1_2_, classifier0_.classifier_id as classifi4_2_, classifier0_.description as descript2_2_, classifier0_.ic as ic3_2_ from classifier_values classifier0_ left outer join classifiers classifier1_ on classifier0_.classifier_id=classifier1_.id where classifier1_.title=? and classifier0_.ic=?
Hibernate: select classifier0_.id as id1_3_0_, classifier0_.description as descript2_3_0_, classifier0_.title as title3_3_0_ from classifiers classifier0_ where classifier0_.id=?
Hibernate: select classifier0_.id as id1_2_, classifier0_.classifier_id as classifi4_2_, classifier0_.description as descript2_2_, classifier0_.ic as ic3_2_ from classifier_values classifier0_ left outer join classifiers classifier1_ on classifier0_.classifier_id=classifier1_.id where classifier1_.title=? and classifier0_.ic=?
Hibernate: select tccountrys0_.id as id1_10_, tccountrys0_.country as country2_10_, tccountrys0_.rating as rating3_10_ from travel_cancellation_country_safety_rating_coefficient tccountrys0_ where tccountrys0_.country=?
Hibernate: select tcagecoeff0_.id as id1_9_, tcagecoeff0_.age_from as age_from2_9_, tcagecoeff0_.age_to as age_to3_9_, tcagecoeff0_.coefficient as coeffici4_9_ from travel_cancellation_age_coefficient tcagecoeff0_ where tcagecoeff0_.age_from<=? and tcagecoeff0_.age_to>=?
Hibernate: select travelcost0_.id as id1_11_, travelcost0_.cost_coefficient as cost_coe2_11_, travelcost0_.cost_from as cost_fro3_11_, travelcost0_.cost_to as cost_to4_11_ from travel_cost_coefficient travelcost0_ where travelcost0_.cost_from<=? and travelcost0_.cost_to>?
Hibernate: select tccountrys0_.id as id1_10_, tccountrys0_.country as country2_10_, tccountrys0_.rating as rating3_10_ from travel_cancellation_country_safety_rating_coefficient tccountrys0_ where tccountrys0_.country=?
Hibernate: select tcagecoeff0_.id as id1_9_, tcagecoeff0_.age_from as age_from2_9_, tcagecoeff0_.age_to as age_to3_9_, tcagecoeff0_.coefficient as coeffici4_9_ from travel_cancellation_age_coefficient tcagecoeff0_ where tcagecoeff0_.age_from<=? and tcagecoeff0_.age_to>=?
Hibernate: select travelcost0_.id as id1_11_, travelcost0_.cost_coefficient as cost_coe2_11_, travelcost0_.cost_from as cost_fro3_11_, travelcost0_.cost_to as cost_to4_11_ from travel_cost_coefficient travelcost0_ where travelcost0_.cost_from<=? and travelcost0_.cost_to>?
Hibernate: select agreemente0_.id as id1_1_, agreemente0_.cost as cost2_1_, agreemente0_.country as country3_1_, agreemente0_.date_from as date_fro4_1_, agreemente0_.date_to as date_to5_1_, agreemente0_.premium as premium6_1_, agreemente0_.uuid as uuid7_1_ from agreements agreemente0_ where agreemente0_.date_from=? and agreemente0_.date_to=? and agreemente0_.country=? and agreemente0_.premium=?
Hibernate: insert into agreements (id, cost, country, date_from, date_to, premium, uuid) values (default, ?, ?, ?, ?, ?, ?)
Hibernate: select persondtod0_.id as id1_7_, persondtod0_.birth_date as birth_da2_7_, persondtod0_.first_name as first_na3_7_, persondtod0_.ic as ic4_7_, persondtod0_.last_name as last_nam5_7_ from persons persondtod0_ where persondtod0_.first_name=? and persondtod0_.last_name=? and persondtod0_.ic=?
Hibernate: insert into persons (id, birth_date, first_name, ic, last_name) values (default, ?, ?, ?, ?)
Hibernate: select agreementp0_.id as id1_0_, agreementp0_.agreement as agreemen4_0_, agreementp0_.medical_risk_limit_level as medical_2_0_, agreementp0_.person as person5_0_, agreementp0_.premium as premium3_0_ from agreement_persons agreementp0_ left outer join persons persondtod1_ on agreementp0_.person=persondtod1_.id where persondtod1_.first_name=? and persondtod1_.last_name=? and persondtod1_.ic=?
Hibernate: insert into agreement_persons (id, agreement, medical_risk_limit_level, person, premium) values (default, ?, ?, ?, ?)
Hibernate: select personrisk0_.id as id1_6_, personrisk0_.person as person4_6_, personrisk0_.premium as premium2_6_, personrisk0_.risk_ic as risk_ic3_6_ from person_risks personrisk0_ left outer join agreement_persons agreementp1_ on personrisk0_.person=agreementp1_.id where personrisk0_.risk_ic=? and agreementp1_.id=?
Hibernate: insert into person_risks (id, person, premium, risk_ic) values (default, ?, ?, ?)
Hibernate: select persondtod0_.id as id1_7_, persondtod0_.birth_date as birth_da2_7_, persondtod0_.first_name as first_na3_7_, persondtod0_.ic as ic4_7_, persondtod0_.last_name as last_nam5_7_ from persons persondtod0_ where persondtod0_.first_name=? and persondtod0_.last_name=? and persondtod0_.ic=?
Hibernate: insert into persons (id, birth_date, first_name, ic, last_name) values (default, ?, ?, ?, ?)
Hibernate: select agreementp0_.id as id1_0_, agreementp0_.agreement as agreemen4_0_, agreementp0_.medical_risk_limit_level as medical_2_0_, agreementp0_.person as person5_0_, agreementp0_.premium as premium3_0_ from agreement_persons agreementp0_ left outer join persons persondtod1_ on agreementp0_.person=persondtod1_.id where persondtod1_.first_name=? and persondtod1_.last_name=? and persondtod1_.ic=?
Hibernate: insert into agreement_persons (id, agreement, medical_risk_limit_level, person, premium) values (default, ?, ?, ?, ?)
Hibernate: select personrisk0_.id as id1_6_, personrisk0_.person as person4_6_, personrisk0_.premium as premium2_6_, personrisk0_.risk_ic as risk_ic3_6_ from person_risks personrisk0_ left outer join agreement_persons agreementp1_ on personrisk0_.person=agreementp1_.id where personrisk0_.risk_ic=? and agreementp1_.id=?
Hibernate: insert into person_risks (id, person, premium, risk_ic) values (default, ?, ?, ?)
Hibernate: select agreementr0_.id as id1_8_, agreementr0_.agreement as agreemen3_8_, agreementr0_.risk_ic as risk_ic2_8_ from selected_risks agreementr0_ left outer join agreements agreemente1_ on agreementr0_.agreement=agreemente1_.id where agreementr0_.risk_ic=? and agreemente1_.id=?
Hibernate: insert into selected_risks (id, agreement, risk_ic) values (default, ?, ?)
2024-06-23 19:37:16,045 [Test worker] INFO  l.j.t.i.r.c.TravelCalculatePremiumRequestExecutionTimeLogger - Request processing time (ms): 140
Hibernate: select classifier0_.id as id1_2_, classifier0_.classifier_id as classifi4_2_, classifier0_.description as descript2_2_, classifier0_.ic as ic3_2_ from classifier_values classifier0_ left outer join classifiers classifier1_ on classifier0_.classifier_id=classifier1_.id where classifier1_.title=? and classifier0_.ic=?
Hibernate: select classifier0_.id as id1_3_0_, classifier0_.description as descript2_3_0_, classifier0_.title as title3_3_0_ from classifiers classifier0_ where classifier0_.id=?
Hibernate: select classifier0_.id as id1_2_, classifier0_.classifier_id as classifi4_2_, classifier0_.description as descript2_2_, classifier0_.ic as ic3_2_ from classifier_values classifier0_ left outer join classifiers classifier1_ on classifier0_.classifier_id=classifier1_.id where classifier1_.title=? and classifier0_.ic=?
Hibernate: select classifier0_.id as id1_3_0_, classifier0_.description as descript2_3_0_, classifier0_.title as title3_3_0_ from classifiers classifier0_ where classifier0_.id=?
Hibernate: select classifier0_.id as id1_2_, classifier0_.classifier_id as classifi4_2_, classifier0_.description as descript2_2_, classifier0_.ic as ic3_2_ from classifier_values classifier0_ left outer join classifiers classifier1_ on classifier0_.classifier_id=classifier1_.id where classifier1_.title=? and classifier0_.ic=?
Hibernate: select classifier0_.id as id1_2_, classifier0_.classifier_id as classifi4_2_, classifier0_.description as descript2_2_, classifier0_.ic as ic3_2_ from classifier_values classifier0_ left outer join classifiers classifier1_ on classifier0_.classifier_id=classifier1_.id where classifier1_.title=? and classifier0_.ic=?
Hibernate: select classifier0_.id as id1_3_0_, classifier0_.description as descript2_3_0_, classifier0_.title as title3_3_0_ from classifiers classifier0_ where classifier0_.id=?
Hibernate: select classifier0_.id as id1_2_, classifier0_.classifier_id as classifi4_2_, classifier0_.description as descript2_2_, classifier0_.ic as ic3_2_ from classifier_values classifier0_ left outer join classifiers classifier1_ on classifier0_.classifier_id=classifier1_.id where classifier1_.title=? and classifier0_.ic=?
Hibernate: select tccountrys0_.id as id1_10_, tccountrys0_.country as country2_10_, tccountrys0_.rating as rating3_10_ from travel_cancellation_country_safety_rating_coefficient tccountrys0_ where tccountrys0_.country=?
Hibernate: select tcagecoeff0_.id as id1_9_, tcagecoeff0_.age_from as age_from2_9_, tcagecoeff0_.age_to as age_to3_9_, tcagecoeff0_.coefficient as coeffici4_9_ from travel_cancellation_age_coefficient tcagecoeff0_ where tcagecoeff0_.age_from<=? and tcagecoeff0_.age_to>=?
Hibernate: select travelcost0_.id as id1_11_, travelcost0_.cost_coefficient as cost_coe2_11_, travelcost0_.cost_from as cost_fro3_11_, travelcost0_.cost_to as cost_to4_11_ from travel_cost_coefficient travelcost0_ where travelcost0_.cost_from<=? and travelcost0_.cost_to>?
Hibernate: select medicalris0_.id as id1_5_, medicalris0_.coefficient as coeffici2_5_, medicalris0_.medical_risk_limit_level_ic as medical_3_5_ from medical_risk_limit_level medicalris0_ where medicalris0_.medical_risk_limit_level_ic=?
Hibernate: select tmagecoeff0_.id as id1_12_, tmagecoeff0_.age_from as age_from2_12_, tmagecoeff0_.age_to as age_to3_12_, tmagecoeff0_.coefficient as coeffici4_12_ from travel_medical_age_coefficient tmagecoeff0_ where tmagecoeff0_.age_from<=? and tmagecoeff0_.age_to>=?
Hibernate: select countrydef0_.id as id1_4_, countrydef0_.country_ic as country_2_4_, countrydef0_.default_day_rate as default_3_4_ from country_default_day_rate countrydef0_ where countrydef0_.country_ic=?
Hibernate: select tccountrys0_.id as id1_10_, tccountrys0_.country as country2_10_, tccountrys0_.rating as rating3_10_ from travel_cancellation_country_safety_rating_coefficient tccountrys0_ where tccountrys0_.country=?
Hibernate: select tcagecoeff0_.id as id1_9_, tcagecoeff0_.age_from as age_from2_9_, tcagecoeff0_.age_to as age_to3_9_, tcagecoeff0_.coefficient as coeffici4_9_ from travel_cancellation_age_coefficient tcagecoeff0_ where tcagecoeff0_.age_from<=? and tcagecoeff0_.age_to>=?
Hibernate: select travelcost0_.id as id1_11_, travelcost0_.cost_coefficient as cost_coe2_11_, travelcost0_.cost_from as cost_fro3_11_, travelcost0_.cost_to as cost_to4_11_ from travel_cost_coefficient travelcost0_ where travelcost0_.cost_from<=? and travelcost0_.cost_to>?
Hibernate: select medicalris0_.id as id1_5_, medicalris0_.coefficient as coeffici2_5_, medicalris0_.medical_risk_limit_level_ic as medical_3_5_ from medical_risk_limit_level medicalris0_ where medicalris0_.medical_risk_limit_level_ic=?
Hibernate: select tmagecoeff0_.id as id1_12_, tmagecoeff0_.age_from as age_from2_12_, tmagecoeff0_.age_to as age_to3_12_, tmagecoeff0_.coefficient as coeffici4_12_ from travel_medical_age_coefficient tmagecoeff0_ where tmagecoeff0_.age_from<=? and tmagecoeff0_.age_to>=?
Hibernate: select countrydef0_.id as id1_4_, countrydef0_.country_ic as country_2_4_, countrydef0_.default_day_rate as default_3_4_ from country_default_day_rate countrydef0_ where countrydef0_.country_ic=?
Hibernate: select agreemente0_.id as id1_1_, agreemente0_.cost as cost2_1_, agreemente0_.country as country3_1_, agreemente0_.date_from as date_fro4_1_, agreemente0_.date_to as date_to5_1_, agreemente0_.premium as premium6_1_, agreemente0_.uuid as uuid7_1_ from agreements agreemente0_ where agreemente0_.date_from=? and agreemente0_.date_to=? and agreemente0_.country=? and agreemente0_.premium=?
Hibernate: insert into agreements (id, cost, country, date_from, date_to, premium, uuid) values (default, ?, ?, ?, ?, ?, ?)
Hibernate: select persondtod0_.id as id1_7_, persondtod0_.birth_date as birth_da2_7_, persondtod0_.first_name as first_na3_7_, persondtod0_.ic as ic4_7_, persondtod0_.last_name as last_nam5_7_ from persons persondtod0_ where persondtod0_.first_name=? and persondtod0_.last_name=? and persondtod0_.ic=?
Hibernate: insert into persons (id, birth_date, first_name, ic, last_name) values (default, ?, ?, ?, ?)
Hibernate: select agreementp0_.id as id1_0_, agreementp0_.agreement as agreemen4_0_, agreementp0_.medical_risk_limit_level as medical_2_0_, agreementp0_.person as person5_0_, agreementp0_.premium as premium3_0_ from agreement_persons agreementp0_ left outer join persons persondtod1_ on agreementp0_.person=persondtod1_.id where persondtod1_.first_name=? and persondtod1_.last_name=? and persondtod1_.ic=?
Hibernate: insert into agreement_persons (id, agreement, medical_risk_limit_level, person, premium) values (default, ?, ?, ?, ?)
Hibernate: select personrisk0_.id as id1_6_, personrisk0_.person as person4_6_, personrisk0_.premium as premium2_6_, personrisk0_.risk_ic as risk_ic3_6_ from person_risks personrisk0_ left outer join agreement_persons agreementp1_ on personrisk0_.person=agreementp1_.id where personrisk0_.risk_ic=? and agreementp1_.id=?
Hibernate: insert into person_risks (id, person, premium, risk_ic) values (default, ?, ?, ?)
Hibernate: select personrisk0_.id as id1_6_, personrisk0_.person as person4_6_, personrisk0_.premium as premium2_6_, personrisk0_.risk_ic as risk_ic3_6_ from person_risks personrisk0_ left outer join agreement_persons agreementp1_ on personrisk0_.person=agreementp1_.id where personrisk0_.risk_ic=? and agreementp1_.id=?
Hibernate: insert into person_risks (id, person, premium, risk_ic) values (default, ?, ?, ?)
Hibernate: select persondtod0_.id as id1_7_, persondtod0_.birth_date as birth_da2_7_, persondtod0_.first_name as first_na3_7_, persondtod0_.ic as ic4_7_, persondtod0_.last_name as last_nam5_7_ from persons persondtod0_ where persondtod0_.first_name=? and persondtod0_.last_name=? and persondtod0_.ic=?
Hibernate: insert into persons (id, birth_date, first_name, ic, last_name) values (default, ?, ?, ?, ?)
Hibernate: select agreementp0_.id as id1_0_, agreementp0_.agreement as agreemen4_0_, agreementp0_.medical_risk_limit_level as medical_2_0_, agreementp0_.person as person5_0_, agreementp0_.premium as premium3_0_ from agreement_persons agreementp0_ left outer join persons persondtod1_ on agreementp0_.person=persondtod1_.id where persondtod1_.first_name=? and persondtod1_.last_name=? and persondtod1_.ic=?
Hibernate: insert into agreement_persons (id, agreement, medical_risk_limit_level, person, premium) values (default, ?, ?, ?, ?)
Hibernate: select personrisk0_.id as id1_6_, personrisk0_.person as person4_6_, personrisk0_.premium as premium2_6_, personrisk0_.risk_ic as risk_ic3_6_ from person_risks personrisk0_ left outer join agreement_persons agreementp1_ on personrisk0_.person=agreementp1_.id where personrisk0_.risk_ic=? and agreementp1_.id=?
Hibernate: insert into person_risks (id, person, premium, risk_ic) values (default, ?, ?, ?)
Hibernate: select personrisk0_.id as id1_6_, personrisk0_.person as person4_6_, personrisk0_.premium as premium2_6_, personrisk0_.risk_ic as risk_ic3_6_ from person_risks personrisk0_ left outer join agreement_persons agreementp1_ on personrisk0_.person=agreementp1_.id where personrisk0_.risk_ic=? and agreementp1_.id=?
Hibernate: insert into person_risks (id, person, premium, risk_ic) values (default, ?, ?, ?)
Hibernate: select agreementr0_.id as id1_8_, agreementr0_.agreement as agreemen3_8_, agreementr0_.risk_ic as risk_ic2_8_ from selected_risks agreementr0_ left outer join agreements agreemente1_ on agreementr0_.agreement=agreemente1_.id where agreementr0_.risk_ic=? and agreemente1_.id=?
Hibernate: insert into selected_risks (id, agreement, risk_ic) values (default, ?, ?)
Hibernate: select agreementr0_.id as id1_8_, agreementr0_.agreement as agreemen3_8_, agreementr0_.risk_ic as risk_ic2_8_ from selected_risks agreementr0_ left outer join agreements agreemente1_ on agreementr0_.agreement=agreemente1_.id where agreementr0_.risk_ic=? and agreemente1_.id=?
Hibernate: insert into selected_risks (id, agreement, risk_ic) values (default, ?, ?)
2024-06-23 19:37:16,225 [Test worker] INFO  l.j.t.i.r.c.TravelCalculatePremiumRequestExecutionTimeLogger - Request processing time (ms): 133
Hibernate: select classifier0_.id as id1_2_, classifier0_.classifier_id as classifi4_2_, classifier0_.description as descript2_2_, classifier0_.ic as ic3_2_ from classifier_values classifier0_ left outer join classifiers classifier1_ on classifier0_.classifier_id=classifier1_.id where classifier1_.title=? and classifier0_.ic=?
Hibernate: select classifier0_.id as id1_3_0_, classifier0_.description as descript2_3_0_, classifier0_.title as title3_3_0_ from classifiers classifier0_ where classifier0_.id=?
Hibernate: select classifier0_.id as id1_2_, classifier0_.classifier_id as classifi4_2_, classifier0_.description as descript2_2_, classifier0_.ic as ic3_2_ from classifier_values classifier0_ left outer join classifiers classifier1_ on classifier0_.classifier_id=classifier1_.id where classifier1_.title=? and classifier0_.ic=?
Hibernate: select classifier0_.id as id1_3_0_, classifier0_.description as descript2_3_0_, classifier0_.title as title3_3_0_ from classifiers classifier0_ where classifier0_.id=?
Hibernate: select classifier0_.id as id1_2_, classifier0_.classifier_id as classifi4_2_, classifier0_.description as descript2_2_, classifier0_.ic as ic3_2_ from classifier_values classifier0_ left outer join classifiers classifier1_ on classifier0_.classifier_id=classifier1_.id where classifier1_.title=? and classifier0_.ic=?
Hibernate: select classifier0_.id as id1_3_0_, classifier0_.description as descript2_3_0_, classifier0_.title as title3_3_0_ from classifiers classifier0_ where classifier0_.id=?
Hibernate: select classifier0_.id as id1_2_, classifier0_.classifier_id as classifi4_2_, classifier0_.description as descript2_2_, classifier0_.ic as ic3_2_ from classifier_values classifier0_ left outer join classifiers classifier1_ on classifier0_.classifier_id=classifier1_.id where classifier1_.title=? and classifier0_.ic=?
Hibernate: select medicalris0_.id as id1_5_, medicalris0_.coefficient as coeffici2_5_, medicalris0_.medical_risk_limit_level_ic as medical_3_5_ from medical_risk_limit_level medicalris0_ where medicalris0_.medical_risk_limit_level_ic=?
Hibernate: select tmagecoeff0_.id as id1_12_, tmagecoeff0_.age_from as age_from2_12_, tmagecoeff0_.age_to as age_to3_12_, tmagecoeff0_.coefficient as coeffici4_12_ from travel_medical_age_coefficient tmagecoeff0_ where tmagecoeff0_.age_from<=? and tmagecoeff0_.age_to>=?
Hibernate: select countrydef0_.id as id1_4_, countrydef0_.country_ic as country_2_4_, countrydef0_.default_day_rate as default_3_4_ from country_default_day_rate countrydef0_ where countrydef0_.country_ic=?
Hibernate: select medicalris0_.id as id1_5_, medicalris0_.coefficient as coeffici2_5_, medicalris0_.medical_risk_limit_level_ic as medical_3_5_ from medical_risk_limit_level medicalris0_ where medicalris0_.medical_risk_limit_level_ic=?
Hibernate: select tmagecoeff0_.id as id1_12_, tmagecoeff0_.age_from as age_from2_12_, tmagecoeff0_.age_to as age_to3_12_, tmagecoeff0_.coefficient as coeffici4_12_ from travel_medical_age_coefficient tmagecoeff0_ where tmagecoeff0_.age_from<=? and tmagecoeff0_.age_to>=?
Hibernate: select countrydef0_.id as id1_4_, countrydef0_.country_ic as country_2_4_, countrydef0_.default_day_rate as default_3_4_ from country_default_day_rate countrydef0_ where countrydef0_.country_ic=?
Hibernate: select agreemente0_.id as id1_1_, agreemente0_.cost as cost2_1_, agreemente0_.country as country3_1_, agreemente0_.date_from as date_fro4_1_, agreemente0_.date_to as date_to5_1_, agreemente0_.premium as premium6_1_, agreemente0_.uuid as uuid7_1_ from agreements agreemente0_ where agreemente0_.date_from=? and agreemente0_.date_to=? and agreemente0_.country=? and agreemente0_.premium=?
Hibernate: insert into agreements (id, cost, country, date_from, date_to, premium, uuid) values (default, ?, ?, ?, ?, ?, ?)
Hibernate: select persondtod0_.id as id1_7_, persondtod0_.birth_date as birth_da2_7_, persondtod0_.first_name as first_na3_7_, persondtod0_.ic as ic4_7_, persondtod0_.last_name as last_nam5_7_ from persons persondtod0_ where persondtod0_.first_name=? and persondtod0_.last_name=? and persondtod0_.ic=?
Hibernate: insert into persons (id, birth_date, first_name, ic, last_name) values (default, ?, ?, ?, ?)
Hibernate: select agreementp0_.id as id1_0_, agreementp0_.agreement as agreemen4_0_, agreementp0_.medical_risk_limit_level as medical_2_0_, agreementp0_.person as person5_0_, agreementp0_.premium as premium3_0_ from agreement_persons agreementp0_ left outer join persons persondtod1_ on agreementp0_.person=persondtod1_.id where persondtod1_.first_name=? and persondtod1_.last_name=? and persondtod1_.ic=?
Hibernate: insert into agreement_persons (id, agreement, medical_risk_limit_level, person, premium) values (default, ?, ?, ?, ?)
Hibernate: select personrisk0_.id as id1_6_, personrisk0_.person as person4_6_, personrisk0_.premium as premium2_6_, personrisk0_.risk_ic as risk_ic3_6_ from person_risks personrisk0_ left outer join agreement_persons agreementp1_ on personrisk0_.person=agreementp1_.id where personrisk0_.risk_ic=? and agreementp1_.id=?
Hibernate: insert into person_risks (id, person, premium, risk_ic) values (default, ?, ?, ?)
Hibernate: select persondtod0_.id as id1_7_, persondtod0_.birth_date as birth_da2_7_, persondtod0_.first_name as first_na3_7_, persondtod0_.ic as ic4_7_, persondtod0_.last_name as last_nam5_7_ from persons persondtod0_ where persondtod0_.first_name=? and persondtod0_.last_name=? and persondtod0_.ic=?
Hibernate: insert into persons (id, birth_date, first_name, ic, last_name) values (default, ?, ?, ?, ?)
Hibernate: select agreementp0_.id as id1_0_, agreementp0_.agreement as agreemen4_0_, agreementp0_.medical_risk_limit_level as medical_2_0_, agreementp0_.person as person5_0_, agreementp0_.premium as premium3_0_ from agreement_persons agreementp0_ left outer join persons persondtod1_ on agreementp0_.person=persondtod1_.id where persondtod1_.first_name=? and persondtod1_.last_name=? and persondtod1_.ic=?
Hibernate: insert into agreement_persons (id, agreement, medical_risk_limit_level, person, premium) values (default, ?, ?, ?, ?)
Hibernate: select personrisk0_.id as id1_6_, personrisk0_.person as person4_6_, personrisk0_.premium as premium2_6_, personrisk0_.risk_ic as risk_ic3_6_ from person_risks personrisk0_ left outer join agreement_persons agreementp1_ on personrisk0_.person=agreementp1_.id where personrisk0_.risk_ic=? and agreementp1_.id=?
Hibernate: insert into person_risks (id, person, premium, risk_ic) values (default, ?, ?, ?)
Hibernate: select agreementr0_.id as id1_8_, agreementr0_.agreement as agreemen3_8_, agreementr0_.risk_ic as risk_ic2_8_ from selected_risks agreementr0_ left outer join agreements agreemente1_ on agreementr0_.agreement=agreemente1_.id where agreementr0_.risk_ic=? and agreemente1_.id=?
Hibernate: insert into selected_risks (id, agreement, risk_ic) values (default, ?, ?)
2024-06-23 19:37:16,308 [Test worker] INFO  l.j.t.i.r.c.TravelCalculatePremiumRequestExecutionTimeLogger - Request processing time (ms): 59
]]></system-out>
  <system-err><![CDATA[]]></system-err>
</testsuite>
