<?xml version="1.0" encoding="UTF-8"?>
<testsuite name="lv.javaguru.travel.insurance.core.services.TravelCalculatePremiumServiceTest" tests="2" skipped="0" failures="0" errors="0" timestamp="2024-06-23T16:36:48" hostname="DESKTOP-QKNTNJC" time="0.033">
  <properties/>
  <testcase name="correctValueServiceTest()" classname="lv.javaguru.travel.insurance.core.services.TravelCalculatePremiumServiceTest" time="0.023"/>
  <testcase name="oneErrorTest()" classname="lv.javaguru.travel.insurance.core.services.TravelCalculatePremiumServiceTest" time="0.005"/>
  <system-out><![CDATA[2024-06-23 19:36:47,935 [Test worker] INFO  o.s.t.c.s.DefaultTestContextBootstrapper - Neither @ContextConfiguration nor @ContextHierarchy found for test class [lv.javaguru.travel.insurance.core.services.TravelCalculatePremiumServiceTest], using DelegatingSmartContextLoader
2024-06-23 19:36:47,936 [Test worker] INFO  o.s.t.c.s.AbstractContextLoader - Could not detect default resource locations for test class [lv.javaguru.travel.insurance.core.services.TravelCalculatePremiumServiceTest]: no resource found for suffixes {-context.xml}.
2024-06-23 19:36:47,937 [Test worker] INFO  o.s.t.c.s.AnnotationConfigContextLoaderUtils - Could not detect default configuration classes for test class [lv.javaguru.travel.insurance.core.services.TravelCalculatePremiumServiceTest]: TravelCalculatePremiumServiceTest does not declare any static, non-private, non-final, nested classes annotated with @Configuration.
2024-06-23 19:36:47,938 [Test worker] INFO  o.s.t.c.s.DefaultTestContextBootstrapper - Loaded default TestExecutionListener class names from location [META-INF/spring.factories]: [org.springframework.boot.test.autoconfigure.restdocs.RestDocsTestExecutionListener, org.springframework.boot.test.autoconfigure.web.client.MockRestServiceServerResetTestExecutionListener, org.springframework.boot.test.autoconfigure.web.servlet.MockMvcPrintOnlyOnFailureTestExecutionListener, org.springframework.boot.test.autoconfigure.web.servlet.WebDriverTestExecutionListener, org.springframework.boot.test.autoconfigure.webservices.client.MockWebServiceServerTestExecutionListener, org.springframework.boot.test.mock.mockito.MockitoTestExecutionListener, org.springframework.boot.test.mock.mockito.ResetMocksTestExecutionListener, org.springframework.test.context.web.ServletTestExecutionListener, org.springframework.test.context.support.DirtiesContextBeforeModesTestExecutionListener, org.springframework.test.context.event.ApplicationEventsTestExecutionListener, org.springframework.test.context.support.DependencyInjectionTestExecutionListener, org.springframework.test.context.support.DirtiesContextTestExecutionListener, org.springframework.test.context.transaction.TransactionalTestExecutionListener, org.springframework.test.context.jdbc.SqlScriptsTestExecutionListener, org.springframework.test.context.event.EventPublishingTestExecutionListener]
2024-06-23 19:36:47,938 [Test worker] INFO  o.s.t.c.s.DefaultTestContextBootstrapper - Using TestExecutionListeners: [org.springframework.test.context.web.ServletTestExecutionListener@2be208db, org.springframework.test.context.support.DirtiesContextBeforeModesTestExecutionListener@5ed463b7, org.springframework.test.context.event.ApplicationEventsTestExecutionListener@1ae90cb9, org.springframework.boot.test.mock.mockito.MockitoTestExecutionListener@3b62c51e, org.springframework.test.context.support.DependencyInjectionTestExecutionListener@7db679, org.springframework.test.context.support.DirtiesContextTestExecutionListener@7dc9b41a, org.springframework.test.context.transaction.TransactionalTestExecutionListener@2f97e3de, org.springframework.test.context.jdbc.SqlScriptsTestExecutionListener@2f09907, org.springframework.test.context.event.EventPublishingTestExecutionListener@6f53295e, org.springframework.boot.test.autoconfigure.restdocs.RestDocsTestExecutionListener@5f8a29ca, org.springframework.boot.test.autoconfigure.web.client.MockRestServiceServerResetTestExecutionListener@4f93a8f6, org.springframework.boot.test.autoconfigure.web.servlet.MockMvcPrintOnlyOnFailureTestExecutionListener@492d38a2, org.springframework.boot.test.autoconfigure.web.servlet.WebDriverTestExecutionListener@3fc2e100, org.springframework.boot.test.autoconfigure.webservices.client.MockWebServiceServerTestExecutionListener@31885b4b, org.springframework.boot.test.mock.mockito.ResetMocksTestExecutionListener@638e8194]
]]></system-out>
  <system-err><![CDATA[]]></system-err>
</testsuite>
