<?xml version="1.0" encoding="UTF-8"?>
<testsuite name="lv.javaguru.travel.insurance.core.underwriting.calculators.medical.TravelCalculateInsuranceLimitCoefficientTest" tests="2" skipped="0" failures="0" errors="0" timestamp="2024-06-23T16:36:49" hostname="DESKTOP-QKNTNJC" time="0.055">
  <properties/>
  <testcase name="TravelCalculateInsuranceLimitCoefficientCorrectValueIntegrationTest()" classname="lv.javaguru.travel.insurance.core.underwriting.calculators.medical.TravelCalculateInsuranceLimitCoefficientTest" time="0.008"/>
  <testcase name="TravelCalculateInsuranceLimitCoefficientCorrectValueTest()" classname="lv.javaguru.travel.insurance.core.underwriting.calculators.medical.TravelCalculateInsuranceLimitCoefficientTest" time="0.044"/>
  <system-out><![CDATA[2024-06-23 19:36:49,401 [Test worker] INFO  o.s.t.c.s.DefaultTestContextBootstrapper - Neither @ContextConfiguration nor @ContextHierarchy found for test class [lv.javaguru.travel.insurance.core.underwriting.calculators.medical.TravelCalculateInsuranceLimitCoefficientTest], using DelegatingSmartContextLoader
2024-06-23 19:36:49,402 [Test worker] INFO  o.s.t.c.s.AbstractContextLoader - Could not detect default resource locations for test class [lv.javaguru.travel.insurance.core.underwriting.calculators.medical.TravelCalculateInsuranceLimitCoefficientTest]: no resource found for suffixes {-context.xml}.
2024-06-23 19:36:49,402 [Test worker] INFO  o.s.t.c.s.AnnotationConfigContextLoaderUtils - Could not detect default configuration classes for test class [lv.javaguru.travel.insurance.core.underwriting.calculators.medical.TravelCalculateInsuranceLimitCoefficientTest]: TravelCalculateInsuranceLimitCoefficientTest does not declare any static, non-private, non-final, nested classes annotated with @Configuration.
2024-06-23 19:36:49,404 [Test worker] INFO  o.s.t.c.s.DefaultTestContextBootstrapper - Loaded default TestExecutionListener class names from location [META-INF/spring.factories]: [org.springframework.boot.test.autoconfigure.restdocs.RestDocsTestExecutionListener, org.springframework.boot.test.autoconfigure.web.client.MockRestServiceServerResetTestExecutionListener, org.springframework.boot.test.autoconfigure.web.servlet.MockMvcPrintOnlyOnFailureTestExecutionListener, org.springframework.boot.test.autoconfigure.web.servlet.WebDriverTestExecutionListener, org.springframework.boot.test.autoconfigure.webservices.client.MockWebServiceServerTestExecutionListener, org.springframework.boot.test.mock.mockito.MockitoTestExecutionListener, org.springframework.boot.test.mock.mockito.ResetMocksTestExecutionListener, org.springframework.test.context.web.ServletTestExecutionListener, org.springframework.test.context.support.DirtiesContextBeforeModesTestExecutionListener, org.springframework.test.context.event.ApplicationEventsTestExecutionListener, org.springframework.test.context.support.DependencyInjectionTestExecutionListener, org.springframework.test.context.support.DirtiesContextTestExecutionListener, org.springframework.test.context.transaction.TransactionalTestExecutionListener, org.springframework.test.context.jdbc.SqlScriptsTestExecutionListener, org.springframework.test.context.event.EventPublishingTestExecutionListener]
2024-06-23 19:36:49,405 [Test worker] INFO  o.s.t.c.s.DefaultTestContextBootstrapper - Using TestExecutionListeners: [org.springframework.test.context.web.ServletTestExecutionListener@3c83e9ca, org.springframework.test.context.support.DirtiesContextBeforeModesTestExecutionListener@7c0ecdbf, org.springframework.test.context.event.ApplicationEventsTestExecutionListener@19bad88, org.springframework.boot.test.mock.mockito.MockitoTestExecutionListener@2226fd2b, org.springframework.test.context.support.DependencyInjectionTestExecutionListener@1488d1c, org.springframework.test.context.support.DirtiesContextTestExecutionListener@b21cbbf, org.springframework.test.context.transaction.TransactionalTestExecutionListener@578ac0be, org.springframework.test.context.jdbc.SqlScriptsTestExecutionListener@4250b0c1, org.springframework.test.context.event.EventPublishingTestExecutionListener@7b5e5fa, org.springframework.boot.test.autoconfigure.restdocs.RestDocsTestExecutionListener@24caa80, org.springframework.boot.test.autoconfigure.web.client.MockRestServiceServerResetTestExecutionListener@3420547, org.springframework.boot.test.autoconfigure.web.servlet.MockMvcPrintOnlyOnFailureTestExecutionListener@44d36b56, org.springframework.boot.test.autoconfigure.web.servlet.WebDriverTestExecutionListener@6ce1cc03, org.springframework.boot.test.autoconfigure.webservices.client.MockWebServiceServerTestExecutionListener@b1e63b5, org.springframework.boot.test.mock.mockito.ResetMocksTestExecutionListener@186537ac]
]]></system-out>
  <system-err><![CDATA[]]></system-err>
</testsuite>
