<?xml version="1.0" encoding="UTF-8"?>
<testsuite name="lv.javaguru.travel.insurance.core.underwriting.calculators.medical.TravelCalculateMedicalDayCountTest" tests="2" skipped="0" failures="0" errors="0" timestamp="2024-07-15T15:30:39" hostname="DESKTOP-QKNTNJC" time="0.029">
  <properties/>
  <testcase name="calculatorMedicalDayCountTest()" classname="lv.javaguru.travel.insurance.core.underwriting.calculators.medical.TravelCalculateMedicalDayCountTest" time="0.016"/>
  <testcase name="calculatorMedicalDayCountIntegrationTest()" classname="lv.javaguru.travel.insurance.core.underwriting.calculators.medical.TravelCalculateMedicalDayCountTest" time="0.01"/>
  <system-out><![CDATA[2024-07-15 18:30:39,110 [Test worker] INFO  o.s.t.c.s.DefaultTestContextBootstrapper - Neither @ContextConfiguration nor @ContextHierarchy found for test class [lv.javaguru.travel.insurance.core.underwriting.calculators.medical.TravelCalculateMedicalDayCountTest], using DelegatingSmartContextLoader
2024-07-15 18:30:39,111 [Test worker] INFO  o.s.t.c.s.AbstractContextLoader - Could not detect default resource locations for test class [lv.javaguru.travel.insurance.core.underwriting.calculators.medical.TravelCalculateMedicalDayCountTest]: no resource found for suffixes {-context.xml}.
2024-07-15 18:30:39,111 [Test worker] INFO  o.s.t.c.s.AnnotationConfigContextLoaderUtils - Could not detect default configuration classes for test class [lv.javaguru.travel.insurance.core.underwriting.calculators.medical.TravelCalculateMedicalDayCountTest]: TravelCalculateMedicalDayCountTest does not declare any static, non-private, non-final, nested classes annotated with @Configuration.
2024-07-15 18:30:39,112 [Test worker] INFO  o.s.t.c.s.DefaultTestContextBootstrapper - Loaded default TestExecutionListener class names from location [META-INF/spring.factories]: [org.springframework.boot.test.autoconfigure.restdocs.RestDocsTestExecutionListener, org.springframework.boot.test.autoconfigure.web.client.MockRestServiceServerResetTestExecutionListener, org.springframework.boot.test.autoconfigure.web.servlet.MockMvcPrintOnlyOnFailureTestExecutionListener, org.springframework.boot.test.autoconfigure.web.servlet.WebDriverTestExecutionListener, org.springframework.boot.test.autoconfigure.webservices.client.MockWebServiceServerTestExecutionListener, org.springframework.boot.test.mock.mockito.MockitoTestExecutionListener, org.springframework.boot.test.mock.mockito.ResetMocksTestExecutionListener, org.springframework.test.context.web.ServletTestExecutionListener, org.springframework.test.context.support.DirtiesContextBeforeModesTestExecutionListener, org.springframework.test.context.event.ApplicationEventsTestExecutionListener, org.springframework.test.context.support.DependencyInjectionTestExecutionListener, org.springframework.test.context.support.DirtiesContextTestExecutionListener, org.springframework.test.context.transaction.TransactionalTestExecutionListener, org.springframework.test.context.jdbc.SqlScriptsTestExecutionListener, org.springframework.test.context.event.EventPublishingTestExecutionListener]
2024-07-15 18:30:39,112 [Test worker] INFO  o.s.t.c.s.DefaultTestContextBootstrapper - Using TestExecutionListeners: [org.springframework.test.context.web.ServletTestExecutionListener@5d414943, org.springframework.test.context.support.DirtiesContextBeforeModesTestExecutionListener@5481001f, org.springframework.test.context.event.ApplicationEventsTestExecutionListener@5581e273, org.springframework.boot.test.mock.mockito.MockitoTestExecutionListener@475c2f47, org.springframework.test.context.support.DependencyInjectionTestExecutionListener@10806dbe, org.springframework.test.context.support.DirtiesContextTestExecutionListener@4c5d1649, org.springframework.test.context.transaction.TransactionalTestExecutionListener@1695f7cb, org.springframework.test.context.jdbc.SqlScriptsTestExecutionListener@3095c449, org.springframework.test.context.event.EventPublishingTestExecutionListener@236bb278, org.springframework.boot.test.autoconfigure.restdocs.RestDocsTestExecutionListener@7200702, org.springframework.boot.test.autoconfigure.web.client.MockRestServiceServerResetTestExecutionListener@3eb29382, org.springframework.boot.test.autoconfigure.web.servlet.MockMvcPrintOnlyOnFailureTestExecutionListener@209baf91, org.springframework.boot.test.autoconfigure.web.servlet.WebDriverTestExecutionListener@5e1d3188, org.springframework.boot.test.autoconfigure.webservices.client.MockWebServiceServerTestExecutionListener@5982255e, org.springframework.boot.test.mock.mockito.ResetMocksTestExecutionListener@7306836f]
]]></system-out>
  <system-err><![CDATA[]]></system-err>
</testsuite>
