<?xml version="1.0" encoding="UTF-8"?>
<testsuite name="lv.javaguru.travel.insurance.core.validations.calculate.agreement.DateFromLessThanDateToValidationTest" tests="2" skipped="0" failures="0" errors="0" timestamp="2024-06-23T16:36:51" hostname="DESKTOP-QKNTNJC" time="0.015">
  <properties/>
  <testcase name="DateFromLessThanDateToTest()" classname="lv.javaguru.travel.insurance.core.validations.calculate.agreement.DateFromLessThanDateToValidationTest" time="0.007"/>
  <testcase name="DateFromGreaterThanDateToTest()" classname="lv.javaguru.travel.insurance.core.validations.calculate.agreement.DateFromLessThanDateToValidationTest" time="0.007"/>
  <system-out><![CDATA[]]></system-out>
  <system-err><![CDATA[]]></system-err>
</testsuite>
