<?xml version="1.0" encoding="UTF-8"?>
<testsuite name="lv.javaguru.travel.insurance.core.underwriting.TravelUnderwritingImplTest" tests="1" skipped="0" failures="0" errors="0" timestamp="2024-06-23T16:36:48" hostname="DESKTOP-QKNTNJC" time="0.013">
  <properties/>
  <testcase name="calculatePremiumTest()" classname="lv.javaguru.travel.insurance.core.underwriting.TravelUnderwritingImplTest" time="0.013"/>
  <system-out><![CDATA[2024-06-23 19:36:48,373 [Test worker] INFO  o.s.t.c.s.DefaultTestContextBootstrapper - Neither @ContextConfiguration nor @ContextHierarchy found for test class [lv.javaguru.travel.insurance.core.underwriting.TravelUnderwritingImplTest], using DelegatingSmartContextLoader
2024-06-23 19:36:48,374 [Test worker] INFO  o.s.t.c.s.AbstractContextLoader - Could not detect default resource locations for test class [lv.javaguru.travel.insurance.core.underwriting.TravelUnderwritingImplTest]: no resource found for suffixes {-context.xml}.
2024-06-23 19:36:48,374 [Test worker] INFO  o.s.t.c.s.AnnotationConfigContextLoaderUtils - Could not detect default configuration classes for test class [lv.javaguru.travel.insurance.core.underwriting.TravelUnderwritingImplTest]: TravelUnderwritingImplTest does not declare any static, non-private, non-final, nested classes annotated with @Configuration.
2024-06-23 19:36:48,376 [Test worker] INFO  o.s.t.c.s.DefaultTestContextBootstrapper - Loaded default TestExecutionListener class names from location [META-INF/spring.factories]: [org.springframework.boot.test.autoconfigure.restdocs.RestDocsTestExecutionListener, org.springframework.boot.test.autoconfigure.web.client.MockRestServiceServerResetTestExecutionListener, org.springframework.boot.test.autoconfigure.web.servlet.MockMvcPrintOnlyOnFailureTestExecutionListener, org.springframework.boot.test.autoconfigure.web.servlet.WebDriverTestExecutionListener, org.springframework.boot.test.autoconfigure.webservices.client.MockWebServiceServerTestExecutionListener, org.springframework.boot.test.mock.mockito.MockitoTestExecutionListener, org.springframework.boot.test.mock.mockito.ResetMocksTestExecutionListener, org.springframework.test.context.web.ServletTestExecutionListener, org.springframework.test.context.support.DirtiesContextBeforeModesTestExecutionListener, org.springframework.test.context.event.ApplicationEventsTestExecutionListener, org.springframework.test.context.support.DependencyInjectionTestExecutionListener, org.springframework.test.context.support.DirtiesContextTestExecutionListener, org.springframework.test.context.transaction.TransactionalTestExecutionListener, org.springframework.test.context.jdbc.SqlScriptsTestExecutionListener, org.springframework.test.context.event.EventPublishingTestExecutionListener]
2024-06-23 19:36:48,376 [Test worker] INFO  o.s.t.c.s.DefaultTestContextBootstrapper - Using TestExecutionListeners: [org.springframework.test.context.web.ServletTestExecutionListener@37a36194, org.springframework.test.context.support.DirtiesContextBeforeModesTestExecutionListener@1d0acb8f, org.springframework.test.context.event.ApplicationEventsTestExecutionListener@6abaa14b, org.springframework.boot.test.mock.mockito.MockitoTestExecutionListener@3b60be3, org.springframework.test.context.support.DependencyInjectionTestExecutionListener@2f3565c0, org.springframework.test.context.support.DirtiesContextTestExecutionListener@64a8851a, org.springframework.test.context.transaction.TransactionalTestExecutionListener@5b27d03d, org.springframework.test.context.jdbc.SqlScriptsTestExecutionListener@687d31a9, org.springframework.test.context.event.EventPublishingTestExecutionListener@6ce24203, org.springframework.boot.test.autoconfigure.restdocs.RestDocsTestExecutionListener@4cc28ad0, org.springframework.boot.test.autoconfigure.web.client.MockRestServiceServerResetTestExecutionListener@29811d4d, org.springframework.boot.test.autoconfigure.web.servlet.MockMvcPrintOnlyOnFailureTestExecutionListener@28f081ad, org.springframework.boot.test.autoconfigure.web.servlet.WebDriverTestExecutionListener@56fc2cea, org.springframework.boot.test.autoconfigure.webservices.client.MockWebServiceServerTestExecutionListener@e30a8ef, org.springframework.boot.test.mock.mockito.ResetMocksTestExecutionListener@2ffaa711]
]]></system-out>
  <system-err><![CDATA[]]></system-err>
</testsuite>
