<?xml version="1.0" encoding="UTF-8"?>
<testsuite name="lv.javaguru.travel.insurance.core.util.DateTimeUtilTest" tests="3" skipped="0" failures="0" errors="0" timestamp="2024-06-23T16:36:50" hostname="DESKTOP-QKNTNJC" time="0.007">
  <properties/>
  <testcase name="shouldDaysBetweenBePositive()" classname="lv.javaguru.travel.insurance.core.util.DateTimeUtilTest" time="0.002"/>
  <testcase name="shouldDaysBetweenBeNegative()" classname="lv.javaguru.travel.insurance.core.util.DateTimeUtilTest" time="0.002"/>
  <testcase name="shouldDaysBetweenBeZero()" classname="lv.javaguru.travel.insurance.core.util.DateTimeUtilTest" time="0.001"/>
  <system-out><![CDATA[]]></system-out>
  <system-err><![CDATA[]]></system-err>
</testsuite>
