<?xml version="1.0" encoding="UTF-8"?>
<testsuite name="lv.javaguru.travel.insurance.core.validations.calculate.integration.AgreementDateFromValidationIntegrationTest" tests="2" skipped="0" failures="0" errors="0" timestamp="2024-07-15T15:30:52" hostname="DESKTOP-QKNTNJC" time="0.102">
  <properties/>
  <testcase name="shouldReturnErrorsWhenDateFromIsNull()" classname="lv.javaguru.travel.insurance.core.validations.calculate.integration.AgreementDateFromValidationIntegrationTest" time="0.065"/>
  <testcase name="shouldReturnErrorsWhenDateFromIsInThePast()" classname="lv.javaguru.travel.insurance.core.validations.calculate.integration.AgreementDateFromValidationIntegrationTest" time="0.035"/>
  <system-out><![CDATA[2024-07-15 18:30:40,740 [Test worker] INFO  o.s.b.t.c.SpringBootTestContextBootstrapper - Neither @ContextConfiguration nor @ContextHierarchy found for test class [lv.javaguru.travel.insurance.core.validations.calculate.integration.AgreementDateFromValidationIntegrationTest], using SpringBootContextLoader
2024-07-15 18:30:40,743 [Test worker] INFO  o.s.t.c.s.AbstractContextLoader - Could not detect default resource locations for test class [lv.javaguru.travel.insurance.core.validations.calculate.integration.AgreementDateFromValidationIntegrationTest]: no resource found for suffixes {-context.xml, Context.groovy}.
2024-07-15 18:30:40,744 [Test worker] INFO  o.s.t.c.s.AnnotationConfigContextLoaderUtils - Could not detect default configuration classes for test class [lv.javaguru.travel.insurance.core.validations.calculate.integration.AgreementDateFromValidationIntegrationTest]: AgreementDateFromValidationIntegrationTest does not declare any static, non-private, non-final, nested classes annotated with @Configuration.
2024-07-15 18:30:40,766 [Test worker] INFO  o.s.b.t.c.SpringBootTestContextBootstrapper - Found @SpringBootConfiguration lv.javaguru.travel.insurance.InsuranceApplication for test class lv.javaguru.travel.insurance.core.validations.calculate.integration.AgreementDateFromValidationIntegrationTest
2024-07-15 18:30:40,775 [Test worker] INFO  o.s.b.t.c.SpringBootTestContextBootstrapper - Loaded default TestExecutionListener class names from location [META-INF/spring.factories]: [org.springframework.boot.test.autoconfigure.restdocs.RestDocsTestExecutionListener, org.springframework.boot.test.autoconfigure.web.client.MockRestServiceServerResetTestExecutionListener, org.springframework.boot.test.autoconfigure.web.servlet.MockMvcPrintOnlyOnFailureTestExecutionListener, org.springframework.boot.test.autoconfigure.web.servlet.WebDriverTestExecutionListener, org.springframework.boot.test.autoconfigure.webservices.client.MockWebServiceServerTestExecutionListener, org.springframework.boot.test.mock.mockito.MockitoTestExecutionListener, org.springframework.boot.test.mock.mockito.ResetMocksTestExecutionListener, org.springframework.test.context.web.ServletTestExecutionListener, org.springframework.test.context.support.DirtiesContextBeforeModesTestExecutionListener, org.springframework.test.context.event.ApplicationEventsTestExecutionListener, org.springframework.test.context.support.DependencyInjectionTestExecutionListener, org.springframework.test.context.support.DirtiesContextTestExecutionListener, org.springframework.test.context.transaction.TransactionalTestExecutionListener, org.springframework.test.context.jdbc.SqlScriptsTestExecutionListener, org.springframework.test.context.event.EventPublishingTestExecutionListener]
2024-07-15 18:30:40,817 [Test worker] INFO  o.s.b.t.c.SpringBootTestContextBootstrapper - Using TestExecutionListeners: [org.springframework.test.context.web.ServletTestExecutionListener@7e147828, org.springframework.test.context.support.DirtiesContextBeforeModesTestExecutionListener@3e966e67, org.springframework.test.context.event.ApplicationEventsTestExecutionListener@45dbbb97, org.springframework.boot.test.mock.mockito.MockitoTestExecutionListener@7e383712, org.springframework.boot.test.autoconfigure.SpringBootDependencyInjectionTestExecutionListener@2330c5c5, org.springframework.test.context.support.DirtiesContextTestExecutionListener@2e587292, org.springframework.test.context.transaction.TransactionalTestExecutionListener@36c763cd, org.springframework.test.context.jdbc.SqlScriptsTestExecutionListener@97842a0, org.springframework.test.context.event.EventPublishingTestExecutionListener@2cc3b0a7, org.springframework.boot.test.autoconfigure.restdocs.RestDocsTestExecutionListener@41628b4f, org.springframework.boot.test.autoconfigure.web.client.MockRestServiceServerResetTestExecutionListener@4cb641a5, org.springframework.boot.test.autoconfigure.web.servlet.MockMvcPrintOnlyOnFailureTestExecutionListener@71077d1, org.springframework.boot.test.autoconfigure.web.servlet.WebDriverTestExecutionListener@36e7b91c, org.springframework.boot.test.autoconfigure.webservices.client.MockWebServiceServerTestExecutionListener@630a647c, org.springframework.boot.test.mock.mockito.ResetMocksTestExecutionListener@1dcfbad1]

  .   ____          _            __ _ _
 /\\ / ___'_ __ _ _(_)_ __  __ _ \ \ \ \
( ( )\___ | '_ | '_| | '_ \/ _` | \ \ \ \
 \\/  ___)| |_)| | | | | || (_| |  ) ) ) )
  '  |____| .__|_| |_|_| |_\__, | / / / /
 =========|_|==============|___/=/_/_/_/
 :: Spring Boot ::                (v2.7.5)

2024-07-15 18:30:40,938 [Test worker] INFO  l.j.t.i.c.v.c.i.AgreementDateFromValidationIntegrationTest - Starting AgreementDateFromValidationIntegrationTest using Java 18.0.2 on DESKTOP-QKNTNJC with PID 2180 (started by User in D:\Leva\Program\repos\My_Portfolio\Insurance_Calculator\student_snezhko_leu_version_2)
2024-07-15 18:30:40,939 [Test worker] INFO  l.j.t.i.c.v.c.i.AgreementDateFromValidationIntegrationTest - No active profile set, falling back to 1 default profile: "default"
2024-07-15 18:30:42,437 [Test worker] INFO  o.s.d.r.c.RepositoryConfigurationDelegate - Bootstrapping Spring Data JPA repositories in DEFAULT mode.
2024-07-15 18:30:42,581 [Test worker] INFO  o.s.d.r.c.RepositoryConfigurationDelegate - Finished Spring Data repository scanning in 143 ms. Found 16 JPA repository interfaces.
2024-07-15 18:30:43,368 [Test worker] INFO  com.zaxxer.hikari.HikariDataSource - HikariPool-1 - Starting...
2024-07-15 18:30:43,419 [Test worker] INFO  com.zaxxer.hikari.HikariDataSource - HikariPool-1 - Start completed.
2024-07-15 18:30:43,890 [Test worker] INFO  o.h.jpa.internal.util.LogHelper - HHH000204: Processing PersistenceUnitInfo [name: default]
2024-07-15 18:30:43,911 [Test worker] INFO  org.hibernate.dialect.Dialect - HHH000400: Using dialect: org.hibernate.dialect.H2Dialect
2024-07-15 18:30:44,465 [Test worker] INFO  o.h.e.t.j.p.i.JtaPlatformInitiator - HHH000490: Using JtaPlatform implementation: [org.hibernate.engine.transaction.jta.platform.internal.NoJtaPlatform]
2024-07-15 18:30:44,466 [Test worker] INFO  o.s.o.j.LocalContainerEntityManagerFactoryBean - Initialized JPA EntityManagerFactory for persistence unit 'default'
2024-07-15 18:30:45,889 [Test worker] INFO  o.s.b.f.a.AutowiredAnnotationBeanPostProcessor - Autowired annotation is not supported on static fields: private static lv.javaguru.travel.insurance.core.validations.ValidationErrorFactory lv.javaguru.travel.insurance.core.validations.calculate.person.PersonMedicalStatusErrorGenerator.errorFactory
2024-07-15 18:30:46,907 [Test worker] WARN  o.s.b.a.o.j.JpaBaseConfiguration$JpaWebConfiguration - spring.jpa.open-in-view is enabled by default. Therefore, database queries may be performed during view rendering. Explicitly configure spring.jpa.open-in-view to disable this warning
2024-07-15 18:30:52,454 [Test worker] INFO  l.j.t.i.c.v.c.i.AgreementDateFromValidationIntegrationTest - Started AgreementDateFromValidationIntegrationTest in 11.611 seconds (JVM running for 37.852)
Hibernate: select classifier0_.id as id1_2_, classifier0_.classifier_id as classifi4_2_, classifier0_.description as descript2_2_, classifier0_.ic as ic3_2_ from classifier_values classifier0_ left outer join classifiers classifier1_ on classifier0_.classifier_id=classifier1_.id where classifier1_.title=? and classifier0_.ic=?
Hibernate: select classifier0_.id as id1_3_0_, classifier0_.description as descript2_3_0_, classifier0_.title as title3_3_0_ from classifiers classifier0_ where classifier0_.id=?
Hibernate: select classifier0_.id as id1_2_, classifier0_.classifier_id as classifi4_2_, classifier0_.description as descript2_2_, classifier0_.ic as ic3_2_ from classifier_values classifier0_ left outer join classifiers classifier1_ on classifier0_.classifier_id=classifier1_.id where classifier1_.title=? and classifier0_.ic=?
Hibernate: select classifier0_.id as id1_3_0_, classifier0_.description as descript2_3_0_, classifier0_.title as title3_3_0_ from classifiers classifier0_ where classifier0_.id=?
Hibernate: select classifier0_.id as id1_2_, classifier0_.classifier_id as classifi4_2_, classifier0_.description as descript2_2_, classifier0_.ic as ic3_2_ from classifier_values classifier0_ left outer join classifiers classifier1_ on classifier0_.classifier_id=classifier1_.id where classifier1_.title=? and classifier0_.ic=?
Hibernate: select classifier0_.id as id1_3_0_, classifier0_.description as descript2_3_0_, classifier0_.title as title3_3_0_ from classifiers classifier0_ where classifier0_.id=?
Hibernate: select classifier0_.id as id1_2_, classifier0_.classifier_id as classifi4_2_, classifier0_.description as descript2_2_, classifier0_.ic as ic3_2_ from classifier_values classifier0_ left outer join classifiers classifier1_ on classifier0_.classifier_id=classifier1_.id where classifier1_.title=? and classifier0_.ic=?
Hibernate: select classifier0_.id as id1_3_0_, classifier0_.description as descript2_3_0_, classifier0_.title as title3_3_0_ from classifiers classifier0_ where classifier0_.id=?
Hibernate: select classifier0_.id as id1_2_, classifier0_.classifier_id as classifi4_2_, classifier0_.description as descript2_2_, classifier0_.ic as ic3_2_ from classifier_values classifier0_ left outer join classifiers classifier1_ on classifier0_.classifier_id=classifier1_.id where classifier1_.title=? and classifier0_.ic=?
Hibernate: select classifier0_.id as id1_3_0_, classifier0_.description as descript2_3_0_, classifier0_.title as title3_3_0_ from classifiers classifier0_ where classifier0_.id=?
Hibernate: select classifier0_.id as id1_2_, classifier0_.classifier_id as classifi4_2_, classifier0_.description as descript2_2_, classifier0_.ic as ic3_2_ from classifier_values classifier0_ left outer join classifiers classifier1_ on classifier0_.classifier_id=classifier1_.id where classifier1_.title=? and classifier0_.ic=?
Hibernate: select classifier0_.id as id1_3_0_, classifier0_.description as descript2_3_0_, classifier0_.title as title3_3_0_ from classifiers classifier0_ where classifier0_.id=?
]]></system-out>
  <system-err><![CDATA[]]></system-err>
</testsuite>
