<?xml version="1.0" encoding="UTF-8"?>
<testsuite name="lv.javaguru.travel.insurance.core.util.CalculateAgeUtilTest" tests="1" skipped="0" failures="0" errors="0" timestamp="2024-07-15T15:30:39" hostname="DESKTOP-QKNTNJC" time="0.007">
  <properties/>
  <testcase name="calculateAge()" classname="lv.javaguru.travel.insurance.core.util.CalculateAgeUtilTest" time="0.007"/>
  <system-out><![CDATA[2024-07-15 18:30:39,565 [Test worker] INFO  o.s.t.c.s.DefaultTestContextBootstrapper - Neither @ContextConfiguration nor @ContextHierarchy found for test class [lv.javaguru.travel.insurance.core.util.CalculateAgeUtilTest], using DelegatingSmartContextLoader
2024-07-15 18:30:39,570 [Test worker] INFO  o.s.t.c.s.AbstractContextLoader - Could not detect default resource locations for test class [lv.javaguru.travel.insurance.core.util.CalculateAgeUtilTest]: no resource found for suffixes {-context.xml}.
2024-07-15 18:30:39,571 [Test worker] INFO  o.s.t.c.s.AnnotationConfigContextLoaderUtils - Could not detect default configuration classes for test class [lv.javaguru.travel.insurance.core.util.CalculateAgeUtilTest]: CalculateAgeUtilTest does not declare any static, non-private, non-final, nested classes annotated with @Configuration.
2024-07-15 18:30:39,572 [Test worker] INFO  o.s.t.c.s.DefaultTestContextBootstrapper - Loaded default TestExecutionListener class names from location [META-INF/spring.factories]: [org.springframework.boot.test.autoconfigure.restdocs.RestDocsTestExecutionListener, org.springframework.boot.test.autoconfigure.web.client.MockRestServiceServerResetTestExecutionListener, org.springframework.boot.test.autoconfigure.web.servlet.MockMvcPrintOnlyOnFailureTestExecutionListener, org.springframework.boot.test.autoconfigure.web.servlet.WebDriverTestExecutionListener, org.springframework.boot.test.autoconfigure.webservices.client.MockWebServiceServerTestExecutionListener, org.springframework.boot.test.mock.mockito.MockitoTestExecutionListener, org.springframework.boot.test.mock.mockito.ResetMocksTestExecutionListener, org.springframework.test.context.web.ServletTestExecutionListener, org.springframework.test.context.support.DirtiesContextBeforeModesTestExecutionListener, org.springframework.test.context.event.ApplicationEventsTestExecutionListener, org.springframework.test.context.support.DependencyInjectionTestExecutionListener, org.springframework.test.context.support.DirtiesContextTestExecutionListener, org.springframework.test.context.transaction.TransactionalTestExecutionListener, org.springframework.test.context.jdbc.SqlScriptsTestExecutionListener, org.springframework.test.context.event.EventPublishingTestExecutionListener]
2024-07-15 18:30:39,573 [Test worker] INFO  o.s.t.c.s.DefaultTestContextBootstrapper - Using TestExecutionListeners: [org.springframework.test.context.web.ServletTestExecutionListener@5e752a2a, org.springframework.test.context.support.DirtiesContextBeforeModesTestExecutionListener@52811dc1, org.springframework.test.context.event.ApplicationEventsTestExecutionListener@4f9191c1, org.springframework.boot.test.mock.mockito.MockitoTestExecutionListener@5bbaaf17, org.springframework.test.context.support.DependencyInjectionTestExecutionListener@2c69ea30, org.springframework.test.context.support.DirtiesContextTestExecutionListener@76dc9569, org.springframework.test.context.transaction.TransactionalTestExecutionListener@35800dea, org.springframework.test.context.jdbc.SqlScriptsTestExecutionListener@3b4cce5a, org.springframework.test.context.event.EventPublishingTestExecutionListener@58178b69, org.springframework.boot.test.autoconfigure.restdocs.RestDocsTestExecutionListener@4a723adf, org.springframework.boot.test.autoconfigure.web.client.MockRestServiceServerResetTestExecutionListener@7f289126, org.springframework.boot.test.autoconfigure.web.servlet.MockMvcPrintOnlyOnFailureTestExecutionListener@22cbbe87, org.springframework.boot.test.autoconfigure.web.servlet.WebDriverTestExecutionListener@46e32574, org.springframework.boot.test.autoconfigure.webservices.client.MockWebServiceServerTestExecutionListener@1d1c5bb5, org.springframework.boot.test.mock.mockito.ResetMocksTestExecutionListener@26864891]
]]></system-out>
  <system-err><![CDATA[]]></system-err>
</testsuite>
