<?xml version="1.0" encoding="UTF-8"?>
<testsuite name="lv.javaguru.travel.insurance.core.validations.calculate.agreement.AgreementSelectedRisksValidationTest" tests="3" skipped="0" failures="0" errors="0" timestamp="2024-06-23T16:36:51" hostname="DESKTOP-QKNTNJC" time="0.016">
  <properties/>
  <testcase name="AgreementSelectedRiskIsEmptyTest()" classname="lv.javaguru.travel.insurance.core.validations.calculate.agreement.AgreementSelectedRisksValidationTest" time="0.007"/>
  <testcase name="AgreementSelectedRiskIsNullTest()" classname="lv.javaguru.travel.insurance.core.validations.calculate.agreement.AgreementSelectedRisksValidationTest" time="0.004"/>
  <testcase name="AgreementSelectedRisksExistsTest()" classname="lv.javaguru.travel.insurance.core.validations.calculate.agreement.AgreementSelectedRisksValidationTest" time="0.002"/>
  <system-out><![CDATA[]]></system-out>
  <system-err><![CDATA[]]></system-err>
</testsuite>
