<?xml version="1.0" encoding="UTF-8"?>
<testsuite name="lv.javaguru.travel.insurance.core.underwriting.calculators.evacuation.TEMedicalCoefficientCalculatorTest" tests="4" skipped="0" failures="0" errors="0" timestamp="2024-07-15T15:30:38" hostname="DESKTOP-QKNTNJC" time="0.041">
  <properties/>
  <testcase name="slightlyIllStatusTest()" classname="lv.javaguru.travel.insurance.core.underwriting.calculators.evacuation.TEMedicalCoefficientCalculatorTest" time="0.008"/>
  <testcase name="hardlyIllStatusTest()" classname="lv.javaguru.travel.insurance.core.underwriting.calculators.evacuation.TEMedicalCoefficientCalculatorTest" time="0.004"/>
  <testcase name="illStatusTest()" classname="lv.javaguru.travel.insurance.core.underwriting.calculators.evacuation.TEMedicalCoefficientCalculatorTest" time="0.004"/>
  <testcase name="perfectlyHealthyStatusTest()" classname="lv.javaguru.travel.insurance.core.underwriting.calculators.evacuation.TEMedicalCoefficientCalculatorTest" time="0.015"/>
  <system-out><![CDATA[2024-07-15 18:30:38,361 [Test worker] INFO  o.s.t.c.s.DefaultTestContextBootstrapper - Neither @ContextConfiguration nor @ContextHierarchy found for test class [lv.javaguru.travel.insurance.core.underwriting.calculators.evacuation.TEMedicalCoefficientCalculatorTest], using DelegatingSmartContextLoader
2024-07-15 18:30:38,361 [Test worker] INFO  o.s.t.c.s.AbstractContextLoader - Could not detect default resource locations for test class [lv.javaguru.travel.insurance.core.underwriting.calculators.evacuation.TEMedicalCoefficientCalculatorTest]: no resource found for suffixes {-context.xml}.
2024-07-15 18:30:38,362 [Test worker] INFO  o.s.t.c.s.AnnotationConfigContextLoaderUtils - Could not detect default configuration classes for test class [lv.javaguru.travel.insurance.core.underwriting.calculators.evacuation.TEMedicalCoefficientCalculatorTest]: TEMedicalCoefficientCalculatorTest does not declare any static, non-private, non-final, nested classes annotated with @Configuration.
2024-07-15 18:30:38,362 [Test worker] INFO  o.s.t.c.s.DefaultTestContextBootstrapper - Loaded default TestExecutionListener class names from location [META-INF/spring.factories]: [org.springframework.boot.test.autoconfigure.restdocs.RestDocsTestExecutionListener, org.springframework.boot.test.autoconfigure.web.client.MockRestServiceServerResetTestExecutionListener, org.springframework.boot.test.autoconfigure.web.servlet.MockMvcPrintOnlyOnFailureTestExecutionListener, org.springframework.boot.test.autoconfigure.web.servlet.WebDriverTestExecutionListener, org.springframework.boot.test.autoconfigure.webservices.client.MockWebServiceServerTestExecutionListener, org.springframework.boot.test.mock.mockito.MockitoTestExecutionListener, org.springframework.boot.test.mock.mockito.ResetMocksTestExecutionListener, org.springframework.test.context.web.ServletTestExecutionListener, org.springframework.test.context.support.DirtiesContextBeforeModesTestExecutionListener, org.springframework.test.context.event.ApplicationEventsTestExecutionListener, org.springframework.test.context.support.DependencyInjectionTestExecutionListener, org.springframework.test.context.support.DirtiesContextTestExecutionListener, org.springframework.test.context.transaction.TransactionalTestExecutionListener, org.springframework.test.context.jdbc.SqlScriptsTestExecutionListener, org.springframework.test.context.event.EventPublishingTestExecutionListener]
2024-07-15 18:30:38,363 [Test worker] INFO  o.s.t.c.s.DefaultTestContextBootstrapper - Using TestExecutionListeners: [org.springframework.test.context.web.ServletTestExecutionListener@102dff25, org.springframework.test.context.support.DirtiesContextBeforeModesTestExecutionListener@216de23a, org.springframework.test.context.event.ApplicationEventsTestExecutionListener@76e10574, org.springframework.boot.test.mock.mockito.MockitoTestExecutionListener@7c290246, org.springframework.test.context.support.DependencyInjectionTestExecutionListener@3021e31, org.springframework.test.context.support.DirtiesContextTestExecutionListener@4d305059, org.springframework.test.context.transaction.TransactionalTestExecutionListener@3304362e, org.springframework.test.context.jdbc.SqlScriptsTestExecutionListener@78b293a, org.springframework.test.context.event.EventPublishingTestExecutionListener@146b4c6c, org.springframework.boot.test.autoconfigure.restdocs.RestDocsTestExecutionListener@5b166420, org.springframework.boot.test.autoconfigure.web.client.MockRestServiceServerResetTestExecutionListener@49318c2a, org.springframework.boot.test.autoconfigure.web.servlet.MockMvcPrintOnlyOnFailureTestExecutionListener@17adbecf, org.springframework.boot.test.autoconfigure.web.servlet.WebDriverTestExecutionListener@59eb987a, org.springframework.boot.test.autoconfigure.webservices.client.MockWebServiceServerTestExecutionListener@31b4c003, org.springframework.boot.test.mock.mockito.ResetMocksTestExecutionListener@74214ac3]
]]></system-out>
  <system-err><![CDATA[]]></system-err>
</testsuite>
