<?xml version="1.0" encoding="UTF-8"?>
<testsuite name="lv.javaguru.travel.insurance.core.validations.calculate.TravelAgreementValidatorImplTest" tests="5" skipped="0" failures="0" errors="0" timestamp="2024-07-15T15:30:39" hostname="DESKTOP-QKNTNJC" time="0.062">
  <properties/>
  <testcase name="shouldReturnSingleAgreementErrors()" classname="lv.javaguru.travel.insurance.core.validations.calculate.TravelAgreementValidatorImplTest" time="0.008"/>
  <testcase name="shouldReturnListAgreementErrors()" classname="lv.javaguru.travel.insurance.core.validations.calculate.TravelAgreementValidatorImplTest" time="0.007"/>
  <testcase name="shouldReturnListPersonErrors()" classname="lv.javaguru.travel.insurance.core.validations.calculate.TravelAgreementValidatorImplTest" time="0.008"/>
  <testcase name="shouldReturnSinglePersonErrors()" classname="lv.javaguru.travel.insurance.core.validations.calculate.TravelAgreementValidatorImplTest" time="0.019"/>
  <testcase name="shouldNotReturnErrors()" classname="lv.javaguru.travel.insurance.core.validations.calculate.TravelAgreementValidatorImplTest" time="0.006"/>
  <system-out><![CDATA[2024-07-15 18:30:39,888 [Test worker] INFO  o.s.t.c.s.DefaultTestContextBootstrapper - Neither @ContextConfiguration nor @ContextHierarchy found for test class [lv.javaguru.travel.insurance.core.validations.calculate.TravelAgreementValidatorImplTest], using DelegatingSmartContextLoader
2024-07-15 18:30:39,889 [Test worker] INFO  o.s.t.c.s.AbstractContextLoader - Could not detect default resource locations for test class [lv.javaguru.travel.insurance.core.validations.calculate.TravelAgreementValidatorImplTest]: no resource found for suffixes {-context.xml}.
2024-07-15 18:30:39,889 [Test worker] INFO  o.s.t.c.s.AnnotationConfigContextLoaderUtils - Could not detect default configuration classes for test class [lv.javaguru.travel.insurance.core.validations.calculate.TravelAgreementValidatorImplTest]: TravelAgreementValidatorImplTest does not declare any static, non-private, non-final, nested classes annotated with @Configuration.
2024-07-15 18:30:39,890 [Test worker] INFO  o.s.t.c.s.DefaultTestContextBootstrapper - Loaded default TestExecutionListener class names from location [META-INF/spring.factories]: [org.springframework.boot.test.autoconfigure.restdocs.RestDocsTestExecutionListener, org.springframework.boot.test.autoconfigure.web.client.MockRestServiceServerResetTestExecutionListener, org.springframework.boot.test.autoconfigure.web.servlet.MockMvcPrintOnlyOnFailureTestExecutionListener, org.springframework.boot.test.autoconfigure.web.servlet.WebDriverTestExecutionListener, org.springframework.boot.test.autoconfigure.webservices.client.MockWebServiceServerTestExecutionListener, org.springframework.boot.test.mock.mockito.MockitoTestExecutionListener, org.springframework.boot.test.mock.mockito.ResetMocksTestExecutionListener, org.springframework.test.context.web.ServletTestExecutionListener, org.springframework.test.context.support.DirtiesContextBeforeModesTestExecutionListener, org.springframework.test.context.event.ApplicationEventsTestExecutionListener, org.springframework.test.context.support.DependencyInjectionTestExecutionListener, org.springframework.test.context.support.DirtiesContextTestExecutionListener, org.springframework.test.context.transaction.TransactionalTestExecutionListener, org.springframework.test.context.jdbc.SqlScriptsTestExecutionListener, org.springframework.test.context.event.EventPublishingTestExecutionListener]
2024-07-15 18:30:39,890 [Test worker] INFO  o.s.t.c.s.DefaultTestContextBootstrapper - Using TestExecutionListeners: [org.springframework.test.context.web.ServletTestExecutionListener@10f64bc3, org.springframework.test.context.support.DirtiesContextBeforeModesTestExecutionListener@3c9cab4, org.springframework.test.context.event.ApplicationEventsTestExecutionListener@1be15455, org.springframework.boot.test.mock.mockito.MockitoTestExecutionListener@2ff4d61b, org.springframework.test.context.support.DependencyInjectionTestExecutionListener@dfe2875, org.springframework.test.context.support.DirtiesContextTestExecutionListener@402fcf14, org.springframework.test.context.transaction.TransactionalTestExecutionListener@517d68b8, org.springframework.test.context.jdbc.SqlScriptsTestExecutionListener@58b03882, org.springframework.test.context.event.EventPublishingTestExecutionListener@24710e61, org.springframework.boot.test.autoconfigure.restdocs.RestDocsTestExecutionListener@1a983294, org.springframework.boot.test.autoconfigure.web.client.MockRestServiceServerResetTestExecutionListener@209ab1d7, org.springframework.boot.test.autoconfigure.web.servlet.MockMvcPrintOnlyOnFailureTestExecutionListener@7937f96e, org.springframework.boot.test.autoconfigure.web.servlet.WebDriverTestExecutionListener@5599f22f, org.springframework.boot.test.autoconfigure.webservices.client.MockWebServiceServerTestExecutionListener@ece769a, org.springframework.boot.test.mock.mockito.ResetMocksTestExecutionListener@7baf7a9d]
]]></system-out>
  <system-err><![CDATA[]]></system-err>
</testsuite>
