<?xml version="1.0" encoding="UTF-8"?>
<testsuite name="lv.javaguru.travel.insurance.core.underwriting.calculators.cancellation.TravelCancellationCostCoefficientTest" tests="1" skipped="0" failures="0" errors="0" timestamp="2024-06-23T16:36:49" hostname="DESKTOP-QKNTNJC" time="0.019">
  <properties/>
  <testcase name="costCoefficientTest()" classname="lv.javaguru.travel.insurance.core.underwriting.calculators.cancellation.TravelCancellationCostCoefficientTest" time="0.019"/>
  <system-out><![CDATA[2024-06-23 19:36:49,209 [Test worker] INFO  o.s.t.c.s.DefaultTestContextBootstrapper - Neither @ContextConfiguration nor @ContextHierarchy found for test class [lv.javaguru.travel.insurance.core.underwriting.calculators.cancellation.TravelCancellationCostCoefficientTest], using DelegatingSmartContextLoader
2024-06-23 19:36:49,209 [Test worker] INFO  o.s.t.c.s.AbstractContextLoader - Could not detect default resource locations for test class [lv.javaguru.travel.insurance.core.underwriting.calculators.cancellation.TravelCancellationCostCoefficientTest]: no resource found for suffixes {-context.xml}.
2024-06-23 19:36:49,210 [Test worker] INFO  o.s.t.c.s.AnnotationConfigContextLoaderUtils - Could not detect default configuration classes for test class [lv.javaguru.travel.insurance.core.underwriting.calculators.cancellation.TravelCancellationCostCoefficientTest]: TravelCancellationCostCoefficientTest does not declare any static, non-private, non-final, nested classes annotated with @Configuration.
2024-06-23 19:36:49,210 [Test worker] INFO  o.s.t.c.s.DefaultTestContextBootstrapper - Loaded default TestExecutionListener class names from location [META-INF/spring.factories]: [org.springframework.boot.test.autoconfigure.restdocs.RestDocsTestExecutionListener, org.springframework.boot.test.autoconfigure.web.client.MockRestServiceServerResetTestExecutionListener, org.springframework.boot.test.autoconfigure.web.servlet.MockMvcPrintOnlyOnFailureTestExecutionListener, org.springframework.boot.test.autoconfigure.web.servlet.WebDriverTestExecutionListener, org.springframework.boot.test.autoconfigure.webservices.client.MockWebServiceServerTestExecutionListener, org.springframework.boot.test.mock.mockito.MockitoTestExecutionListener, org.springframework.boot.test.mock.mockito.ResetMocksTestExecutionListener, org.springframework.test.context.web.ServletTestExecutionListener, org.springframework.test.context.support.DirtiesContextBeforeModesTestExecutionListener, org.springframework.test.context.event.ApplicationEventsTestExecutionListener, org.springframework.test.context.support.DependencyInjectionTestExecutionListener, org.springframework.test.context.support.DirtiesContextTestExecutionListener, org.springframework.test.context.transaction.TransactionalTestExecutionListener, org.springframework.test.context.jdbc.SqlScriptsTestExecutionListener, org.springframework.test.context.event.EventPublishingTestExecutionListener]
2024-06-23 19:36:49,211 [Test worker] INFO  o.s.t.c.s.DefaultTestContextBootstrapper - Using TestExecutionListeners: [org.springframework.test.context.web.ServletTestExecutionListener@71b6edfb, org.springframework.test.context.support.DirtiesContextBeforeModesTestExecutionListener@2f541f60, org.springframework.test.context.event.ApplicationEventsTestExecutionListener@1dcc0bb8, org.springframework.boot.test.mock.mockito.MockitoTestExecutionListener@29767156, org.springframework.test.context.support.DependencyInjectionTestExecutionListener@6f6998b6, org.springframework.test.context.support.DirtiesContextTestExecutionListener@60493524, org.springframework.test.context.transaction.TransactionalTestExecutionListener@1da5635e, org.springframework.test.context.jdbc.SqlScriptsTestExecutionListener@7c35d7d, org.springframework.test.context.event.EventPublishingTestExecutionListener@24ccc91b, org.springframework.boot.test.autoconfigure.restdocs.RestDocsTestExecutionListener@d0538b3, org.springframework.boot.test.autoconfigure.web.client.MockRestServiceServerResetTestExecutionListener@3b8c15de, org.springframework.boot.test.autoconfigure.web.servlet.MockMvcPrintOnlyOnFailureTestExecutionListener@26398f67, org.springframework.boot.test.autoconfigure.web.servlet.WebDriverTestExecutionListener@64ff0eaa, org.springframework.boot.test.autoconfigure.webservices.client.MockWebServiceServerTestExecutionListener@401b7226, org.springframework.boot.test.mock.mockito.ResetMocksTestExecutionListener@1b62ad1e]
]]></system-out>
  <system-err><![CDATA[]]></system-err>
</testsuite>
