<?xml version="1.0" encoding="UTF-8"?>
<testsuite name="lv.javaguru.travel.insurance.core.validations.calculate.ValidationErrorFactoryTest" tests="2" skipped="0" failures="0" errors="0" timestamp="2024-07-15T15:30:40" hostname="DESKTOP-QKNTNJC" time="0.014">
  <properties/>
  <testcase name="errorCodeWithPlaceholderTest()" classname="lv.javaguru.travel.insurance.core.validations.calculate.ValidationErrorFactoryTest" time="0.007"/>
  <testcase name="simpleErrorCodeTest()" classname="lv.javaguru.travel.insurance.core.validations.calculate.ValidationErrorFactoryTest" time="0.005"/>
  <system-out><![CDATA[2024-07-15 18:30:40,231 [Test worker] INFO  o.s.t.c.s.DefaultTestContextBootstrapper - Neither @ContextConfiguration nor @ContextHierarchy found for test class [lv.javaguru.travel.insurance.core.validations.calculate.ValidationErrorFactoryTest], using DelegatingSmartContextLoader
2024-07-15 18:30:40,232 [Test worker] INFO  o.s.t.c.s.AbstractContextLoader - Could not detect default resource locations for test class [lv.javaguru.travel.insurance.core.validations.calculate.ValidationErrorFactoryTest]: no resource found for suffixes {-context.xml}.
2024-07-15 18:30:40,233 [Test worker] INFO  o.s.t.c.s.AnnotationConfigContextLoaderUtils - Could not detect default configuration classes for test class [lv.javaguru.travel.insurance.core.validations.calculate.ValidationErrorFactoryTest]: ValidationErrorFactoryTest does not declare any static, non-private, non-final, nested classes annotated with @Configuration.
2024-07-15 18:30:40,234 [Test worker] INFO  o.s.t.c.s.DefaultTestContextBootstrapper - Loaded default TestExecutionListener class names from location [META-INF/spring.factories]: [org.springframework.boot.test.autoconfigure.restdocs.RestDocsTestExecutionListener, org.springframework.boot.test.autoconfigure.web.client.MockRestServiceServerResetTestExecutionListener, org.springframework.boot.test.autoconfigure.web.servlet.MockMvcPrintOnlyOnFailureTestExecutionListener, org.springframework.boot.test.autoconfigure.web.servlet.WebDriverTestExecutionListener, org.springframework.boot.test.autoconfigure.webservices.client.MockWebServiceServerTestExecutionListener, org.springframework.boot.test.mock.mockito.MockitoTestExecutionListener, org.springframework.boot.test.mock.mockito.ResetMocksTestExecutionListener, org.springframework.test.context.web.ServletTestExecutionListener, org.springframework.test.context.support.DirtiesContextBeforeModesTestExecutionListener, org.springframework.test.context.event.ApplicationEventsTestExecutionListener, org.springframework.test.context.support.DependencyInjectionTestExecutionListener, org.springframework.test.context.support.DirtiesContextTestExecutionListener, org.springframework.test.context.transaction.TransactionalTestExecutionListener, org.springframework.test.context.jdbc.SqlScriptsTestExecutionListener, org.springframework.test.context.event.EventPublishingTestExecutionListener]
2024-07-15 18:30:40,235 [Test worker] INFO  o.s.t.c.s.DefaultTestContextBootstrapper - Using TestExecutionListeners: [org.springframework.test.context.web.ServletTestExecutionListener@30fba306, org.springframework.test.context.support.DirtiesContextBeforeModesTestExecutionListener@1ca55d5, org.springframework.test.context.event.ApplicationEventsTestExecutionListener@16576a6, org.springframework.boot.test.mock.mockito.MockitoTestExecutionListener@70b037ac, org.springframework.test.context.support.DependencyInjectionTestExecutionListener@1dbe592f, org.springframework.test.context.support.DirtiesContextTestExecutionListener@4e09c3b0, org.springframework.test.context.transaction.TransactionalTestExecutionListener@64f34c91, org.springframework.test.context.jdbc.SqlScriptsTestExecutionListener@158f0af4, org.springframework.test.context.event.EventPublishingTestExecutionListener@7a174e4b, org.springframework.boot.test.autoconfigure.restdocs.RestDocsTestExecutionListener@7a8316fa, org.springframework.boot.test.autoconfigure.web.client.MockRestServiceServerResetTestExecutionListener@46a5aff, org.springframework.boot.test.autoconfigure.web.servlet.MockMvcPrintOnlyOnFailureTestExecutionListener@695f382c, org.springframework.boot.test.autoconfigure.web.servlet.WebDriverTestExecutionListener@29fa465a, org.springframework.boot.test.autoconfigure.webservices.client.MockWebServiceServerTestExecutionListener@4b2ca159, org.springframework.boot.test.mock.mockito.ResetMocksTestExecutionListener@1d47b761]
]]></system-out>
  <system-err><![CDATA[]]></system-err>
</testsuite>
