<?xml version="1.0" encoding="UTF-8"?>
<testsuite name="lv.javaguru.travel.insurance.core.services.PersonEntityServiceTest" tests="1" skipped="0" failures="0" errors="0" timestamp="2024-06-23T16:36:47" hostname="DESKTOP-QKNTNJC" time="0.047">
  <properties/>
  <testcase name="correctCreatePersonDomainTest()" classname="lv.javaguru.travel.insurance.core.services.PersonEntityServiceTest" time="0.047"/>
  <system-out><![CDATA[2024-06-23 19:36:47,437 [Test worker] INFO  o.s.t.c.s.DefaultTestContextBootstrapper - Neither @ContextConfiguration nor @ContextHierarchy found for test class [lv.javaguru.travel.insurance.core.services.PersonEntityServiceTest], using DelegatingSmartContextLoader
2024-06-23 19:36:47,439 [Test worker] INFO  o.s.t.c.s.AbstractContextLoader - Could not detect default resource locations for test class [lv.javaguru.travel.insurance.core.services.PersonEntityServiceTest]: no resource found for suffixes {-context.xml}.
2024-06-23 19:36:47,440 [Test worker] INFO  o.s.t.c.s.AnnotationConfigContextLoaderUtils - Could not detect default configuration classes for test class [lv.javaguru.travel.insurance.core.services.PersonEntityServiceTest]: PersonEntityServiceTest does not declare any static, non-private, non-final, nested classes annotated with @Configuration.
2024-06-23 19:36:47,449 [Test worker] INFO  o.s.t.c.s.DefaultTestContextBootstrapper - Loaded default TestExecutionListener class names from location [META-INF/spring.factories]: [org.springframework.boot.test.autoconfigure.restdocs.RestDocsTestExecutionListener, org.springframework.boot.test.autoconfigure.web.client.MockRestServiceServerResetTestExecutionListener, org.springframework.boot.test.autoconfigure.web.servlet.MockMvcPrintOnlyOnFailureTestExecutionListener, org.springframework.boot.test.autoconfigure.web.servlet.WebDriverTestExecutionListener, org.springframework.boot.test.autoconfigure.webservices.client.MockWebServiceServerTestExecutionListener, org.springframework.boot.test.mock.mockito.MockitoTestExecutionListener, org.springframework.boot.test.mock.mockito.ResetMocksTestExecutionListener, org.springframework.test.context.web.ServletTestExecutionListener, org.springframework.test.context.support.DirtiesContextBeforeModesTestExecutionListener, org.springframework.test.context.event.ApplicationEventsTestExecutionListener, org.springframework.test.context.support.DependencyInjectionTestExecutionListener, org.springframework.test.context.support.DirtiesContextTestExecutionListener, org.springframework.test.context.transaction.TransactionalTestExecutionListener, org.springframework.test.context.jdbc.SqlScriptsTestExecutionListener, org.springframework.test.context.event.EventPublishingTestExecutionListener]
2024-06-23 19:36:47,450 [Test worker] INFO  o.s.t.c.s.DefaultTestContextBootstrapper - Using TestExecutionListeners: [org.springframework.test.context.web.ServletTestExecutionListener@395115ac, org.springframework.test.context.support.DirtiesContextBeforeModesTestExecutionListener@36c1b6ff, org.springframework.test.context.event.ApplicationEventsTestExecutionListener@3b28ab9b, org.springframework.boot.test.mock.mockito.MockitoTestExecutionListener@16c1345b, org.springframework.test.context.support.DependencyInjectionTestExecutionListener@278cbf5a, org.springframework.test.context.support.DirtiesContextTestExecutionListener@1c41931a, org.springframework.test.context.transaction.TransactionalTestExecutionListener@62cb977a, org.springframework.test.context.jdbc.SqlScriptsTestExecutionListener@7db70494, org.springframework.test.context.event.EventPublishingTestExecutionListener@3f030217, org.springframework.boot.test.autoconfigure.restdocs.RestDocsTestExecutionListener@2fca9fae, org.springframework.boot.test.autoconfigure.web.client.MockRestServiceServerResetTestExecutionListener@1104ad6a, org.springframework.boot.test.autoconfigure.web.servlet.MockMvcPrintOnlyOnFailureTestExecutionListener@54d2887a, org.springframework.boot.test.autoconfigure.web.servlet.WebDriverTestExecutionListener@73e63b4d, org.springframework.boot.test.autoconfigure.webservices.client.MockWebServiceServerTestExecutionListener@8aafd70, org.springframework.boot.test.mock.mockito.ResetMocksTestExecutionListener@3c717ef2]
]]></system-out>
  <system-err><![CDATA[]]></system-err>
</testsuite>
