<?xml version="1.0" encoding="UTF-8"?>
<testsuite name="lv.javaguru.travel.insurance.core.underwriting.calculators.TravelRiskPremiumCalculatorThirdPartyLiabilityTest" tests="1" skipped="0" failures="0" errors="0" timestamp="2024-06-23T16:36:48" hostname="DESKTOP-QKNTNJC" time="0.007">
  <properties/>
  <testcase name="calculatePremiumIntegrationTest()" classname="lv.javaguru.travel.insurance.core.underwriting.calculators.TravelRiskPremiumCalculatorThirdPartyLiabilityTest" time="0.007"/>
  <system-out><![CDATA[2024-06-23 19:36:48,785 [Test worker] INFO  o.s.t.c.s.DefaultTestContextBootstrapper - Neither @ContextConfiguration nor @ContextHierarchy found for test class [lv.javaguru.travel.insurance.core.underwriting.calculators.TravelRiskPremiumCalculatorThirdPartyLiabilityTest], using DelegatingSmartContextLoader
2024-06-23 19:36:48,787 [Test worker] INFO  o.s.t.c.s.AbstractContextLoader - Could not detect default resource locations for test class [lv.javaguru.travel.insurance.core.underwriting.calculators.TravelRiskPremiumCalculatorThirdPartyLiabilityTest]: no resource found for suffixes {-context.xml}.
2024-06-23 19:36:48,787 [Test worker] INFO  o.s.t.c.s.AnnotationConfigContextLoaderUtils - Could not detect default configuration classes for test class [lv.javaguru.travel.insurance.core.underwriting.calculators.TravelRiskPremiumCalculatorThirdPartyLiabilityTest]: TravelRiskPremiumCalculatorThirdPartyLiabilityTest does not declare any static, non-private, non-final, nested classes annotated with @Configuration.
2024-06-23 19:36:48,788 [Test worker] INFO  o.s.t.c.s.DefaultTestContextBootstrapper - Loaded default TestExecutionListener class names from location [META-INF/spring.factories]: [org.springframework.boot.test.autoconfigure.restdocs.RestDocsTestExecutionListener, org.springframework.boot.test.autoconfigure.web.client.MockRestServiceServerResetTestExecutionListener, org.springframework.boot.test.autoconfigure.web.servlet.MockMvcPrintOnlyOnFailureTestExecutionListener, org.springframework.boot.test.autoconfigure.web.servlet.WebDriverTestExecutionListener, org.springframework.boot.test.autoconfigure.webservices.client.MockWebServiceServerTestExecutionListener, org.springframework.boot.test.mock.mockito.MockitoTestExecutionListener, org.springframework.boot.test.mock.mockito.ResetMocksTestExecutionListener, org.springframework.test.context.web.ServletTestExecutionListener, org.springframework.test.context.support.DirtiesContextBeforeModesTestExecutionListener, org.springframework.test.context.event.ApplicationEventsTestExecutionListener, org.springframework.test.context.support.DependencyInjectionTestExecutionListener, org.springframework.test.context.support.DirtiesContextTestExecutionListener, org.springframework.test.context.transaction.TransactionalTestExecutionListener, org.springframework.test.context.jdbc.SqlScriptsTestExecutionListener, org.springframework.test.context.event.EventPublishingTestExecutionListener]
2024-06-23 19:36:48,788 [Test worker] INFO  o.s.t.c.s.DefaultTestContextBootstrapper - Using TestExecutionListeners: [org.springframework.test.context.web.ServletTestExecutionListener@6b3d3e57, org.springframework.test.context.support.DirtiesContextBeforeModesTestExecutionListener@15251cc2, org.springframework.test.context.event.ApplicationEventsTestExecutionListener@7bdaf563, org.springframework.boot.test.mock.mockito.MockitoTestExecutionListener@53813f01, org.springframework.test.context.support.DependencyInjectionTestExecutionListener@514c6ca0, org.springframework.test.context.support.DirtiesContextTestExecutionListener@6cb2b947, org.springframework.test.context.transaction.TransactionalTestExecutionListener@40ef385f, org.springframework.test.context.jdbc.SqlScriptsTestExecutionListener@1a4c6e74, org.springframework.test.context.event.EventPublishingTestExecutionListener@28d728f1, org.springframework.boot.test.autoconfigure.restdocs.RestDocsTestExecutionListener@51d6c42d, org.springframework.boot.test.autoconfigure.web.client.MockRestServiceServerResetTestExecutionListener@68423388, org.springframework.boot.test.autoconfigure.web.servlet.MockMvcPrintOnlyOnFailureTestExecutionListener@1104cf3a, org.springframework.boot.test.autoconfigure.web.servlet.WebDriverTestExecutionListener@85fd4b, org.springframework.boot.test.autoconfigure.webservices.client.MockWebServiceServerTestExecutionListener@6715a6da, org.springframework.boot.test.mock.mockito.ResetMocksTestExecutionListener@1eb207c3]
]]></system-out>
  <system-err><![CDATA[]]></system-err>
</testsuite>
