<?xml version="1.0" encoding="UTF-8"?>
<testsuite name="lv.javaguru.travel.insurance.core.validations.calculate.agreement.AgreementSelectedRisksValidationTest" tests="3" skipped="0" failures="0" errors="0" timestamp="2024-07-15T15:30:40" hostname="DESKTOP-QKNTNJC" time="0.015">
  <properties/>
  <testcase name="AgreementSelectedRiskIsEmptyTest()" classname="lv.javaguru.travel.insurance.core.validations.calculate.agreement.AgreementSelectedRisksValidationTest" time="0.006"/>
  <testcase name="AgreementSelectedRiskIsNullTest()" classname="lv.javaguru.travel.insurance.core.validations.calculate.agreement.AgreementSelectedRisksValidationTest" time="0.003"/>
  <testcase name="AgreementSelectedRisksExistsTest()" classname="lv.javaguru.travel.insurance.core.validations.calculate.agreement.AgreementSelectedRisksValidationTest" time="0.003"/>
  <system-out><![CDATA[]]></system-out>
  <system-err><![CDATA[]]></system-err>
</testsuite>
