<?xml version="1.0" encoding="UTF-8"?>
<testsuite name="lv.javaguru.travel.insurance.core.underwriting.calculators.cancellation.TCCountrySafetyRatingCoefficientTest" tests="1" skipped="0" failures="0" errors="0" timestamp="2024-06-23T16:36:49" hostname="DESKTOP-QKNTNJC" time="0.006">
  <properties/>
  <testcase name="correctCountryTest()" classname="lv.javaguru.travel.insurance.core.underwriting.calculators.cancellation.TCCountrySafetyRatingCoefficientTest" time="0.006"/>
  <system-out><![CDATA[2024-06-23 19:36:48,824 [Test worker] INFO  o.s.t.c.s.DefaultTestContextBootstrapper - Neither @ContextConfiguration nor @ContextHierarchy found for test class [lv.javaguru.travel.insurance.core.underwriting.calculators.cancellation.TCCountrySafetyRatingCoefficientTest], using DelegatingSmartContextLoader
2024-06-23 19:36:48,825 [Test worker] INFO  o.s.t.c.s.AbstractContextLoader - Could not detect default resource locations for test class [lv.javaguru.travel.insurance.core.underwriting.calculators.cancellation.TCCountrySafetyRatingCoefficientTest]: no resource found for suffixes {-context.xml}.
2024-06-23 19:36:48,826 [Test worker] INFO  o.s.t.c.s.AnnotationConfigContextLoaderUtils - Could not detect default configuration classes for test class [lv.javaguru.travel.insurance.core.underwriting.calculators.cancellation.TCCountrySafetyRatingCoefficientTest]: TCCountrySafetyRatingCoefficientTest does not declare any static, non-private, non-final, nested classes annotated with @Configuration.
2024-06-23 19:36:48,827 [Test worker] INFO  o.s.t.c.s.DefaultTestContextBootstrapper - Loaded default TestExecutionListener class names from location [META-INF/spring.factories]: [org.springframework.boot.test.autoconfigure.restdocs.RestDocsTestExecutionListener, org.springframework.boot.test.autoconfigure.web.client.MockRestServiceServerResetTestExecutionListener, org.springframework.boot.test.autoconfigure.web.servlet.MockMvcPrintOnlyOnFailureTestExecutionListener, org.springframework.boot.test.autoconfigure.web.servlet.WebDriverTestExecutionListener, org.springframework.boot.test.autoconfigure.webservices.client.MockWebServiceServerTestExecutionListener, org.springframework.boot.test.mock.mockito.MockitoTestExecutionListener, org.springframework.boot.test.mock.mockito.ResetMocksTestExecutionListener, org.springframework.test.context.web.ServletTestExecutionListener, org.springframework.test.context.support.DirtiesContextBeforeModesTestExecutionListener, org.springframework.test.context.event.ApplicationEventsTestExecutionListener, org.springframework.test.context.support.DependencyInjectionTestExecutionListener, org.springframework.test.context.support.DirtiesContextTestExecutionListener, org.springframework.test.context.transaction.TransactionalTestExecutionListener, org.springframework.test.context.jdbc.SqlScriptsTestExecutionListener, org.springframework.test.context.event.EventPublishingTestExecutionListener]
2024-06-23 19:36:48,828 [Test worker] INFO  o.s.t.c.s.DefaultTestContextBootstrapper - Using TestExecutionListeners: [org.springframework.test.context.web.ServletTestExecutionListener@425376cc, org.springframework.test.context.support.DirtiesContextBeforeModesTestExecutionListener@28705150, org.springframework.test.context.event.ApplicationEventsTestExecutionListener@6b44121e, org.springframework.boot.test.mock.mockito.MockitoTestExecutionListener@28b286c0, org.springframework.test.context.support.DependencyInjectionTestExecutionListener@718e700c, org.springframework.test.context.support.DirtiesContextTestExecutionListener@5b5e45bc, org.springframework.test.context.transaction.TransactionalTestExecutionListener@10c1682b, org.springframework.test.context.jdbc.SqlScriptsTestExecutionListener@2cf97875, org.springframework.test.context.event.EventPublishingTestExecutionListener@2e7563f6, org.springframework.boot.test.autoconfigure.restdocs.RestDocsTestExecutionListener@72fa021, org.springframework.boot.test.autoconfigure.web.client.MockRestServiceServerResetTestExecutionListener@1c3400df, org.springframework.boot.test.autoconfigure.web.servlet.MockMvcPrintOnlyOnFailureTestExecutionListener@7be9e9fc, org.springframework.boot.test.autoconfigure.web.servlet.WebDriverTestExecutionListener@7e864fa4, org.springframework.boot.test.autoconfigure.webservices.client.MockWebServiceServerTestExecutionListener@452d6fd, org.springframework.boot.test.mock.mockito.ResetMocksTestExecutionListener@38dc1c50]
]]></system-out>
  <system-err><![CDATA[]]></system-err>
</testsuite>
