<?xml version="1.0" encoding="UTF-8"?>
<testsuite name="lv.javaguru.travel.insurance.core.validations.get.CorrectUUIDValidationTest" tests="6" skipped="0" failures="0" errors="0" timestamp="2024-06-23T16:37:05" hostname="DESKTOP-QKNTNJC" time="0.085">
  <properties/>
  <testcase name="UUIDIsNull()" classname="lv.javaguru.travel.insurance.core.validations.get.CorrectUUIDValidationTest" time="0.004"/>
  <testcase name="veryShortUUID()" classname="lv.javaguru.travel.insurance.core.validations.get.CorrectUUIDValidationTest" time="0.004"/>
  <testcase name="invalidUUID()" classname="lv.javaguru.travel.insurance.core.validations.get.CorrectUUIDValidationTest" time="0.042"/>
  <testcase name="UUIDWithInvalidChar()" classname="lv.javaguru.travel.insurance.core.validations.get.CorrectUUIDValidationTest" time="0.007"/>
  <testcase name="UUIDWithoutHyphens()" classname="lv.javaguru.travel.insurance.core.validations.get.CorrectUUIDValidationTest" time="0.005"/>
  <testcase name="correctUUID()" classname="lv.javaguru.travel.insurance.core.validations.get.CorrectUUIDValidationTest" time="0.004"/>
  <system-out><![CDATA[2024-06-23 19:37:05,721 [Test worker] INFO  o.s.t.c.s.DefaultTestContextBootstrapper - Neither @ContextConfiguration nor @ContextHierarchy found for test class [lv.javaguru.travel.insurance.core.validations.get.CorrectUUIDValidationTest], using DelegatingSmartContextLoader
2024-06-23 19:37:05,722 [Test worker] INFO  o.s.t.c.s.AbstractContextLoader - Could not detect default resource locations for test class [lv.javaguru.travel.insurance.core.validations.get.CorrectUUIDValidationTest]: no resource found for suffixes {-context.xml}.
2024-06-23 19:37:05,722 [Test worker] INFO  o.s.t.c.s.AnnotationConfigContextLoaderUtils - Could not detect default configuration classes for test class [lv.javaguru.travel.insurance.core.validations.get.CorrectUUIDValidationTest]: CorrectUUIDValidationTest does not declare any static, non-private, non-final, nested classes annotated with @Configuration.
2024-06-23 19:37:05,723 [Test worker] INFO  o.s.t.c.s.DefaultTestContextBootstrapper - Loaded default TestExecutionListener class names from location [META-INF/spring.factories]: [org.springframework.boot.test.autoconfigure.restdocs.RestDocsTestExecutionListener, org.springframework.boot.test.autoconfigure.web.client.MockRestServiceServerResetTestExecutionListener, org.springframework.boot.test.autoconfigure.web.servlet.MockMvcPrintOnlyOnFailureTestExecutionListener, org.springframework.boot.test.autoconfigure.web.servlet.WebDriverTestExecutionListener, org.springframework.boot.test.autoconfigure.webservices.client.MockWebServiceServerTestExecutionListener, org.springframework.boot.test.mock.mockito.MockitoTestExecutionListener, org.springframework.boot.test.mock.mockito.ResetMocksTestExecutionListener, org.springframework.test.context.web.ServletTestExecutionListener, org.springframework.test.context.support.DirtiesContextBeforeModesTestExecutionListener, org.springframework.test.context.event.ApplicationEventsTestExecutionListener, org.springframework.test.context.support.DependencyInjectionTestExecutionListener, org.springframework.test.context.support.DirtiesContextTestExecutionListener, org.springframework.test.context.transaction.TransactionalTestExecutionListener, org.springframework.test.context.jdbc.SqlScriptsTestExecutionListener, org.springframework.test.context.event.EventPublishingTestExecutionListener]
2024-06-23 19:37:05,723 [Test worker] INFO  o.s.t.c.s.DefaultTestContextBootstrapper - Using TestExecutionListeners: [org.springframework.test.context.web.ServletTestExecutionListener@3dabf112, org.springframework.test.context.support.DirtiesContextBeforeModesTestExecutionListener@6e3f38c1, org.springframework.test.context.event.ApplicationEventsTestExecutionListener@7d9f0cf4, org.springframework.boot.test.mock.mockito.MockitoTestExecutionListener@d0c35a8, org.springframework.test.context.support.DependencyInjectionTestExecutionListener@6fcd767a, org.springframework.test.context.support.DirtiesContextTestExecutionListener@78a3a272, org.springframework.test.context.transaction.TransactionalTestExecutionListener@7d5ef93e, org.springframework.test.context.jdbc.SqlScriptsTestExecutionListener@11932248, org.springframework.test.context.event.EventPublishingTestExecutionListener@1569f8a6, org.springframework.boot.test.autoconfigure.restdocs.RestDocsTestExecutionListener@70bc684b, org.springframework.boot.test.autoconfigure.web.client.MockRestServiceServerResetTestExecutionListener@7aa1e86b, org.springframework.boot.test.autoconfigure.web.servlet.MockMvcPrintOnlyOnFailureTestExecutionListener@72a80415, org.springframework.boot.test.autoconfigure.web.servlet.WebDriverTestExecutionListener@28de7e2e, org.springframework.boot.test.autoconfigure.webservices.client.MockWebServiceServerTestExecutionListener@3b33b54e, org.springframework.boot.test.mock.mockito.ResetMocksTestExecutionListener@4ea4e0f3]
]]></system-out>
  <system-err><![CDATA[]]></system-err>
</testsuite>
