<?xml version="1.0" encoding="UTF-8"?>
<testsuite name="lv.javaguru.travel.insurance.core.underwriting.SelectedRiskPremiumCalculatorTest" tests="3" skipped="0" failures="0" errors="0" timestamp="2024-07-15T15:30:36" hostname="DESKTOP-QKNTNJC" time="0.187">
  <properties/>
  <testcase name="calculatePremiumForAllRisksTest()" classname="lv.javaguru.travel.insurance.core.underwriting.SelectedRiskPremiumCalculatorTest" time="0.15"/>
  <testcase name="findCalculatorByIcIncorrectValueTest()" classname="lv.javaguru.travel.insurance.core.underwriting.SelectedRiskPremiumCalculatorTest" time="0.015"/>
  <testcase name="findCalculatorByIcCorrectValueTest()" classname="lv.javaguru.travel.insurance.core.underwriting.SelectedRiskPremiumCalculatorTest" time="0.015"/>
  <system-out><![CDATA[2024-07-15 18:30:36,944 [Test worker] INFO  o.s.t.c.s.DefaultTestContextBootstrapper - Neither @ContextConfiguration nor @ContextHierarchy found for test class [lv.javaguru.travel.insurance.core.underwriting.SelectedRiskPremiumCalculatorTest], using DelegatingSmartContextLoader
2024-07-15 18:30:36,945 [Test worker] INFO  o.s.t.c.s.AbstractContextLoader - Could not detect default resource locations for test class [lv.javaguru.travel.insurance.core.underwriting.SelectedRiskPremiumCalculatorTest]: no resource found for suffixes {-context.xml}.
2024-07-15 18:30:36,945 [Test worker] INFO  o.s.t.c.s.AnnotationConfigContextLoaderUtils - Could not detect default configuration classes for test class [lv.javaguru.travel.insurance.core.underwriting.SelectedRiskPremiumCalculatorTest]: SelectedRiskPremiumCalculatorTest does not declare any static, non-private, non-final, nested classes annotated with @Configuration.
2024-07-15 18:30:36,946 [Test worker] INFO  o.s.t.c.s.DefaultTestContextBootstrapper - Loaded default TestExecutionListener class names from location [META-INF/spring.factories]: [org.springframework.boot.test.autoconfigure.restdocs.RestDocsTestExecutionListener, org.springframework.boot.test.autoconfigure.web.client.MockRestServiceServerResetTestExecutionListener, org.springframework.boot.test.autoconfigure.web.servlet.MockMvcPrintOnlyOnFailureTestExecutionListener, org.springframework.boot.test.autoconfigure.web.servlet.WebDriverTestExecutionListener, org.springframework.boot.test.autoconfigure.webservices.client.MockWebServiceServerTestExecutionListener, org.springframework.boot.test.mock.mockito.MockitoTestExecutionListener, org.springframework.boot.test.mock.mockito.ResetMocksTestExecutionListener, org.springframework.test.context.web.ServletTestExecutionListener, org.springframework.test.context.support.DirtiesContextBeforeModesTestExecutionListener, org.springframework.test.context.event.ApplicationEventsTestExecutionListener, org.springframework.test.context.support.DependencyInjectionTestExecutionListener, org.springframework.test.context.support.DirtiesContextTestExecutionListener, org.springframework.test.context.transaction.TransactionalTestExecutionListener, org.springframework.test.context.jdbc.SqlScriptsTestExecutionListener, org.springframework.test.context.event.EventPublishingTestExecutionListener]
2024-07-15 18:30:36,947 [Test worker] INFO  o.s.t.c.s.DefaultTestContextBootstrapper - Using TestExecutionListeners: [org.springframework.test.context.web.ServletTestExecutionListener@27c49f54, org.springframework.test.context.support.DirtiesContextBeforeModesTestExecutionListener@69efdfd9, org.springframework.test.context.event.ApplicationEventsTestExecutionListener@1c149539, org.springframework.boot.test.mock.mockito.MockitoTestExecutionListener@4a5c6b30, org.springframework.test.context.support.DependencyInjectionTestExecutionListener@49616310, org.springframework.test.context.support.DirtiesContextTestExecutionListener@5ee76cf2, org.springframework.test.context.transaction.TransactionalTestExecutionListener@6662974a, org.springframework.test.context.jdbc.SqlScriptsTestExecutionListener@4fce655d, org.springframework.test.context.event.EventPublishingTestExecutionListener@df5f657, org.springframework.boot.test.autoconfigure.restdocs.RestDocsTestExecutionListener@68908be7, org.springframework.boot.test.autoconfigure.web.client.MockRestServiceServerResetTestExecutionListener@1aba8978, org.springframework.boot.test.autoconfigure.web.servlet.MockMvcPrintOnlyOnFailureTestExecutionListener@2662e3ff, org.springframework.boot.test.autoconfigure.web.servlet.WebDriverTestExecutionListener@487ee2a, org.springframework.boot.test.autoconfigure.webservices.client.MockWebServiceServerTestExecutionListener@682482ee, org.springframework.boot.test.mock.mockito.ResetMocksTestExecutionListener@261b27db]
]]></system-out>
  <system-err><![CDATA[]]></system-err>
</testsuite>
