<?xml version="1.0" encoding="UTF-8"?>
<testsuite name="lv.javaguru.travel.insurance.core.validations.calculate.TravelOnlyAgreementValidatorTest" tests="3" skipped="0" failures="0" errors="0" timestamp="2024-06-23T16:36:50" hostname="DESKTOP-QKNTNJC" time="0.048">
  <properties/>
  <testcase name="shouldReturnSingleAgreementErrors()" classname="lv.javaguru.travel.insurance.core.validations.calculate.TravelOnlyAgreementValidatorTest" time="0.025"/>
  <testcase name="shouldReturnListAgreementErrors()" classname="lv.javaguru.travel.insurance.core.validations.calculate.TravelOnlyAgreementValidatorTest" time="0.009"/>
  <testcase name="shouldNotReturnErrors()" classname="lv.javaguru.travel.insurance.core.validations.calculate.TravelOnlyAgreementValidatorTest" time="0.009"/>
  <system-out><![CDATA[2024-06-23 19:36:50,919 [Test worker] INFO  o.s.t.c.s.DefaultTestContextBootstrapper - Neither @ContextConfiguration nor @ContextHierarchy found for test class [lv.javaguru.travel.insurance.core.validations.calculate.TravelOnlyAgreementValidatorTest], using DelegatingSmartContextLoader
2024-06-23 19:36:50,924 [Test worker] INFO  o.s.t.c.s.AbstractContextLoader - Could not detect default resource locations for test class [lv.javaguru.travel.insurance.core.validations.calculate.TravelOnlyAgreementValidatorTest]: no resource found for suffixes {-context.xml}.
2024-06-23 19:36:50,924 [Test worker] INFO  o.s.t.c.s.AnnotationConfigContextLoaderUtils - Could not detect default configuration classes for test class [lv.javaguru.travel.insurance.core.validations.calculate.TravelOnlyAgreementValidatorTest]: TravelOnlyAgreementValidatorTest does not declare any static, non-private, non-final, nested classes annotated with @Configuration.
2024-06-23 19:36:50,925 [Test worker] INFO  o.s.t.c.s.DefaultTestContextBootstrapper - Loaded default TestExecutionListener class names from location [META-INF/spring.factories]: [org.springframework.boot.test.autoconfigure.restdocs.RestDocsTestExecutionListener, org.springframework.boot.test.autoconfigure.web.client.MockRestServiceServerResetTestExecutionListener, org.springframework.boot.test.autoconfigure.web.servlet.MockMvcPrintOnlyOnFailureTestExecutionListener, org.springframework.boot.test.autoconfigure.web.servlet.WebDriverTestExecutionListener, org.springframework.boot.test.autoconfigure.webservices.client.MockWebServiceServerTestExecutionListener, org.springframework.boot.test.mock.mockito.MockitoTestExecutionListener, org.springframework.boot.test.mock.mockito.ResetMocksTestExecutionListener, org.springframework.test.context.web.ServletTestExecutionListener, org.springframework.test.context.support.DirtiesContextBeforeModesTestExecutionListener, org.springframework.test.context.event.ApplicationEventsTestExecutionListener, org.springframework.test.context.support.DependencyInjectionTestExecutionListener, org.springframework.test.context.support.DirtiesContextTestExecutionListener, org.springframework.test.context.transaction.TransactionalTestExecutionListener, org.springframework.test.context.jdbc.SqlScriptsTestExecutionListener, org.springframework.test.context.event.EventPublishingTestExecutionListener]
2024-06-23 19:36:50,927 [Test worker] INFO  o.s.t.c.s.DefaultTestContextBootstrapper - Using TestExecutionListeners: [org.springframework.test.context.web.ServletTestExecutionListener@6adc90e9, org.springframework.test.context.support.DirtiesContextBeforeModesTestExecutionListener@26247027, org.springframework.test.context.event.ApplicationEventsTestExecutionListener@aeb8ee2, org.springframework.boot.test.mock.mockito.MockitoTestExecutionListener@320ca97c, org.springframework.test.context.support.DependencyInjectionTestExecutionListener@3c592c0c, org.springframework.test.context.support.DirtiesContextTestExecutionListener@3979c6e8, org.springframework.test.context.transaction.TransactionalTestExecutionListener@6fb3d3bb, org.springframework.test.context.jdbc.SqlScriptsTestExecutionListener@38a3c078, org.springframework.test.context.event.EventPublishingTestExecutionListener@4d6fa22c, org.springframework.boot.test.autoconfigure.restdocs.RestDocsTestExecutionListener@3a5663ef, org.springframework.boot.test.autoconfigure.web.client.MockRestServiceServerResetTestExecutionListener@4b094115, org.springframework.boot.test.autoconfigure.web.servlet.MockMvcPrintOnlyOnFailureTestExecutionListener@6d0fe80c, org.springframework.boot.test.autoconfigure.web.servlet.WebDriverTestExecutionListener@5d414943, org.springframework.boot.test.autoconfigure.webservices.client.MockWebServiceServerTestExecutionListener@5481001f, org.springframework.boot.test.mock.mockito.ResetMocksTestExecutionListener@5581e273]
]]></system-out>
  <system-err><![CDATA[]]></system-err>
</testsuite>
