<?xml version="1.0" encoding="UTF-8"?>
<testsuite name="lv.javaguru.travel.insurance.rest.controller_v2_test.agreement_errors.selected_risks.V2AgreementSelectedRisksTest" tests="4" skipped="0" failures="0" errors="0" timestamp="2024-06-23T16:37:15" hostname="DESKTOP-QKNTNJC" time="0.125">
  <properties/>
  <testcase name="execute13()" classname="lv.javaguru.travel.insurance.rest.controller_v2_test.agreement_errors.selected_risks.V2AgreementSelectedRisksTest" time="0.029"/>
  <testcase name="execute14()" classname="lv.javaguru.travel.insurance.rest.controller_v2_test.agreement_errors.selected_risks.V2AgreementSelectedRisksTest" time="0.029"/>
  <testcase name="execute15()" classname="lv.javaguru.travel.insurance.rest.controller_v2_test.agreement_errors.selected_risks.V2AgreementSelectedRisksTest" time="0.029"/>
  <testcase name="execute16()" classname="lv.javaguru.travel.insurance.rest.controller_v2_test.agreement_errors.selected_risks.V2AgreementSelectedRisksTest" time="0.035"/>
  <system-out><![CDATA[2024-06-23 19:37:15,716 [Test worker] INFO  o.s.b.t.c.SpringBootTestContextBootstrapper - Neither @ContextConfiguration nor @ContextHierarchy found for test class [lv.javaguru.travel.insurance.rest.controller_v2_test.agreement_errors.selected_risks.V2AgreementSelectedRisksTest], using SpringBootContextLoader
2024-06-23 19:37:15,718 [Test worker] INFO  o.s.t.c.s.AbstractContextLoader - Could not detect default resource locations for test class [lv.javaguru.travel.insurance.rest.controller_v2_test.agreement_errors.selected_risks.V2AgreementSelectedRisksTest]: no resource found for suffixes {-context.xml, Context.groovy}.
2024-06-23 19:37:15,718 [Test worker] INFO  o.s.t.c.s.AnnotationConfigContextLoaderUtils - Could not detect default configuration classes for test class [lv.javaguru.travel.insurance.rest.controller_v2_test.agreement_errors.selected_risks.V2AgreementSelectedRisksTest]: V2AgreementSelectedRisksTest does not declare any static, non-private, non-final, nested classes annotated with @Configuration.
2024-06-23 19:37:15,729 [Test worker] INFO  o.s.b.t.c.SpringBootTestContextBootstrapper - Found @SpringBootConfiguration lv.javaguru.travel.insurance.InsuranceApplication for test class lv.javaguru.travel.insurance.rest.controller_v2_test.agreement_errors.selected_risks.V2AgreementSelectedRisksTest
2024-06-23 19:37:15,732 [Test worker] INFO  o.s.b.t.c.SpringBootTestContextBootstrapper - Loaded default TestExecutionListener class names from location [META-INF/spring.factories]: [org.springframework.boot.test.autoconfigure.restdocs.RestDocsTestExecutionListener, org.springframework.boot.test.autoconfigure.web.client.MockRestServiceServerResetTestExecutionListener, org.springframework.boot.test.autoconfigure.web.servlet.MockMvcPrintOnlyOnFailureTestExecutionListener, org.springframework.boot.test.autoconfigure.web.servlet.WebDriverTestExecutionListener, org.springframework.boot.test.autoconfigure.webservices.client.MockWebServiceServerTestExecutionListener, org.springframework.boot.test.mock.mockito.MockitoTestExecutionListener, org.springframework.boot.test.mock.mockito.ResetMocksTestExecutionListener, org.springframework.test.context.web.ServletTestExecutionListener, org.springframework.test.context.support.DirtiesContextBeforeModesTestExecutionListener, org.springframework.test.context.event.ApplicationEventsTestExecutionListener, org.springframework.test.context.support.DependencyInjectionTestExecutionListener, org.springframework.test.context.support.DirtiesContextTestExecutionListener, org.springframework.test.context.transaction.TransactionalTestExecutionListener, org.springframework.test.context.jdbc.SqlScriptsTestExecutionListener, org.springframework.test.context.event.EventPublishingTestExecutionListener]
2024-06-23 19:37:15,732 [Test worker] INFO  o.s.b.t.c.SpringBootTestContextBootstrapper - Using TestExecutionListeners: [org.springframework.test.context.web.ServletTestExecutionListener@37a709bc, org.springframework.test.context.support.DirtiesContextBeforeModesTestExecutionListener@cae60f1, org.springframework.test.context.event.ApplicationEventsTestExecutionListener@4e8fab14, org.springframework.boot.test.mock.mockito.MockitoTestExecutionListener@5247c44f, org.springframework.boot.test.autoconfigure.SpringBootDependencyInjectionTestExecutionListener@5d22dd52, org.springframework.test.context.support.DirtiesContextTestExecutionListener@227497ef, org.springframework.test.context.transaction.TransactionalTestExecutionListener@11105fbe, org.springframework.test.context.jdbc.SqlScriptsTestExecutionListener@7d99846f, org.springframework.test.context.event.EventPublishingTestExecutionListener@361a1ec3, org.springframework.boot.test.autoconfigure.restdocs.RestDocsTestExecutionListener@30d72c00, org.springframework.boot.test.autoconfigure.web.client.MockRestServiceServerResetTestExecutionListener@23a9780b, org.springframework.boot.test.autoconfigure.web.servlet.MockMvcPrintOnlyOnFailureTestExecutionListener@12223aed, org.springframework.boot.test.autoconfigure.web.servlet.WebDriverTestExecutionListener@74a8d26c, org.springframework.boot.test.autoconfigure.webservices.client.MockWebServiceServerTestExecutionListener@7d1647d5, org.springframework.boot.test.mock.mockito.ResetMocksTestExecutionListener@1517015c]
Hibernate: select classifier0_.id as id1_2_, classifier0_.classifier_id as classifi4_2_, classifier0_.description as descript2_2_, classifier0_.ic as ic3_2_ from classifier_values classifier0_ left outer join classifiers classifier1_ on classifier0_.classifier_id=classifier1_.id where classifier1_.title=? and classifier0_.ic=?
Hibernate: select classifier0_.id as id1_3_0_, classifier0_.description as descript2_3_0_, classifier0_.title as title3_3_0_ from classifiers classifier0_ where classifier0_.id=?
Hibernate: select classifier0_.id as id1_2_, classifier0_.classifier_id as classifi4_2_, classifier0_.description as descript2_2_, classifier0_.ic as ic3_2_ from classifier_values classifier0_ left outer join classifiers classifier1_ on classifier0_.classifier_id=classifier1_.id where classifier1_.title=? and classifier0_.ic=?
Hibernate: select classifier0_.id as id1_3_0_, classifier0_.description as descript2_3_0_, classifier0_.title as title3_3_0_ from classifiers classifier0_ where classifier0_.id=?
Hibernate: select classifier0_.id as id1_2_, classifier0_.classifier_id as classifi4_2_, classifier0_.description as descript2_2_, classifier0_.ic as ic3_2_ from classifier_values classifier0_ left outer join classifiers classifier1_ on classifier0_.classifier_id=classifier1_.id where classifier1_.title=? and classifier0_.ic=?
2024-06-23 19:37:15,764 [Test worker] INFO  l.j.t.i.r.c.TravelCalculatePremiumRequestExecutionTimeLogger - Request processing time (ms): 8
Hibernate: select classifier0_.id as id1_2_, classifier0_.classifier_id as classifi4_2_, classifier0_.description as descript2_2_, classifier0_.ic as ic3_2_ from classifier_values classifier0_ left outer join classifiers classifier1_ on classifier0_.classifier_id=classifier1_.id where classifier1_.title=? and classifier0_.ic=?
Hibernate: select classifier0_.id as id1_3_0_, classifier0_.description as descript2_3_0_, classifier0_.title as title3_3_0_ from classifiers classifier0_ where classifier0_.id=?
Hibernate: select classifier0_.id as id1_2_, classifier0_.classifier_id as classifi4_2_, classifier0_.description as descript2_2_, classifier0_.ic as ic3_2_ from classifier_values classifier0_ left outer join classifiers classifier1_ on classifier0_.classifier_id=classifier1_.id where classifier1_.title=? and classifier0_.ic=?
Hibernate: select classifier0_.id as id1_3_0_, classifier0_.description as descript2_3_0_, classifier0_.title as title3_3_0_ from classifiers classifier0_ where classifier0_.id=?
Hibernate: select classifier0_.id as id1_2_, classifier0_.classifier_id as classifi4_2_, classifier0_.description as descript2_2_, classifier0_.ic as ic3_2_ from classifier_values classifier0_ left outer join classifiers classifier1_ on classifier0_.classifier_id=classifier1_.id where classifier1_.title=? and classifier0_.ic=?
2024-06-23 19:37:15,793 [Test worker] INFO  l.j.t.i.r.c.TravelCalculatePremiumRequestExecutionTimeLogger - Request processing time (ms): 9
Hibernate: select classifier0_.id as id1_2_, classifier0_.classifier_id as classifi4_2_, classifier0_.description as descript2_2_, classifier0_.ic as ic3_2_ from classifier_values classifier0_ left outer join classifiers classifier1_ on classifier0_.classifier_id=classifier1_.id where classifier1_.title=? and classifier0_.ic=?
Hibernate: select classifier0_.id as id1_3_0_, classifier0_.description as descript2_3_0_, classifier0_.title as title3_3_0_ from classifiers classifier0_ where classifier0_.id=?
Hibernate: select classifier0_.id as id1_2_, classifier0_.classifier_id as classifi4_2_, classifier0_.description as descript2_2_, classifier0_.ic as ic3_2_ from classifier_values classifier0_ left outer join classifiers classifier1_ on classifier0_.classifier_id=classifier1_.id where classifier1_.title=? and classifier0_.ic=?
Hibernate: select classifier0_.id as id1_2_, classifier0_.classifier_id as classifi4_2_, classifier0_.description as descript2_2_, classifier0_.ic as ic3_2_ from classifier_values classifier0_ left outer join classifiers classifier1_ on classifier0_.classifier_id=classifier1_.id where classifier1_.title=? and classifier0_.ic=?
Hibernate: select classifier0_.id as id1_3_0_, classifier0_.description as descript2_3_0_, classifier0_.title as title3_3_0_ from classifiers classifier0_ where classifier0_.id=?
Hibernate: select classifier0_.id as id1_2_, classifier0_.classifier_id as classifi4_2_, classifier0_.description as descript2_2_, classifier0_.ic as ic3_2_ from classifier_values classifier0_ left outer join classifiers classifier1_ on classifier0_.classifier_id=classifier1_.id where classifier1_.title=? and classifier0_.ic=?
2024-06-23 19:37:15,825 [Test worker] INFO  l.j.t.i.r.c.TravelCalculatePremiumRequestExecutionTimeLogger - Request processing time (ms): 15
Hibernate: select classifier0_.id as id1_2_, classifier0_.classifier_id as classifi4_2_, classifier0_.description as descript2_2_, classifier0_.ic as ic3_2_ from classifier_values classifier0_ left outer join classifiers classifier1_ on classifier0_.classifier_id=classifier1_.id where classifier1_.title=? and classifier0_.ic=?
Hibernate: select classifier0_.id as id1_3_0_, classifier0_.description as descript2_3_0_, classifier0_.title as title3_3_0_ from classifiers classifier0_ where classifier0_.id=?
Hibernate: select classifier0_.id as id1_2_, classifier0_.classifier_id as classifi4_2_, classifier0_.description as descript2_2_, classifier0_.ic as ic3_2_ from classifier_values classifier0_ left outer join classifiers classifier1_ on classifier0_.classifier_id=classifier1_.id where classifier1_.title=? and classifier0_.ic=?
Hibernate: select classifier0_.id as id1_2_, classifier0_.classifier_id as classifi4_2_, classifier0_.description as descript2_2_, classifier0_.ic as ic3_2_ from classifier_values classifier0_ left outer join classifiers classifier1_ on classifier0_.classifier_id=classifier1_.id where classifier1_.title=? and classifier0_.ic=?
Hibernate: select classifier0_.id as id1_2_, classifier0_.classifier_id as classifi4_2_, classifier0_.description as descript2_2_, classifier0_.ic as ic3_2_ from classifier_values classifier0_ left outer join classifiers classifier1_ on classifier0_.classifier_id=classifier1_.id where classifier1_.title=? and classifier0_.ic=?
Hibernate: select classifier0_.id as id1_3_0_, classifier0_.description as descript2_3_0_, classifier0_.title as title3_3_0_ from classifiers classifier0_ where classifier0_.id=?
Hibernate: select classifier0_.id as id1_2_, classifier0_.classifier_id as classifi4_2_, classifier0_.description as descript2_2_, classifier0_.ic as ic3_2_ from classifier_values classifier0_ left outer join classifiers classifier1_ on classifier0_.classifier_id=classifier1_.id where classifier1_.title=? and classifier0_.ic=?
2024-06-23 19:37:15,859 [Test worker] INFO  l.j.t.i.r.c.TravelCalculatePremiumRequestExecutionTimeLogger - Request processing time (ms): 19
]]></system-out>
  <system-err><![CDATA[]]></system-err>
</testsuite>
