<?xml version="1.0" encoding="UTF-8"?>
<testsuite name="lv.javaguru.travel.insurance.core.validations.calculate.agreement.AgreementSelectedRisksAreSupportedValidationTest" tests="1" skipped="0" failures="0" errors="0" timestamp="2024-06-23T16:36:51" hostname="DESKTOP-QKNTNJC" time="0.006">
  <properties/>
  <testcase name="notExistingRiskTest()" classname="lv.javaguru.travel.insurance.core.validations.calculate.agreement.AgreementSelectedRisksAreSupportedValidationTest" time="0.006"/>
  <system-out><![CDATA[]]></system-out>
  <system-err><![CDATA[]]></system-err>
</testsuite>
