<?xml version="1.0" encoding="UTF-8"?>
<testsuite name="lv.javaguru.travel.insurance.core.underwriting.calculators.TravelRiskPremiumCalculatorEvacuationTest" tests="1" skipped="0" failures="0" errors="0" timestamp="2024-06-23T16:36:48" hostname="DESKTOP-QKNTNJC" time="0.007">
  <properties/>
  <testcase name="calculatePremiumIntegrationTest()" classname="lv.javaguru.travel.insurance.core.underwriting.calculators.TravelRiskPremiumCalculatorEvacuationTest" time="0.007"/>
  <system-out><![CDATA[2024-06-23 19:36:48,719 [Test worker] INFO  o.s.t.c.s.DefaultTestContextBootstrapper - Neither @ContextConfiguration nor @ContextHierarchy found for test class [lv.javaguru.travel.insurance.core.underwriting.calculators.TravelRiskPremiumCalculatorEvacuationTest], using DelegatingSmartContextLoader
2024-06-23 19:36:48,721 [Test worker] INFO  o.s.t.c.s.AbstractContextLoader - Could not detect default resource locations for test class [lv.javaguru.travel.insurance.core.underwriting.calculators.TravelRiskPremiumCalculatorEvacuationTest]: no resource found for suffixes {-context.xml}.
2024-06-23 19:36:48,722 [Test worker] INFO  o.s.t.c.s.AnnotationConfigContextLoaderUtils - Could not detect default configuration classes for test class [lv.javaguru.travel.insurance.core.underwriting.calculators.TravelRiskPremiumCalculatorEvacuationTest]: TravelRiskPremiumCalculatorEvacuationTest does not declare any static, non-private, non-final, nested classes annotated with @Configuration.
2024-06-23 19:36:48,723 [Test worker] INFO  o.s.t.c.s.DefaultTestContextBootstrapper - Loaded default TestExecutionListener class names from location [META-INF/spring.factories]: [org.springframework.boot.test.autoconfigure.restdocs.RestDocsTestExecutionListener, org.springframework.boot.test.autoconfigure.web.client.MockRestServiceServerResetTestExecutionListener, org.springframework.boot.test.autoconfigure.web.servlet.MockMvcPrintOnlyOnFailureTestExecutionListener, org.springframework.boot.test.autoconfigure.web.servlet.WebDriverTestExecutionListener, org.springframework.boot.test.autoconfigure.webservices.client.MockWebServiceServerTestExecutionListener, org.springframework.boot.test.mock.mockito.MockitoTestExecutionListener, org.springframework.boot.test.mock.mockito.ResetMocksTestExecutionListener, org.springframework.test.context.web.ServletTestExecutionListener, org.springframework.test.context.support.DirtiesContextBeforeModesTestExecutionListener, org.springframework.test.context.event.ApplicationEventsTestExecutionListener, org.springframework.test.context.support.DependencyInjectionTestExecutionListener, org.springframework.test.context.support.DirtiesContextTestExecutionListener, org.springframework.test.context.transaction.TransactionalTestExecutionListener, org.springframework.test.context.jdbc.SqlScriptsTestExecutionListener, org.springframework.test.context.event.EventPublishingTestExecutionListener]
2024-06-23 19:36:48,725 [Test worker] INFO  o.s.t.c.s.DefaultTestContextBootstrapper - Using TestExecutionListeners: [org.springframework.test.context.web.ServletTestExecutionListener@d8cece4, org.springframework.test.context.support.DirtiesContextBeforeModesTestExecutionListener@55d98bbb, org.springframework.test.context.event.ApplicationEventsTestExecutionListener@2e9f5499, org.springframework.boot.test.mock.mockito.MockitoTestExecutionListener@30f54522, org.springframework.test.context.support.DependencyInjectionTestExecutionListener@5af47414, org.springframework.test.context.support.DirtiesContextTestExecutionListener@43e9a8a2, org.springframework.test.context.transaction.TransactionalTestExecutionListener@178617da, org.springframework.test.context.jdbc.SqlScriptsTestExecutionListener@d408c5d, org.springframework.test.context.event.EventPublishingTestExecutionListener@74ed1d35, org.springframework.boot.test.autoconfigure.restdocs.RestDocsTestExecutionListener@7acf07b2, org.springframework.boot.test.autoconfigure.web.client.MockRestServiceServerResetTestExecutionListener@5d50e7f6, org.springframework.boot.test.autoconfigure.web.servlet.MockMvcPrintOnlyOnFailureTestExecutionListener@54fbaa65, org.springframework.boot.test.autoconfigure.web.servlet.WebDriverTestExecutionListener@48e3017a, org.springframework.boot.test.autoconfigure.webservices.client.MockWebServiceServerTestExecutionListener@4a937d43, org.springframework.boot.test.mock.mockito.ResetMocksTestExecutionListener@10264cb0]
]]></system-out>
  <system-err><![CDATA[]]></system-err>
</testsuite>
