<?xml version="1.0" encoding="UTF-8"?>
<testsuite name="lv.javaguru.travel.insurance.core.validations.calculate.person.PersonMedicalRiskLimitLevelIsSupportedValidationTest" tests="2" skipped="0" failures="0" errors="0" timestamp="2024-06-23T16:37:05" hostname="DESKTOP-QKNTNJC" time="0.018">
  <properties/>
  <testcase name="correctMedicalRiskLimitLevelTest()" classname="lv.javaguru.travel.insurance.core.validations.calculate.person.PersonMedicalRiskLimitLevelIsSupportedValidationTest" time="0.009"/>
  <testcase name="notExistingMedicalRiskLimitLevel()" classname="lv.javaguru.travel.insurance.core.validations.calculate.person.PersonMedicalRiskLimitLevelIsSupportedValidationTest" time="0.007"/>
  <system-out><![CDATA[2024-06-23 19:37:05,674 [Test worker] INFO  o.s.t.c.s.DefaultTestContextBootstrapper - Neither @ContextConfiguration nor @ContextHierarchy found for test class [lv.javaguru.travel.insurance.core.validations.calculate.person.PersonMedicalRiskLimitLevelIsSupportedValidationTest], using DelegatingSmartContextLoader
2024-06-23 19:37:05,675 [Test worker] INFO  o.s.t.c.s.AbstractContextLoader - Could not detect default resource locations for test class [lv.javaguru.travel.insurance.core.validations.calculate.person.PersonMedicalRiskLimitLevelIsSupportedValidationTest]: no resource found for suffixes {-context.xml}.
2024-06-23 19:37:05,675 [Test worker] INFO  o.s.t.c.s.AnnotationConfigContextLoaderUtils - Could not detect default configuration classes for test class [lv.javaguru.travel.insurance.core.validations.calculate.person.PersonMedicalRiskLimitLevelIsSupportedValidationTest]: PersonMedicalRiskLimitLevelIsSupportedValidationTest does not declare any static, non-private, non-final, nested classes annotated with @Configuration.
2024-06-23 19:37:05,676 [Test worker] INFO  o.s.t.c.s.DefaultTestContextBootstrapper - Loaded default TestExecutionListener class names from location [META-INF/spring.factories]: [org.springframework.boot.test.autoconfigure.restdocs.RestDocsTestExecutionListener, org.springframework.boot.test.autoconfigure.web.client.MockRestServiceServerResetTestExecutionListener, org.springframework.boot.test.autoconfigure.web.servlet.MockMvcPrintOnlyOnFailureTestExecutionListener, org.springframework.boot.test.autoconfigure.web.servlet.WebDriverTestExecutionListener, org.springframework.boot.test.autoconfigure.webservices.client.MockWebServiceServerTestExecutionListener, org.springframework.boot.test.mock.mockito.MockitoTestExecutionListener, org.springframework.boot.test.mock.mockito.ResetMocksTestExecutionListener, org.springframework.test.context.web.ServletTestExecutionListener, org.springframework.test.context.support.DirtiesContextBeforeModesTestExecutionListener, org.springframework.test.context.event.ApplicationEventsTestExecutionListener, org.springframework.test.context.support.DependencyInjectionTestExecutionListener, org.springframework.test.context.support.DirtiesContextTestExecutionListener, org.springframework.test.context.transaction.TransactionalTestExecutionListener, org.springframework.test.context.jdbc.SqlScriptsTestExecutionListener, org.springframework.test.context.event.EventPublishingTestExecutionListener]
2024-06-23 19:37:05,676 [Test worker] INFO  o.s.t.c.s.DefaultTestContextBootstrapper - Using TestExecutionListeners: [org.springframework.test.context.web.ServletTestExecutionListener@636787fd, org.springframework.test.context.support.DirtiesContextBeforeModesTestExecutionListener@3e7e4aea, org.springframework.test.context.event.ApplicationEventsTestExecutionListener@78835956, org.springframework.boot.test.mock.mockito.MockitoTestExecutionListener@38794a3, org.springframework.test.context.support.DependencyInjectionTestExecutionListener@5c00b341, org.springframework.test.context.support.DirtiesContextTestExecutionListener@10658b31, org.springframework.test.context.transaction.TransactionalTestExecutionListener@72ce2982, org.springframework.test.context.jdbc.SqlScriptsTestExecutionListener@4d5399f4, org.springframework.test.context.event.EventPublishingTestExecutionListener@1490b1a4, org.springframework.boot.test.autoconfigure.restdocs.RestDocsTestExecutionListener@28908c04, org.springframework.boot.test.autoconfigure.web.client.MockRestServiceServerResetTestExecutionListener@2b9132ad, org.springframework.boot.test.autoconfigure.web.servlet.MockMvcPrintOnlyOnFailureTestExecutionListener@7adc8212, org.springframework.boot.test.autoconfigure.web.servlet.WebDriverTestExecutionListener@6b50017c, org.springframework.boot.test.autoconfigure.webservices.client.MockWebServiceServerTestExecutionListener@470c40be, org.springframework.boot.test.mock.mockito.ResetMocksTestExecutionListener@652a16a8]
]]></system-out>
  <system-err><![CDATA[]]></system-err>
</testsuite>
