<?xml version="1.0" encoding="UTF-8"?>
<testsuite name="lv.javaguru.travel.insurance.core.validations.calculate.agreement.AgreementDateFromValidationTest" tests="2" skipped="0" failures="0" errors="0" timestamp="2024-06-23T16:36:51" hostname="DESKTOP-QKNTNJC" time="0.033">
  <properties/>
  <testcase name="AgreementDateFromIsNullTest()" classname="lv.javaguru.travel.insurance.core.validations.calculate.agreement.AgreementDateFromValidationTest" time="0.006"/>
  <testcase name="AgreementDateFromExistsTest()" classname="lv.javaguru.travel.insurance.core.validations.calculate.agreement.AgreementDateFromValidationTest" time="0.019"/>
  <system-out><![CDATA[2024-06-23 19:36:51,417 [Test worker] INFO  o.s.t.c.s.DefaultTestContextBootstrapper - Neither @ContextConfiguration nor @ContextHierarchy found for test class [lv.javaguru.travel.insurance.core.validations.calculate.agreement.AgreementDateFromValidationTest], using DelegatingSmartContextLoader
2024-06-23 19:36:51,418 [Test worker] INFO  o.s.t.c.s.AbstractContextLoader - Could not detect default resource locations for test class [lv.javaguru.travel.insurance.core.validations.calculate.agreement.AgreementDateFromValidationTest]: no resource found for suffixes {-context.xml}.
2024-06-23 19:36:51,418 [Test worker] INFO  o.s.t.c.s.AnnotationConfigContextLoaderUtils - Could not detect default configuration classes for test class [lv.javaguru.travel.insurance.core.validations.calculate.agreement.AgreementDateFromValidationTest]: AgreementDateFromValidationTest does not declare any static, non-private, non-final, nested classes annotated with @Configuration.
2024-06-23 19:36:51,420 [Test worker] INFO  o.s.t.c.s.DefaultTestContextBootstrapper - Loaded default TestExecutionListener class names from location [META-INF/spring.factories]: [org.springframework.boot.test.autoconfigure.restdocs.RestDocsTestExecutionListener, org.springframework.boot.test.autoconfigure.web.client.MockRestServiceServerResetTestExecutionListener, org.springframework.boot.test.autoconfigure.web.servlet.MockMvcPrintOnlyOnFailureTestExecutionListener, org.springframework.boot.test.autoconfigure.web.servlet.WebDriverTestExecutionListener, org.springframework.boot.test.autoconfigure.webservices.client.MockWebServiceServerTestExecutionListener, org.springframework.boot.test.mock.mockito.MockitoTestExecutionListener, org.springframework.boot.test.mock.mockito.ResetMocksTestExecutionListener, org.springframework.test.context.web.ServletTestExecutionListener, org.springframework.test.context.support.DirtiesContextBeforeModesTestExecutionListener, org.springframework.test.context.event.ApplicationEventsTestExecutionListener, org.springframework.test.context.support.DependencyInjectionTestExecutionListener, org.springframework.test.context.support.DirtiesContextTestExecutionListener, org.springframework.test.context.transaction.TransactionalTestExecutionListener, org.springframework.test.context.jdbc.SqlScriptsTestExecutionListener, org.springframework.test.context.event.EventPublishingTestExecutionListener]
2024-06-23 19:36:51,422 [Test worker] INFO  o.s.t.c.s.DefaultTestContextBootstrapper - Using TestExecutionListeners: [org.springframework.test.context.web.ServletTestExecutionListener@30a8ac50, org.springframework.test.context.support.DirtiesContextBeforeModesTestExecutionListener@2f0a29f7, org.springframework.test.context.event.ApplicationEventsTestExecutionListener@79177bc, org.springframework.boot.test.mock.mockito.MockitoTestExecutionListener@3fe33c59, org.springframework.test.context.support.DependencyInjectionTestExecutionListener@4a5cddd9, org.springframework.test.context.support.DirtiesContextTestExecutionListener@34e700f4, org.springframework.test.context.transaction.TransactionalTestExecutionListener@38c7ad43, org.springframework.test.context.jdbc.SqlScriptsTestExecutionListener@1ee04ff6, org.springframework.test.context.event.EventPublishingTestExecutionListener@32fefbe6, org.springframework.boot.test.autoconfigure.restdocs.RestDocsTestExecutionListener@3e92bded, org.springframework.boot.test.autoconfigure.web.client.MockRestServiceServerResetTestExecutionListener@3bbab2c9, org.springframework.boot.test.autoconfigure.web.servlet.MockMvcPrintOnlyOnFailureTestExecutionListener@27b9d5b7, org.springframework.boot.test.autoconfigure.web.servlet.WebDriverTestExecutionListener@625d2b6d, org.springframework.boot.test.autoconfigure.webservices.client.MockWebServiceServerTestExecutionListener@490b8f1e, org.springframework.boot.test.mock.mockito.ResetMocksTestExecutionListener@27c9500c]
]]></system-out>
  <system-err><![CDATA[]]></system-err>
</testsuite>
