<?xml version="1.0" encoding="UTF-8"?>
<testsuite name="lv.javaguru.travel.insurance.core.underwriting.calculators.cancellation.TCCountrySafetyRatingCoefficientTest" tests="1" skipped="0" failures="0" errors="0" timestamp="2024-07-15T15:30:37" hostname="DESKTOP-QKNTNJC" time="0.006">
  <properties/>
  <testcase name="correctCountryTest()" classname="lv.javaguru.travel.insurance.core.underwriting.calculators.cancellation.TCCountrySafetyRatingCoefficientTest" time="0.006"/>
  <system-out><![CDATA[2024-07-15 18:30:37,771 [Test worker] INFO  o.s.t.c.s.DefaultTestContextBootstrapper - Neither @ContextConfiguration nor @ContextHierarchy found for test class [lv.javaguru.travel.insurance.core.underwriting.calculators.cancellation.TCCountrySafetyRatingCoefficientTest], using DelegatingSmartContextLoader
2024-07-15 18:30:37,772 [Test worker] INFO  o.s.t.c.s.AbstractContextLoader - Could not detect default resource locations for test class [lv.javaguru.travel.insurance.core.underwriting.calculators.cancellation.TCCountrySafetyRatingCoefficientTest]: no resource found for suffixes {-context.xml}.
2024-07-15 18:30:37,772 [Test worker] INFO  o.s.t.c.s.AnnotationConfigContextLoaderUtils - Could not detect default configuration classes for test class [lv.javaguru.travel.insurance.core.underwriting.calculators.cancellation.TCCountrySafetyRatingCoefficientTest]: TCCountrySafetyRatingCoefficientTest does not declare any static, non-private, non-final, nested classes annotated with @Configuration.
2024-07-15 18:30:37,773 [Test worker] INFO  o.s.t.c.s.DefaultTestContextBootstrapper - Loaded default TestExecutionListener class names from location [META-INF/spring.factories]: [org.springframework.boot.test.autoconfigure.restdocs.RestDocsTestExecutionListener, org.springframework.boot.test.autoconfigure.web.client.MockRestServiceServerResetTestExecutionListener, org.springframework.boot.test.autoconfigure.web.servlet.MockMvcPrintOnlyOnFailureTestExecutionListener, org.springframework.boot.test.autoconfigure.web.servlet.WebDriverTestExecutionListener, org.springframework.boot.test.autoconfigure.webservices.client.MockWebServiceServerTestExecutionListener, org.springframework.boot.test.mock.mockito.MockitoTestExecutionListener, org.springframework.boot.test.mock.mockito.ResetMocksTestExecutionListener, org.springframework.test.context.web.ServletTestExecutionListener, org.springframework.test.context.support.DirtiesContextBeforeModesTestExecutionListener, org.springframework.test.context.event.ApplicationEventsTestExecutionListener, org.springframework.test.context.support.DependencyInjectionTestExecutionListener, org.springframework.test.context.support.DirtiesContextTestExecutionListener, org.springframework.test.context.transaction.TransactionalTestExecutionListener, org.springframework.test.context.jdbc.SqlScriptsTestExecutionListener, org.springframework.test.context.event.EventPublishingTestExecutionListener]
2024-07-15 18:30:37,773 [Test worker] INFO  o.s.t.c.s.DefaultTestContextBootstrapper - Using TestExecutionListeners: [org.springframework.test.context.web.ServletTestExecutionListener@62fa4a88, org.springframework.test.context.support.DirtiesContextBeforeModesTestExecutionListener@4b6942a0, org.springframework.test.context.event.ApplicationEventsTestExecutionListener@64641998, org.springframework.boot.test.mock.mockito.MockitoTestExecutionListener@2e845f1c, org.springframework.test.context.support.DependencyInjectionTestExecutionListener@1e9afe4e, org.springframework.test.context.support.DirtiesContextTestExecutionListener@1f67d37f, org.springframework.test.context.transaction.TransactionalTestExecutionListener@5b8ba1d2, org.springframework.test.context.jdbc.SqlScriptsTestExecutionListener@57fb6900, org.springframework.test.context.event.EventPublishingTestExecutionListener@1eda853f, org.springframework.boot.test.autoconfigure.restdocs.RestDocsTestExecutionListener@3f0751b0, org.springframework.boot.test.autoconfigure.web.client.MockRestServiceServerResetTestExecutionListener@3984e2b3, org.springframework.boot.test.autoconfigure.web.servlet.MockMvcPrintOnlyOnFailureTestExecutionListener@35bb3fea, org.springframework.boot.test.autoconfigure.web.servlet.WebDriverTestExecutionListener@7f82a71f, org.springframework.boot.test.autoconfigure.webservices.client.MockWebServiceServerTestExecutionListener@7a0df38e, org.springframework.boot.test.mock.mockito.ResetMocksTestExecutionListener@64821706]
]]></system-out>
  <system-err><![CDATA[]]></system-err>
</testsuite>
