<?xml version="1.0" encoding="UTF-8"?>
<testsuite name="lv.javaguru.travel.insurance.core.validations.calculate.agreement.AgreementDateToValidationTest" tests="2" skipped="0" failures="0" errors="0" timestamp="2024-06-23T16:36:51" hostname="DESKTOP-QKNTNJC" time="0.01">
  <properties/>
  <testcase name="AgreementDateTOIsNullTest()" classname="lv.javaguru.travel.insurance.core.validations.calculate.agreement.AgreementDateToValidationTest" time="0.003"/>
  <testcase name="AgreementDateToExistsTest()" classname="lv.javaguru.travel.insurance.core.validations.calculate.agreement.AgreementDateToValidationTest" time="0.005"/>
  <system-out><![CDATA[]]></system-out>
  <system-err><![CDATA[]]></system-err>
</testsuite>
