<?xml version="1.0" encoding="UTF-8"?>
<testsuite name="lv.javaguru.travel.insurance.core.underwriting.calculators.TravelRiskPremiumCalculatorSportActivitiesTest" tests="1" skipped="0" failures="0" errors="0" timestamp="2024-07-15T15:30:37" hostname="DESKTOP-QKNTNJC" time="0.016">
  <properties/>
  <testcase name="calculatePremiumIntegrationTest()" classname="lv.javaguru.travel.insurance.core.underwriting.calculators.TravelRiskPremiumCalculatorSportActivitiesTest" time="0.016"/>
  <system-out><![CDATA[2024-07-15 18:30:37,724 [Test worker] INFO  o.s.t.c.s.DefaultTestContextBootstrapper - Neither @ContextConfiguration nor @ContextHierarchy found for test class [lv.javaguru.travel.insurance.core.underwriting.calculators.TravelRiskPremiumCalculatorSportActivitiesTest], using DelegatingSmartContextLoader
2024-07-15 18:30:37,725 [Test worker] INFO  o.s.t.c.s.AbstractContextLoader - Could not detect default resource locations for test class [lv.javaguru.travel.insurance.core.underwriting.calculators.TravelRiskPremiumCalculatorSportActivitiesTest]: no resource found for suffixes {-context.xml}.
2024-07-15 18:30:37,725 [Test worker] INFO  o.s.t.c.s.AnnotationConfigContextLoaderUtils - Could not detect default configuration classes for test class [lv.javaguru.travel.insurance.core.underwriting.calculators.TravelRiskPremiumCalculatorSportActivitiesTest]: TravelRiskPremiumCalculatorSportActivitiesTest does not declare any static, non-private, non-final, nested classes annotated with @Configuration.
2024-07-15 18:30:37,726 [Test worker] INFO  o.s.t.c.s.DefaultTestContextBootstrapper - Loaded default TestExecutionListener class names from location [META-INF/spring.factories]: [org.springframework.boot.test.autoconfigure.restdocs.RestDocsTestExecutionListener, org.springframework.boot.test.autoconfigure.web.client.MockRestServiceServerResetTestExecutionListener, org.springframework.boot.test.autoconfigure.web.servlet.MockMvcPrintOnlyOnFailureTestExecutionListener, org.springframework.boot.test.autoconfigure.web.servlet.WebDriverTestExecutionListener, org.springframework.boot.test.autoconfigure.webservices.client.MockWebServiceServerTestExecutionListener, org.springframework.boot.test.mock.mockito.MockitoTestExecutionListener, org.springframework.boot.test.mock.mockito.ResetMocksTestExecutionListener, org.springframework.test.context.web.ServletTestExecutionListener, org.springframework.test.context.support.DirtiesContextBeforeModesTestExecutionListener, org.springframework.test.context.event.ApplicationEventsTestExecutionListener, org.springframework.test.context.support.DependencyInjectionTestExecutionListener, org.springframework.test.context.support.DirtiesContextTestExecutionListener, org.springframework.test.context.transaction.TransactionalTestExecutionListener, org.springframework.test.context.jdbc.SqlScriptsTestExecutionListener, org.springframework.test.context.event.EventPublishingTestExecutionListener]
2024-07-15 18:30:37,726 [Test worker] INFO  o.s.t.c.s.DefaultTestContextBootstrapper - Using TestExecutionListeners: [org.springframework.test.context.web.ServletTestExecutionListener@51a73873, org.springframework.test.context.support.DirtiesContextBeforeModesTestExecutionListener@342a5b57, org.springframework.test.context.event.ApplicationEventsTestExecutionListener@5e781b4f, org.springframework.boot.test.mock.mockito.MockitoTestExecutionListener@1b89debc, org.springframework.test.context.support.DependencyInjectionTestExecutionListener@7305191e, org.springframework.test.context.support.DirtiesContextTestExecutionListener@159314ca, org.springframework.test.context.transaction.TransactionalTestExecutionListener@bafc754, org.springframework.test.context.jdbc.SqlScriptsTestExecutionListener@5e8684a3, org.springframework.test.context.event.EventPublishingTestExecutionListener@590ab84, org.springframework.boot.test.autoconfigure.restdocs.RestDocsTestExecutionListener@8a8cab8, org.springframework.boot.test.autoconfigure.web.client.MockRestServiceServerResetTestExecutionListener@7d48299e, org.springframework.boot.test.autoconfigure.web.servlet.MockMvcPrintOnlyOnFailureTestExecutionListener@17810908, org.springframework.boot.test.autoconfigure.web.servlet.WebDriverTestExecutionListener@174d5cf7, org.springframework.boot.test.autoconfigure.webservices.client.MockWebServiceServerTestExecutionListener@597eb9ac, org.springframework.boot.test.mock.mockito.ResetMocksTestExecutionListener@65c66fc4]
]]></system-out>
  <system-err><![CDATA[]]></system-err>
</testsuite>
