<?xml version="1.0" encoding="UTF-8"?>
<testsuite name="lv.javaguru.travel.insurance.rest.controller_get_test.TravelGetAgreementControllerTestCase2" tests="1" skipped="0" failures="0" errors="0" timestamp="2024-07-15T15:30:59" hostname="DESKTOP-QKNTNJC" time="0.03">
  <properties/>
  <testcase name="execute()" classname="lv.javaguru.travel.insurance.rest.controller_get_test.TravelGetAgreementControllerTestCase2" time="0.03"/>
  <system-out><![CDATA[2024-07-15 18:30:59,713 [Test worker] INFO  o.s.b.t.c.SpringBootTestContextBootstrapper - Neither @ContextConfiguration nor @ContextHierarchy found for test class [lv.javaguru.travel.insurance.rest.controller_get_test.TravelGetAgreementControllerTestCase2], using SpringBootContextLoader
2024-07-15 18:30:59,715 [Test worker] INFO  o.s.t.c.s.AbstractContextLoader - Could not detect default resource locations for test class [lv.javaguru.travel.insurance.rest.controller_get_test.TravelGetAgreementControllerTestCase2]: no resource found for suffixes {-context.xml, Context.groovy}.
2024-07-15 18:30:59,717 [Test worker] INFO  o.s.t.c.s.AnnotationConfigContextLoaderUtils - Could not detect default configuration classes for test class [lv.javaguru.travel.insurance.rest.controller_get_test.TravelGetAgreementControllerTestCase2]: TravelGetAgreementControllerTestCase2 does not declare any static, non-private, non-final, nested classes annotated with @Configuration.
2024-07-15 18:30:59,728 [Test worker] INFO  o.s.b.t.c.SpringBootTestContextBootstrapper - Found @SpringBootConfiguration lv.javaguru.travel.insurance.InsuranceApplication for test class lv.javaguru.travel.insurance.rest.controller_get_test.TravelGetAgreementControllerTestCase2
2024-07-15 18:30:59,734 [Test worker] INFO  o.s.b.t.c.SpringBootTestContextBootstrapper - Loaded default TestExecutionListener class names from location [META-INF/spring.factories]: [org.springframework.boot.test.autoconfigure.restdocs.RestDocsTestExecutionListener, org.springframework.boot.test.autoconfigure.web.client.MockRestServiceServerResetTestExecutionListener, org.springframework.boot.test.autoconfigure.web.servlet.MockMvcPrintOnlyOnFailureTestExecutionListener, org.springframework.boot.test.autoconfigure.web.servlet.WebDriverTestExecutionListener, org.springframework.boot.test.autoconfigure.webservices.client.MockWebServiceServerTestExecutionListener, org.springframework.boot.test.mock.mockito.MockitoTestExecutionListener, org.springframework.boot.test.mock.mockito.ResetMocksTestExecutionListener, org.springframework.test.context.web.ServletTestExecutionListener, org.springframework.test.context.support.DirtiesContextBeforeModesTestExecutionListener, org.springframework.test.context.event.ApplicationEventsTestExecutionListener, org.springframework.test.context.support.DependencyInjectionTestExecutionListener, org.springframework.test.context.support.DirtiesContextTestExecutionListener, org.springframework.test.context.transaction.TransactionalTestExecutionListener, org.springframework.test.context.jdbc.SqlScriptsTestExecutionListener, org.springframework.test.context.event.EventPublishingTestExecutionListener]
2024-07-15 18:30:59,734 [Test worker] INFO  o.s.b.t.c.SpringBootTestContextBootstrapper - Using TestExecutionListeners: [org.springframework.test.context.web.ServletTestExecutionListener@713f5a17, org.springframework.test.context.support.DirtiesContextBeforeModesTestExecutionListener@15769719, org.springframework.test.context.event.ApplicationEventsTestExecutionListener@7ba4591, org.springframework.boot.test.mock.mockito.MockitoTestExecutionListener@27946cee, org.springframework.boot.test.autoconfigure.SpringBootDependencyInjectionTestExecutionListener@2cf065e9, org.springframework.test.context.support.DirtiesContextTestExecutionListener@d9fe131, org.springframework.test.context.transaction.TransactionalTestExecutionListener@585cbbde, org.springframework.test.context.jdbc.SqlScriptsTestExecutionListener@5c2b5f27, org.springframework.test.context.event.EventPublishingTestExecutionListener@73dbb666, org.springframework.boot.test.autoconfigure.restdocs.RestDocsTestExecutionListener@1bf5745, org.springframework.boot.test.autoconfigure.web.client.MockRestServiceServerResetTestExecutionListener@3c809ee7, org.springframework.boot.test.autoconfigure.web.servlet.MockMvcPrintOnlyOnFailureTestExecutionListener@3ad43c37, org.springframework.boot.test.autoconfigure.web.servlet.WebDriverTestExecutionListener@1492d58d, org.springframework.boot.test.autoconfigure.webservices.client.MockWebServiceServerTestExecutionListener@6f6cad25, org.springframework.boot.test.mock.mockito.ResetMocksTestExecutionListener@57a36189]
Hibernate: select agreemente0_.id as id1_1_, agreemente0_.cost as cost2_1_, agreemente0_.country as country3_1_, agreemente0_.date_from as date_fro4_1_, agreemente0_.date_to as date_to5_1_, agreemente0_.premium as premium6_1_, agreemente0_.uuid as uuid7_1_ from agreements agreemente0_ where agreemente0_.uuid=?
]]></system-out>
  <system-err><![CDATA[]]></system-err>
</testsuite>
