<?xml version="1.0" encoding="UTF-8"?>
<testsuite name="lv.javaguru.travel.insurance.core.underwriting.calculators.medical.TravelCalculateInsuranceLimitCoefficientTest" tests="2" skipped="0" failures="0" errors="0" timestamp="2024-07-15T15:30:38" hostname="DESKTOP-QKNTNJC" time="0.129">
  <properties/>
  <testcase name="TravelCalculateInsuranceLimitCoefficientCorrectValueIntegrationTest()" classname="lv.javaguru.travel.insurance.core.underwriting.calculators.medical.TravelCalculateInsuranceLimitCoefficientTest" time="0.01"/>
  <testcase name="TravelCalculateInsuranceLimitCoefficientCorrectValueTest()" classname="lv.javaguru.travel.insurance.core.underwriting.calculators.medical.TravelCalculateInsuranceLimitCoefficientTest" time="0.056"/>
  <system-out><![CDATA[2024-07-15 18:30:38,504 [Test worker] INFO  o.s.t.c.s.DefaultTestContextBootstrapper - Neither @ContextConfiguration nor @ContextHierarchy found for test class [lv.javaguru.travel.insurance.core.underwriting.calculators.medical.TravelCalculateInsuranceLimitCoefficientTest], using DelegatingSmartContextLoader
2024-07-15 18:30:38,505 [Test worker] INFO  o.s.t.c.s.AbstractContextLoader - Could not detect default resource locations for test class [lv.javaguru.travel.insurance.core.underwriting.calculators.medical.TravelCalculateInsuranceLimitCoefficientTest]: no resource found for suffixes {-context.xml}.
2024-07-15 18:30:38,505 [Test worker] INFO  o.s.t.c.s.AnnotationConfigContextLoaderUtils - Could not detect default configuration classes for test class [lv.javaguru.travel.insurance.core.underwriting.calculators.medical.TravelCalculateInsuranceLimitCoefficientTest]: TravelCalculateInsuranceLimitCoefficientTest does not declare any static, non-private, non-final, nested classes annotated with @Configuration.
2024-07-15 18:30:38,506 [Test worker] INFO  o.s.t.c.s.DefaultTestContextBootstrapper - Loaded default TestExecutionListener class names from location [META-INF/spring.factories]: [org.springframework.boot.test.autoconfigure.restdocs.RestDocsTestExecutionListener, org.springframework.boot.test.autoconfigure.web.client.MockRestServiceServerResetTestExecutionListener, org.springframework.boot.test.autoconfigure.web.servlet.MockMvcPrintOnlyOnFailureTestExecutionListener, org.springframework.boot.test.autoconfigure.web.servlet.WebDriverTestExecutionListener, org.springframework.boot.test.autoconfigure.webservices.client.MockWebServiceServerTestExecutionListener, org.springframework.boot.test.mock.mockito.MockitoTestExecutionListener, org.springframework.boot.test.mock.mockito.ResetMocksTestExecutionListener, org.springframework.test.context.web.ServletTestExecutionListener, org.springframework.test.context.support.DirtiesContextBeforeModesTestExecutionListener, org.springframework.test.context.event.ApplicationEventsTestExecutionListener, org.springframework.test.context.support.DependencyInjectionTestExecutionListener, org.springframework.test.context.support.DirtiesContextTestExecutionListener, org.springframework.test.context.transaction.TransactionalTestExecutionListener, org.springframework.test.context.jdbc.SqlScriptsTestExecutionListener, org.springframework.test.context.event.EventPublishingTestExecutionListener]
2024-07-15 18:30:38,506 [Test worker] INFO  o.s.t.c.s.DefaultTestContextBootstrapper - Using TestExecutionListeners: [org.springframework.test.context.web.ServletTestExecutionListener@3c1fd5aa, org.springframework.test.context.support.DirtiesContextBeforeModesTestExecutionListener@4bfaff23, org.springframework.test.context.event.ApplicationEventsTestExecutionListener@47bae235, org.springframework.boot.test.mock.mockito.MockitoTestExecutionListener@7f588bc6, org.springframework.test.context.support.DependencyInjectionTestExecutionListener@3da8a302, org.springframework.test.context.support.DirtiesContextTestExecutionListener@21b75073, org.springframework.test.context.transaction.TransactionalTestExecutionListener@318ca53a, org.springframework.test.context.jdbc.SqlScriptsTestExecutionListener@ab11e76, org.springframework.test.context.event.EventPublishingTestExecutionListener@72f91c91, org.springframework.boot.test.autoconfigure.restdocs.RestDocsTestExecutionListener@69d6fe75, org.springframework.boot.test.autoconfigure.web.client.MockRestServiceServerResetTestExecutionListener@3d273300, org.springframework.boot.test.autoconfigure.web.servlet.MockMvcPrintOnlyOnFailureTestExecutionListener@3fe7c87c, org.springframework.boot.test.autoconfigure.web.servlet.WebDriverTestExecutionListener@5c04685, org.springframework.boot.test.autoconfigure.webservices.client.MockWebServiceServerTestExecutionListener@5bbb351e, org.springframework.boot.test.mock.mockito.ResetMocksTestExecutionListener@5f80b25a]
]]></system-out>
  <system-err><![CDATA[]]></system-err>
</testsuite>
