<?xml version="1.0" encoding="UTF-8"?>
<testsuite name="lv.javaguru.travel.insurance.rest.controller_get_test.TravelGetAgreementControllerTestCase1" tests="1" skipped="0" failures="0" errors="0" timestamp="2024-06-23T16:37:12" hostname="DESKTOP-QKNTNJC" time="0.513">
  <properties/>
  <testcase name="execute()" classname="lv.javaguru.travel.insurance.rest.controller_get_test.TravelGetAgreementControllerTestCase1" time="0.513"/>
  <system-out><![CDATA[2024-06-23 19:37:05,918 [Test worker] INFO  o.s.b.t.c.SpringBootTestContextBootstrapper - Neither @ContextConfiguration nor @ContextHierarchy found for test class [lv.javaguru.travel.insurance.rest.controller_get_test.TravelGetAgreementControllerTestCase1], using SpringBootContextLoader
2024-06-23 19:37:05,921 [Test worker] INFO  o.s.t.c.s.AbstractContextLoader - Could not detect default resource locations for test class [lv.javaguru.travel.insurance.rest.controller_get_test.TravelGetAgreementControllerTestCase1]: no resource found for suffixes {-context.xml, Context.groovy}.
2024-06-23 19:37:05,922 [Test worker] INFO  o.s.t.c.s.AnnotationConfigContextLoaderUtils - Could not detect default configuration classes for test class [lv.javaguru.travel.insurance.rest.controller_get_test.TravelGetAgreementControllerTestCase1]: TravelGetAgreementControllerTestCase1 does not declare any static, non-private, non-final, nested classes annotated with @Configuration.
2024-06-23 19:37:05,941 [Test worker] INFO  o.s.b.t.c.SpringBootTestContextBootstrapper - Found @SpringBootConfiguration lv.javaguru.travel.insurance.InsuranceApplication for test class lv.javaguru.travel.insurance.rest.controller_get_test.TravelGetAgreementControllerTestCase1
2024-06-23 19:37:05,945 [Test worker] INFO  o.s.b.t.c.SpringBootTestContextBootstrapper - Loaded default TestExecutionListener class names from location [META-INF/spring.factories]: [org.springframework.boot.test.autoconfigure.restdocs.RestDocsTestExecutionListener, org.springframework.boot.test.autoconfigure.web.client.MockRestServiceServerResetTestExecutionListener, org.springframework.boot.test.autoconfigure.web.servlet.MockMvcPrintOnlyOnFailureTestExecutionListener, org.springframework.boot.test.autoconfigure.web.servlet.WebDriverTestExecutionListener, org.springframework.boot.test.autoconfigure.webservices.client.MockWebServiceServerTestExecutionListener, org.springframework.boot.test.mock.mockito.MockitoTestExecutionListener, org.springframework.boot.test.mock.mockito.ResetMocksTestExecutionListener, org.springframework.test.context.web.ServletTestExecutionListener, org.springframework.test.context.support.DirtiesContextBeforeModesTestExecutionListener, org.springframework.test.context.event.ApplicationEventsTestExecutionListener, org.springframework.test.context.support.DependencyInjectionTestExecutionListener, org.springframework.test.context.support.DirtiesContextTestExecutionListener, org.springframework.test.context.transaction.TransactionalTestExecutionListener, org.springframework.test.context.jdbc.SqlScriptsTestExecutionListener, org.springframework.test.context.event.EventPublishingTestExecutionListener]
2024-06-23 19:37:05,946 [Test worker] INFO  o.s.b.t.c.SpringBootTestContextBootstrapper - Using TestExecutionListeners: [org.springframework.test.context.web.ServletTestExecutionListener@a308ffd, org.springframework.test.context.support.DirtiesContextBeforeModesTestExecutionListener@36e8e3e1, org.springframework.test.context.event.ApplicationEventsTestExecutionListener@4c3663fc, org.springframework.boot.test.mock.mockito.MockitoTestExecutionListener@64f248ea, org.springframework.boot.test.autoconfigure.SpringBootDependencyInjectionTestExecutionListener@6ab36cee, org.springframework.test.context.support.DirtiesContextTestExecutionListener@1b357db2, org.springframework.test.context.transaction.TransactionalTestExecutionListener@64e3d4ab, org.springframework.test.context.jdbc.SqlScriptsTestExecutionListener@12a065c5, org.springframework.test.context.event.EventPublishingTestExecutionListener@6385af63, org.springframework.boot.test.autoconfigure.restdocs.RestDocsTestExecutionListener@53ed864c, org.springframework.boot.test.autoconfigure.web.client.MockRestServiceServerResetTestExecutionListener@29514616, org.springframework.boot.test.autoconfigure.web.servlet.MockMvcPrintOnlyOnFailureTestExecutionListener@38ce90b4, org.springframework.boot.test.autoconfigure.web.servlet.WebDriverTestExecutionListener@76fece79, org.springframework.boot.test.autoconfigure.webservices.client.MockWebServiceServerTestExecutionListener@491ef90c, org.springframework.boot.test.mock.mockito.ResetMocksTestExecutionListener@6a5c67cf]

  .   ____          _            __ _ _
 /\\ / ___'_ __ _ _(_)_ __  __ _ \ \ \ \
( ( )\___ | '_ | '_| | '_ \/ _` | \ \ \ \
 \\/  ___)| |_)| | | | | || (_| |  ) ) ) )
  '  |____| .__|_| |_|_| |_\__, | / / / /
 =========|_|==============|___/=/_/_/_/
 :: Spring Boot ::                (v2.7.5)

2024-06-23 19:37:06,013 [Test worker] INFO  l.j.t.i.r.c.TravelGetAgreementControllerTestCase1 - Starting TravelGetAgreementControllerTestCase1 using Java 18.0.2 on DESKTOP-QKNTNJC with PID 6000 (started by User in D:\Leva\Program\repos\My_Portfolio\Insurance_Calculator\student_snezhko_leu_version_2)
2024-06-23 19:37:06,014 [Test worker] INFO  l.j.t.i.r.c.TravelGetAgreementControllerTestCase1 - No active profile set, falling back to 1 default profile: "default"
2024-06-23 19:37:07,073 [Test worker] INFO  o.s.d.r.c.RepositoryConfigurationDelegate - Bootstrapping Spring Data JPA repositories in DEFAULT mode.
2024-06-23 19:37:07,263 [Test worker] INFO  o.s.d.r.c.RepositoryConfigurationDelegate - Finished Spring Data repository scanning in 188 ms. Found 14 JPA repository interfaces.
2024-06-23 19:37:07,624 [Test worker] INFO  com.zaxxer.hikari.HikariDataSource - HikariPool-2 - Starting...
2024-06-23 19:37:07,626 [Test worker] INFO  com.zaxxer.hikari.HikariDataSource - HikariPool-2 - Start completed.
2024-06-23 19:37:07,940 [Test worker] INFO  o.h.jpa.internal.util.LogHelper - HHH000204: Processing PersistenceUnitInfo [name: default]
2024-06-23 19:37:07,955 [Test worker] INFO  org.hibernate.dialect.Dialect - HHH000400: Using dialect: org.hibernate.dialect.H2Dialect
2024-06-23 19:37:08,509 [Test worker] INFO  o.h.e.t.j.p.i.JtaPlatformInitiator - HHH000490: Using JtaPlatform implementation: [org.hibernate.engine.transaction.jta.platform.internal.NoJtaPlatform]
2024-06-23 19:37:08,509 [Test worker] INFO  o.s.o.j.LocalContainerEntityManagerFactoryBean - Initialized JPA EntityManagerFactory for persistence unit 'default'
2024-06-23 19:37:09,902 [Test worker] WARN  o.s.b.a.o.j.JpaBaseConfiguration$JpaWebConfiguration - spring.jpa.open-in-view is enabled by default. Therefore, database queries may be performed during view rendering. Explicitly configure spring.jpa.open-in-view to disable this warning
2024-06-23 19:37:12,740 [Test worker] INFO  o.s.b.t.m.w.SpringBootMockServletContext - Initializing Spring TestDispatcherServlet ''
2024-06-23 19:37:12,740 [Test worker] INFO  o.s.t.w.s.TestDispatcherServlet - Initializing Servlet ''
2024-06-23 19:37:12,741 [Test worker] INFO  o.s.t.w.s.TestDispatcherServlet - Completed initialization in 1 ms
2024-06-23 19:37:12,768 [Test worker] INFO  l.j.t.i.r.c.TravelGetAgreementControllerTestCase1 - Started TravelGetAgreementControllerTestCase1 in 6.818 seconds (JVM running for 48.411)
Hibernate: select agreemente0_.id as id1_1_, agreemente0_.cost as cost2_1_, agreemente0_.country as country3_1_, agreemente0_.date_from as date_fro4_1_, agreemente0_.date_to as date_to5_1_, agreemente0_.premium as premium6_1_, agreemente0_.uuid as uuid7_1_ from agreements agreemente0_ where agreemente0_.uuid=?
Hibernate: select agreementr0_.id as id1_8_, agreementr0_.agreement as agreemen3_8_, agreementr0_.risk_ic as risk_ic2_8_ from selected_risks agreementr0_ left outer join agreements agreemente1_ on agreementr0_.agreement=agreemente1_.id where agreementr0_.risk_ic=? and agreemente1_.id=?
Hibernate: select agreementr0_.id as id1_8_, agreementr0_.agreement as agreemen3_8_, agreementr0_.risk_ic as risk_ic2_8_ from selected_risks agreementr0_ left outer join agreements agreemente1_ on agreementr0_.agreement=agreemente1_.id where agreementr0_.risk_ic=? and agreemente1_.id=?
Hibernate: select agreementr0_.id as id1_8_, agreementr0_.agreement as agreemen3_8_, agreementr0_.risk_ic as risk_ic2_8_ from selected_risks agreementr0_ left outer join agreements agreemente1_ on agreementr0_.agreement=agreemente1_.id where agreementr0_.risk_ic=? and agreemente1_.id=?
Hibernate: select agreementr0_.id as id1_8_, agreementr0_.agreement as agreemen3_8_, agreementr0_.risk_ic as risk_ic2_8_ from selected_risks agreementr0_ left outer join agreements agreemente1_ on agreementr0_.agreement=agreemente1_.id where agreementr0_.risk_ic=? and agreemente1_.id=?
Hibernate: select agreementr0_.id as id1_8_, agreementr0_.agreement as agreemen3_8_, agreementr0_.risk_ic as risk_ic2_8_ from selected_risks agreementr0_ left outer join agreements agreemente1_ on agreementr0_.agreement=agreemente1_.id where agreementr0_.risk_ic=? and agreemente1_.id=?
Hibernate: select agreementr0_.id as id1_8_, agreementr0_.agreement as agreemen3_8_, agreementr0_.risk_ic as risk_ic2_8_ from selected_risks agreementr0_ left outer join agreements agreemente1_ on agreementr0_.agreement=agreemente1_.id where agreementr0_.risk_ic=? and agreemente1_.id=?
Hibernate: select agreementp0_.id as id1_0_, agreementp0_.agreement as agreemen4_0_, agreementp0_.medical_risk_limit_level as medical_2_0_, agreementp0_.person as person5_0_, agreementp0_.premium as premium3_0_ from agreement_persons agreementp0_ where agreementp0_.agreement=?
Hibernate: select persondtod0_.id as id1_7_0_, persondtod0_.birth_date as birth_da2_7_0_, persondtod0_.first_name as first_na3_7_0_, persondtod0_.ic as ic4_7_0_, persondtod0_.last_name as last_nam5_7_0_ from persons persondtod0_ where persondtod0_.id=?
Hibernate: select personrisk0_.id as id1_6_, personrisk0_.person as person4_6_, personrisk0_.premium as premium2_6_, personrisk0_.risk_ic as risk_ic3_6_ from person_risks personrisk0_ left outer join agreement_persons agreementp1_ on personrisk0_.person=agreementp1_.id where personrisk0_.risk_ic=? and agreementp1_.id=?
Hibernate: select personrisk0_.id as id1_6_, personrisk0_.person as person4_6_, personrisk0_.premium as premium2_6_, personrisk0_.risk_ic as risk_ic3_6_ from person_risks personrisk0_ left outer join agreement_persons agreementp1_ on personrisk0_.person=agreementp1_.id where personrisk0_.risk_ic=? and agreementp1_.id=?
Hibernate: select personrisk0_.id as id1_6_, personrisk0_.person as person4_6_, personrisk0_.premium as premium2_6_, personrisk0_.risk_ic as risk_ic3_6_ from person_risks personrisk0_ left outer join agreement_persons agreementp1_ on personrisk0_.person=agreementp1_.id where personrisk0_.risk_ic=? and agreementp1_.id=?
Hibernate: select personrisk0_.id as id1_6_, personrisk0_.person as person4_6_, personrisk0_.premium as premium2_6_, personrisk0_.risk_ic as risk_ic3_6_ from person_risks personrisk0_ left outer join agreement_persons agreementp1_ on personrisk0_.person=agreementp1_.id where personrisk0_.risk_ic=? and agreementp1_.id=?
Hibernate: select personrisk0_.id as id1_6_, personrisk0_.person as person4_6_, personrisk0_.premium as premium2_6_, personrisk0_.risk_ic as risk_ic3_6_ from person_risks personrisk0_ left outer join agreement_persons agreementp1_ on personrisk0_.person=agreementp1_.id where personrisk0_.risk_ic=? and agreementp1_.id=?
Hibernate: select personrisk0_.id as id1_6_, personrisk0_.person as person4_6_, personrisk0_.premium as premium2_6_, personrisk0_.risk_ic as risk_ic3_6_ from person_risks personrisk0_ left outer join agreement_persons agreementp1_ on personrisk0_.person=agreementp1_.id where personrisk0_.risk_ic=? and agreementp1_.id=?
]]></system-out>
  <system-err><![CDATA[]]></system-err>
</testsuite>
