<?xml version="1.0" encoding="UTF-8"?>
<testsuite name="lv.javaguru.travel.insurance.core.underwriting.calculators.TravelRiskPremiumCalculatorLossBaggageTest" tests="1" skipped="0" failures="0" errors="0" timestamp="2024-07-15T15:30:37" hostname="DESKTOP-QKNTNJC" time="0.005">
  <properties/>
  <testcase name="calculatePremiumIntegrationTest()" classname="lv.javaguru.travel.insurance.core.underwriting.calculators.TravelRiskPremiumCalculatorLossBaggageTest" time="0.005"/>
  <system-out><![CDATA[2024-07-15 18:30:37,705 [Test worker] INFO  o.s.t.c.s.DefaultTestContextBootstrapper - Neither @ContextConfiguration nor @ContextHierarchy found for test class [lv.javaguru.travel.insurance.core.underwriting.calculators.TravelRiskPremiumCalculatorLossBaggageTest], using DelegatingSmartContextLoader
2024-07-15 18:30:37,706 [Test worker] INFO  o.s.t.c.s.AbstractContextLoader - Could not detect default resource locations for test class [lv.javaguru.travel.insurance.core.underwriting.calculators.TravelRiskPremiumCalculatorLossBaggageTest]: no resource found for suffixes {-context.xml}.
2024-07-15 18:30:37,706 [Test worker] INFO  o.s.t.c.s.AnnotationConfigContextLoaderUtils - Could not detect default configuration classes for test class [lv.javaguru.travel.insurance.core.underwriting.calculators.TravelRiskPremiumCalculatorLossBaggageTest]: TravelRiskPremiumCalculatorLossBaggageTest does not declare any static, non-private, non-final, nested classes annotated with @Configuration.
2024-07-15 18:30:37,709 [Test worker] INFO  o.s.t.c.s.DefaultTestContextBootstrapper - Loaded default TestExecutionListener class names from location [META-INF/spring.factories]: [org.springframework.boot.test.autoconfigure.restdocs.RestDocsTestExecutionListener, org.springframework.boot.test.autoconfigure.web.client.MockRestServiceServerResetTestExecutionListener, org.springframework.boot.test.autoconfigure.web.servlet.MockMvcPrintOnlyOnFailureTestExecutionListener, org.springframework.boot.test.autoconfigure.web.servlet.WebDriverTestExecutionListener, org.springframework.boot.test.autoconfigure.webservices.client.MockWebServiceServerTestExecutionListener, org.springframework.boot.test.mock.mockito.MockitoTestExecutionListener, org.springframework.boot.test.mock.mockito.ResetMocksTestExecutionListener, org.springframework.test.context.web.ServletTestExecutionListener, org.springframework.test.context.support.DirtiesContextBeforeModesTestExecutionListener, org.springframework.test.context.event.ApplicationEventsTestExecutionListener, org.springframework.test.context.support.DependencyInjectionTestExecutionListener, org.springframework.test.context.support.DirtiesContextTestExecutionListener, org.springframework.test.context.transaction.TransactionalTestExecutionListener, org.springframework.test.context.jdbc.SqlScriptsTestExecutionListener, org.springframework.test.context.event.EventPublishingTestExecutionListener]
2024-07-15 18:30:37,710 [Test worker] INFO  o.s.t.c.s.DefaultTestContextBootstrapper - Using TestExecutionListeners: [org.springframework.test.context.web.ServletTestExecutionListener@1503f434, org.springframework.test.context.support.DirtiesContextBeforeModesTestExecutionListener@7c8cea05, org.springframework.test.context.event.ApplicationEventsTestExecutionListener@7af17d31, org.springframework.boot.test.mock.mockito.MockitoTestExecutionListener@40612056, org.springframework.test.context.support.DependencyInjectionTestExecutionListener@4a49ce3a, org.springframework.test.context.support.DirtiesContextTestExecutionListener@518ed9b4, org.springframework.test.context.transaction.TransactionalTestExecutionListener@20e73e41, org.springframework.test.context.jdbc.SqlScriptsTestExecutionListener@694dc99b, org.springframework.test.context.event.EventPublishingTestExecutionListener@6d71f296, org.springframework.boot.test.autoconfigure.restdocs.RestDocsTestExecutionListener@4a15d5f5, org.springframework.boot.test.autoconfigure.web.client.MockRestServiceServerResetTestExecutionListener@5319efc0, org.springframework.boot.test.autoconfigure.web.servlet.MockMvcPrintOnlyOnFailureTestExecutionListener@549fe529, org.springframework.boot.test.autoconfigure.web.servlet.WebDriverTestExecutionListener@3618486e, org.springframework.boot.test.autoconfigure.webservices.client.MockWebServiceServerTestExecutionListener@52c68925, org.springframework.boot.test.mock.mockito.ResetMocksTestExecutionListener@4ebd0b52]
]]></system-out>
  <system-err><![CDATA[]]></system-err>
</testsuite>
