<?xml version="1.0" encoding="UTF-8"?>
<testsuite name="lv.javaguru.travel.insurance.core.validations.calculate.agreement.AgreementCountryIsSupportedValidationTest" tests="2" skipped="0" failures="0" errors="0" timestamp="2024-06-23T16:36:51" hostname="DESKTOP-QKNTNJC" time="0.192">
  <properties/>
  <testcase name="correctCountry()" classname="lv.javaguru.travel.insurance.core.validations.calculate.agreement.AgreementCountryIsSupportedValidationTest" time="0.178"/>
  <testcase name="notExistingCountryTest()" classname="lv.javaguru.travel.insurance.core.validations.calculate.agreement.AgreementCountryIsSupportedValidationTest" time="0.013"/>
  <system-out><![CDATA[]]></system-out>
  <system-err><![CDATA[]]></system-err>
</testsuite>
