<?xml version="1.0" encoding="UTF-8"?>
<testsuite name="lv.javaguru.travel.insurance.core.validations.calculate.person.PersonFirstNameValidationTest" tests="3" skipped="0" failures="0" errors="0" timestamp="2024-06-23T16:37:05" hostname="DESKTOP-QKNTNJC" time="0.014">
  <properties/>
  <testcase name="nullPersonFirstNameTest()" classname="lv.javaguru.travel.insurance.core.validations.calculate.person.PersonFirstNameValidationTest" time="0.001"/>
  <testcase name="correctPersonFirstName()" classname="lv.javaguru.travel.insurance.core.validations.calculate.person.PersonFirstNameValidationTest" time="0.002"/>
  <testcase name="emptyPersonFirstNameTest()" classname="lv.javaguru.travel.insurance.core.validations.calculate.person.PersonFirstNameValidationTest" time="0.009"/>
  <system-out><![CDATA[]]></system-out>
  <system-err><![CDATA[]]></system-err>
</testsuite>
