<?xml version="1.0" encoding="UTF-8"?>
<testsuite name="lv.javaguru.travel.insurance.rest.controller_get_test.TravelGetAgreementControllerTestCase2" tests="1" skipped="0" failures="0" errors="0" timestamp="2024-06-23T16:37:13" hostname="DESKTOP-QKNTNJC" time="0.015">
  <properties/>
  <testcase name="execute()" classname="lv.javaguru.travel.insurance.rest.controller_get_test.TravelGetAgreementControllerTestCase2" time="0.015"/>
  <system-out><![CDATA[2024-06-23 19:37:13,294 [Test worker] INFO  o.s.b.t.c.SpringBootTestContextBootstrapper - Neither @ContextConfiguration nor @ContextHierarchy found for test class [lv.javaguru.travel.insurance.rest.controller_get_test.TravelGetAgreementControllerTestCase2], using SpringBootContextLoader
2024-06-23 19:37:13,296 [Test worker] INFO  o.s.t.c.s.AbstractContextLoader - Could not detect default resource locations for test class [lv.javaguru.travel.insurance.rest.controller_get_test.TravelGetAgreementControllerTestCase2]: no resource found for suffixes {-context.xml, Context.groovy}.
2024-06-23 19:37:13,296 [Test worker] INFO  o.s.t.c.s.AnnotationConfigContextLoaderUtils - Could not detect default configuration classes for test class [lv.javaguru.travel.insurance.rest.controller_get_test.TravelGetAgreementControllerTestCase2]: TravelGetAgreementControllerTestCase2 does not declare any static, non-private, non-final, nested classes annotated with @Configuration.
2024-06-23 19:37:13,301 [Test worker] INFO  o.s.b.t.c.SpringBootTestContextBootstrapper - Found @SpringBootConfiguration lv.javaguru.travel.insurance.InsuranceApplication for test class lv.javaguru.travel.insurance.rest.controller_get_test.TravelGetAgreementControllerTestCase2
2024-06-23 19:37:13,306 [Test worker] INFO  o.s.b.t.c.SpringBootTestContextBootstrapper - Loaded default TestExecutionListener class names from location [META-INF/spring.factories]: [org.springframework.boot.test.autoconfigure.restdocs.RestDocsTestExecutionListener, org.springframework.boot.test.autoconfigure.web.client.MockRestServiceServerResetTestExecutionListener, org.springframework.boot.test.autoconfigure.web.servlet.MockMvcPrintOnlyOnFailureTestExecutionListener, org.springframework.boot.test.autoconfigure.web.servlet.WebDriverTestExecutionListener, org.springframework.boot.test.autoconfigure.webservices.client.MockWebServiceServerTestExecutionListener, org.springframework.boot.test.mock.mockito.MockitoTestExecutionListener, org.springframework.boot.test.mock.mockito.ResetMocksTestExecutionListener, org.springframework.test.context.web.ServletTestExecutionListener, org.springframework.test.context.support.DirtiesContextBeforeModesTestExecutionListener, org.springframework.test.context.event.ApplicationEventsTestExecutionListener, org.springframework.test.context.support.DependencyInjectionTestExecutionListener, org.springframework.test.context.support.DirtiesContextTestExecutionListener, org.springframework.test.context.transaction.TransactionalTestExecutionListener, org.springframework.test.context.jdbc.SqlScriptsTestExecutionListener, org.springframework.test.context.event.EventPublishingTestExecutionListener]
2024-06-23 19:37:13,307 [Test worker] INFO  o.s.b.t.c.SpringBootTestContextBootstrapper - Using TestExecutionListeners: [org.springframework.test.context.web.ServletTestExecutionListener@77ea06bb, org.springframework.test.context.support.DirtiesContextBeforeModesTestExecutionListener@1e64a724, org.springframework.test.context.event.ApplicationEventsTestExecutionListener@7a76e1b9, org.springframework.boot.test.mock.mockito.MockitoTestExecutionListener@5708b827, org.springframework.boot.test.autoconfigure.SpringBootDependencyInjectionTestExecutionListener@70f0a3a3, org.springframework.test.context.support.DirtiesContextTestExecutionListener@4b16671e, org.springframework.test.context.transaction.TransactionalTestExecutionListener@6203cec, org.springframework.test.context.jdbc.SqlScriptsTestExecutionListener@147b758f, org.springframework.test.context.event.EventPublishingTestExecutionListener@61e33118, org.springframework.boot.test.autoconfigure.restdocs.RestDocsTestExecutionListener@193594ad, org.springframework.boot.test.autoconfigure.web.client.MockRestServiceServerResetTestExecutionListener@1ef50c3b, org.springframework.boot.test.autoconfigure.web.servlet.MockMvcPrintOnlyOnFailureTestExecutionListener@516dd567, org.springframework.boot.test.autoconfigure.web.servlet.WebDriverTestExecutionListener@29fe45a3, org.springframework.boot.test.autoconfigure.webservices.client.MockWebServiceServerTestExecutionListener@1cdb3ccd, org.springframework.boot.test.mock.mockito.ResetMocksTestExecutionListener@2af97fb9]
Hibernate: select agreemente0_.id as id1_1_, agreemente0_.cost as cost2_1_, agreemente0_.country as country3_1_, agreemente0_.date_from as date_fro4_1_, agreemente0_.date_to as date_to5_1_, agreemente0_.premium as premium6_1_, agreemente0_.uuid as uuid7_1_ from agreements agreemente0_ where agreemente0_.uuid=?
]]></system-out>
  <system-err><![CDATA[]]></system-err>
</testsuite>
