<?xml version="1.0" encoding="UTF-8"?>
<testsuite name="lv.javaguru.travel.insurance.core.validations.calculate.person.PersonFirstNameValidationTest" tests="3" skipped="0" failures="0" errors="0" timestamp="2024-07-15T15:30:52" hostname="DESKTOP-QKNTNJC" time="0.037">
  <properties/>
  <testcase name="nullPersonFirstNameTest()" classname="lv.javaguru.travel.insurance.core.validations.calculate.person.PersonFirstNameValidationTest" time="0.003"/>
  <testcase name="correctPersonFirstName()" classname="lv.javaguru.travel.insurance.core.validations.calculate.person.PersonFirstNameValidationTest" time="0.027"/>
  <testcase name="emptyPersonFirstNameTest()" classname="lv.javaguru.travel.insurance.core.validations.calculate.person.PersonFirstNameValidationTest" time="0.005"/>
  <system-out><![CDATA[]]></system-out>
  <system-err><![CDATA[]]></system-err>
</testsuite>
