<?xml version="1.0" encoding="UTF-8"?>
<testsuite name="lv.javaguru.travel.insurance.core.underwriting.TravelUnderwritingImplTest" tests="1" skipped="0" failures="0" errors="0" timestamp="2024-07-15T15:30:37" hostname="DESKTOP-QKNTNJC" time="0.007">
  <properties/>
  <testcase name="calculatePremiumTest()" classname="lv.javaguru.travel.insurance.core.underwriting.TravelUnderwritingImplTest" time="0.007"/>
  <system-out><![CDATA[2024-07-15 18:30:37,142 [Test worker] INFO  o.s.t.c.s.DefaultTestContextBootstrapper - Neither @ContextConfiguration nor @ContextHierarchy found for test class [lv.javaguru.travel.insurance.core.underwriting.TravelUnderwritingImplTest], using DelegatingSmartContextLoader
2024-07-15 18:30:37,144 [Test worker] INFO  o.s.t.c.s.AbstractContextLoader - Could not detect default resource locations for test class [lv.javaguru.travel.insurance.core.underwriting.TravelUnderwritingImplTest]: no resource found for suffixes {-context.xml}.
2024-07-15 18:30:37,145 [Test worker] INFO  o.s.t.c.s.AnnotationConfigContextLoaderUtils - Could not detect default configuration classes for test class [lv.javaguru.travel.insurance.core.underwriting.TravelUnderwritingImplTest]: TravelUnderwritingImplTest does not declare any static, non-private, non-final, nested classes annotated with @Configuration.
2024-07-15 18:30:37,146 [Test worker] INFO  o.s.t.c.s.DefaultTestContextBootstrapper - Loaded default TestExecutionListener class names from location [META-INF/spring.factories]: [org.springframework.boot.test.autoconfigure.restdocs.RestDocsTestExecutionListener, org.springframework.boot.test.autoconfigure.web.client.MockRestServiceServerResetTestExecutionListener, org.springframework.boot.test.autoconfigure.web.servlet.MockMvcPrintOnlyOnFailureTestExecutionListener, org.springframework.boot.test.autoconfigure.web.servlet.WebDriverTestExecutionListener, org.springframework.boot.test.autoconfigure.webservices.client.MockWebServiceServerTestExecutionListener, org.springframework.boot.test.mock.mockito.MockitoTestExecutionListener, org.springframework.boot.test.mock.mockito.ResetMocksTestExecutionListener, org.springframework.test.context.web.ServletTestExecutionListener, org.springframework.test.context.support.DirtiesContextBeforeModesTestExecutionListener, org.springframework.test.context.event.ApplicationEventsTestExecutionListener, org.springframework.test.context.support.DependencyInjectionTestExecutionListener, org.springframework.test.context.support.DirtiesContextTestExecutionListener, org.springframework.test.context.transaction.TransactionalTestExecutionListener, org.springframework.test.context.jdbc.SqlScriptsTestExecutionListener, org.springframework.test.context.event.EventPublishingTestExecutionListener]
2024-07-15 18:30:37,149 [Test worker] INFO  o.s.t.c.s.DefaultTestContextBootstrapper - Using TestExecutionListeners: [org.springframework.test.context.web.ServletTestExecutionListener@62cf873a, org.springframework.test.context.support.DirtiesContextBeforeModesTestExecutionListener@21b3d356, org.springframework.test.context.event.ApplicationEventsTestExecutionListener@294b045b, org.springframework.boot.test.mock.mockito.MockitoTestExecutionListener@285ac29, org.springframework.test.context.support.DependencyInjectionTestExecutionListener@1ced1d14, org.springframework.test.context.support.DirtiesContextTestExecutionListener@237b54bc, org.springframework.test.context.transaction.TransactionalTestExecutionListener@5263f554, org.springframework.test.context.jdbc.SqlScriptsTestExecutionListener@7d28efd5, org.springframework.test.context.event.EventPublishingTestExecutionListener@95958d9, org.springframework.boot.test.autoconfigure.restdocs.RestDocsTestExecutionListener@70fe33fa, org.springframework.boot.test.autoconfigure.web.client.MockRestServiceServerResetTestExecutionListener@3dfaa1e4, org.springframework.boot.test.autoconfigure.web.servlet.MockMvcPrintOnlyOnFailureTestExecutionListener@796a7c9, org.springframework.boot.test.autoconfigure.web.servlet.WebDriverTestExecutionListener@44cab872, org.springframework.boot.test.autoconfigure.webservices.client.MockWebServiceServerTestExecutionListener@452a32f2, org.springframework.boot.test.mock.mockito.ResetMocksTestExecutionListener@2db75e32]
]]></system-out>
  <system-err><![CDATA[]]></system-err>
</testsuite>
