<?xml version="1.0" encoding="UTF-8"?>
<testsuite name="lv.javaguru.travel.insurance.core.underwriting.calculators.medical.TravelCalculateMedicalDayCountTest" tests="2" skipped="0" failures="0" errors="0" timestamp="2024-06-23T16:36:49" hostname="DESKTOP-QKNTNJC" time="0.024">
  <properties/>
  <testcase name="calculatorMedicalDayCountTest()" classname="lv.javaguru.travel.insurance.core.underwriting.calculators.medical.TravelCalculateMedicalDayCountTest" time="0.015"/>
  <testcase name="calculatorMedicalDayCountIntegrationTest()" classname="lv.javaguru.travel.insurance.core.underwriting.calculators.medical.TravelCalculateMedicalDayCountTest" time="0.005"/>
  <system-out><![CDATA[2024-06-23 19:36:49,944 [Test worker] INFO  o.s.t.c.s.DefaultTestContextBootstrapper - Neither @ContextConfiguration nor @ContextHierarchy found for test class [lv.javaguru.travel.insurance.core.underwriting.calculators.medical.TravelCalculateMedicalDayCountTest], using DelegatingSmartContextLoader
2024-06-23 19:36:49,946 [Test worker] INFO  o.s.t.c.s.AbstractContextLoader - Could not detect default resource locations for test class [lv.javaguru.travel.insurance.core.underwriting.calculators.medical.TravelCalculateMedicalDayCountTest]: no resource found for suffixes {-context.xml}.
2024-06-23 19:36:49,946 [Test worker] INFO  o.s.t.c.s.AnnotationConfigContextLoaderUtils - Could not detect default configuration classes for test class [lv.javaguru.travel.insurance.core.underwriting.calculators.medical.TravelCalculateMedicalDayCountTest]: TravelCalculateMedicalDayCountTest does not declare any static, non-private, non-final, nested classes annotated with @Configuration.
2024-06-23 19:36:49,947 [Test worker] INFO  o.s.t.c.s.DefaultTestContextBootstrapper - Loaded default TestExecutionListener class names from location [META-INF/spring.factories]: [org.springframework.boot.test.autoconfigure.restdocs.RestDocsTestExecutionListener, org.springframework.boot.test.autoconfigure.web.client.MockRestServiceServerResetTestExecutionListener, org.springframework.boot.test.autoconfigure.web.servlet.MockMvcPrintOnlyOnFailureTestExecutionListener, org.springframework.boot.test.autoconfigure.web.servlet.WebDriverTestExecutionListener, org.springframework.boot.test.autoconfigure.webservices.client.MockWebServiceServerTestExecutionListener, org.springframework.boot.test.mock.mockito.MockitoTestExecutionListener, org.springframework.boot.test.mock.mockito.ResetMocksTestExecutionListener, org.springframework.test.context.web.ServletTestExecutionListener, org.springframework.test.context.support.DirtiesContextBeforeModesTestExecutionListener, org.springframework.test.context.event.ApplicationEventsTestExecutionListener, org.springframework.test.context.support.DependencyInjectionTestExecutionListener, org.springframework.test.context.support.DirtiesContextTestExecutionListener, org.springframework.test.context.transaction.TransactionalTestExecutionListener, org.springframework.test.context.jdbc.SqlScriptsTestExecutionListener, org.springframework.test.context.event.EventPublishingTestExecutionListener]
2024-06-23 19:36:49,947 [Test worker] INFO  o.s.t.c.s.DefaultTestContextBootstrapper - Using TestExecutionListeners: [org.springframework.test.context.web.ServletTestExecutionListener@4d408746, org.springframework.test.context.support.DirtiesContextBeforeModesTestExecutionListener@6ae55678, org.springframework.test.context.event.ApplicationEventsTestExecutionListener@4bc75792, org.springframework.boot.test.mock.mockito.MockitoTestExecutionListener@2a0d8df8, org.springframework.test.context.support.DependencyInjectionTestExecutionListener@63be4548, org.springframework.test.context.support.DirtiesContextTestExecutionListener@232899d1, org.springframework.test.context.transaction.TransactionalTestExecutionListener@522221e1, org.springframework.test.context.jdbc.SqlScriptsTestExecutionListener@14060410, org.springframework.test.context.event.EventPublishingTestExecutionListener@58397dd, org.springframework.boot.test.autoconfigure.restdocs.RestDocsTestExecutionListener@620260ad, org.springframework.boot.test.autoconfigure.web.client.MockRestServiceServerResetTestExecutionListener@216c6825, org.springframework.boot.test.autoconfigure.web.servlet.MockMvcPrintOnlyOnFailureTestExecutionListener@56ece9c, org.springframework.boot.test.autoconfigure.web.servlet.WebDriverTestExecutionListener@1c4a8c93, org.springframework.boot.test.autoconfigure.webservices.client.MockWebServiceServerTestExecutionListener@6d3c80bf, org.springframework.boot.test.mock.mockito.ResetMocksTestExecutionListener@2f53e07d]
]]></system-out>
  <system-err><![CDATA[]]></system-err>
</testsuite>
