<?xml version="1.0" encoding="UTF-8"?>
<testsuite name="lv.javaguru.travel.insurance.core.validations.calculate.person.PersonMedicalStatusValidationTest" tests="5" skipped="0" failures="0" errors="0" timestamp="2024-07-15T15:30:52" hostname="DESKTOP-QKNTNJC" time="0.041">
  <properties/>
  <testcase name="correctStatusWithEvacuationRiskTest()" classname="lv.javaguru.travel.insurance.core.validations.calculate.person.PersonMedicalStatusValidationTest" time="0.006"/>
  <testcase name="StatusIsNullEvacuationRiskTest()" classname="lv.javaguru.travel.insurance.core.validations.calculate.person.PersonMedicalStatusValidationTest" time="0.015"/>
  <testcase name="StatusIsNullCancellationRiskTest()" classname="lv.javaguru.travel.insurance.core.validations.calculate.person.PersonMedicalStatusValidationTest" time="0.005"/>
  <testcase name="SelectedRisksIsNullEvacuationRiskTest()" classname="lv.javaguru.travel.insurance.core.validations.calculate.person.PersonMedicalStatusValidationTest" time="0.004"/>
  <testcase name="PersonIsNullEvacuationRiskTest()" classname="lv.javaguru.travel.insurance.core.validations.calculate.person.PersonMedicalStatusValidationTest" time="0.003"/>
  <system-out><![CDATA[2024-07-15 18:30:52,917 [Test worker] INFO  o.s.t.c.s.DefaultTestContextBootstrapper - Neither @ContextConfiguration nor @ContextHierarchy found for test class [lv.javaguru.travel.insurance.core.validations.calculate.person.PersonMedicalStatusValidationTest], using DelegatingSmartContextLoader
2024-07-15 18:30:52,917 [Test worker] INFO  o.s.t.c.s.AbstractContextLoader - Could not detect default resource locations for test class [lv.javaguru.travel.insurance.core.validations.calculate.person.PersonMedicalStatusValidationTest]: no resource found for suffixes {-context.xml}.
2024-07-15 18:30:52,918 [Test worker] INFO  o.s.t.c.s.AnnotationConfigContextLoaderUtils - Could not detect default configuration classes for test class [lv.javaguru.travel.insurance.core.validations.calculate.person.PersonMedicalStatusValidationTest]: PersonMedicalStatusValidationTest does not declare any static, non-private, non-final, nested classes annotated with @Configuration.
2024-07-15 18:30:52,918 [Test worker] INFO  o.s.t.c.s.DefaultTestContextBootstrapper - Loaded default TestExecutionListener class names from location [META-INF/spring.factories]: [org.springframework.boot.test.autoconfigure.restdocs.RestDocsTestExecutionListener, org.springframework.boot.test.autoconfigure.web.client.MockRestServiceServerResetTestExecutionListener, org.springframework.boot.test.autoconfigure.web.servlet.MockMvcPrintOnlyOnFailureTestExecutionListener, org.springframework.boot.test.autoconfigure.web.servlet.WebDriverTestExecutionListener, org.springframework.boot.test.autoconfigure.webservices.client.MockWebServiceServerTestExecutionListener, org.springframework.boot.test.mock.mockito.MockitoTestExecutionListener, org.springframework.boot.test.mock.mockito.ResetMocksTestExecutionListener, org.springframework.test.context.web.ServletTestExecutionListener, org.springframework.test.context.support.DirtiesContextBeforeModesTestExecutionListener, org.springframework.test.context.event.ApplicationEventsTestExecutionListener, org.springframework.test.context.support.DependencyInjectionTestExecutionListener, org.springframework.test.context.support.DirtiesContextTestExecutionListener, org.springframework.test.context.transaction.TransactionalTestExecutionListener, org.springframework.test.context.jdbc.SqlScriptsTestExecutionListener, org.springframework.test.context.event.EventPublishingTestExecutionListener]
2024-07-15 18:30:52,918 [Test worker] INFO  o.s.t.c.s.DefaultTestContextBootstrapper - Using TestExecutionListeners: [org.springframework.test.context.web.ServletTestExecutionListener@65fd3ebe, org.springframework.test.context.support.DirtiesContextBeforeModesTestExecutionListener@63cf0da6, org.springframework.test.context.event.ApplicationEventsTestExecutionListener@60f3813e, org.springframework.boot.test.mock.mockito.MockitoTestExecutionListener@8292c6a, org.springframework.test.context.support.DependencyInjectionTestExecutionListener@4adfb1f, org.springframework.test.context.support.DirtiesContextTestExecutionListener@1f146411, org.springframework.test.context.transaction.TransactionalTestExecutionListener@6392ecbc, org.springframework.test.context.jdbc.SqlScriptsTestExecutionListener@2219d6d8, org.springframework.test.context.event.EventPublishingTestExecutionListener@4907b487, org.springframework.boot.test.autoconfigure.restdocs.RestDocsTestExecutionListener@758f755a, org.springframework.boot.test.autoconfigure.web.client.MockRestServiceServerResetTestExecutionListener@18c805b, org.springframework.boot.test.autoconfigure.web.servlet.MockMvcPrintOnlyOnFailureTestExecutionListener@6d4f29a4, org.springframework.boot.test.autoconfigure.web.servlet.WebDriverTestExecutionListener@19181b06, org.springframework.boot.test.autoconfigure.webservices.client.MockWebServiceServerTestExecutionListener@173398da, org.springframework.boot.test.mock.mockito.ResetMocksTestExecutionListener@72584c3f]
]]></system-out>
  <system-err><![CDATA[]]></system-err>
</testsuite>
