<?xml version="1.0" encoding="UTF-8"?>
<testsuite name="lv.javaguru.travel.insurance.core.validations.get.CorrectUUIDValidationTest" tests="6" skipped="0" failures="0" errors="0" timestamp="2024-07-15T15:30:53" hostname="DESKTOP-QKNTNJC" time="0.092">
  <properties/>
  <testcase name="UUIDIsNull()" classname="lv.javaguru.travel.insurance.core.validations.get.CorrectUUIDValidationTest" time="0.005"/>
  <testcase name="veryShortUUID()" classname="lv.javaguru.travel.insurance.core.validations.get.CorrectUUIDValidationTest" time="0.019"/>
  <testcase name="invalidUUID()" classname="lv.javaguru.travel.insurance.core.validations.get.CorrectUUIDValidationTest" time="0.005"/>
  <testcase name="UUIDWithInvalidChar()" classname="lv.javaguru.travel.insurance.core.validations.get.CorrectUUIDValidationTest" time="0.008"/>
  <testcase name="UUIDWithoutHyphens()" classname="lv.javaguru.travel.insurance.core.validations.get.CorrectUUIDValidationTest" time="0.005"/>
  <testcase name="correctUUID()" classname="lv.javaguru.travel.insurance.core.validations.get.CorrectUUIDValidationTest" time="0.005"/>
  <system-out><![CDATA[2024-07-15 18:30:52,969 [Test worker] INFO  o.s.t.c.s.DefaultTestContextBootstrapper - Neither @ContextConfiguration nor @ContextHierarchy found for test class [lv.javaguru.travel.insurance.core.validations.get.CorrectUUIDValidationTest], using DelegatingSmartContextLoader
2024-07-15 18:30:52,970 [Test worker] INFO  o.s.t.c.s.AbstractContextLoader - Could not detect default resource locations for test class [lv.javaguru.travel.insurance.core.validations.get.CorrectUUIDValidationTest]: no resource found for suffixes {-context.xml}.
2024-07-15 18:30:52,970 [Test worker] INFO  o.s.t.c.s.AnnotationConfigContextLoaderUtils - Could not detect default configuration classes for test class [lv.javaguru.travel.insurance.core.validations.get.CorrectUUIDValidationTest]: CorrectUUIDValidationTest does not declare any static, non-private, non-final, nested classes annotated with @Configuration.
2024-07-15 18:30:52,970 [Test worker] INFO  o.s.t.c.s.DefaultTestContextBootstrapper - Loaded default TestExecutionListener class names from location [META-INF/spring.factories]: [org.springframework.boot.test.autoconfigure.restdocs.RestDocsTestExecutionListener, org.springframework.boot.test.autoconfigure.web.client.MockRestServiceServerResetTestExecutionListener, org.springframework.boot.test.autoconfigure.web.servlet.MockMvcPrintOnlyOnFailureTestExecutionListener, org.springframework.boot.test.autoconfigure.web.servlet.WebDriverTestExecutionListener, org.springframework.boot.test.autoconfigure.webservices.client.MockWebServiceServerTestExecutionListener, org.springframework.boot.test.mock.mockito.MockitoTestExecutionListener, org.springframework.boot.test.mock.mockito.ResetMocksTestExecutionListener, org.springframework.test.context.web.ServletTestExecutionListener, org.springframework.test.context.support.DirtiesContextBeforeModesTestExecutionListener, org.springframework.test.context.event.ApplicationEventsTestExecutionListener, org.springframework.test.context.support.DependencyInjectionTestExecutionListener, org.springframework.test.context.support.DirtiesContextTestExecutionListener, org.springframework.test.context.transaction.TransactionalTestExecutionListener, org.springframework.test.context.jdbc.SqlScriptsTestExecutionListener, org.springframework.test.context.event.EventPublishingTestExecutionListener]
2024-07-15 18:30:52,971 [Test worker] INFO  o.s.t.c.s.DefaultTestContextBootstrapper - Using TestExecutionListeners: [org.springframework.test.context.web.ServletTestExecutionListener@6ee7c941, org.springframework.test.context.support.DirtiesContextBeforeModesTestExecutionListener@6ebdd981, org.springframework.test.context.event.ApplicationEventsTestExecutionListener@5ecd22e7, org.springframework.boot.test.mock.mockito.MockitoTestExecutionListener@4b2be6f8, org.springframework.test.context.support.DependencyInjectionTestExecutionListener@1bd6831d, org.springframework.test.context.support.DirtiesContextTestExecutionListener@1b272037, org.springframework.test.context.transaction.TransactionalTestExecutionListener@2c4af3ae, org.springframework.test.context.jdbc.SqlScriptsTestExecutionListener@3842ccf9, org.springframework.test.context.event.EventPublishingTestExecutionListener@17236e87, org.springframework.boot.test.autoconfigure.restdocs.RestDocsTestExecutionListener@35a7c2cc, org.springframework.boot.test.autoconfigure.web.client.MockRestServiceServerResetTestExecutionListener@4e0b9055, org.springframework.boot.test.autoconfigure.web.servlet.MockMvcPrintOnlyOnFailureTestExecutionListener@6000b869, org.springframework.boot.test.autoconfigure.web.servlet.WebDriverTestExecutionListener@6cdbb5b8, org.springframework.boot.test.autoconfigure.webservices.client.MockWebServiceServerTestExecutionListener@6761bb4d, org.springframework.boot.test.mock.mockito.ResetMocksTestExecutionListener@75fa16cc]
]]></system-out>
  <system-err><![CDATA[]]></system-err>
</testsuite>
