<?xml version="1.0" encoding="UTF-8"?>
<testsuite name="lv.javaguru.travel.insurance.core.underwriting.calculators.TravelRiskPremiumCalculatorEvacuationTest" tests="1" skipped="0" failures="0" errors="0" timestamp="2024-07-15T15:30:37" hostname="DESKTOP-QKNTNJC" time="0.01">
  <properties/>
  <testcase name="calculatePremiumIntegrationTest()" classname="lv.javaguru.travel.insurance.core.underwriting.calculators.TravelRiskPremiumCalculatorEvacuationTest" time="0.01"/>
  <system-out><![CDATA[2024-07-15 18:30:37,507 [Test worker] INFO  o.s.t.c.s.DefaultTestContextBootstrapper - Neither @ContextConfiguration nor @ContextHierarchy found for test class [lv.javaguru.travel.insurance.core.underwriting.calculators.TravelRiskPremiumCalculatorEvacuationTest], using DelegatingSmartContextLoader
2024-07-15 18:30:37,507 [Test worker] INFO  o.s.t.c.s.AbstractContextLoader - Could not detect default resource locations for test class [lv.javaguru.travel.insurance.core.underwriting.calculators.TravelRiskPremiumCalculatorEvacuationTest]: no resource found for suffixes {-context.xml}.
2024-07-15 18:30:37,507 [Test worker] INFO  o.s.t.c.s.AnnotationConfigContextLoaderUtils - Could not detect default configuration classes for test class [lv.javaguru.travel.insurance.core.underwriting.calculators.TravelRiskPremiumCalculatorEvacuationTest]: TravelRiskPremiumCalculatorEvacuationTest does not declare any static, non-private, non-final, nested classes annotated with @Configuration.
2024-07-15 18:30:37,508 [Test worker] INFO  o.s.t.c.s.DefaultTestContextBootstrapper - Loaded default TestExecutionListener class names from location [META-INF/spring.factories]: [org.springframework.boot.test.autoconfigure.restdocs.RestDocsTestExecutionListener, org.springframework.boot.test.autoconfigure.web.client.MockRestServiceServerResetTestExecutionListener, org.springframework.boot.test.autoconfigure.web.servlet.MockMvcPrintOnlyOnFailureTestExecutionListener, org.springframework.boot.test.autoconfigure.web.servlet.WebDriverTestExecutionListener, org.springframework.boot.test.autoconfigure.webservices.client.MockWebServiceServerTestExecutionListener, org.springframework.boot.test.mock.mockito.MockitoTestExecutionListener, org.springframework.boot.test.mock.mockito.ResetMocksTestExecutionListener, org.springframework.test.context.web.ServletTestExecutionListener, org.springframework.test.context.support.DirtiesContextBeforeModesTestExecutionListener, org.springframework.test.context.event.ApplicationEventsTestExecutionListener, org.springframework.test.context.support.DependencyInjectionTestExecutionListener, org.springframework.test.context.support.DirtiesContextTestExecutionListener, org.springframework.test.context.transaction.TransactionalTestExecutionListener, org.springframework.test.context.jdbc.SqlScriptsTestExecutionListener, org.springframework.test.context.event.EventPublishingTestExecutionListener]
2024-07-15 18:30:37,508 [Test worker] INFO  o.s.t.c.s.DefaultTestContextBootstrapper - Using TestExecutionListeners: [org.springframework.test.context.web.ServletTestExecutionListener@fe38d1e, org.springframework.test.context.support.DirtiesContextBeforeModesTestExecutionListener@1a4564a2, org.springframework.test.context.event.ApplicationEventsTestExecutionListener@157267db, org.springframework.boot.test.mock.mockito.MockitoTestExecutionListener@4b8ac512, org.springframework.test.context.support.DependencyInjectionTestExecutionListener@58922a00, org.springframework.test.context.support.DirtiesContextTestExecutionListener@69c335c4, org.springframework.test.context.transaction.TransactionalTestExecutionListener@6f09cb98, org.springframework.test.context.jdbc.SqlScriptsTestExecutionListener@7236213e, org.springframework.test.context.event.EventPublishingTestExecutionListener@3b3dc752, org.springframework.boot.test.autoconfigure.restdocs.RestDocsTestExecutionListener@4b20a8e4, org.springframework.boot.test.autoconfigure.web.client.MockRestServiceServerResetTestExecutionListener@6ad4ef13, org.springframework.boot.test.autoconfigure.web.servlet.MockMvcPrintOnlyOnFailureTestExecutionListener@29280ca6, org.springframework.boot.test.autoconfigure.web.servlet.WebDriverTestExecutionListener@7c7a4986, org.springframework.boot.test.autoconfigure.webservices.client.MockWebServiceServerTestExecutionListener@32d3b965, org.springframework.boot.test.mock.mockito.ResetMocksTestExecutionListener@7fb2645b]
]]></system-out>
  <system-err><![CDATA[]]></system-err>
</testsuite>
