<?xml version="1.0" encoding="UTF-8"?>
<testsuite name="lv.javaguru.travel.insurance.rest.controller_v1_test.agreement_error.country.V1AgreementCountryTest" tests="4" skipped="0" failures="0" errors="0" timestamp="2024-07-15T15:31:00" hostname="DESKTOP-QKNTNJC" time="0.237">
  <properties/>
  <testcase name="Country is empty. TM" classname="lv.javaguru.travel.insurance.rest.controller_v1_test.agreement_error.country.V1AgreementCountryTest" time="0.066"/>
  <testcase name="Country is null. TM" classname="lv.javaguru.travel.insurance.rest.controller_v1_test.agreement_error.country.V1AgreementCountryTest" time="0.049"/>
  <testcase name="Country is null. TE" classname="lv.javaguru.travel.insurance.rest.controller_v1_test.agreement_error.country.V1AgreementCountryTest" time="0.053"/>
  <testcase name="Country is empty. TE" classname="lv.javaguru.travel.insurance.rest.controller_v1_test.agreement_error.country.V1AgreementCountryTest" time="0.06"/>
  <system-out><![CDATA[2024-07-15 18:31:00,197 [Test worker] INFO  o.s.b.t.c.SpringBootTestContextBootstrapper - Neither @ContextConfiguration nor @ContextHierarchy found for test class [lv.javaguru.travel.insurance.rest.controller_v1_test.agreement_error.country.V1AgreementCountryTest], using SpringBootContextLoader
2024-07-15 18:31:00,203 [Test worker] INFO  o.s.t.c.s.AbstractContextLoader - Could not detect default resource locations for test class [lv.javaguru.travel.insurance.rest.controller_v1_test.agreement_error.country.V1AgreementCountryTest]: no resource found for suffixes {-context.xml, Context.groovy}.
2024-07-15 18:31:00,204 [Test worker] INFO  o.s.t.c.s.AnnotationConfigContextLoaderUtils - Could not detect default configuration classes for test class [lv.javaguru.travel.insurance.rest.controller_v1_test.agreement_error.country.V1AgreementCountryTest]: V1AgreementCountryTest does not declare any static, non-private, non-final, nested classes annotated with @Configuration.
2024-07-15 18:31:00,221 [Test worker] INFO  o.s.b.t.c.SpringBootTestContextBootstrapper - Found @SpringBootConfiguration lv.javaguru.travel.insurance.InsuranceApplication for test class lv.javaguru.travel.insurance.rest.controller_v1_test.agreement_error.country.V1AgreementCountryTest
2024-07-15 18:31:00,224 [Test worker] INFO  o.s.b.t.c.SpringBootTestContextBootstrapper - Loaded default TestExecutionListener class names from location [META-INF/spring.factories]: [org.springframework.boot.test.autoconfigure.restdocs.RestDocsTestExecutionListener, org.springframework.boot.test.autoconfigure.web.client.MockRestServiceServerResetTestExecutionListener, org.springframework.boot.test.autoconfigure.web.servlet.MockMvcPrintOnlyOnFailureTestExecutionListener, org.springframework.boot.test.autoconfigure.web.servlet.WebDriverTestExecutionListener, org.springframework.boot.test.autoconfigure.webservices.client.MockWebServiceServerTestExecutionListener, org.springframework.boot.test.mock.mockito.MockitoTestExecutionListener, org.springframework.boot.test.mock.mockito.ResetMocksTestExecutionListener, org.springframework.test.context.web.ServletTestExecutionListener, org.springframework.test.context.support.DirtiesContextBeforeModesTestExecutionListener, org.springframework.test.context.event.ApplicationEventsTestExecutionListener, org.springframework.test.context.support.DependencyInjectionTestExecutionListener, org.springframework.test.context.support.DirtiesContextTestExecutionListener, org.springframework.test.context.transaction.TransactionalTestExecutionListener, org.springframework.test.context.jdbc.SqlScriptsTestExecutionListener, org.springframework.test.context.event.EventPublishingTestExecutionListener]
2024-07-15 18:31:00,226 [Test worker] INFO  o.s.b.t.c.SpringBootTestContextBootstrapper - Using TestExecutionListeners: [org.springframework.test.context.web.ServletTestExecutionListener@6087f264, org.springframework.test.context.support.DirtiesContextBeforeModesTestExecutionListener@584d9b19, org.springframework.test.context.event.ApplicationEventsTestExecutionListener@2d980dc3, org.springframework.boot.test.mock.mockito.MockitoTestExecutionListener@281edf6b, org.springframework.boot.test.autoconfigure.SpringBootDependencyInjectionTestExecutionListener@77d50cde, org.springframework.test.context.support.DirtiesContextTestExecutionListener@4374c46e, org.springframework.test.context.transaction.TransactionalTestExecutionListener@2eef2fd6, org.springframework.test.context.jdbc.SqlScriptsTestExecutionListener@705448e7, org.springframework.test.context.event.EventPublishingTestExecutionListener@2f3809cf, org.springframework.boot.test.autoconfigure.restdocs.RestDocsTestExecutionListener@4a8afff2, org.springframework.boot.test.autoconfigure.web.client.MockRestServiceServerResetTestExecutionListener@1d4cf8ea, org.springframework.boot.test.autoconfigure.web.servlet.MockMvcPrintOnlyOnFailureTestExecutionListener@4f8d98d4, org.springframework.boot.test.autoconfigure.web.servlet.WebDriverTestExecutionListener@2094869b, org.springframework.boot.test.autoconfigure.webservices.client.MockWebServiceServerTestExecutionListener@3dfc8814, org.springframework.boot.test.mock.mockito.ResetMocksTestExecutionListener@470dbce9]
Hibernate: select classifier0_.id as id1_2_, classifier0_.classifier_id as classifi4_2_, classifier0_.description as descript2_2_, classifier0_.ic as ic3_2_ from classifier_values classifier0_ left outer join classifiers classifier1_ on classifier0_.classifier_id=classifier1_.id where classifier1_.title=? and classifier0_.ic=?
Hibernate: select classifier0_.id as id1_3_0_, classifier0_.description as descript2_3_0_, classifier0_.title as title3_3_0_ from classifiers classifier0_ where classifier0_.id=?
Hibernate: select classifier0_.id as id1_2_, classifier0_.classifier_id as classifi4_2_, classifier0_.description as descript2_2_, classifier0_.ic as ic3_2_ from classifier_values classifier0_ left outer join classifiers classifier1_ on classifier0_.classifier_id=classifier1_.id where classifier1_.title=? and classifier0_.ic=?
Hibernate: select classifier0_.id as id1_3_0_, classifier0_.description as descript2_3_0_, classifier0_.title as title3_3_0_ from classifiers classifier0_ where classifier0_.id=?
2024-07-15 18:31:00,258 [Test worker] INFO  l.j.t.i.r.c.TravelCalculatePremiumRequestExecutionTimeLogger - Request processing time (ms): 16
Hibernate: select classifier0_.id as id1_2_, classifier0_.classifier_id as classifi4_2_, classifier0_.description as descript2_2_, classifier0_.ic as ic3_2_ from classifier_values classifier0_ left outer join classifiers classifier1_ on classifier0_.classifier_id=classifier1_.id where classifier1_.title=? and classifier0_.ic=?
Hibernate: select classifier0_.id as id1_3_0_, classifier0_.description as descript2_3_0_, classifier0_.title as title3_3_0_ from classifiers classifier0_ where classifier0_.id=?
Hibernate: select classifier0_.id as id1_2_, classifier0_.classifier_id as classifi4_2_, classifier0_.description as descript2_2_, classifier0_.ic as ic3_2_ from classifier_values classifier0_ left outer join classifiers classifier1_ on classifier0_.classifier_id=classifier1_.id where classifier1_.title=? and classifier0_.ic=?
Hibernate: select classifier0_.id as id1_3_0_, classifier0_.description as descript2_3_0_, classifier0_.title as title3_3_0_ from classifiers classifier0_ where classifier0_.id=?
2024-07-15 18:31:00,344 [Test worker] INFO  l.j.t.i.r.c.TravelCalculatePremiumRequestExecutionTimeLogger - Request processing time (ms): 15
Hibernate: select classifier0_.id as id1_2_, classifier0_.classifier_id as classifi4_2_, classifier0_.description as descript2_2_, classifier0_.ic as ic3_2_ from classifier_values classifier0_ left outer join classifiers classifier1_ on classifier0_.classifier_id=classifier1_.id where classifier1_.title=? and classifier0_.ic=?
Hibernate: select classifier0_.id as id1_2_, classifier0_.classifier_id as classifi4_2_, classifier0_.description as descript2_2_, classifier0_.ic as ic3_2_ from classifier_values classifier0_ left outer join classifiers classifier1_ on classifier0_.classifier_id=classifier1_.id where classifier1_.title=? and classifier0_.ic=?
Hibernate: select classifier0_.id as id1_3_0_, classifier0_.description as descript2_3_0_, classifier0_.title as title3_3_0_ from classifiers classifier0_ where classifier0_.id=?
Hibernate: select classifier0_.id as id1_2_, classifier0_.classifier_id as classifi4_2_, classifier0_.description as descript2_2_, classifier0_.ic as ic3_2_ from classifier_values classifier0_ left outer join classifiers classifier1_ on classifier0_.classifier_id=classifier1_.id where classifier1_.title=? and classifier0_.ic=?
Hibernate: select classifier0_.id as id1_3_0_, classifier0_.description as descript2_3_0_, classifier0_.title as title3_3_0_ from classifiers classifier0_ where classifier0_.id=?
2024-07-15 18:31:00,386 [Test worker] INFO  l.j.t.i.r.c.TravelCalculatePremiumRequestExecutionTimeLogger - Request processing time (ms): 16
Hibernate: select classifier0_.id as id1_2_, classifier0_.classifier_id as classifi4_2_, classifier0_.description as descript2_2_, classifier0_.ic as ic3_2_ from classifier_values classifier0_ left outer join classifiers classifier1_ on classifier0_.classifier_id=classifier1_.id where classifier1_.title=? and classifier0_.ic=?
Hibernate: select classifier0_.id as id1_3_0_, classifier0_.description as descript2_3_0_, classifier0_.title as title3_3_0_ from classifiers classifier0_ where classifier0_.id=?
Hibernate: select classifier0_.id as id1_2_, classifier0_.classifier_id as classifi4_2_, classifier0_.description as descript2_2_, classifier0_.ic as ic3_2_ from classifier_values classifier0_ left outer join classifiers classifier1_ on classifier0_.classifier_id=classifier1_.id where classifier1_.title=? and classifier0_.ic=?
Hibernate: select classifier0_.id as id1_3_0_, classifier0_.description as descript2_3_0_, classifier0_.title as title3_3_0_ from classifiers classifier0_ where classifier0_.id=?
2024-07-15 18:31:00,461 [Test worker] INFO  l.j.t.i.r.c.TravelCalculatePremiumRequestExecutionTimeLogger - Request processing time (ms): 24
]]></system-out>
  <system-err><![CDATA[]]></system-err>
</testsuite>
