<?xml version="1.0" encoding="UTF-8"?>
<testsuite name="lv.javaguru.travel.insurance.rest.controller_v1_test.agreement_error.DateToLessThanDateFromTest" tests="1" skipped="0" failures="0" errors="0" timestamp="2024-07-15T15:30:59" hostname="DESKTOP-QKNTNJC" time="0.254">
  <properties/>
  <testcase name="Date_to less than date_from test" classname="lv.javaguru.travel.insurance.rest.controller_v1_test.agreement_error.DateToLessThanDateFromTest" time="0.254"/>
  <system-out><![CDATA[2024-07-15 18:30:59,906 [Test worker] INFO  o.s.b.t.c.SpringBootTestContextBootstrapper - Neither @ContextConfiguration nor @ContextHierarchy found for test class [lv.javaguru.travel.insurance.rest.controller_v1_test.agreement_error.DateToLessThanDateFromTest], using SpringBootContextLoader
2024-07-15 18:30:59,908 [Test worker] INFO  o.s.t.c.s.AbstractContextLoader - Could not detect default resource locations for test class [lv.javaguru.travel.insurance.rest.controller_v1_test.agreement_error.DateToLessThanDateFromTest]: no resource found for suffixes {-context.xml, Context.groovy}.
2024-07-15 18:30:59,908 [Test worker] INFO  o.s.t.c.s.AnnotationConfigContextLoaderUtils - Could not detect default configuration classes for test class [lv.javaguru.travel.insurance.rest.controller_v1_test.agreement_error.DateToLessThanDateFromTest]: DateToLessThanDateFromTest does not declare any static, non-private, non-final, nested classes annotated with @Configuration.
2024-07-15 18:30:59,923 [Test worker] INFO  o.s.b.t.c.SpringBootTestContextBootstrapper - Found @SpringBootConfiguration lv.javaguru.travel.insurance.InsuranceApplication for test class lv.javaguru.travel.insurance.rest.controller_v1_test.agreement_error.DateToLessThanDateFromTest
2024-07-15 18:30:59,927 [Test worker] INFO  o.s.b.t.c.SpringBootTestContextBootstrapper - Loaded default TestExecutionListener class names from location [META-INF/spring.factories]: [org.springframework.boot.test.autoconfigure.restdocs.RestDocsTestExecutionListener, org.springframework.boot.test.autoconfigure.web.client.MockRestServiceServerResetTestExecutionListener, org.springframework.boot.test.autoconfigure.web.servlet.MockMvcPrintOnlyOnFailureTestExecutionListener, org.springframework.boot.test.autoconfigure.web.servlet.WebDriverTestExecutionListener, org.springframework.boot.test.autoconfigure.webservices.client.MockWebServiceServerTestExecutionListener, org.springframework.boot.test.mock.mockito.MockitoTestExecutionListener, org.springframework.boot.test.mock.mockito.ResetMocksTestExecutionListener, org.springframework.test.context.web.ServletTestExecutionListener, org.springframework.test.context.support.DirtiesContextBeforeModesTestExecutionListener, org.springframework.test.context.event.ApplicationEventsTestExecutionListener, org.springframework.test.context.support.DependencyInjectionTestExecutionListener, org.springframework.test.context.support.DirtiesContextTestExecutionListener, org.springframework.test.context.transaction.TransactionalTestExecutionListener, org.springframework.test.context.jdbc.SqlScriptsTestExecutionListener, org.springframework.test.context.event.EventPublishingTestExecutionListener]
2024-07-15 18:30:59,928 [Test worker] INFO  o.s.b.t.c.SpringBootTestContextBootstrapper - Using TestExecutionListeners: [org.springframework.test.context.web.ServletTestExecutionListener@6b57b1c7, org.springframework.test.context.support.DirtiesContextBeforeModesTestExecutionListener@6f90b74a, org.springframework.test.context.event.ApplicationEventsTestExecutionListener@43f1a188, org.springframework.boot.test.mock.mockito.MockitoTestExecutionListener@4363a519, org.springframework.boot.test.autoconfigure.SpringBootDependencyInjectionTestExecutionListener@156cfd3b, org.springframework.test.context.support.DirtiesContextTestExecutionListener@7f2c223b, org.springframework.test.context.transaction.TransactionalTestExecutionListener@319f21b7, org.springframework.test.context.jdbc.SqlScriptsTestExecutionListener@6f8a11f0, org.springframework.test.context.event.EventPublishingTestExecutionListener@1dfdac1f, org.springframework.boot.test.autoconfigure.restdocs.RestDocsTestExecutionListener@35e6861, org.springframework.boot.test.autoconfigure.web.client.MockRestServiceServerResetTestExecutionListener@4b847324, org.springframework.boot.test.autoconfigure.web.servlet.MockMvcPrintOnlyOnFailureTestExecutionListener@743efe35, org.springframework.boot.test.autoconfigure.web.servlet.WebDriverTestExecutionListener@45339f9, org.springframework.boot.test.autoconfigure.webservices.client.MockWebServiceServerTestExecutionListener@743e5472, org.springframework.boot.test.mock.mockito.ResetMocksTestExecutionListener@1ccb0482]
Hibernate: select classifier0_.id as id1_2_, classifier0_.classifier_id as classifi4_2_, classifier0_.description as descript2_2_, classifier0_.ic as ic3_2_ from classifier_values classifier0_ left outer join classifiers classifier1_ on classifier0_.classifier_id=classifier1_.id where classifier1_.title=? and classifier0_.ic=?
Hibernate: select classifier0_.id as id1_3_0_, classifier0_.description as descript2_3_0_, classifier0_.title as title3_3_0_ from classifiers classifier0_ where classifier0_.id=?
Hibernate: select classifier0_.id as id1_2_, classifier0_.classifier_id as classifi4_2_, classifier0_.description as descript2_2_, classifier0_.ic as ic3_2_ from classifier_values classifier0_ left outer join classifiers classifier1_ on classifier0_.classifier_id=classifier1_.id where classifier1_.title=? and classifier0_.ic=?
Hibernate: select classifier0_.id as id1_3_0_, classifier0_.description as descript2_3_0_, classifier0_.title as title3_3_0_ from classifiers classifier0_ where classifier0_.id=?
Hibernate: select classifier0_.id as id1_2_, classifier0_.classifier_id as classifi4_2_, classifier0_.description as descript2_2_, classifier0_.ic as ic3_2_ from classifier_values classifier0_ left outer join classifiers classifier1_ on classifier0_.classifier_id=classifier1_.id where classifier1_.title=? and classifier0_.ic=?
Hibernate: select classifier0_.id as id1_3_0_, classifier0_.description as descript2_3_0_, classifier0_.title as title3_3_0_ from classifiers classifier0_ where classifier0_.id=?
2024-07-15 18:31:00,159 [Test worker] INFO  l.j.t.i.r.c.TravelCalculatePremiumRequestExecutionTimeLogger - Request processing time (ms): 76
]]></system-out>
  <system-err><![CDATA[]]></system-err>
</testsuite>
