<?xml version="1.0" encoding="UTF-8"?>
<testsuite name="lv.javaguru.travel.insurance.core.util.ErrorCodeUtilTest" tests="2" skipped="0" failures="0" errors="0" timestamp="2024-06-23T16:36:50" hostname="DESKTOP-QKNTNJC" time="0.227">
  <properties/>
  <testcase name="shouldGetErrorDescription()" classname="lv.javaguru.travel.insurance.core.util.ErrorCodeUtilTest" time="0.213"/>
  <testcase name="shouldGetErrorDescriptionWithPlaceholder()" classname="lv.javaguru.travel.insurance.core.util.ErrorCodeUtilTest" time="0.013"/>
  <system-out><![CDATA[]]></system-out>
  <system-err><![CDATA[]]></system-err>
</testsuite>
