<?xml version="1.0" encoding="UTF-8"?>
<testsuite name="lv.javaguru.travel.insurance.core.validations.calculate.integration.AgreementSelectedRisksValidationIntegrationTest" tests="2" skipped="0" failures="0" errors="0" timestamp="2024-07-15T15:30:52" hostname="DESKTOP-QKNTNJC" time="0.079">
  <properties/>
  <testcase name="shouldReturnErrorsWhenAgreementSelectedRisksAreNull()" classname="lv.javaguru.travel.insurance.core.validations.calculate.integration.AgreementSelectedRisksValidationIntegrationTest" time="0.036"/>
  <testcase name="shouldReturnErrorsWhenSelectedRisksAreNotSupported()" classname="lv.javaguru.travel.insurance.core.validations.calculate.integration.AgreementSelectedRisksValidationIntegrationTest" time="0.04"/>
  <system-out><![CDATA[2024-07-15 18:30:52,594 [Test worker] INFO  o.s.b.t.c.SpringBootTestContextBootstrapper - Neither @ContextConfiguration nor @ContextHierarchy found for test class [lv.javaguru.travel.insurance.core.validations.calculate.integration.AgreementSelectedRisksValidationIntegrationTest], using SpringBootContextLoader
2024-07-15 18:30:52,596 [Test worker] INFO  o.s.t.c.s.AbstractContextLoader - Could not detect default resource locations for test class [lv.javaguru.travel.insurance.core.validations.calculate.integration.AgreementSelectedRisksValidationIntegrationTest]: no resource found for suffixes {-context.xml, Context.groovy}.
2024-07-15 18:30:52,597 [Test worker] INFO  o.s.t.c.s.AnnotationConfigContextLoaderUtils - Could not detect default configuration classes for test class [lv.javaguru.travel.insurance.core.validations.calculate.integration.AgreementSelectedRisksValidationIntegrationTest]: AgreementSelectedRisksValidationIntegrationTest does not declare any static, non-private, non-final, nested classes annotated with @Configuration.
2024-07-15 18:30:52,600 [Test worker] INFO  o.s.b.t.c.SpringBootTestContextBootstrapper - Found @SpringBootConfiguration lv.javaguru.travel.insurance.InsuranceApplication for test class lv.javaguru.travel.insurance.core.validations.calculate.integration.AgreementSelectedRisksValidationIntegrationTest
2024-07-15 18:30:52,604 [Test worker] INFO  o.s.b.t.c.SpringBootTestContextBootstrapper - Loaded default TestExecutionListener class names from location [META-INF/spring.factories]: [org.springframework.boot.test.autoconfigure.restdocs.RestDocsTestExecutionListener, org.springframework.boot.test.autoconfigure.web.client.MockRestServiceServerResetTestExecutionListener, org.springframework.boot.test.autoconfigure.web.servlet.MockMvcPrintOnlyOnFailureTestExecutionListener, org.springframework.boot.test.autoconfigure.web.servlet.WebDriverTestExecutionListener, org.springframework.boot.test.autoconfigure.webservices.client.MockWebServiceServerTestExecutionListener, org.springframework.boot.test.mock.mockito.MockitoTestExecutionListener, org.springframework.boot.test.mock.mockito.ResetMocksTestExecutionListener, org.springframework.test.context.web.ServletTestExecutionListener, org.springframework.test.context.support.DirtiesContextBeforeModesTestExecutionListener, org.springframework.test.context.event.ApplicationEventsTestExecutionListener, org.springframework.test.context.support.DependencyInjectionTestExecutionListener, org.springframework.test.context.support.DirtiesContextTestExecutionListener, org.springframework.test.context.transaction.TransactionalTestExecutionListener, org.springframework.test.context.jdbc.SqlScriptsTestExecutionListener, org.springframework.test.context.event.EventPublishingTestExecutionListener]
2024-07-15 18:30:52,605 [Test worker] INFO  o.s.b.t.c.SpringBootTestContextBootstrapper - Using TestExecutionListeners: [org.springframework.test.context.web.ServletTestExecutionListener@16066bf4, org.springframework.test.context.support.DirtiesContextBeforeModesTestExecutionListener@7085261e, org.springframework.test.context.event.ApplicationEventsTestExecutionListener@12026d62, org.springframework.boot.test.mock.mockito.MockitoTestExecutionListener@4a3ef4c9, org.springframework.boot.test.autoconfigure.SpringBootDependencyInjectionTestExecutionListener@6fc26fb1, org.springframework.test.context.support.DirtiesContextTestExecutionListener@362e1181, org.springframework.test.context.transaction.TransactionalTestExecutionListener@3746135b, org.springframework.test.context.jdbc.SqlScriptsTestExecutionListener@a6321c6, org.springframework.test.context.event.EventPublishingTestExecutionListener@762078dc, org.springframework.boot.test.autoconfigure.restdocs.RestDocsTestExecutionListener@3044dd80, org.springframework.boot.test.autoconfigure.web.client.MockRestServiceServerResetTestExecutionListener@371fcc18, org.springframework.boot.test.autoconfigure.web.servlet.MockMvcPrintOnlyOnFailureTestExecutionListener@2461a62c, org.springframework.boot.test.autoconfigure.web.servlet.WebDriverTestExecutionListener@5172cce4, org.springframework.boot.test.autoconfigure.webservices.client.MockWebServiceServerTestExecutionListener@47ccb397, org.springframework.boot.test.mock.mockito.ResetMocksTestExecutionListener@efac87a]
Hibernate: select classifier0_.id as id1_2_, classifier0_.classifier_id as classifi4_2_, classifier0_.description as descript2_2_, classifier0_.ic as ic3_2_ from classifier_values classifier0_ left outer join classifiers classifier1_ on classifier0_.classifier_id=classifier1_.id where classifier1_.title=? and classifier0_.ic=?
Hibernate: select classifier0_.id as id1_3_0_, classifier0_.description as descript2_3_0_, classifier0_.title as title3_3_0_ from classifiers classifier0_ where classifier0_.id=?
Hibernate: select classifier0_.id as id1_2_, classifier0_.classifier_id as classifi4_2_, classifier0_.description as descript2_2_, classifier0_.ic as ic3_2_ from classifier_values classifier0_ left outer join classifiers classifier1_ on classifier0_.classifier_id=classifier1_.id where classifier1_.title=? and classifier0_.ic=?
Hibernate: select classifier0_.id as id1_3_0_, classifier0_.description as descript2_3_0_, classifier0_.title as title3_3_0_ from classifiers classifier0_ where classifier0_.id=?
Hibernate: select classifier0_.id as id1_2_, classifier0_.classifier_id as classifi4_2_, classifier0_.description as descript2_2_, classifier0_.ic as ic3_2_ from classifier_values classifier0_ left outer join classifiers classifier1_ on classifier0_.classifier_id=classifier1_.id where classifier1_.title=? and classifier0_.ic=?
Hibernate: select classifier0_.id as id1_3_0_, classifier0_.description as descript2_3_0_, classifier0_.title as title3_3_0_ from classifiers classifier0_ where classifier0_.id=?
Hibernate: select classifier0_.id as id1_2_, classifier0_.classifier_id as classifi4_2_, classifier0_.description as descript2_2_, classifier0_.ic as ic3_2_ from classifier_values classifier0_ left outer join classifiers classifier1_ on classifier0_.classifier_id=classifier1_.id where classifier1_.title=? and classifier0_.ic=?
Hibernate: select classifier0_.id as id1_2_, classifier0_.classifier_id as classifi4_2_, classifier0_.description as descript2_2_, classifier0_.ic as ic3_2_ from classifier_values classifier0_ left outer join classifiers classifier1_ on classifier0_.classifier_id=classifier1_.id where classifier1_.title=? and classifier0_.ic=?
Hibernate: select classifier0_.id as id1_3_0_, classifier0_.description as descript2_3_0_, classifier0_.title as title3_3_0_ from classifiers classifier0_ where classifier0_.id=?
]]></system-out>
  <system-err><![CDATA[]]></system-err>
</testsuite>
