<?xml version="1.0" encoding="UTF-8"?>
<testsuite name="lv.javaguru.travel.insurance.core.repositories.agreement.PersonRepositoryTest" tests="6" skipped="0" failures="0" errors="0" timestamp="2024-07-15T15:30:33" hostname="DESKTOP-QKNTNJC" time="0.331">
  <properties/>
  <testcase name="wrongPersonTest()" classname="lv.javaguru.travel.insurance.core.repositories.agreement.PersonRepositoryTest" time="0.031"/>
  <testcase name="wrongPersonLastNameTest()" classname="lv.javaguru.travel.insurance.core.repositories.agreement.PersonRepositoryTest" time="0.03"/>
  <testcase name="wrongPersonIcTest()" classname="lv.javaguru.travel.insurance.core.repositories.agreement.PersonRepositoryTest" time="0.078"/>
  <testcase name="correctPersonTest()" classname="lv.javaguru.travel.insurance.core.repositories.agreement.PersonRepositoryTest" time="0.023"/>
  <testcase name="repositoryIsNotNull()" classname="lv.javaguru.travel.insurance.core.repositories.agreement.PersonRepositoryTest" time="0.047"/>
  <testcase name="wrongPersonFirstNameTest()" classname="lv.javaguru.travel.insurance.core.repositories.agreement.PersonRepositoryTest" time="0.089"/>
  <system-out><![CDATA[2024-07-15 18:30:32,971 [Test worker] INFO  o.s.b.t.a.o.j.DataJpaTestContextBootstrapper - Neither @ContextConfiguration nor @ContextHierarchy found for test class [lv.javaguru.travel.insurance.core.repositories.agreement.PersonRepositoryTest], using SpringBootContextLoader
2024-07-15 18:30:32,972 [Test worker] INFO  o.s.t.c.s.AbstractContextLoader - Could not detect default resource locations for test class [lv.javaguru.travel.insurance.core.repositories.agreement.PersonRepositoryTest]: no resource found for suffixes {-context.xml, Context.groovy}.
2024-07-15 18:30:32,973 [Test worker] INFO  o.s.t.c.s.AnnotationConfigContextLoaderUtils - Could not detect default configuration classes for test class [lv.javaguru.travel.insurance.core.repositories.agreement.PersonRepositoryTest]: PersonRepositoryTest does not declare any static, non-private, non-final, nested classes annotated with @Configuration.
2024-07-15 18:30:33,012 [Test worker] INFO  o.s.b.t.c.SpringBootTestContextBootstrapper - Found @SpringBootConfiguration lv.javaguru.travel.insurance.InsuranceApplication for test class lv.javaguru.travel.insurance.core.repositories.agreement.PersonRepositoryTest
2024-07-15 18:30:33,014 [Test worker] INFO  o.s.b.t.a.o.j.DataJpaTestContextBootstrapper - Loaded default TestExecutionListener class names from location [META-INF/spring.factories]: [org.springframework.boot.test.autoconfigure.restdocs.RestDocsTestExecutionListener, org.springframework.boot.test.autoconfigure.web.client.MockRestServiceServerResetTestExecutionListener, org.springframework.boot.test.autoconfigure.web.servlet.MockMvcPrintOnlyOnFailureTestExecutionListener, org.springframework.boot.test.autoconfigure.web.servlet.WebDriverTestExecutionListener, org.springframework.boot.test.autoconfigure.webservices.client.MockWebServiceServerTestExecutionListener, org.springframework.boot.test.mock.mockito.MockitoTestExecutionListener, org.springframework.boot.test.mock.mockito.ResetMocksTestExecutionListener, org.springframework.test.context.web.ServletTestExecutionListener, org.springframework.test.context.support.DirtiesContextBeforeModesTestExecutionListener, org.springframework.test.context.event.ApplicationEventsTestExecutionListener, org.springframework.test.context.support.DependencyInjectionTestExecutionListener, org.springframework.test.context.support.DirtiesContextTestExecutionListener, org.springframework.test.context.transaction.TransactionalTestExecutionListener, org.springframework.test.context.jdbc.SqlScriptsTestExecutionListener, org.springframework.test.context.event.EventPublishingTestExecutionListener]
2024-07-15 18:30:33,016 [Test worker] INFO  o.s.b.t.a.o.j.DataJpaTestContextBootstrapper - Using TestExecutionListeners: [org.springframework.test.context.web.ServletTestExecutionListener@7b9d602c, org.springframework.test.context.support.DirtiesContextBeforeModesTestExecutionListener@30a5a58d, org.springframework.test.context.event.ApplicationEventsTestExecutionListener@59cb10e0, org.springframework.boot.test.mock.mockito.MockitoTestExecutionListener@3d763ae5, org.springframework.boot.test.autoconfigure.SpringBootDependencyInjectionTestExecutionListener@2dfab167, org.springframework.test.context.support.DirtiesContextTestExecutionListener@30eee098, org.springframework.test.context.transaction.TransactionalTestExecutionListener@3123ba75, org.springframework.test.context.jdbc.SqlScriptsTestExecutionListener@3d8e1fa6, org.springframework.test.context.event.EventPublishingTestExecutionListener@4587f0f9, org.springframework.boot.test.autoconfigure.restdocs.RestDocsTestExecutionListener@22a22f1, org.springframework.boot.test.autoconfigure.web.client.MockRestServiceServerResetTestExecutionListener@2e76d0d3, org.springframework.boot.test.autoconfigure.web.servlet.MockMvcPrintOnlyOnFailureTestExecutionListener@63c88994, org.springframework.boot.test.autoconfigure.web.servlet.WebDriverTestExecutionListener@1932ad2c, org.springframework.boot.test.autoconfigure.webservices.client.MockWebServiceServerTestExecutionListener@4adc3951, org.springframework.boot.test.mock.mockito.ResetMocksTestExecutionListener@52b49891]
2024-07-15 18:30:33,025 [Test worker] INFO  o.s.t.c.t.TransactionContext - Began transaction (1) for test context [DefaultTestContext@527d1fe1 testClass = PersonRepositoryTest, testInstance = lv.javaguru.travel.insurance.core.repositories.agreement.PersonRepositoryTest@24fb752f, testMethod = wrongPersonTest@PersonRepositoryTest, testException = [null], mergedContextConfiguration = [MergedContextConfiguration@68dbe225 testClass = PersonRepositoryTest, locations = '{}', classes = '{class lv.javaguru.travel.insurance.InsuranceApplication}', contextInitializerClasses = '[]', activeProfiles = '{}', propertySourceLocations = '{}', propertySourceProperties = '{org.springframework.boot.test.autoconfigure.orm.jpa.DataJpaTestContextBootstrapper=true}', contextCustomizers = set[org.springframework.boot.test.autoconfigure.OverrideAutoConfigurationContextCustomizerFactory$DisableAutoConfigurationContextCustomizer@770d0ea6, org.springframework.boot.test.autoconfigure.actuate.metrics.MetricsExportContextCustomizerFactory$DisableMetricExportContextCustomizer@6cea706c, org.springframework.boot.test.autoconfigure.filter.TypeExcludeFiltersContextCustomizer@351584c0, org.springframework.boot.test.autoconfigure.properties.PropertyMappingContextCustomizer@141fc447, org.springframework.boot.test.autoconfigure.web.servlet.WebDriverContextCustomizerFactory$Customizer@56db847e, [ImportsContextCustomizer@145ef9e8 key = [org.springframework.boot.autoconfigure.cache.CacheAutoConfiguration, org.springframework.boot.autoconfigure.data.jpa.JpaRepositoriesAutoConfiguration, org.springframework.boot.autoconfigure.flyway.FlywayAutoConfiguration, org.springframework.boot.autoconfigure.jdbc.DataSourceAutoConfiguration, org.springframework.boot.autoconfigure.jdbc.DataSourceTransactionManagerAutoConfiguration, org.springframework.boot.autoconfigure.jdbc.JdbcTemplateAutoConfiguration, org.springframework.boot.autoconfigure.liquibase.LiquibaseAutoConfiguration, org.springframework.boot.autoconfigure.orm.jpa.HibernateJpaAutoConfiguration, org.springframework.boot.autoconfigure.sql.init.SqlInitializationAutoConfiguration, org.springframework.boot.autoconfigure.transaction.TransactionAutoConfiguration, org.springframework.boot.test.autoconfigure.jdbc.TestDatabaseAutoConfiguration, org.springframework.boot.test.autoconfigure.orm.jpa.TestEntityManagerAutoConfiguration]], org.springframework.boot.test.context.filter.ExcludeFilterContextCustomizer@21362712, org.springframework.boot.test.json.DuplicateJsonObjectContextCustomizerFactory$DuplicateJsonObjectContextCustomizer@bc57b40, org.springframework.boot.test.mock.mockito.MockitoContextCustomizer@0, org.springframework.boot.test.context.SpringBootTestArgs@1, org.springframework.boot.test.context.SpringBootTestWebEnvironment@0], contextLoader = 'org.springframework.boot.test.context.SpringBootContextLoader', parent = [null]], attributes = map['org.springframework.test.context.event.ApplicationEventsTestExecutionListener.recordApplicationEvents' -> false]]; transaction manager [org.springframework.orm.jpa.JpaTransactionManager@3abadb65]; rollback [true]
Hibernate: select persondtod0_.id as id1_7_, persondtod0_.birth_date as birth_da2_7_, persondtod0_.first_name as first_na3_7_, persondtod0_.ic as ic4_7_, persondtod0_.last_name as last_nam5_7_ from persons persondtod0_ where persondtod0_.first_name=? and persondtod0_.last_name=? and persondtod0_.ic=?
2024-07-15 18:30:33,051 [Test worker] INFO  o.s.t.c.t.TransactionContext - Rolled back transaction for test: [DefaultTestContext@527d1fe1 testClass = PersonRepositoryTest, testInstance = lv.javaguru.travel.insurance.core.repositories.agreement.PersonRepositoryTest@24fb752f, testMethod = wrongPersonTest@PersonRepositoryTest, testException = [null], mergedContextConfiguration = [MergedContextConfiguration@68dbe225 testClass = PersonRepositoryTest, locations = '{}', classes = '{class lv.javaguru.travel.insurance.InsuranceApplication}', contextInitializerClasses = '[]', activeProfiles = '{}', propertySourceLocations = '{}', propertySourceProperties = '{org.springframework.boot.test.autoconfigure.orm.jpa.DataJpaTestContextBootstrapper=true}', contextCustomizers = set[org.springframework.boot.test.autoconfigure.OverrideAutoConfigurationContextCustomizerFactory$DisableAutoConfigurationContextCustomizer@770d0ea6, org.springframework.boot.test.autoconfigure.actuate.metrics.MetricsExportContextCustomizerFactory$DisableMetricExportContextCustomizer@6cea706c, org.springframework.boot.test.autoconfigure.filter.TypeExcludeFiltersContextCustomizer@351584c0, org.springframework.boot.test.autoconfigure.properties.PropertyMappingContextCustomizer@141fc447, org.springframework.boot.test.autoconfigure.web.servlet.WebDriverContextCustomizerFactory$Customizer@56db847e, [ImportsContextCustomizer@145ef9e8 key = [org.springframework.boot.autoconfigure.cache.CacheAutoConfiguration, org.springframework.boot.autoconfigure.data.jpa.JpaRepositoriesAutoConfiguration, org.springframework.boot.autoconfigure.flyway.FlywayAutoConfiguration, org.springframework.boot.autoconfigure.jdbc.DataSourceAutoConfiguration, org.springframework.boot.autoconfigure.jdbc.DataSourceTransactionManagerAutoConfiguration, org.springframework.boot.autoconfigure.jdbc.JdbcTemplateAutoConfiguration, org.springframework.boot.autoconfigure.liquibase.LiquibaseAutoConfiguration, org.springframework.boot.autoconfigure.orm.jpa.HibernateJpaAutoConfiguration, org.springframework.boot.autoconfigure.sql.init.SqlInitializationAutoConfiguration, org.springframework.boot.autoconfigure.transaction.TransactionAutoConfiguration, org.springframework.boot.test.autoconfigure.jdbc.TestDatabaseAutoConfiguration, org.springframework.boot.test.autoconfigure.orm.jpa.TestEntityManagerAutoConfiguration]], org.springframework.boot.test.context.filter.ExcludeFilterContextCustomizer@21362712, org.springframework.boot.test.json.DuplicateJsonObjectContextCustomizerFactory$DuplicateJsonObjectContextCustomizer@bc57b40, org.springframework.boot.test.mock.mockito.MockitoContextCustomizer@0, org.springframework.boot.test.context.SpringBootTestArgs@1, org.springframework.boot.test.context.SpringBootTestWebEnvironment@0], contextLoader = 'org.springframework.boot.test.context.SpringBootContextLoader', parent = [null]], attributes = map['org.springframework.test.context.event.ApplicationEventsTestExecutionListener.recordApplicationEvents' -> false]]
2024-07-15 18:30:33,067 [Test worker] INFO  o.s.t.c.t.TransactionContext - Began transaction (1) for test context [DefaultTestContext@527d1fe1 testClass = PersonRepositoryTest, testInstance = lv.javaguru.travel.insurance.core.repositories.agreement.PersonRepositoryTest@5440a3a, testMethod = wrongPersonLastNameTest@PersonRepositoryTest, testException = [null], mergedContextConfiguration = [MergedContextConfiguration@68dbe225 testClass = PersonRepositoryTest, locations = '{}', classes = '{class lv.javaguru.travel.insurance.InsuranceApplication}', contextInitializerClasses = '[]', activeProfiles = '{}', propertySourceLocations = '{}', propertySourceProperties = '{org.springframework.boot.test.autoconfigure.orm.jpa.DataJpaTestContextBootstrapper=true}', contextCustomizers = set[org.springframework.boot.test.autoconfigure.OverrideAutoConfigurationContextCustomizerFactory$DisableAutoConfigurationContextCustomizer@770d0ea6, org.springframework.boot.test.autoconfigure.actuate.metrics.MetricsExportContextCustomizerFactory$DisableMetricExportContextCustomizer@6cea706c, org.springframework.boot.test.autoconfigure.filter.TypeExcludeFiltersContextCustomizer@351584c0, org.springframework.boot.test.autoconfigure.properties.PropertyMappingContextCustomizer@141fc447, org.springframework.boot.test.autoconfigure.web.servlet.WebDriverContextCustomizerFactory$Customizer@56db847e, [ImportsContextCustomizer@145ef9e8 key = [org.springframework.boot.autoconfigure.cache.CacheAutoConfiguration, org.springframework.boot.autoconfigure.data.jpa.JpaRepositoriesAutoConfiguration, org.springframework.boot.autoconfigure.flyway.FlywayAutoConfiguration, org.springframework.boot.autoconfigure.jdbc.DataSourceAutoConfiguration, org.springframework.boot.autoconfigure.jdbc.DataSourceTransactionManagerAutoConfiguration, org.springframework.boot.autoconfigure.jdbc.JdbcTemplateAutoConfiguration, org.springframework.boot.autoconfigure.liquibase.LiquibaseAutoConfiguration, org.springframework.boot.autoconfigure.orm.jpa.HibernateJpaAutoConfiguration, org.springframework.boot.autoconfigure.sql.init.SqlInitializationAutoConfiguration, org.springframework.boot.autoconfigure.transaction.TransactionAutoConfiguration, org.springframework.boot.test.autoconfigure.jdbc.TestDatabaseAutoConfiguration, org.springframework.boot.test.autoconfigure.orm.jpa.TestEntityManagerAutoConfiguration]], org.springframework.boot.test.context.filter.ExcludeFilterContextCustomizer@21362712, org.springframework.boot.test.json.DuplicateJsonObjectContextCustomizerFactory$DuplicateJsonObjectContextCustomizer@bc57b40, org.springframework.boot.test.mock.mockito.MockitoContextCustomizer@0, org.springframework.boot.test.context.SpringBootTestArgs@1, org.springframework.boot.test.context.SpringBootTestWebEnvironment@0], contextLoader = 'org.springframework.boot.test.context.SpringBootContextLoader', parent = [null]], attributes = map['org.springframework.test.context.event.ApplicationEventsTestExecutionListener.recordApplicationEvents' -> false]]; transaction manager [org.springframework.orm.jpa.JpaTransactionManager@3abadb65]; rollback [true]
Hibernate: select persondtod0_.id as id1_7_, persondtod0_.birth_date as birth_da2_7_, persondtod0_.first_name as first_na3_7_, persondtod0_.ic as ic4_7_, persondtod0_.last_name as last_nam5_7_ from persons persondtod0_ where persondtod0_.first_name=? and persondtod0_.last_name=? and persondtod0_.ic=?
2024-07-15 18:30:33,090 [Test worker] INFO  o.s.t.c.t.TransactionContext - Rolled back transaction for test: [DefaultTestContext@527d1fe1 testClass = PersonRepositoryTest, testInstance = lv.javaguru.travel.insurance.core.repositories.agreement.PersonRepositoryTest@5440a3a, testMethod = wrongPersonLastNameTest@PersonRepositoryTest, testException = [null], mergedContextConfiguration = [MergedContextConfiguration@68dbe225 testClass = PersonRepositoryTest, locations = '{}', classes = '{class lv.javaguru.travel.insurance.InsuranceApplication}', contextInitializerClasses = '[]', activeProfiles = '{}', propertySourceLocations = '{}', propertySourceProperties = '{org.springframework.boot.test.autoconfigure.orm.jpa.DataJpaTestContextBootstrapper=true}', contextCustomizers = set[org.springframework.boot.test.autoconfigure.OverrideAutoConfigurationContextCustomizerFactory$DisableAutoConfigurationContextCustomizer@770d0ea6, org.springframework.boot.test.autoconfigure.actuate.metrics.MetricsExportContextCustomizerFactory$DisableMetricExportContextCustomizer@6cea706c, org.springframework.boot.test.autoconfigure.filter.TypeExcludeFiltersContextCustomizer@351584c0, org.springframework.boot.test.autoconfigure.properties.PropertyMappingContextCustomizer@141fc447, org.springframework.boot.test.autoconfigure.web.servlet.WebDriverContextCustomizerFactory$Customizer@56db847e, [ImportsContextCustomizer@145ef9e8 key = [org.springframework.boot.autoconfigure.cache.CacheAutoConfiguration, org.springframework.boot.autoconfigure.data.jpa.JpaRepositoriesAutoConfiguration, org.springframework.boot.autoconfigure.flyway.FlywayAutoConfiguration, org.springframework.boot.autoconfigure.jdbc.DataSourceAutoConfiguration, org.springframework.boot.autoconfigure.jdbc.DataSourceTransactionManagerAutoConfiguration, org.springframework.boot.autoconfigure.jdbc.JdbcTemplateAutoConfiguration, org.springframework.boot.autoconfigure.liquibase.LiquibaseAutoConfiguration, org.springframework.boot.autoconfigure.orm.jpa.HibernateJpaAutoConfiguration, org.springframework.boot.autoconfigure.sql.init.SqlInitializationAutoConfiguration, org.springframework.boot.autoconfigure.transaction.TransactionAutoConfiguration, org.springframework.boot.test.autoconfigure.jdbc.TestDatabaseAutoConfiguration, org.springframework.boot.test.autoconfigure.orm.jpa.TestEntityManagerAutoConfiguration]], org.springframework.boot.test.context.filter.ExcludeFilterContextCustomizer@21362712, org.springframework.boot.test.json.DuplicateJsonObjectContextCustomizerFactory$DuplicateJsonObjectContextCustomizer@bc57b40, org.springframework.boot.test.mock.mockito.MockitoContextCustomizer@0, org.springframework.boot.test.context.SpringBootTestArgs@1, org.springframework.boot.test.context.SpringBootTestWebEnvironment@0], contextLoader = 'org.springframework.boot.test.context.SpringBootContextLoader', parent = [null]], attributes = map['org.springframework.test.context.event.ApplicationEventsTestExecutionListener.recordApplicationEvents' -> false]]
2024-07-15 18:30:33,110 [Test worker] INFO  o.s.t.c.t.TransactionContext - Began transaction (1) for test context [DefaultTestContext@527d1fe1 testClass = PersonRepositoryTest, testInstance = lv.javaguru.travel.insurance.core.repositories.agreement.PersonRepositoryTest@628f0936, testMethod = wrongPersonIcTest@PersonRepositoryTest, testException = [null], mergedContextConfiguration = [MergedContextConfiguration@68dbe225 testClass = PersonRepositoryTest, locations = '{}', classes = '{class lv.javaguru.travel.insurance.InsuranceApplication}', contextInitializerClasses = '[]', activeProfiles = '{}', propertySourceLocations = '{}', propertySourceProperties = '{org.springframework.boot.test.autoconfigure.orm.jpa.DataJpaTestContextBootstrapper=true}', contextCustomizers = set[org.springframework.boot.test.autoconfigure.OverrideAutoConfigurationContextCustomizerFactory$DisableAutoConfigurationContextCustomizer@770d0ea6, org.springframework.boot.test.autoconfigure.actuate.metrics.MetricsExportContextCustomizerFactory$DisableMetricExportContextCustomizer@6cea706c, org.springframework.boot.test.autoconfigure.filter.TypeExcludeFiltersContextCustomizer@351584c0, org.springframework.boot.test.autoconfigure.properties.PropertyMappingContextCustomizer@141fc447, org.springframework.boot.test.autoconfigure.web.servlet.WebDriverContextCustomizerFactory$Customizer@56db847e, [ImportsContextCustomizer@145ef9e8 key = [org.springframework.boot.autoconfigure.cache.CacheAutoConfiguration, org.springframework.boot.autoconfigure.data.jpa.JpaRepositoriesAutoConfiguration, org.springframework.boot.autoconfigure.flyway.FlywayAutoConfiguration, org.springframework.boot.autoconfigure.jdbc.DataSourceAutoConfiguration, org.springframework.boot.autoconfigure.jdbc.DataSourceTransactionManagerAutoConfiguration, org.springframework.boot.autoconfigure.jdbc.JdbcTemplateAutoConfiguration, org.springframework.boot.autoconfigure.liquibase.LiquibaseAutoConfiguration, org.springframework.boot.autoconfigure.orm.jpa.HibernateJpaAutoConfiguration, org.springframework.boot.autoconfigure.sql.init.SqlInitializationAutoConfiguration, org.springframework.boot.autoconfigure.transaction.TransactionAutoConfiguration, org.springframework.boot.test.autoconfigure.jdbc.TestDatabaseAutoConfiguration, org.springframework.boot.test.autoconfigure.orm.jpa.TestEntityManagerAutoConfiguration]], org.springframework.boot.test.context.filter.ExcludeFilterContextCustomizer@21362712, org.springframework.boot.test.json.DuplicateJsonObjectContextCustomizerFactory$DuplicateJsonObjectContextCustomizer@bc57b40, org.springframework.boot.test.mock.mockito.MockitoContextCustomizer@0, org.springframework.boot.test.context.SpringBootTestArgs@1, org.springframework.boot.test.context.SpringBootTestWebEnvironment@0], contextLoader = 'org.springframework.boot.test.context.SpringBootContextLoader', parent = [null]], attributes = map['org.springframework.test.context.event.ApplicationEventsTestExecutionListener.recordApplicationEvents' -> false]]; transaction manager [org.springframework.orm.jpa.JpaTransactionManager@3abadb65]; rollback [true]
Hibernate: select persondtod0_.id as id1_7_, persondtod0_.birth_date as birth_da2_7_, persondtod0_.first_name as first_na3_7_, persondtod0_.ic as ic4_7_, persondtod0_.last_name as last_nam5_7_ from persons persondtod0_ where persondtod0_.first_name=? and persondtod0_.last_name=? and persondtod0_.ic=?
2024-07-15 18:30:33,176 [Test worker] INFO  o.s.t.c.t.TransactionContext - Rolled back transaction for test: [DefaultTestContext@527d1fe1 testClass = PersonRepositoryTest, testInstance = lv.javaguru.travel.insurance.core.repositories.agreement.PersonRepositoryTest@628f0936, testMethod = wrongPersonIcTest@PersonRepositoryTest, testException = [null], mergedContextConfiguration = [MergedContextConfiguration@68dbe225 testClass = PersonRepositoryTest, locations = '{}', classes = '{class lv.javaguru.travel.insurance.InsuranceApplication}', contextInitializerClasses = '[]', activeProfiles = '{}', propertySourceLocations = '{}', propertySourceProperties = '{org.springframework.boot.test.autoconfigure.orm.jpa.DataJpaTestContextBootstrapper=true}', contextCustomizers = set[org.springframework.boot.test.autoconfigure.OverrideAutoConfigurationContextCustomizerFactory$DisableAutoConfigurationContextCustomizer@770d0ea6, org.springframework.boot.test.autoconfigure.actuate.metrics.MetricsExportContextCustomizerFactory$DisableMetricExportContextCustomizer@6cea706c, org.springframework.boot.test.autoconfigure.filter.TypeExcludeFiltersContextCustomizer@351584c0, org.springframework.boot.test.autoconfigure.properties.PropertyMappingContextCustomizer@141fc447, org.springframework.boot.test.autoconfigure.web.servlet.WebDriverContextCustomizerFactory$Customizer@56db847e, [ImportsContextCustomizer@145ef9e8 key = [org.springframework.boot.autoconfigure.cache.CacheAutoConfiguration, org.springframework.boot.autoconfigure.data.jpa.JpaRepositoriesAutoConfiguration, org.springframework.boot.autoconfigure.flyway.FlywayAutoConfiguration, org.springframework.boot.autoconfigure.jdbc.DataSourceAutoConfiguration, org.springframework.boot.autoconfigure.jdbc.DataSourceTransactionManagerAutoConfiguration, org.springframework.boot.autoconfigure.jdbc.JdbcTemplateAutoConfiguration, org.springframework.boot.autoconfigure.liquibase.LiquibaseAutoConfiguration, org.springframework.boot.autoconfigure.orm.jpa.HibernateJpaAutoConfiguration, org.springframework.boot.autoconfigure.sql.init.SqlInitializationAutoConfiguration, org.springframework.boot.autoconfigure.transaction.TransactionAutoConfiguration, org.springframework.boot.test.autoconfigure.jdbc.TestDatabaseAutoConfiguration, org.springframework.boot.test.autoconfigure.orm.jpa.TestEntityManagerAutoConfiguration]], org.springframework.boot.test.context.filter.ExcludeFilterContextCustomizer@21362712, org.springframework.boot.test.json.DuplicateJsonObjectContextCustomizerFactory$DuplicateJsonObjectContextCustomizer@bc57b40, org.springframework.boot.test.mock.mockito.MockitoContextCustomizer@0, org.springframework.boot.test.context.SpringBootTestArgs@1, org.springframework.boot.test.context.SpringBootTestWebEnvironment@0], contextLoader = 'org.springframework.boot.test.context.SpringBootContextLoader', parent = [null]], attributes = map['org.springframework.test.context.event.ApplicationEventsTestExecutionListener.recordApplicationEvents' -> false]]
2024-07-15 18:30:33,189 [Test worker] INFO  o.s.t.c.t.TransactionContext - Began transaction (1) for test context [DefaultTestContext@527d1fe1 testClass = PersonRepositoryTest, testInstance = lv.javaguru.travel.insurance.core.repositories.agreement.PersonRepositoryTest@4d745ac6, testMethod = correctPersonTest@PersonRepositoryTest, testException = [null], mergedContextConfiguration = [MergedContextConfiguration@68dbe225 testClass = PersonRepositoryTest, locations = '{}', classes = '{class lv.javaguru.travel.insurance.InsuranceApplication}', contextInitializerClasses = '[]', activeProfiles = '{}', propertySourceLocations = '{}', propertySourceProperties = '{org.springframework.boot.test.autoconfigure.orm.jpa.DataJpaTestContextBootstrapper=true}', contextCustomizers = set[org.springframework.boot.test.autoconfigure.OverrideAutoConfigurationContextCustomizerFactory$DisableAutoConfigurationContextCustomizer@770d0ea6, org.springframework.boot.test.autoconfigure.actuate.metrics.MetricsExportContextCustomizerFactory$DisableMetricExportContextCustomizer@6cea706c, org.springframework.boot.test.autoconfigure.filter.TypeExcludeFiltersContextCustomizer@351584c0, org.springframework.boot.test.autoconfigure.properties.PropertyMappingContextCustomizer@141fc447, org.springframework.boot.test.autoconfigure.web.servlet.WebDriverContextCustomizerFactory$Customizer@56db847e, [ImportsContextCustomizer@145ef9e8 key = [org.springframework.boot.autoconfigure.cache.CacheAutoConfiguration, org.springframework.boot.autoconfigure.data.jpa.JpaRepositoriesAutoConfiguration, org.springframework.boot.autoconfigure.flyway.FlywayAutoConfiguration, org.springframework.boot.autoconfigure.jdbc.DataSourceAutoConfiguration, org.springframework.boot.autoconfigure.jdbc.DataSourceTransactionManagerAutoConfiguration, org.springframework.boot.autoconfigure.jdbc.JdbcTemplateAutoConfiguration, org.springframework.boot.autoconfigure.liquibase.LiquibaseAutoConfiguration, org.springframework.boot.autoconfigure.orm.jpa.HibernateJpaAutoConfiguration, org.springframework.boot.autoconfigure.sql.init.SqlInitializationAutoConfiguration, org.springframework.boot.autoconfigure.transaction.TransactionAutoConfiguration, org.springframework.boot.test.autoconfigure.jdbc.TestDatabaseAutoConfiguration, org.springframework.boot.test.autoconfigure.orm.jpa.TestEntityManagerAutoConfiguration]], org.springframework.boot.test.context.filter.ExcludeFilterContextCustomizer@21362712, org.springframework.boot.test.json.DuplicateJsonObjectContextCustomizerFactory$DuplicateJsonObjectContextCustomizer@bc57b40, org.springframework.boot.test.mock.mockito.MockitoContextCustomizer@0, org.springframework.boot.test.context.SpringBootTestArgs@1, org.springframework.boot.test.context.SpringBootTestWebEnvironment@0], contextLoader = 'org.springframework.boot.test.context.SpringBootContextLoader', parent = [null]], attributes = map['org.springframework.test.context.event.ApplicationEventsTestExecutionListener.recordApplicationEvents' -> false]]; transaction manager [org.springframework.orm.jpa.JpaTransactionManager@3abadb65]; rollback [true]
Hibernate: select persondtod0_.id as id1_7_, persondtod0_.birth_date as birth_da2_7_, persondtod0_.first_name as first_na3_7_, persondtod0_.ic as ic4_7_, persondtod0_.last_name as last_nam5_7_ from persons persondtod0_ where persondtod0_.first_name=? and persondtod0_.last_name=? and persondtod0_.ic=?
2024-07-15 18:30:33,204 [Test worker] INFO  o.s.t.c.t.TransactionContext - Rolled back transaction for test: [DefaultTestContext@527d1fe1 testClass = PersonRepositoryTest, testInstance = lv.javaguru.travel.insurance.core.repositories.agreement.PersonRepositoryTest@4d745ac6, testMethod = correctPersonTest@PersonRepositoryTest, testException = [null], mergedContextConfiguration = [MergedContextConfiguration@68dbe225 testClass = PersonRepositoryTest, locations = '{}', classes = '{class lv.javaguru.travel.insurance.InsuranceApplication}', contextInitializerClasses = '[]', activeProfiles = '{}', propertySourceLocations = '{}', propertySourceProperties = '{org.springframework.boot.test.autoconfigure.orm.jpa.DataJpaTestContextBootstrapper=true}', contextCustomizers = set[org.springframework.boot.test.autoconfigure.OverrideAutoConfigurationContextCustomizerFactory$DisableAutoConfigurationContextCustomizer@770d0ea6, org.springframework.boot.test.autoconfigure.actuate.metrics.MetricsExportContextCustomizerFactory$DisableMetricExportContextCustomizer@6cea706c, org.springframework.boot.test.autoconfigure.filter.TypeExcludeFiltersContextCustomizer@351584c0, org.springframework.boot.test.autoconfigure.properties.PropertyMappingContextCustomizer@141fc447, org.springframework.boot.test.autoconfigure.web.servlet.WebDriverContextCustomizerFactory$Customizer@56db847e, [ImportsContextCustomizer@145ef9e8 key = [org.springframework.boot.autoconfigure.cache.CacheAutoConfiguration, org.springframework.boot.autoconfigure.data.jpa.JpaRepositoriesAutoConfiguration, org.springframework.boot.autoconfigure.flyway.FlywayAutoConfiguration, org.springframework.boot.autoconfigure.jdbc.DataSourceAutoConfiguration, org.springframework.boot.autoconfigure.jdbc.DataSourceTransactionManagerAutoConfiguration, org.springframework.boot.autoconfigure.jdbc.JdbcTemplateAutoConfiguration, org.springframework.boot.autoconfigure.liquibase.LiquibaseAutoConfiguration, org.springframework.boot.autoconfigure.orm.jpa.HibernateJpaAutoConfiguration, org.springframework.boot.autoconfigure.sql.init.SqlInitializationAutoConfiguration, org.springframework.boot.autoconfigure.transaction.TransactionAutoConfiguration, org.springframework.boot.test.autoconfigure.jdbc.TestDatabaseAutoConfiguration, org.springframework.boot.test.autoconfigure.orm.jpa.TestEntityManagerAutoConfiguration]], org.springframework.boot.test.context.filter.ExcludeFilterContextCustomizer@21362712, org.springframework.boot.test.json.DuplicateJsonObjectContextCustomizerFactory$DuplicateJsonObjectContextCustomizer@bc57b40, org.springframework.boot.test.mock.mockito.MockitoContextCustomizer@0, org.springframework.boot.test.context.SpringBootTestArgs@1, org.springframework.boot.test.context.SpringBootTestWebEnvironment@0], contextLoader = 'org.springframework.boot.test.context.SpringBootContextLoader', parent = [null]], attributes = map['org.springframework.test.context.event.ApplicationEventsTestExecutionListener.recordApplicationEvents' -> false]]
2024-07-15 18:30:33,212 [Test worker] INFO  o.s.t.c.t.TransactionContext - Began transaction (1) for test context [DefaultTestContext@527d1fe1 testClass = PersonRepositoryTest, testInstance = lv.javaguru.travel.insurance.core.repositories.agreement.PersonRepositoryTest@4faaff61, testMethod = repositoryIsNotNull@PersonRepositoryTest, testException = [null], mergedContextConfiguration = [MergedContextConfiguration@68dbe225 testClass = PersonRepositoryTest, locations = '{}', classes = '{class lv.javaguru.travel.insurance.InsuranceApplication}', contextInitializerClasses = '[]', activeProfiles = '{}', propertySourceLocations = '{}', propertySourceProperties = '{org.springframework.boot.test.autoconfigure.orm.jpa.DataJpaTestContextBootstrapper=true}', contextCustomizers = set[org.springframework.boot.test.autoconfigure.OverrideAutoConfigurationContextCustomizerFactory$DisableAutoConfigurationContextCustomizer@770d0ea6, org.springframework.boot.test.autoconfigure.actuate.metrics.MetricsExportContextCustomizerFactory$DisableMetricExportContextCustomizer@6cea706c, org.springframework.boot.test.autoconfigure.filter.TypeExcludeFiltersContextCustomizer@351584c0, org.springframework.boot.test.autoconfigure.properties.PropertyMappingContextCustomizer@141fc447, org.springframework.boot.test.autoconfigure.web.servlet.WebDriverContextCustomizerFactory$Customizer@56db847e, [ImportsContextCustomizer@145ef9e8 key = [org.springframework.boot.autoconfigure.cache.CacheAutoConfiguration, org.springframework.boot.autoconfigure.data.jpa.JpaRepositoriesAutoConfiguration, org.springframework.boot.autoconfigure.flyway.FlywayAutoConfiguration, org.springframework.boot.autoconfigure.jdbc.DataSourceAutoConfiguration, org.springframework.boot.autoconfigure.jdbc.DataSourceTransactionManagerAutoConfiguration, org.springframework.boot.autoconfigure.jdbc.JdbcTemplateAutoConfiguration, org.springframework.boot.autoconfigure.liquibase.LiquibaseAutoConfiguration, org.springframework.boot.autoconfigure.orm.jpa.HibernateJpaAutoConfiguration, org.springframework.boot.autoconfigure.sql.init.SqlInitializationAutoConfiguration, org.springframework.boot.autoconfigure.transaction.TransactionAutoConfiguration, org.springframework.boot.test.autoconfigure.jdbc.TestDatabaseAutoConfiguration, org.springframework.boot.test.autoconfigure.orm.jpa.TestEntityManagerAutoConfiguration]], org.springframework.boot.test.context.filter.ExcludeFilterContextCustomizer@21362712, org.springframework.boot.test.json.DuplicateJsonObjectContextCustomizerFactory$DuplicateJsonObjectContextCustomizer@bc57b40, org.springframework.boot.test.mock.mockito.MockitoContextCustomizer@0, org.springframework.boot.test.context.SpringBootTestArgs@1, org.springframework.boot.test.context.SpringBootTestWebEnvironment@0], contextLoader = 'org.springframework.boot.test.context.SpringBootContextLoader', parent = [null]], attributes = map['org.springframework.test.context.event.ApplicationEventsTestExecutionListener.recordApplicationEvents' -> false]]; transaction manager [org.springframework.orm.jpa.JpaTransactionManager@3abadb65]; rollback [true]
2024-07-15 18:30:33,228 [Test worker] INFO  o.s.t.c.t.TransactionContext - Rolled back transaction for test: [DefaultTestContext@527d1fe1 testClass = PersonRepositoryTest, testInstance = lv.javaguru.travel.insurance.core.repositories.agreement.PersonRepositoryTest@4faaff61, testMethod = repositoryIsNotNull@PersonRepositoryTest, testException = [null], mergedContextConfiguration = [MergedContextConfiguration@68dbe225 testClass = PersonRepositoryTest, locations = '{}', classes = '{class lv.javaguru.travel.insurance.InsuranceApplication}', contextInitializerClasses = '[]', activeProfiles = '{}', propertySourceLocations = '{}', propertySourceProperties = '{org.springframework.boot.test.autoconfigure.orm.jpa.DataJpaTestContextBootstrapper=true}', contextCustomizers = set[org.springframework.boot.test.autoconfigure.OverrideAutoConfigurationContextCustomizerFactory$DisableAutoConfigurationContextCustomizer@770d0ea6, org.springframework.boot.test.autoconfigure.actuate.metrics.MetricsExportContextCustomizerFactory$DisableMetricExportContextCustomizer@6cea706c, org.springframework.boot.test.autoconfigure.filter.TypeExcludeFiltersContextCustomizer@351584c0, org.springframework.boot.test.autoconfigure.properties.PropertyMappingContextCustomizer@141fc447, org.springframework.boot.test.autoconfigure.web.servlet.WebDriverContextCustomizerFactory$Customizer@56db847e, [ImportsContextCustomizer@145ef9e8 key = [org.springframework.boot.autoconfigure.cache.CacheAutoConfiguration, org.springframework.boot.autoconfigure.data.jpa.JpaRepositoriesAutoConfiguration, org.springframework.boot.autoconfigure.flyway.FlywayAutoConfiguration, org.springframework.boot.autoconfigure.jdbc.DataSourceAutoConfiguration, org.springframework.boot.autoconfigure.jdbc.DataSourceTransactionManagerAutoConfiguration, org.springframework.boot.autoconfigure.jdbc.JdbcTemplateAutoConfiguration, org.springframework.boot.autoconfigure.liquibase.LiquibaseAutoConfiguration, org.springframework.boot.autoconfigure.orm.jpa.HibernateJpaAutoConfiguration, org.springframework.boot.autoconfigure.sql.init.SqlInitializationAutoConfiguration, org.springframework.boot.autoconfigure.transaction.TransactionAutoConfiguration, org.springframework.boot.test.autoconfigure.jdbc.TestDatabaseAutoConfiguration, org.springframework.boot.test.autoconfigure.orm.jpa.TestEntityManagerAutoConfiguration]], org.springframework.boot.test.context.filter.ExcludeFilterContextCustomizer@21362712, org.springframework.boot.test.json.DuplicateJsonObjectContextCustomizerFactory$DuplicateJsonObjectContextCustomizer@bc57b40, org.springframework.boot.test.mock.mockito.MockitoContextCustomizer@0, org.springframework.boot.test.context.SpringBootTestArgs@1, org.springframework.boot.test.context.SpringBootTestWebEnvironment@0], contextLoader = 'org.springframework.boot.test.context.SpringBootContextLoader', parent = [null]], attributes = map['org.springframework.test.context.event.ApplicationEventsTestExecutionListener.recordApplicationEvents' -> false]]
2024-07-15 18:30:33,269 [Test worker] INFO  o.s.t.c.t.TransactionContext - Began transaction (1) for test context [DefaultTestContext@527d1fe1 testClass = PersonRepositoryTest, testInstance = lv.javaguru.travel.insurance.core.repositories.agreement.PersonRepositoryTest@45494046, testMethod = wrongPersonFirstNameTest@PersonRepositoryTest, testException = [null], mergedContextConfiguration = [MergedContextConfiguration@68dbe225 testClass = PersonRepositoryTest, locations = '{}', classes = '{class lv.javaguru.travel.insurance.InsuranceApplication}', contextInitializerClasses = '[]', activeProfiles = '{}', propertySourceLocations = '{}', propertySourceProperties = '{org.springframework.boot.test.autoconfigure.orm.jpa.DataJpaTestContextBootstrapper=true}', contextCustomizers = set[org.springframework.boot.test.autoconfigure.OverrideAutoConfigurationContextCustomizerFactory$DisableAutoConfigurationContextCustomizer@770d0ea6, org.springframework.boot.test.autoconfigure.actuate.metrics.MetricsExportContextCustomizerFactory$DisableMetricExportContextCustomizer@6cea706c, org.springframework.boot.test.autoconfigure.filter.TypeExcludeFiltersContextCustomizer@351584c0, org.springframework.boot.test.autoconfigure.properties.PropertyMappingContextCustomizer@141fc447, org.springframework.boot.test.autoconfigure.web.servlet.WebDriverContextCustomizerFactory$Customizer@56db847e, [ImportsContextCustomizer@145ef9e8 key = [org.springframework.boot.autoconfigure.cache.CacheAutoConfiguration, org.springframework.boot.autoconfigure.data.jpa.JpaRepositoriesAutoConfiguration, org.springframework.boot.autoconfigure.flyway.FlywayAutoConfiguration, org.springframework.boot.autoconfigure.jdbc.DataSourceAutoConfiguration, org.springframework.boot.autoconfigure.jdbc.DataSourceTransactionManagerAutoConfiguration, org.springframework.boot.autoconfigure.jdbc.JdbcTemplateAutoConfiguration, org.springframework.boot.autoconfigure.liquibase.LiquibaseAutoConfiguration, org.springframework.boot.autoconfigure.orm.jpa.HibernateJpaAutoConfiguration, org.springframework.boot.autoconfigure.sql.init.SqlInitializationAutoConfiguration, org.springframework.boot.autoconfigure.transaction.TransactionAutoConfiguration, org.springframework.boot.test.autoconfigure.jdbc.TestDatabaseAutoConfiguration, org.springframework.boot.test.autoconfigure.orm.jpa.TestEntityManagerAutoConfiguration]], org.springframework.boot.test.context.filter.ExcludeFilterContextCustomizer@21362712, org.springframework.boot.test.json.DuplicateJsonObjectContextCustomizerFactory$DuplicateJsonObjectContextCustomizer@bc57b40, org.springframework.boot.test.mock.mockito.MockitoContextCustomizer@0, org.springframework.boot.test.context.SpringBootTestArgs@1, org.springframework.boot.test.context.SpringBootTestWebEnvironment@0], contextLoader = 'org.springframework.boot.test.context.SpringBootContextLoader', parent = [null]], attributes = map['org.springframework.test.context.event.ApplicationEventsTestExecutionListener.recordApplicationEvents' -> false]]; transaction manager [org.springframework.orm.jpa.JpaTransactionManager@3abadb65]; rollback [true]
Hibernate: select persondtod0_.id as id1_7_, persondtod0_.birth_date as birth_da2_7_, persondtod0_.first_name as first_na3_7_, persondtod0_.ic as ic4_7_, persondtod0_.last_name as last_nam5_7_ from persons persondtod0_ where persondtod0_.first_name=? and persondtod0_.last_name=? and persondtod0_.ic=?
2024-07-15 18:30:33,350 [Test worker] INFO  o.s.t.c.t.TransactionContext - Rolled back transaction for test: [DefaultTestContext@527d1fe1 testClass = PersonRepositoryTest, testInstance = lv.javaguru.travel.insurance.core.repositories.agreement.PersonRepositoryTest@45494046, testMethod = wrongPersonFirstNameTest@PersonRepositoryTest, testException = [null], mergedContextConfiguration = [MergedContextConfiguration@68dbe225 testClass = PersonRepositoryTest, locations = '{}', classes = '{class lv.javaguru.travel.insurance.InsuranceApplication}', contextInitializerClasses = '[]', activeProfiles = '{}', propertySourceLocations = '{}', propertySourceProperties = '{org.springframework.boot.test.autoconfigure.orm.jpa.DataJpaTestContextBootstrapper=true}', contextCustomizers = set[org.springframework.boot.test.autoconfigure.OverrideAutoConfigurationContextCustomizerFactory$DisableAutoConfigurationContextCustomizer@770d0ea6, org.springframework.boot.test.autoconfigure.actuate.metrics.MetricsExportContextCustomizerFactory$DisableMetricExportContextCustomizer@6cea706c, org.springframework.boot.test.autoconfigure.filter.TypeExcludeFiltersContextCustomizer@351584c0, org.springframework.boot.test.autoconfigure.properties.PropertyMappingContextCustomizer@141fc447, org.springframework.boot.test.autoconfigure.web.servlet.WebDriverContextCustomizerFactory$Customizer@56db847e, [ImportsContextCustomizer@145ef9e8 key = [org.springframework.boot.autoconfigure.cache.CacheAutoConfiguration, org.springframework.boot.autoconfigure.data.jpa.JpaRepositoriesAutoConfiguration, org.springframework.boot.autoconfigure.flyway.FlywayAutoConfiguration, org.springframework.boot.autoconfigure.jdbc.DataSourceAutoConfiguration, org.springframework.boot.autoconfigure.jdbc.DataSourceTransactionManagerAutoConfiguration, org.springframework.boot.autoconfigure.jdbc.JdbcTemplateAutoConfiguration, org.springframework.boot.autoconfigure.liquibase.LiquibaseAutoConfiguration, org.springframework.boot.autoconfigure.orm.jpa.HibernateJpaAutoConfiguration, org.springframework.boot.autoconfigure.sql.init.SqlInitializationAutoConfiguration, org.springframework.boot.autoconfigure.transaction.TransactionAutoConfiguration, org.springframework.boot.test.autoconfigure.jdbc.TestDatabaseAutoConfiguration, org.springframework.boot.test.autoconfigure.orm.jpa.TestEntityManagerAutoConfiguration]], org.springframework.boot.test.context.filter.ExcludeFilterContextCustomizer@21362712, org.springframework.boot.test.json.DuplicateJsonObjectContextCustomizerFactory$DuplicateJsonObjectContextCustomizer@bc57b40, org.springframework.boot.test.mock.mockito.MockitoContextCustomizer@0, org.springframework.boot.test.context.SpringBootTestArgs@1, org.springframework.boot.test.context.SpringBootTestWebEnvironment@0], contextLoader = 'org.springframework.boot.test.context.SpringBootContextLoader', parent = [null]], attributes = map['org.springframework.test.context.event.ApplicationEventsTestExecutionListener.recordApplicationEvents' -> false]]
]]></system-out>
  <system-err><![CDATA[]]></system-err>
</testsuite>
