<?xml version="1.0" encoding="UTF-8"?>
<testsuite name="lv.javaguru.travel.insurance.core.validations.calculate.TravelOnlyAgreementValidatorTest" tests="3" skipped="0" failures="0" errors="0" timestamp="2024-07-15T15:30:40" hostname="DESKTOP-QKNTNJC" time="0.126">
  <properties/>
  <testcase name="shouldReturnSingleAgreementErrors()" classname="lv.javaguru.travel.insurance.core.validations.calculate.TravelOnlyAgreementValidatorTest" time="0.076"/>
  <testcase name="shouldReturnListAgreementErrors()" classname="lv.javaguru.travel.insurance.core.validations.calculate.TravelOnlyAgreementValidatorTest" time="0.012"/>
  <testcase name="shouldNotReturnErrors()" classname="lv.javaguru.travel.insurance.core.validations.calculate.TravelOnlyAgreementValidatorTest" time="0.032"/>
  <system-out><![CDATA[2024-07-15 18:30:39,996 [Test worker] INFO  o.s.t.c.s.DefaultTestContextBootstrapper - Neither @ContextConfiguration nor @ContextHierarchy found for test class [lv.javaguru.travel.insurance.core.validations.calculate.TravelOnlyAgreementValidatorTest], using DelegatingSmartContextLoader
2024-07-15 18:30:39,998 [Test worker] INFO  o.s.t.c.s.AbstractContextLoader - Could not detect default resource locations for test class [lv.javaguru.travel.insurance.core.validations.calculate.TravelOnlyAgreementValidatorTest]: no resource found for suffixes {-context.xml}.
2024-07-15 18:30:39,998 [Test worker] INFO  o.s.t.c.s.AnnotationConfigContextLoaderUtils - Could not detect default configuration classes for test class [lv.javaguru.travel.insurance.core.validations.calculate.TravelOnlyAgreementValidatorTest]: TravelOnlyAgreementValidatorTest does not declare any static, non-private, non-final, nested classes annotated with @Configuration.
2024-07-15 18:30:40,000 [Test worker] INFO  o.s.t.c.s.DefaultTestContextBootstrapper - Loaded default TestExecutionListener class names from location [META-INF/spring.factories]: [org.springframework.boot.test.autoconfigure.restdocs.RestDocsTestExecutionListener, org.springframework.boot.test.autoconfigure.web.client.MockRestServiceServerResetTestExecutionListener, org.springframework.boot.test.autoconfigure.web.servlet.MockMvcPrintOnlyOnFailureTestExecutionListener, org.springframework.boot.test.autoconfigure.web.servlet.WebDriverTestExecutionListener, org.springframework.boot.test.autoconfigure.webservices.client.MockWebServiceServerTestExecutionListener, org.springframework.boot.test.mock.mockito.MockitoTestExecutionListener, org.springframework.boot.test.mock.mockito.ResetMocksTestExecutionListener, org.springframework.test.context.web.ServletTestExecutionListener, org.springframework.test.context.support.DirtiesContextBeforeModesTestExecutionListener, org.springframework.test.context.event.ApplicationEventsTestExecutionListener, org.springframework.test.context.support.DependencyInjectionTestExecutionListener, org.springframework.test.context.support.DirtiesContextTestExecutionListener, org.springframework.test.context.transaction.TransactionalTestExecutionListener, org.springframework.test.context.jdbc.SqlScriptsTestExecutionListener, org.springframework.test.context.event.EventPublishingTestExecutionListener]
2024-07-15 18:30:40,001 [Test worker] INFO  o.s.t.c.s.DefaultTestContextBootstrapper - Using TestExecutionListeners: [org.springframework.test.context.web.ServletTestExecutionListener@19740583, org.springframework.test.context.support.DirtiesContextBeforeModesTestExecutionListener@8850865, org.springframework.test.context.event.ApplicationEventsTestExecutionListener@3e11996e, org.springframework.boot.test.mock.mockito.MockitoTestExecutionListener@7dcc6679, org.springframework.test.context.support.DependencyInjectionTestExecutionListener@44ad3c5e, org.springframework.test.context.support.DirtiesContextTestExecutionListener@64cbc28e, org.springframework.test.context.transaction.TransactionalTestExecutionListener@5623fd90, org.springframework.test.context.jdbc.SqlScriptsTestExecutionListener@4842a683, org.springframework.test.context.event.EventPublishingTestExecutionListener@65a03c19, org.springframework.boot.test.autoconfigure.restdocs.RestDocsTestExecutionListener@5f455d91, org.springframework.boot.test.autoconfigure.web.client.MockRestServiceServerResetTestExecutionListener@16c3e494, org.springframework.boot.test.autoconfigure.web.servlet.MockMvcPrintOnlyOnFailureTestExecutionListener@4b682e71, org.springframework.boot.test.autoconfigure.web.servlet.WebDriverTestExecutionListener@2f4c83f1, org.springframework.boot.test.autoconfigure.webservices.client.MockWebServiceServerTestExecutionListener@5a90ea5c, org.springframework.boot.test.mock.mockito.ResetMocksTestExecutionListener@537e52de]
]]></system-out>
  <system-err><![CDATA[]]></system-err>
</testsuite>
