<?xml version="1.0" encoding="UTF-8"?>
<testsuite name="lv.javaguru.travel.insurance.core.underwriting.calculators.TravelRiskPremiumCalculatorSportActivitiesTest" tests="1" skipped="0" failures="0" errors="0" timestamp="2024-06-23T16:36:48" hostname="DESKTOP-QKNTNJC" time="0.004">
  <properties/>
  <testcase name="calculatePremiumIntegrationTest()" classname="lv.javaguru.travel.insurance.core.underwriting.calculators.TravelRiskPremiumCalculatorSportActivitiesTest" time="0.004"/>
  <system-out><![CDATA[2024-06-23 19:36:48,764 [Test worker] INFO  o.s.t.c.s.DefaultTestContextBootstrapper - Neither @ContextConfiguration nor @ContextHierarchy found for test class [lv.javaguru.travel.insurance.core.underwriting.calculators.TravelRiskPremiumCalculatorSportActivitiesTest], using DelegatingSmartContextLoader
2024-06-23 19:36:48,765 [Test worker] INFO  o.s.t.c.s.AbstractContextLoader - Could not detect default resource locations for test class [lv.javaguru.travel.insurance.core.underwriting.calculators.TravelRiskPremiumCalculatorSportActivitiesTest]: no resource found for suffixes {-context.xml}.
2024-06-23 19:36:48,765 [Test worker] INFO  o.s.t.c.s.AnnotationConfigContextLoaderUtils - Could not detect default configuration classes for test class [lv.javaguru.travel.insurance.core.underwriting.calculators.TravelRiskPremiumCalculatorSportActivitiesTest]: TravelRiskPremiumCalculatorSportActivitiesTest does not declare any static, non-private, non-final, nested classes annotated with @Configuration.
2024-06-23 19:36:48,766 [Test worker] INFO  o.s.t.c.s.DefaultTestContextBootstrapper - Loaded default TestExecutionListener class names from location [META-INF/spring.factories]: [org.springframework.boot.test.autoconfigure.restdocs.RestDocsTestExecutionListener, org.springframework.boot.test.autoconfigure.web.client.MockRestServiceServerResetTestExecutionListener, org.springframework.boot.test.autoconfigure.web.servlet.MockMvcPrintOnlyOnFailureTestExecutionListener, org.springframework.boot.test.autoconfigure.web.servlet.WebDriverTestExecutionListener, org.springframework.boot.test.autoconfigure.webservices.client.MockWebServiceServerTestExecutionListener, org.springframework.boot.test.mock.mockito.MockitoTestExecutionListener, org.springframework.boot.test.mock.mockito.ResetMocksTestExecutionListener, org.springframework.test.context.web.ServletTestExecutionListener, org.springframework.test.context.support.DirtiesContextBeforeModesTestExecutionListener, org.springframework.test.context.event.ApplicationEventsTestExecutionListener, org.springframework.test.context.support.DependencyInjectionTestExecutionListener, org.springframework.test.context.support.DirtiesContextTestExecutionListener, org.springframework.test.context.transaction.TransactionalTestExecutionListener, org.springframework.test.context.jdbc.SqlScriptsTestExecutionListener, org.springframework.test.context.event.EventPublishingTestExecutionListener]
2024-06-23 19:36:48,766 [Test worker] INFO  o.s.t.c.s.DefaultTestContextBootstrapper - Using TestExecutionListeners: [org.springframework.test.context.web.ServletTestExecutionListener@1002c49e, org.springframework.test.context.support.DirtiesContextBeforeModesTestExecutionListener@62eb918, org.springframework.test.context.event.ApplicationEventsTestExecutionListener@21a462ce, org.springframework.boot.test.mock.mockito.MockitoTestExecutionListener@37e28b20, org.springframework.test.context.support.DependencyInjectionTestExecutionListener@31428f76, org.springframework.test.context.support.DirtiesContextTestExecutionListener@4257163f, org.springframework.test.context.transaction.TransactionalTestExecutionListener@40e7aea9, org.springframework.test.context.jdbc.SqlScriptsTestExecutionListener@63ff861e, org.springframework.test.context.event.EventPublishingTestExecutionListener@46e38c28, org.springframework.boot.test.autoconfigure.restdocs.RestDocsTestExecutionListener@3c7f8c25, org.springframework.boot.test.autoconfigure.web.client.MockRestServiceServerResetTestExecutionListener@4110ffe5, org.springframework.boot.test.autoconfigure.web.servlet.MockMvcPrintOnlyOnFailureTestExecutionListener@5e405eaf, org.springframework.boot.test.autoconfigure.web.servlet.WebDriverTestExecutionListener@4981b83, org.springframework.boot.test.autoconfigure.webservices.client.MockWebServiceServerTestExecutionListener@4446a191, org.springframework.boot.test.mock.mockito.ResetMocksTestExecutionListener@2ef812b]
]]></system-out>
  <system-err><![CDATA[]]></system-err>
</testsuite>
