<?xml version="1.0" encoding="UTF-8"?>
<testsuite name="lv.javaguru.travel.insurance.core.validations.calculate.TravelAgreementValidatorImplTest" tests="5" skipped="0" failures="0" errors="0" timestamp="2024-06-23T16:36:50" hostname="DESKTOP-QKNTNJC" time="0.1">
  <properties/>
  <testcase name="shouldReturnSingleAgreementErrors()" classname="lv.javaguru.travel.insurance.core.validations.calculate.TravelAgreementValidatorImplTest" time="0.024"/>
  <testcase name="shouldReturnListAgreementErrors()" classname="lv.javaguru.travel.insurance.core.validations.calculate.TravelAgreementValidatorImplTest" time="0.032"/>
  <testcase name="shouldReturnListPersonErrors()" classname="lv.javaguru.travel.insurance.core.validations.calculate.TravelAgreementValidatorImplTest" time="0.009"/>
  <testcase name="shouldReturnSinglePersonErrors()" classname="lv.javaguru.travel.insurance.core.validations.calculate.TravelAgreementValidatorImplTest" time="0.007"/>
  <testcase name="shouldNotReturnErrors()" classname="lv.javaguru.travel.insurance.core.validations.calculate.TravelAgreementValidatorImplTest" time="0.006"/>
  <system-out><![CDATA[2024-06-23 19:36:50,753 [Test worker] INFO  o.s.t.c.s.DefaultTestContextBootstrapper - Neither @ContextConfiguration nor @ContextHierarchy found for test class [lv.javaguru.travel.insurance.core.validations.calculate.TravelAgreementValidatorImplTest], using DelegatingSmartContextLoader
2024-06-23 19:36:50,754 [Test worker] INFO  o.s.t.c.s.AbstractContextLoader - Could not detect default resource locations for test class [lv.javaguru.travel.insurance.core.validations.calculate.TravelAgreementValidatorImplTest]: no resource found for suffixes {-context.xml}.
2024-06-23 19:36:50,754 [Test worker] INFO  o.s.t.c.s.AnnotationConfigContextLoaderUtils - Could not detect default configuration classes for test class [lv.javaguru.travel.insurance.core.validations.calculate.TravelAgreementValidatorImplTest]: TravelAgreementValidatorImplTest does not declare any static, non-private, non-final, nested classes annotated with @Configuration.
2024-06-23 19:36:50,755 [Test worker] INFO  o.s.t.c.s.DefaultTestContextBootstrapper - Loaded default TestExecutionListener class names from location [META-INF/spring.factories]: [org.springframework.boot.test.autoconfigure.restdocs.RestDocsTestExecutionListener, org.springframework.boot.test.autoconfigure.web.client.MockRestServiceServerResetTestExecutionListener, org.springframework.boot.test.autoconfigure.web.servlet.MockMvcPrintOnlyOnFailureTestExecutionListener, org.springframework.boot.test.autoconfigure.web.servlet.WebDriverTestExecutionListener, org.springframework.boot.test.autoconfigure.webservices.client.MockWebServiceServerTestExecutionListener, org.springframework.boot.test.mock.mockito.MockitoTestExecutionListener, org.springframework.boot.test.mock.mockito.ResetMocksTestExecutionListener, org.springframework.test.context.web.ServletTestExecutionListener, org.springframework.test.context.support.DirtiesContextBeforeModesTestExecutionListener, org.springframework.test.context.event.ApplicationEventsTestExecutionListener, org.springframework.test.context.support.DependencyInjectionTestExecutionListener, org.springframework.test.context.support.DirtiesContextTestExecutionListener, org.springframework.test.context.transaction.TransactionalTestExecutionListener, org.springframework.test.context.jdbc.SqlScriptsTestExecutionListener, org.springframework.test.context.event.EventPublishingTestExecutionListener]
2024-06-23 19:36:50,755 [Test worker] INFO  o.s.t.c.s.DefaultTestContextBootstrapper - Using TestExecutionListeners: [org.springframework.test.context.web.ServletTestExecutionListener@4a1abba1, org.springframework.test.context.support.DirtiesContextBeforeModesTestExecutionListener@67263db7, org.springframework.test.context.event.ApplicationEventsTestExecutionListener@4a2bc71f, org.springframework.boot.test.mock.mockito.MockitoTestExecutionListener@20f94e9a, org.springframework.test.context.support.DependencyInjectionTestExecutionListener@3f213e97, org.springframework.test.context.support.DirtiesContextTestExecutionListener@693c7741, org.springframework.test.context.transaction.TransactionalTestExecutionListener@7d3b4646, org.springframework.test.context.jdbc.SqlScriptsTestExecutionListener@175c4ae5, org.springframework.test.context.event.EventPublishingTestExecutionListener@21bf1b1f, org.springframework.boot.test.autoconfigure.restdocs.RestDocsTestExecutionListener@2b33e616, org.springframework.boot.test.autoconfigure.web.client.MockRestServiceServerResetTestExecutionListener@c1d9c40, org.springframework.boot.test.autoconfigure.web.servlet.MockMvcPrintOnlyOnFailureTestExecutionListener@79e3f444, org.springframework.boot.test.autoconfigure.web.servlet.WebDriverTestExecutionListener@205d6f84, org.springframework.boot.test.autoconfigure.webservices.client.MockWebServiceServerTestExecutionListener@14ea3ecf, org.springframework.boot.test.mock.mockito.ResetMocksTestExecutionListener@74f54f8e]
]]></system-out>
  <system-err><![CDATA[]]></system-err>
</testsuite>
