<?xml version="1.0" encoding="UTF-8"?>
<testsuite name="lv.javaguru.travel.insurance.core.validations.calculate.ValidationErrorFactoryTest" tests="2" skipped="0" failures="0" errors="0" timestamp="2024-06-23T16:36:51" hostname="DESKTOP-QKNTNJC" time="0.013">
  <properties/>
  <testcase name="errorCodeWithPlaceholderTest()" classname="lv.javaguru.travel.insurance.core.validations.calculate.ValidationErrorFactoryTest" time="0.006"/>
  <testcase name="simpleErrorCodeTest()" classname="lv.javaguru.travel.insurance.core.validations.calculate.ValidationErrorFactoryTest" time="0.005"/>
  <system-out><![CDATA[2024-06-23 19:36:51,046 [Test worker] INFO  o.s.t.c.s.DefaultTestContextBootstrapper - Neither @ContextConfiguration nor @ContextHierarchy found for test class [lv.javaguru.travel.insurance.core.validations.calculate.ValidationErrorFactoryTest], using DelegatingSmartContextLoader
2024-06-23 19:36:51,046 [Test worker] INFO  o.s.t.c.s.AbstractContextLoader - Could not detect default resource locations for test class [lv.javaguru.travel.insurance.core.validations.calculate.ValidationErrorFactoryTest]: no resource found for suffixes {-context.xml}.
2024-06-23 19:36:51,046 [Test worker] INFO  o.s.t.c.s.AnnotationConfigContextLoaderUtils - Could not detect default configuration classes for test class [lv.javaguru.travel.insurance.core.validations.calculate.ValidationErrorFactoryTest]: ValidationErrorFactoryTest does not declare any static, non-private, non-final, nested classes annotated with @Configuration.
2024-06-23 19:36:51,084 [Test worker] INFO  o.s.t.c.s.DefaultTestContextBootstrapper - Loaded default TestExecutionListener class names from location [META-INF/spring.factories]: [org.springframework.boot.test.autoconfigure.restdocs.RestDocsTestExecutionListener, org.springframework.boot.test.autoconfigure.web.client.MockRestServiceServerResetTestExecutionListener, org.springframework.boot.test.autoconfigure.web.servlet.MockMvcPrintOnlyOnFailureTestExecutionListener, org.springframework.boot.test.autoconfigure.web.servlet.WebDriverTestExecutionListener, org.springframework.boot.test.autoconfigure.webservices.client.MockWebServiceServerTestExecutionListener, org.springframework.boot.test.mock.mockito.MockitoTestExecutionListener, org.springframework.boot.test.mock.mockito.ResetMocksTestExecutionListener, org.springframework.test.context.web.ServletTestExecutionListener, org.springframework.test.context.support.DirtiesContextBeforeModesTestExecutionListener, org.springframework.test.context.event.ApplicationEventsTestExecutionListener, org.springframework.test.context.support.DependencyInjectionTestExecutionListener, org.springframework.test.context.support.DirtiesContextTestExecutionListener, org.springframework.test.context.transaction.TransactionalTestExecutionListener, org.springframework.test.context.jdbc.SqlScriptsTestExecutionListener, org.springframework.test.context.event.EventPublishingTestExecutionListener]
2024-06-23 19:36:51,086 [Test worker] INFO  o.s.t.c.s.DefaultTestContextBootstrapper - Using TestExecutionListeners: [org.springframework.test.context.web.ServletTestExecutionListener@4ab1693b, org.springframework.test.context.support.DirtiesContextBeforeModesTestExecutionListener@35e0d91e, org.springframework.test.context.event.ApplicationEventsTestExecutionListener@3204146d, org.springframework.boot.test.mock.mockito.MockitoTestExecutionListener@3299e315, org.springframework.test.context.support.DependencyInjectionTestExecutionListener@7320bccc, org.springframework.test.context.support.DirtiesContextTestExecutionListener@403ba39f, org.springframework.test.context.transaction.TransactionalTestExecutionListener@520e6089, org.springframework.test.context.jdbc.SqlScriptsTestExecutionListener@2ff2a096, org.springframework.test.context.event.EventPublishingTestExecutionListener@59c2bf78, org.springframework.boot.test.autoconfigure.restdocs.RestDocsTestExecutionListener@44f8d884, org.springframework.boot.test.autoconfigure.web.client.MockRestServiceServerResetTestExecutionListener@65d3e2ba, org.springframework.boot.test.autoconfigure.web.servlet.MockMvcPrintOnlyOnFailureTestExecutionListener@5f9f1886, org.springframework.boot.test.autoconfigure.web.servlet.WebDriverTestExecutionListener@136a5572, org.springframework.boot.test.autoconfigure.webservices.client.MockWebServiceServerTestExecutionListener@11548363, org.springframework.boot.test.mock.mockito.ResetMocksTestExecutionListener@6be865c1]
]]></system-out>
  <system-err><![CDATA[]]></system-err>
</testsuite>
