<?xml version="1.0" encoding="UTF-8"?>
<testsuite name="lv.javaguru.travel.insurance.rest.controller_v2_test.without_all_fields.V2RequestWithoutFieldsTest" tests="2" skipped="0" failures="0" errors="0" timestamp="2024-07-15T15:31:05" hostname="DESKTOP-QKNTNJC" time="0.185">
  <properties/>
  <testcase name="execute19()" classname="lv.javaguru.travel.insurance.rest.controller_v2_test.without_all_fields.V2RequestWithoutFieldsTest" time="0.061"/>
  <testcase name="execute20()" classname="lv.javaguru.travel.insurance.rest.controller_v2_test.without_all_fields.V2RequestWithoutFieldsTest" time="0.122"/>
  <system-out><![CDATA[2024-07-15 18:31:05,070 [Test worker] INFO  o.s.b.t.c.SpringBootTestContextBootstrapper - Neither @ContextConfiguration nor @ContextHierarchy found for test class [lv.javaguru.travel.insurance.rest.controller_v2_test.without_all_fields.V2RequestWithoutFieldsTest], using SpringBootContextLoader
2024-07-15 18:31:05,073 [Test worker] INFO  o.s.t.c.s.AbstractContextLoader - Could not detect default resource locations for test class [lv.javaguru.travel.insurance.rest.controller_v2_test.without_all_fields.V2RequestWithoutFieldsTest]: no resource found for suffixes {-context.xml, Context.groovy}.
2024-07-15 18:31:05,075 [Test worker] INFO  o.s.t.c.s.AnnotationConfigContextLoaderUtils - Could not detect default configuration classes for test class [lv.javaguru.travel.insurance.rest.controller_v2_test.without_all_fields.V2RequestWithoutFieldsTest]: V2RequestWithoutFieldsTest does not declare any static, non-private, non-final, nested classes annotated with @Configuration.
2024-07-15 18:31:05,102 [Test worker] INFO  o.s.b.t.c.SpringBootTestContextBootstrapper - Found @SpringBootConfiguration lv.javaguru.travel.insurance.InsuranceApplication for test class lv.javaguru.travel.insurance.rest.controller_v2_test.without_all_fields.V2RequestWithoutFieldsTest
2024-07-15 18:31:05,105 [Test worker] INFO  o.s.b.t.c.SpringBootTestContextBootstrapper - Loaded default TestExecutionListener class names from location [META-INF/spring.factories]: [org.springframework.boot.test.autoconfigure.restdocs.RestDocsTestExecutionListener, org.springframework.boot.test.autoconfigure.web.client.MockRestServiceServerResetTestExecutionListener, org.springframework.boot.test.autoconfigure.web.servlet.MockMvcPrintOnlyOnFailureTestExecutionListener, org.springframework.boot.test.autoconfigure.web.servlet.WebDriverTestExecutionListener, org.springframework.boot.test.autoconfigure.webservices.client.MockWebServiceServerTestExecutionListener, org.springframework.boot.test.mock.mockito.MockitoTestExecutionListener, org.springframework.boot.test.mock.mockito.ResetMocksTestExecutionListener, org.springframework.test.context.web.ServletTestExecutionListener, org.springframework.test.context.support.DirtiesContextBeforeModesTestExecutionListener, org.springframework.test.context.event.ApplicationEventsTestExecutionListener, org.springframework.test.context.support.DependencyInjectionTestExecutionListener, org.springframework.test.context.support.DirtiesContextTestExecutionListener, org.springframework.test.context.transaction.TransactionalTestExecutionListener, org.springframework.test.context.jdbc.SqlScriptsTestExecutionListener, org.springframework.test.context.event.EventPublishingTestExecutionListener]
2024-07-15 18:31:05,105 [Test worker] INFO  o.s.b.t.c.SpringBootTestContextBootstrapper - Using TestExecutionListeners: [org.springframework.test.context.web.ServletTestExecutionListener@35353b68, org.springframework.test.context.support.DirtiesContextBeforeModesTestExecutionListener@5728d44a, org.springframework.test.context.event.ApplicationEventsTestExecutionListener@11eeaf31, org.springframework.boot.test.mock.mockito.MockitoTestExecutionListener@71637a85, org.springframework.boot.test.autoconfigure.SpringBootDependencyInjectionTestExecutionListener@6d91e1ba, org.springframework.test.context.support.DirtiesContextTestExecutionListener@7c8ae2c6, org.springframework.test.context.transaction.TransactionalTestExecutionListener@18f94d41, org.springframework.test.context.jdbc.SqlScriptsTestExecutionListener@7224ab89, org.springframework.test.context.event.EventPublishingTestExecutionListener@105a0846, org.springframework.boot.test.autoconfigure.restdocs.RestDocsTestExecutionListener@3b6d5459, org.springframework.boot.test.autoconfigure.web.client.MockRestServiceServerResetTestExecutionListener@692c8530, org.springframework.boot.test.autoconfigure.web.servlet.MockMvcPrintOnlyOnFailureTestExecutionListener@3e03037f, org.springframework.boot.test.autoconfigure.web.servlet.WebDriverTestExecutionListener@7e5b34c1, org.springframework.boot.test.autoconfigure.webservices.client.MockWebServiceServerTestExecutionListener@2fc578cf, org.springframework.boot.test.mock.mockito.ResetMocksTestExecutionListener@224d6d02]
Hibernate: select classifier0_.id as id1_2_, classifier0_.classifier_id as classifi4_2_, classifier0_.description as descript2_2_, classifier0_.ic as ic3_2_ from classifier_values classifier0_ left outer join classifiers classifier1_ on classifier0_.classifier_id=classifier1_.id where classifier1_.title=? and classifier0_.ic=?
Hibernate: select classifier0_.id as id1_3_0_, classifier0_.description as descript2_3_0_, classifier0_.title as title3_3_0_ from classifiers classifier0_ where classifier0_.id=?
2024-07-15 18:31:05,130 [Test worker] INFO  l.j.t.i.r.c.TravelCalculatePremiumRequestExecutionTimeLogger - Request processing time (ms): 4
2024-07-15 18:31:05,261 [Test worker] INFO  l.j.t.i.r.c.TravelCalculatePremiumRequestExecutionTimeLogger - Request processing time (ms): 3
]]></system-out>
  <system-err><![CDATA[]]></system-err>
</testsuite>
