<?xml version="1.0" encoding="UTF-8"?>
<testsuite name="lv.javaguru.travel.insurance.core.validations.get.UUIDNotNullValidationTest" tests="2" skipped="0" failures="0" errors="0" timestamp="2024-07-15T15:30:53" hostname="DESKTOP-QKNTNJC" time="0.023">
  <properties/>
  <testcase name="UUIDisNull()" classname="lv.javaguru.travel.insurance.core.validations.get.UUIDNotNullValidationTest" time="0.005"/>
  <testcase name="UUIDNotNull()" classname="lv.javaguru.travel.insurance.core.validations.get.UUIDNotNullValidationTest" time="0.014"/>
  <system-out><![CDATA[2024-07-15 18:30:53,107 [Test worker] INFO  o.s.t.c.s.DefaultTestContextBootstrapper - Neither @ContextConfiguration nor @ContextHierarchy found for test class [lv.javaguru.travel.insurance.core.validations.get.UUIDNotNullValidationTest], using DelegatingSmartContextLoader
2024-07-15 18:30:53,109 [Test worker] INFO  o.s.t.c.s.AbstractContextLoader - Could not detect default resource locations for test class [lv.javaguru.travel.insurance.core.validations.get.UUIDNotNullValidationTest]: no resource found for suffixes {-context.xml}.
2024-07-15 18:30:53,110 [Test worker] INFO  o.s.t.c.s.AnnotationConfigContextLoaderUtils - Could not detect default configuration classes for test class [lv.javaguru.travel.insurance.core.validations.get.UUIDNotNullValidationTest]: UUIDNotNullValidationTest does not declare any static, non-private, non-final, nested classes annotated with @Configuration.
2024-07-15 18:30:53,119 [Test worker] INFO  o.s.t.c.s.DefaultTestContextBootstrapper - Loaded default TestExecutionListener class names from location [META-INF/spring.factories]: [org.springframework.boot.test.autoconfigure.restdocs.RestDocsTestExecutionListener, org.springframework.boot.test.autoconfigure.web.client.MockRestServiceServerResetTestExecutionListener, org.springframework.boot.test.autoconfigure.web.servlet.MockMvcPrintOnlyOnFailureTestExecutionListener, org.springframework.boot.test.autoconfigure.web.servlet.WebDriverTestExecutionListener, org.springframework.boot.test.autoconfigure.webservices.client.MockWebServiceServerTestExecutionListener, org.springframework.boot.test.mock.mockito.MockitoTestExecutionListener, org.springframework.boot.test.mock.mockito.ResetMocksTestExecutionListener, org.springframework.test.context.web.ServletTestExecutionListener, org.springframework.test.context.support.DirtiesContextBeforeModesTestExecutionListener, org.springframework.test.context.event.ApplicationEventsTestExecutionListener, org.springframework.test.context.support.DependencyInjectionTestExecutionListener, org.springframework.test.context.support.DirtiesContextTestExecutionListener, org.springframework.test.context.transaction.TransactionalTestExecutionListener, org.springframework.test.context.jdbc.SqlScriptsTestExecutionListener, org.springframework.test.context.event.EventPublishingTestExecutionListener]
2024-07-15 18:30:53,120 [Test worker] INFO  o.s.t.c.s.DefaultTestContextBootstrapper - Using TestExecutionListeners: [org.springframework.test.context.web.ServletTestExecutionListener@7e04af28, org.springframework.test.context.support.DirtiesContextBeforeModesTestExecutionListener@b78dcdf, org.springframework.test.context.event.ApplicationEventsTestExecutionListener@183ab40f, org.springframework.boot.test.mock.mockito.MockitoTestExecutionListener@63be03c8, org.springframework.test.context.support.DependencyInjectionTestExecutionListener@38988d78, org.springframework.test.context.support.DirtiesContextTestExecutionListener@75cb2090, org.springframework.test.context.transaction.TransactionalTestExecutionListener@381c78ea, org.springframework.test.context.jdbc.SqlScriptsTestExecutionListener@2baf9c62, org.springframework.test.context.event.EventPublishingTestExecutionListener@57202722, org.springframework.boot.test.autoconfigure.restdocs.RestDocsTestExecutionListener@7bc342f6, org.springframework.boot.test.autoconfigure.web.client.MockRestServiceServerResetTestExecutionListener@20c3be4c, org.springframework.boot.test.autoconfigure.web.servlet.MockMvcPrintOnlyOnFailureTestExecutionListener@77d86aba, org.springframework.boot.test.autoconfigure.web.servlet.WebDriverTestExecutionListener@21975a54, org.springframework.boot.test.autoconfigure.webservices.client.MockWebServiceServerTestExecutionListener@40226862, org.springframework.boot.test.mock.mockito.ResetMocksTestExecutionListener@7dae9ff4]
]]></system-out>
  <system-err><![CDATA[]]></system-err>
</testsuite>
