<?xml version="1.0" encoding="UTF-8"?>
<testsuite name="lv.javaguru.travel.insurance.core.validations.calculate.TravelOnlyPersonValidatorTest" tests="3" skipped="0" failures="0" errors="0" timestamp="2024-06-23T16:36:50" hostname="DESKTOP-QKNTNJC" time="0.049">
  <properties/>
  <testcase name="shouldReturnSingleAgreementErrors()" classname="lv.javaguru.travel.insurance.core.validations.calculate.TravelOnlyPersonValidatorTest" time="0.028"/>
  <testcase name="shouldReturnListAgreementErrors()" classname="lv.javaguru.travel.insurance.core.validations.calculate.TravelOnlyPersonValidatorTest" time="0.008"/>
  <testcase name="shouldNotReturnErrors()" classname="lv.javaguru.travel.insurance.core.validations.calculate.TravelOnlyPersonValidatorTest" time="0.006"/>
  <system-out><![CDATA[2024-06-23 19:36:50,983 [Test worker] INFO  o.s.t.c.s.DefaultTestContextBootstrapper - Neither @ContextConfiguration nor @ContextHierarchy found for test class [lv.javaguru.travel.insurance.core.validations.calculate.TravelOnlyPersonValidatorTest], using DelegatingSmartContextLoader
2024-06-23 19:36:50,984 [Test worker] INFO  o.s.t.c.s.AbstractContextLoader - Could not detect default resource locations for test class [lv.javaguru.travel.insurance.core.validations.calculate.TravelOnlyPersonValidatorTest]: no resource found for suffixes {-context.xml}.
2024-06-23 19:36:50,984 [Test worker] INFO  o.s.t.c.s.AnnotationConfigContextLoaderUtils - Could not detect default configuration classes for test class [lv.javaguru.travel.insurance.core.validations.calculate.TravelOnlyPersonValidatorTest]: TravelOnlyPersonValidatorTest does not declare any static, non-private, non-final, nested classes annotated with @Configuration.
2024-06-23 19:36:50,985 [Test worker] INFO  o.s.t.c.s.DefaultTestContextBootstrapper - Loaded default TestExecutionListener class names from location [META-INF/spring.factories]: [org.springframework.boot.test.autoconfigure.restdocs.RestDocsTestExecutionListener, org.springframework.boot.test.autoconfigure.web.client.MockRestServiceServerResetTestExecutionListener, org.springframework.boot.test.autoconfigure.web.servlet.MockMvcPrintOnlyOnFailureTestExecutionListener, org.springframework.boot.test.autoconfigure.web.servlet.WebDriverTestExecutionListener, org.springframework.boot.test.autoconfigure.webservices.client.MockWebServiceServerTestExecutionListener, org.springframework.boot.test.mock.mockito.MockitoTestExecutionListener, org.springframework.boot.test.mock.mockito.ResetMocksTestExecutionListener, org.springframework.test.context.web.ServletTestExecutionListener, org.springframework.test.context.support.DirtiesContextBeforeModesTestExecutionListener, org.springframework.test.context.event.ApplicationEventsTestExecutionListener, org.springframework.test.context.support.DependencyInjectionTestExecutionListener, org.springframework.test.context.support.DirtiesContextTestExecutionListener, org.springframework.test.context.transaction.TransactionalTestExecutionListener, org.springframework.test.context.jdbc.SqlScriptsTestExecutionListener, org.springframework.test.context.event.EventPublishingTestExecutionListener]
2024-06-23 19:36:50,985 [Test worker] INFO  o.s.t.c.s.DefaultTestContextBootstrapper - Using TestExecutionListeners: [org.springframework.test.context.web.ServletTestExecutionListener@4ac1544f, org.springframework.test.context.support.DirtiesContextBeforeModesTestExecutionListener@4578d654, org.springframework.test.context.event.ApplicationEventsTestExecutionListener@25865fca, org.springframework.boot.test.mock.mockito.MockitoTestExecutionListener@4c32aa7e, org.springframework.test.context.support.DependencyInjectionTestExecutionListener@c11ec9b, org.springframework.test.context.support.DirtiesContextTestExecutionListener@fd8513b, org.springframework.test.context.transaction.TransactionalTestExecutionListener@18372705, org.springframework.test.context.jdbc.SqlScriptsTestExecutionListener@418f0f27, org.springframework.test.context.event.EventPublishingTestExecutionListener@427946b9, org.springframework.boot.test.autoconfigure.restdocs.RestDocsTestExecutionListener@fe58644, org.springframework.boot.test.autoconfigure.web.client.MockRestServiceServerResetTestExecutionListener@2ecb87b2, org.springframework.boot.test.autoconfigure.web.servlet.MockMvcPrintOnlyOnFailureTestExecutionListener@1704437b, org.springframework.boot.test.autoconfigure.web.servlet.WebDriverTestExecutionListener@1f4083ac, org.springframework.boot.test.autoconfigure.webservices.client.MockWebServiceServerTestExecutionListener@3cb4f1a6, org.springframework.boot.test.mock.mockito.ResetMocksTestExecutionListener@4e301795]
]]></system-out>
  <system-err><![CDATA[]]></system-err>
</testsuite>
