<?xml version="1.0" encoding="UTF-8"?>
<testsuite name="lv.javaguru.travel.insurance.rest.controller_v1_test.without_all_fields.RequestWithoutFieldsTest" tests="2" skipped="0" failures="0" errors="0" timestamp="2024-06-23T16:37:14" hostname="DESKTOP-QKNTNJC" time="0.145">
  <properties/>
  <testcase name="execute19()" classname="lv.javaguru.travel.insurance.rest.controller_v1_test.without_all_fields.RequestWithoutFieldsTest" time="0.063"/>
  <testcase name="execute20()" classname="lv.javaguru.travel.insurance.rest.controller_v1_test.without_all_fields.RequestWithoutFieldsTest" time="0.081"/>
  <system-out><![CDATA[2024-06-23 19:37:14,770 [Test worker] INFO  o.s.b.t.c.SpringBootTestContextBootstrapper - Neither @ContextConfiguration nor @ContextHierarchy found for test class [lv.javaguru.travel.insurance.rest.controller_v1_test.without_all_fields.RequestWithoutFieldsTest], using SpringBootContextLoader
2024-06-23 19:37:14,772 [Test worker] INFO  o.s.t.c.s.AbstractContextLoader - Could not detect default resource locations for test class [lv.javaguru.travel.insurance.rest.controller_v1_test.without_all_fields.RequestWithoutFieldsTest]: no resource found for suffixes {-context.xml, Context.groovy}.
2024-06-23 19:37:14,772 [Test worker] INFO  o.s.t.c.s.AnnotationConfigContextLoaderUtils - Could not detect default configuration classes for test class [lv.javaguru.travel.insurance.rest.controller_v1_test.without_all_fields.RequestWithoutFieldsTest]: RequestWithoutFieldsTest does not declare any static, non-private, non-final, nested classes annotated with @Configuration.
2024-06-23 19:37:14,795 [Test worker] INFO  o.s.b.t.c.SpringBootTestContextBootstrapper - Found @SpringBootConfiguration lv.javaguru.travel.insurance.InsuranceApplication for test class lv.javaguru.travel.insurance.rest.controller_v1_test.without_all_fields.RequestWithoutFieldsTest
2024-06-23 19:37:14,797 [Test worker] INFO  o.s.b.t.c.SpringBootTestContextBootstrapper - Loaded default TestExecutionListener class names from location [META-INF/spring.factories]: [org.springframework.boot.test.autoconfigure.restdocs.RestDocsTestExecutionListener, org.springframework.boot.test.autoconfigure.web.client.MockRestServiceServerResetTestExecutionListener, org.springframework.boot.test.autoconfigure.web.servlet.MockMvcPrintOnlyOnFailureTestExecutionListener, org.springframework.boot.test.autoconfigure.web.servlet.WebDriverTestExecutionListener, org.springframework.boot.test.autoconfigure.webservices.client.MockWebServiceServerTestExecutionListener, org.springframework.boot.test.mock.mockito.MockitoTestExecutionListener, org.springframework.boot.test.mock.mockito.ResetMocksTestExecutionListener, org.springframework.test.context.web.ServletTestExecutionListener, org.springframework.test.context.support.DirtiesContextBeforeModesTestExecutionListener, org.springframework.test.context.event.ApplicationEventsTestExecutionListener, org.springframework.test.context.support.DependencyInjectionTestExecutionListener, org.springframework.test.context.support.DirtiesContextTestExecutionListener, org.springframework.test.context.transaction.TransactionalTestExecutionListener, org.springframework.test.context.jdbc.SqlScriptsTestExecutionListener, org.springframework.test.context.event.EventPublishingTestExecutionListener]
2024-06-23 19:37:14,798 [Test worker] INFO  o.s.b.t.c.SpringBootTestContextBootstrapper - Using TestExecutionListeners: [org.springframework.test.context.web.ServletTestExecutionListener@574985d8, org.springframework.test.context.support.DirtiesContextBeforeModesTestExecutionListener@42ff6af7, org.springframework.test.context.event.ApplicationEventsTestExecutionListener@11514c77, org.springframework.boot.test.mock.mockito.MockitoTestExecutionListener@2a93ad09, org.springframework.boot.test.autoconfigure.SpringBootDependencyInjectionTestExecutionListener@31ef9ac6, org.springframework.test.context.support.DirtiesContextTestExecutionListener@87ef6de, org.springframework.test.context.transaction.TransactionalTestExecutionListener@13572152, org.springframework.test.context.jdbc.SqlScriptsTestExecutionListener@249b2dd4, org.springframework.test.context.event.EventPublishingTestExecutionListener@696faa2b, org.springframework.boot.test.autoconfigure.restdocs.RestDocsTestExecutionListener@16d869de, org.springframework.boot.test.autoconfigure.web.client.MockRestServiceServerResetTestExecutionListener@3caf87e6, org.springframework.boot.test.autoconfigure.web.servlet.MockMvcPrintOnlyOnFailureTestExecutionListener@4127f82a, org.springframework.boot.test.autoconfigure.web.servlet.WebDriverTestExecutionListener@550d3cd7, org.springframework.boot.test.autoconfigure.webservices.client.MockWebServiceServerTestExecutionListener@4e3931, org.springframework.boot.test.mock.mockito.ResetMocksTestExecutionListener@409e0e69]
Hibernate: select classifier0_.id as id1_2_, classifier0_.classifier_id as classifi4_2_, classifier0_.description as descript2_2_, classifier0_.ic as ic3_2_ from classifier_values classifier0_ left outer join classifiers classifier1_ on classifier0_.classifier_id=classifier1_.id where classifier1_.title=? and classifier0_.ic=?
Hibernate: select classifier0_.id as id1_3_0_, classifier0_.description as descript2_3_0_, classifier0_.title as title3_3_0_ from classifiers classifier0_ where classifier0_.id=?
2024-06-23 19:37:14,814 [Test worker] INFO  l.j.t.i.r.c.TravelCalculatePremiumRequestExecutionTimeLogger - Request processing time (ms): 5
2024-06-23 19:37:14,878 [Test worker] INFO  l.j.t.i.r.c.TravelCalculatePremiumRequestExecutionTimeLogger - Request processing time (ms): 1
]]></system-out>
  <system-err><![CDATA[]]></system-err>
</testsuite>
