<?xml version="1.0" encoding="UTF-8"?>
<testsuite name="lv.javaguru.travel.insurance.core.underwriting.calculators.cancellation.TravelCancellationCostCoefficientTest" tests="1" skipped="0" failures="0" errors="0" timestamp="2024-07-15T15:30:38" hostname="DESKTOP-QKNTNJC" time="0.011">
  <properties/>
  <testcase name="costCoefficientTest()" classname="lv.javaguru.travel.insurance.core.underwriting.calculators.cancellation.TravelCancellationCostCoefficientTest" time="0.011"/>
  <system-out><![CDATA[2024-07-15 18:30:38,090 [Test worker] INFO  o.s.t.c.s.DefaultTestContextBootstrapper - Neither @ContextConfiguration nor @ContextHierarchy found for test class [lv.javaguru.travel.insurance.core.underwriting.calculators.cancellation.TravelCancellationCostCoefficientTest], using DelegatingSmartContextLoader
2024-07-15 18:30:38,093 [Test worker] INFO  o.s.t.c.s.AbstractContextLoader - Could not detect default resource locations for test class [lv.javaguru.travel.insurance.core.underwriting.calculators.cancellation.TravelCancellationCostCoefficientTest]: no resource found for suffixes {-context.xml}.
2024-07-15 18:30:38,093 [Test worker] INFO  o.s.t.c.s.AnnotationConfigContextLoaderUtils - Could not detect default configuration classes for test class [lv.javaguru.travel.insurance.core.underwriting.calculators.cancellation.TravelCancellationCostCoefficientTest]: TravelCancellationCostCoefficientTest does not declare any static, non-private, non-final, nested classes annotated with @Configuration.
2024-07-15 18:30:38,094 [Test worker] INFO  o.s.t.c.s.DefaultTestContextBootstrapper - Loaded default TestExecutionListener class names from location [META-INF/spring.factories]: [org.springframework.boot.test.autoconfigure.restdocs.RestDocsTestExecutionListener, org.springframework.boot.test.autoconfigure.web.client.MockRestServiceServerResetTestExecutionListener, org.springframework.boot.test.autoconfigure.web.servlet.MockMvcPrintOnlyOnFailureTestExecutionListener, org.springframework.boot.test.autoconfigure.web.servlet.WebDriverTestExecutionListener, org.springframework.boot.test.autoconfigure.webservices.client.MockWebServiceServerTestExecutionListener, org.springframework.boot.test.mock.mockito.MockitoTestExecutionListener, org.springframework.boot.test.mock.mockito.ResetMocksTestExecutionListener, org.springframework.test.context.web.ServletTestExecutionListener, org.springframework.test.context.support.DirtiesContextBeforeModesTestExecutionListener, org.springframework.test.context.event.ApplicationEventsTestExecutionListener, org.springframework.test.context.support.DependencyInjectionTestExecutionListener, org.springframework.test.context.support.DirtiesContextTestExecutionListener, org.springframework.test.context.transaction.TransactionalTestExecutionListener, org.springframework.test.context.jdbc.SqlScriptsTestExecutionListener, org.springframework.test.context.event.EventPublishingTestExecutionListener]
2024-07-15 18:30:38,096 [Test worker] INFO  o.s.t.c.s.DefaultTestContextBootstrapper - Using TestExecutionListeners: [org.springframework.test.context.web.ServletTestExecutionListener@4f09d998, org.springframework.test.context.support.DirtiesContextBeforeModesTestExecutionListener@cbd3871, org.springframework.test.context.event.ApplicationEventsTestExecutionListener@66694050, org.springframework.boot.test.mock.mockito.MockitoTestExecutionListener@39303a6, org.springframework.test.context.support.DependencyInjectionTestExecutionListener@2d7df55, org.springframework.test.context.support.DirtiesContextTestExecutionListener@674c01ce, org.springframework.test.context.transaction.TransactionalTestExecutionListener@4b8ba6b7, org.springframework.test.context.jdbc.SqlScriptsTestExecutionListener@509e0253, org.springframework.test.context.event.EventPublishingTestExecutionListener@6c8f5262, org.springframework.boot.test.autoconfigure.restdocs.RestDocsTestExecutionListener@6bca6c4c, org.springframework.boot.test.autoconfigure.web.client.MockRestServiceServerResetTestExecutionListener@7de2c19c, org.springframework.boot.test.autoconfigure.web.servlet.MockMvcPrintOnlyOnFailureTestExecutionListener@5dcec8e9, org.springframework.boot.test.autoconfigure.web.servlet.WebDriverTestExecutionListener@4bc49d70, org.springframework.boot.test.autoconfigure.webservices.client.MockWebServiceServerTestExecutionListener@73543048, org.springframework.boot.test.mock.mockito.ResetMocksTestExecutionListener@1851f19f]
]]></system-out>
  <system-err><![CDATA[]]></system-err>
</testsuite>
