<?xml version="1.0" encoding="UTF-8"?>
<testsuite name="lv.javaguru.travel.insurance.core.validations.calculate.person.PersonMedicalRiskLimitLevelIsSupportedValidationTest" tests="2" skipped="0" failures="0" errors="0" timestamp="2024-07-15T15:30:52" hostname="DESKTOP-QKNTNJC" time="0.087">
  <properties/>
  <testcase name="correctMedicalRiskLimitLevelTest()" classname="lv.javaguru.travel.insurance.core.validations.calculate.person.PersonMedicalRiskLimitLevelIsSupportedValidationTest" time="0.063"/>
  <testcase name="notExistingMedicalRiskLimitLevel()" classname="lv.javaguru.travel.insurance.core.validations.calculate.person.PersonMedicalRiskLimitLevelIsSupportedValidationTest" time="0.021"/>
  <system-out><![CDATA[2024-07-15 18:30:52,798 [Test worker] INFO  o.s.t.c.s.DefaultTestContextBootstrapper - Neither @ContextConfiguration nor @ContextHierarchy found for test class [lv.javaguru.travel.insurance.core.validations.calculate.person.PersonMedicalRiskLimitLevelIsSupportedValidationTest], using DelegatingSmartContextLoader
2024-07-15 18:30:52,799 [Test worker] INFO  o.s.t.c.s.AbstractContextLoader - Could not detect default resource locations for test class [lv.javaguru.travel.insurance.core.validations.calculate.person.PersonMedicalRiskLimitLevelIsSupportedValidationTest]: no resource found for suffixes {-context.xml}.
2024-07-15 18:30:52,799 [Test worker] INFO  o.s.t.c.s.AnnotationConfigContextLoaderUtils - Could not detect default configuration classes for test class [lv.javaguru.travel.insurance.core.validations.calculate.person.PersonMedicalRiskLimitLevelIsSupportedValidationTest]: PersonMedicalRiskLimitLevelIsSupportedValidationTest does not declare any static, non-private, non-final, nested classes annotated with @Configuration.
2024-07-15 18:30:52,800 [Test worker] INFO  o.s.t.c.s.DefaultTestContextBootstrapper - Loaded default TestExecutionListener class names from location [META-INF/spring.factories]: [org.springframework.boot.test.autoconfigure.restdocs.RestDocsTestExecutionListener, org.springframework.boot.test.autoconfigure.web.client.MockRestServiceServerResetTestExecutionListener, org.springframework.boot.test.autoconfigure.web.servlet.MockMvcPrintOnlyOnFailureTestExecutionListener, org.springframework.boot.test.autoconfigure.web.servlet.WebDriverTestExecutionListener, org.springframework.boot.test.autoconfigure.webservices.client.MockWebServiceServerTestExecutionListener, org.springframework.boot.test.mock.mockito.MockitoTestExecutionListener, org.springframework.boot.test.mock.mockito.ResetMocksTestExecutionListener, org.springframework.test.context.web.ServletTestExecutionListener, org.springframework.test.context.support.DirtiesContextBeforeModesTestExecutionListener, org.springframework.test.context.event.ApplicationEventsTestExecutionListener, org.springframework.test.context.support.DependencyInjectionTestExecutionListener, org.springframework.test.context.support.DirtiesContextTestExecutionListener, org.springframework.test.context.transaction.TransactionalTestExecutionListener, org.springframework.test.context.jdbc.SqlScriptsTestExecutionListener, org.springframework.test.context.event.EventPublishingTestExecutionListener]
2024-07-15 18:30:52,801 [Test worker] INFO  o.s.t.c.s.DefaultTestContextBootstrapper - Using TestExecutionListeners: [org.springframework.test.context.web.ServletTestExecutionListener@278e721e, org.springframework.test.context.support.DirtiesContextBeforeModesTestExecutionListener@65354578, org.springframework.test.context.event.ApplicationEventsTestExecutionListener@5c176a0f, org.springframework.boot.test.mock.mockito.MockitoTestExecutionListener@5f30bcf3, org.springframework.test.context.support.DependencyInjectionTestExecutionListener@b7a2b89, org.springframework.test.context.support.DirtiesContextTestExecutionListener@442bb11b, org.springframework.test.context.transaction.TransactionalTestExecutionListener@238bec83, org.springframework.test.context.jdbc.SqlScriptsTestExecutionListener@79860b25, org.springframework.test.context.event.EventPublishingTestExecutionListener@237a41ff, org.springframework.boot.test.autoconfigure.restdocs.RestDocsTestExecutionListener@3ac09fe2, org.springframework.boot.test.autoconfigure.web.client.MockRestServiceServerResetTestExecutionListener@46d393cd, org.springframework.boot.test.autoconfigure.web.servlet.MockMvcPrintOnlyOnFailureTestExecutionListener@f456711, org.springframework.boot.test.autoconfigure.web.servlet.WebDriverTestExecutionListener@7e41aabf, org.springframework.boot.test.autoconfigure.webservices.client.MockWebServiceServerTestExecutionListener@40c0151a, org.springframework.boot.test.mock.mockito.ResetMocksTestExecutionListener@1a57bb34]
]]></system-out>
  <system-err><![CDATA[]]></system-err>
</testsuite>
