<?xml version="1.0" encoding="UTF-8"?>
<testsuite name="lv.javaguru.travel.insurance.core.services.PersonEntityServiceTest" tests="1" skipped="0" failures="0" errors="0" timestamp="2024-07-15T15:30:36" hostname="DESKTOP-QKNTNJC" time="0.046">
  <properties/>
  <testcase name="correctCreatePersonDomainTest()" classname="lv.javaguru.travel.insurance.core.services.PersonEntityServiceTest" time="0.046"/>
  <system-out><![CDATA[2024-07-15 18:30:36,118 [Test worker] INFO  o.s.t.c.s.DefaultTestContextBootstrapper - Neither @ContextConfiguration nor @ContextHierarchy found for test class [lv.javaguru.travel.insurance.core.services.PersonEntityServiceTest], using DelegatingSmartContextLoader
2024-07-15 18:30:36,119 [Test worker] INFO  o.s.t.c.s.AbstractContextLoader - Could not detect default resource locations for test class [lv.javaguru.travel.insurance.core.services.PersonEntityServiceTest]: no resource found for suffixes {-context.xml}.
2024-07-15 18:30:36,119 [Test worker] INFO  o.s.t.c.s.AnnotationConfigContextLoaderUtils - Could not detect default configuration classes for test class [lv.javaguru.travel.insurance.core.services.PersonEntityServiceTest]: PersonEntityServiceTest does not declare any static, non-private, non-final, nested classes annotated with @Configuration.
2024-07-15 18:30:36,126 [Test worker] INFO  o.s.t.c.s.DefaultTestContextBootstrapper - Loaded default TestExecutionListener class names from location [META-INF/spring.factories]: [org.springframework.boot.test.autoconfigure.restdocs.RestDocsTestExecutionListener, org.springframework.boot.test.autoconfigure.web.client.MockRestServiceServerResetTestExecutionListener, org.springframework.boot.test.autoconfigure.web.servlet.MockMvcPrintOnlyOnFailureTestExecutionListener, org.springframework.boot.test.autoconfigure.web.servlet.WebDriverTestExecutionListener, org.springframework.boot.test.autoconfigure.webservices.client.MockWebServiceServerTestExecutionListener, org.springframework.boot.test.mock.mockito.MockitoTestExecutionListener, org.springframework.boot.test.mock.mockito.ResetMocksTestExecutionListener, org.springframework.test.context.web.ServletTestExecutionListener, org.springframework.test.context.support.DirtiesContextBeforeModesTestExecutionListener, org.springframework.test.context.event.ApplicationEventsTestExecutionListener, org.springframework.test.context.support.DependencyInjectionTestExecutionListener, org.springframework.test.context.support.DirtiesContextTestExecutionListener, org.springframework.test.context.transaction.TransactionalTestExecutionListener, org.springframework.test.context.jdbc.SqlScriptsTestExecutionListener, org.springframework.test.context.event.EventPublishingTestExecutionListener]
2024-07-15 18:30:36,127 [Test worker] INFO  o.s.t.c.s.DefaultTestContextBootstrapper - Using TestExecutionListeners: [org.springframework.test.context.web.ServletTestExecutionListener@6f12fca0, org.springframework.test.context.support.DirtiesContextBeforeModesTestExecutionListener@12c30824, org.springframework.test.context.event.ApplicationEventsTestExecutionListener@7d0e43d6, org.springframework.boot.test.mock.mockito.MockitoTestExecutionListener@df04d12, org.springframework.test.context.support.DependencyInjectionTestExecutionListener@757f47f0, org.springframework.test.context.support.DirtiesContextTestExecutionListener@7ff7e353, org.springframework.test.context.transaction.TransactionalTestExecutionListener@70680f88, org.springframework.test.context.jdbc.SqlScriptsTestExecutionListener@7f7f544a, org.springframework.test.context.event.EventPublishingTestExecutionListener@70b0dc92, org.springframework.boot.test.autoconfigure.restdocs.RestDocsTestExecutionListener@309d54ac, org.springframework.boot.test.autoconfigure.web.client.MockRestServiceServerResetTestExecutionListener@390978, org.springframework.boot.test.autoconfigure.web.servlet.MockMvcPrintOnlyOnFailureTestExecutionListener@561c031, org.springframework.boot.test.autoconfigure.web.servlet.WebDriverTestExecutionListener@7343d843, org.springframework.boot.test.autoconfigure.webservices.client.MockWebServiceServerTestExecutionListener@29a1dab3, org.springframework.boot.test.mock.mockito.ResetMocksTestExecutionListener@619b7436]
]]></system-out>
  <system-err><![CDATA[]]></system-err>
</testsuite>
