<?xml version="1.0" encoding="UTF-8"?>
<testsuite name="lv.javaguru.travel.insurance.core.underwriting.calculators.medical.TravelRiskPremiumCalculatorMedicalTest" tests="4" skipped="0" failures="0" errors="0" timestamp="2024-06-23T16:36:50" hostname="DESKTOP-QKNTNJC" time="0.068">
  <properties/>
  <testcase name="calculatePremiumForMedicalRiskLatviaTest()" classname="lv.javaguru.travel.insurance.core.underwriting.calculators.medical.TravelRiskPremiumCalculatorMedicalTest" time="0.014"/>
  <testcase name="calculatePremiumForMedicalRiskJapanTest()" classname="lv.javaguru.travel.insurance.core.underwriting.calculators.medical.TravelRiskPremiumCalculatorMedicalTest" time="0.012"/>
  <testcase name="calculatePremiumForMedicalRiskSpainTest()" classname="lv.javaguru.travel.insurance.core.underwriting.calculators.medical.TravelRiskPremiumCalculatorMedicalTest" time="0.017"/>
  <testcase name="calculatePremiumForMedicalRiskLatviaIntegrationTest()" classname="lv.javaguru.travel.insurance.core.underwriting.calculators.medical.TravelRiskPremiumCalculatorMedicalTest" time="0.01"/>
  <system-out><![CDATA[2024-06-23 19:36:50,292 [Test worker] INFO  o.s.t.c.s.DefaultTestContextBootstrapper - Neither @ContextConfiguration nor @ContextHierarchy found for test class [lv.javaguru.travel.insurance.core.underwriting.calculators.medical.TravelRiskPremiumCalculatorMedicalTest], using DelegatingSmartContextLoader
2024-06-23 19:36:50,294 [Test worker] INFO  o.s.t.c.s.AbstractContextLoader - Could not detect default resource locations for test class [lv.javaguru.travel.insurance.core.underwriting.calculators.medical.TravelRiskPremiumCalculatorMedicalTest]: no resource found for suffixes {-context.xml}.
2024-06-23 19:36:50,295 [Test worker] INFO  o.s.t.c.s.AnnotationConfigContextLoaderUtils - Could not detect default configuration classes for test class [lv.javaguru.travel.insurance.core.underwriting.calculators.medical.TravelRiskPremiumCalculatorMedicalTest]: TravelRiskPremiumCalculatorMedicalTest does not declare any static, non-private, non-final, nested classes annotated with @Configuration.
2024-06-23 19:36:50,296 [Test worker] INFO  o.s.t.c.s.DefaultTestContextBootstrapper - Loaded default TestExecutionListener class names from location [META-INF/spring.factories]: [org.springframework.boot.test.autoconfigure.restdocs.RestDocsTestExecutionListener, org.springframework.boot.test.autoconfigure.web.client.MockRestServiceServerResetTestExecutionListener, org.springframework.boot.test.autoconfigure.web.servlet.MockMvcPrintOnlyOnFailureTestExecutionListener, org.springframework.boot.test.autoconfigure.web.servlet.WebDriverTestExecutionListener, org.springframework.boot.test.autoconfigure.webservices.client.MockWebServiceServerTestExecutionListener, org.springframework.boot.test.mock.mockito.MockitoTestExecutionListener, org.springframework.boot.test.mock.mockito.ResetMocksTestExecutionListener, org.springframework.test.context.web.ServletTestExecutionListener, org.springframework.test.context.support.DirtiesContextBeforeModesTestExecutionListener, org.springframework.test.context.event.ApplicationEventsTestExecutionListener, org.springframework.test.context.support.DependencyInjectionTestExecutionListener, org.springframework.test.context.support.DirtiesContextTestExecutionListener, org.springframework.test.context.transaction.TransactionalTestExecutionListener, org.springframework.test.context.jdbc.SqlScriptsTestExecutionListener, org.springframework.test.context.event.EventPublishingTestExecutionListener]
2024-06-23 19:36:50,297 [Test worker] INFO  o.s.t.c.s.DefaultTestContextBootstrapper - Using TestExecutionListeners: [org.springframework.test.context.web.ServletTestExecutionListener@5b476930, org.springframework.test.context.support.DirtiesContextBeforeModesTestExecutionListener@18f1260, org.springframework.test.context.event.ApplicationEventsTestExecutionListener@7672dd7a, org.springframework.boot.test.mock.mockito.MockitoTestExecutionListener@1aee0f49, org.springframework.test.context.support.DependencyInjectionTestExecutionListener@7a80ebcd, org.springframework.test.context.support.DirtiesContextTestExecutionListener@365eaef, org.springframework.test.context.transaction.TransactionalTestExecutionListener@631c6ef4, org.springframework.test.context.jdbc.SqlScriptsTestExecutionListener@9e2b199, org.springframework.test.context.event.EventPublishingTestExecutionListener@7441edeb, org.springframework.boot.test.autoconfigure.restdocs.RestDocsTestExecutionListener@58df431e, org.springframework.boot.test.autoconfigure.web.client.MockRestServiceServerResetTestExecutionListener@5834fd3f, org.springframework.boot.test.autoconfigure.web.servlet.MockMvcPrintOnlyOnFailureTestExecutionListener@4446e1d9, org.springframework.boot.test.autoconfigure.web.servlet.WebDriverTestExecutionListener@3f13720f, org.springframework.boot.test.autoconfigure.webservices.client.MockWebServiceServerTestExecutionListener@1df60140, org.springframework.boot.test.mock.mockito.ResetMocksTestExecutionListener@62d4dac4]
]]></system-out>
  <system-err><![CDATA[]]></system-err>
</testsuite>
