<?xml version="1.0" encoding="UTF-8"?>
<testsuite name="lv.javaguru.travel.insurance.core.underwriting.calculators.TravelRiskPremiumCalculatorCancellationTest" tests="1" skipped="0" failures="0" errors="0" timestamp="2024-07-15T15:30:37" hostname="DESKTOP-QKNTNJC" time="0.016">
  <properties/>
  <testcase name="calculatePremiumTest()" classname="lv.javaguru.travel.insurance.core.underwriting.calculators.TravelRiskPremiumCalculatorCancellationTest" time="0.016"/>
  <system-out><![CDATA[2024-07-15 18:30:37,442 [Test worker] INFO  o.s.t.c.s.DefaultTestContextBootstrapper - Neither @ContextConfiguration nor @ContextHierarchy found for test class [lv.javaguru.travel.insurance.core.underwriting.calculators.TravelRiskPremiumCalculatorCancellationTest], using DelegatingSmartContextLoader
2024-07-15 18:30:37,444 [Test worker] INFO  o.s.t.c.s.AbstractContextLoader - Could not detect default resource locations for test class [lv.javaguru.travel.insurance.core.underwriting.calculators.TravelRiskPremiumCalculatorCancellationTest]: no resource found for suffixes {-context.xml}.
2024-07-15 18:30:37,445 [Test worker] INFO  o.s.t.c.s.AnnotationConfigContextLoaderUtils - Could not detect default configuration classes for test class [lv.javaguru.travel.insurance.core.underwriting.calculators.TravelRiskPremiumCalculatorCancellationTest]: TravelRiskPremiumCalculatorCancellationTest does not declare any static, non-private, non-final, nested classes annotated with @Configuration.
2024-07-15 18:30:37,446 [Test worker] INFO  o.s.t.c.s.DefaultTestContextBootstrapper - Loaded default TestExecutionListener class names from location [META-INF/spring.factories]: [org.springframework.boot.test.autoconfigure.restdocs.RestDocsTestExecutionListener, org.springframework.boot.test.autoconfigure.web.client.MockRestServiceServerResetTestExecutionListener, org.springframework.boot.test.autoconfigure.web.servlet.MockMvcPrintOnlyOnFailureTestExecutionListener, org.springframework.boot.test.autoconfigure.web.servlet.WebDriverTestExecutionListener, org.springframework.boot.test.autoconfigure.webservices.client.MockWebServiceServerTestExecutionListener, org.springframework.boot.test.mock.mockito.MockitoTestExecutionListener, org.springframework.boot.test.mock.mockito.ResetMocksTestExecutionListener, org.springframework.test.context.web.ServletTestExecutionListener, org.springframework.test.context.support.DirtiesContextBeforeModesTestExecutionListener, org.springframework.test.context.event.ApplicationEventsTestExecutionListener, org.springframework.test.context.support.DependencyInjectionTestExecutionListener, org.springframework.test.context.support.DirtiesContextTestExecutionListener, org.springframework.test.context.transaction.TransactionalTestExecutionListener, org.springframework.test.context.jdbc.SqlScriptsTestExecutionListener, org.springframework.test.context.event.EventPublishingTestExecutionListener]
2024-07-15 18:30:37,448 [Test worker] INFO  o.s.t.c.s.DefaultTestContextBootstrapper - Using TestExecutionListeners: [org.springframework.test.context.web.ServletTestExecutionListener@c0cb9c2, org.springframework.test.context.support.DirtiesContextBeforeModesTestExecutionListener@eb66b47, org.springframework.test.context.event.ApplicationEventsTestExecutionListener@11e75942, org.springframework.boot.test.mock.mockito.MockitoTestExecutionListener@23c61c1b, org.springframework.test.context.support.DependencyInjectionTestExecutionListener@4a6d6308, org.springframework.test.context.support.DirtiesContextTestExecutionListener@773cc551, org.springframework.test.context.transaction.TransactionalTestExecutionListener@5cbaafbd, org.springframework.test.context.jdbc.SqlScriptsTestExecutionListener@4f0f56f5, org.springframework.test.context.event.EventPublishingTestExecutionListener@6edb093f, org.springframework.boot.test.autoconfigure.restdocs.RestDocsTestExecutionListener@7f5c4ff8, org.springframework.boot.test.autoconfigure.web.client.MockRestServiceServerResetTestExecutionListener@7692c0e9, org.springframework.boot.test.autoconfigure.web.servlet.MockMvcPrintOnlyOnFailureTestExecutionListener@431f8830, org.springframework.boot.test.autoconfigure.web.servlet.WebDriverTestExecutionListener@75bbe39d, org.springframework.boot.test.autoconfigure.webservices.client.MockWebServiceServerTestExecutionListener@6805415d, org.springframework.boot.test.mock.mockito.ResetMocksTestExecutionListener@870413c]
]]></system-out>
  <system-err><![CDATA[]]></system-err>
</testsuite>
