<?xml version="1.0" encoding="UTF-8"?>
<testsuite name="lv.javaguru.travel.insurance.core.underwriting.calculators.TravelRiskPremiumCalculatorThirdPartyLiabilityTest" tests="1" skipped="0" failures="0" errors="0" timestamp="2024-07-15T15:30:37" hostname="DESKTOP-QKNTNJC" time="0.005">
  <properties/>
  <testcase name="calculatePremiumIntegrationTest()" classname="lv.javaguru.travel.insurance.core.underwriting.calculators.TravelRiskPremiumCalculatorThirdPartyLiabilityTest" time="0.005"/>
  <system-out><![CDATA[2024-07-15 18:30:37,753 [Test worker] INFO  o.s.t.c.s.DefaultTestContextBootstrapper - Neither @ContextConfiguration nor @ContextHierarchy found for test class [lv.javaguru.travel.insurance.core.underwriting.calculators.TravelRiskPremiumCalculatorThirdPartyLiabilityTest], using DelegatingSmartContextLoader
2024-07-15 18:30:37,754 [Test worker] INFO  o.s.t.c.s.AbstractContextLoader - Could not detect default resource locations for test class [lv.javaguru.travel.insurance.core.underwriting.calculators.TravelRiskPremiumCalculatorThirdPartyLiabilityTest]: no resource found for suffixes {-context.xml}.
2024-07-15 18:30:37,755 [Test worker] INFO  o.s.t.c.s.AnnotationConfigContextLoaderUtils - Could not detect default configuration classes for test class [lv.javaguru.travel.insurance.core.underwriting.calculators.TravelRiskPremiumCalculatorThirdPartyLiabilityTest]: TravelRiskPremiumCalculatorThirdPartyLiabilityTest does not declare any static, non-private, non-final, nested classes annotated with @Configuration.
2024-07-15 18:30:37,756 [Test worker] INFO  o.s.t.c.s.DefaultTestContextBootstrapper - Loaded default TestExecutionListener class names from location [META-INF/spring.factories]: [org.springframework.boot.test.autoconfigure.restdocs.RestDocsTestExecutionListener, org.springframework.boot.test.autoconfigure.web.client.MockRestServiceServerResetTestExecutionListener, org.springframework.boot.test.autoconfigure.web.servlet.MockMvcPrintOnlyOnFailureTestExecutionListener, org.springframework.boot.test.autoconfigure.web.servlet.WebDriverTestExecutionListener, org.springframework.boot.test.autoconfigure.webservices.client.MockWebServiceServerTestExecutionListener, org.springframework.boot.test.mock.mockito.MockitoTestExecutionListener, org.springframework.boot.test.mock.mockito.ResetMocksTestExecutionListener, org.springframework.test.context.web.ServletTestExecutionListener, org.springframework.test.context.support.DirtiesContextBeforeModesTestExecutionListener, org.springframework.test.context.event.ApplicationEventsTestExecutionListener, org.springframework.test.context.support.DependencyInjectionTestExecutionListener, org.springframework.test.context.support.DirtiesContextTestExecutionListener, org.springframework.test.context.transaction.TransactionalTestExecutionListener, org.springframework.test.context.jdbc.SqlScriptsTestExecutionListener, org.springframework.test.context.event.EventPublishingTestExecutionListener]
2024-07-15 18:30:37,756 [Test worker] INFO  o.s.t.c.s.DefaultTestContextBootstrapper - Using TestExecutionListeners: [org.springframework.test.context.web.ServletTestExecutionListener@2bd8c8f1, org.springframework.test.context.support.DirtiesContextBeforeModesTestExecutionListener@7db63a01, org.springframework.test.context.event.ApplicationEventsTestExecutionListener@423791, org.springframework.boot.test.mock.mockito.MockitoTestExecutionListener@3aac31b7, org.springframework.test.context.support.DependencyInjectionTestExecutionListener@57def953, org.springframework.test.context.support.DirtiesContextTestExecutionListener@1bf4a79b, org.springframework.test.context.transaction.TransactionalTestExecutionListener@a1be5cb, org.springframework.test.context.jdbc.SqlScriptsTestExecutionListener@51e14cb6, org.springframework.test.context.event.EventPublishingTestExecutionListener@715523b8, org.springframework.boot.test.autoconfigure.restdocs.RestDocsTestExecutionListener@4f239a76, org.springframework.boot.test.autoconfigure.web.client.MockRestServiceServerResetTestExecutionListener@1ac30be4, org.springframework.boot.test.autoconfigure.web.servlet.MockMvcPrintOnlyOnFailureTestExecutionListener@419c70f6, org.springframework.boot.test.autoconfigure.web.servlet.WebDriverTestExecutionListener@190cc39e, org.springframework.boot.test.autoconfigure.webservices.client.MockWebServiceServerTestExecutionListener@4a2f1ae3, org.springframework.boot.test.mock.mockito.ResetMocksTestExecutionListener@48b1b469]
]]></system-out>
  <system-err><![CDATA[]]></system-err>
</testsuite>
