<?xml version="1.0" encoding="UTF-8"?>
<testsuite name="lv.javaguru.travel.insurance.core.underwriting.calculators.TravelRiskPremiumCalculatorCancellationTest" tests="1" skipped="0" failures="0" errors="0" timestamp="2024-06-23T16:36:48" hostname="DESKTOP-QKNTNJC" time="0.009">
  <properties/>
  <testcase name="calculatePremiumTest()" classname="lv.javaguru.travel.insurance.core.underwriting.calculators.TravelRiskPremiumCalculatorCancellationTest" time="0.009"/>
  <system-out><![CDATA[2024-06-23 19:36:48,664 [Test worker] INFO  o.s.t.c.s.DefaultTestContextBootstrapper - Neither @ContextConfiguration nor @ContextHierarchy found for test class [lv.javaguru.travel.insurance.core.underwriting.calculators.TravelRiskPremiumCalculatorCancellationTest], using DelegatingSmartContextLoader
2024-06-23 19:36:48,666 [Test worker] INFO  o.s.t.c.s.AbstractContextLoader - Could not detect default resource locations for test class [lv.javaguru.travel.insurance.core.underwriting.calculators.TravelRiskPremiumCalculatorCancellationTest]: no resource found for suffixes {-context.xml}.
2024-06-23 19:36:48,666 [Test worker] INFO  o.s.t.c.s.AnnotationConfigContextLoaderUtils - Could not detect default configuration classes for test class [lv.javaguru.travel.insurance.core.underwriting.calculators.TravelRiskPremiumCalculatorCancellationTest]: TravelRiskPremiumCalculatorCancellationTest does not declare any static, non-private, non-final, nested classes annotated with @Configuration.
2024-06-23 19:36:48,670 [Test worker] INFO  o.s.t.c.s.DefaultTestContextBootstrapper - Loaded default TestExecutionListener class names from location [META-INF/spring.factories]: [org.springframework.boot.test.autoconfigure.restdocs.RestDocsTestExecutionListener, org.springframework.boot.test.autoconfigure.web.client.MockRestServiceServerResetTestExecutionListener, org.springframework.boot.test.autoconfigure.web.servlet.MockMvcPrintOnlyOnFailureTestExecutionListener, org.springframework.boot.test.autoconfigure.web.servlet.WebDriverTestExecutionListener, org.springframework.boot.test.autoconfigure.webservices.client.MockWebServiceServerTestExecutionListener, org.springframework.boot.test.mock.mockito.MockitoTestExecutionListener, org.springframework.boot.test.mock.mockito.ResetMocksTestExecutionListener, org.springframework.test.context.web.ServletTestExecutionListener, org.springframework.test.context.support.DirtiesContextBeforeModesTestExecutionListener, org.springframework.test.context.event.ApplicationEventsTestExecutionListener, org.springframework.test.context.support.DependencyInjectionTestExecutionListener, org.springframework.test.context.support.DirtiesContextTestExecutionListener, org.springframework.test.context.transaction.TransactionalTestExecutionListener, org.springframework.test.context.jdbc.SqlScriptsTestExecutionListener, org.springframework.test.context.event.EventPublishingTestExecutionListener]
2024-06-23 19:36:48,671 [Test worker] INFO  o.s.t.c.s.DefaultTestContextBootstrapper - Using TestExecutionListeners: [org.springframework.test.context.web.ServletTestExecutionListener@88fc9cb, org.springframework.test.context.support.DirtiesContextBeforeModesTestExecutionListener@75693526, org.springframework.test.context.event.ApplicationEventsTestExecutionListener@39a1c200, org.springframework.boot.test.mock.mockito.MockitoTestExecutionListener@603a34e5, org.springframework.test.context.support.DependencyInjectionTestExecutionListener@160d68b8, org.springframework.test.context.support.DirtiesContextTestExecutionListener@2af1bf5a, org.springframework.test.context.transaction.TransactionalTestExecutionListener@1d77d9c6, org.springframework.test.context.jdbc.SqlScriptsTestExecutionListener@2c5b4b91, org.springframework.test.context.event.EventPublishingTestExecutionListener@51eeae0a, org.springframework.boot.test.autoconfigure.restdocs.RestDocsTestExecutionListener@76c2d002, org.springframework.boot.test.autoconfigure.web.client.MockRestServiceServerResetTestExecutionListener@55589ef5, org.springframework.boot.test.autoconfigure.web.servlet.MockMvcPrintOnlyOnFailureTestExecutionListener@23a9400c, org.springframework.boot.test.autoconfigure.web.servlet.WebDriverTestExecutionListener@793248d, org.springframework.boot.test.autoconfigure.webservices.client.MockWebServiceServerTestExecutionListener@6731b6bd, org.springframework.boot.test.mock.mockito.ResetMocksTestExecutionListener@768f2398]
]]></system-out>
  <system-err><![CDATA[]]></system-err>
</testsuite>
