<?xml version="1.0" encoding="UTF-8"?>
<testsuite name="lv.javaguru.travel.insurance.core.validations.calculate.integration.AgreementCostValidationTest" tests="3" skipped="0" failures="0" errors="0" timestamp="2024-06-23T16:36:51" hostname="DESKTOP-QKNTNJC" time="0.026">
  <properties/>
  <testcase name="costIsNullTest()" classname="lv.javaguru.travel.insurance.core.validations.calculate.integration.AgreementCostValidationTest" time="0.007"/>
  <testcase name="costIsCorrectTest()" classname="lv.javaguru.travel.insurance.core.validations.calculate.integration.AgreementCostValidationTest" time="0.005"/>
  <testcase name="costIsZeroTest()" classname="lv.javaguru.travel.insurance.core.validations.calculate.integration.AgreementCostValidationTest" time="0.004"/>
  <system-out><![CDATA[2024-06-23 19:36:51,574 [Test worker] INFO  o.s.t.c.s.DefaultTestContextBootstrapper - Neither @ContextConfiguration nor @ContextHierarchy found for test class [lv.javaguru.travel.insurance.core.validations.calculate.integration.AgreementCostValidationTest], using DelegatingSmartContextLoader
2024-06-23 19:36:51,576 [Test worker] INFO  o.s.t.c.s.AbstractContextLoader - Could not detect default resource locations for test class [lv.javaguru.travel.insurance.core.validations.calculate.integration.AgreementCostValidationTest]: no resource found for suffixes {-context.xml}.
2024-06-23 19:36:51,576 [Test worker] INFO  o.s.t.c.s.AnnotationConfigContextLoaderUtils - Could not detect default configuration classes for test class [lv.javaguru.travel.insurance.core.validations.calculate.integration.AgreementCostValidationTest]: AgreementCostValidationTest does not declare any static, non-private, non-final, nested classes annotated with @Configuration.
2024-06-23 19:36:51,577 [Test worker] INFO  o.s.t.c.s.DefaultTestContextBootstrapper - Loaded default TestExecutionListener class names from location [META-INF/spring.factories]: [org.springframework.boot.test.autoconfigure.restdocs.RestDocsTestExecutionListener, org.springframework.boot.test.autoconfigure.web.client.MockRestServiceServerResetTestExecutionListener, org.springframework.boot.test.autoconfigure.web.servlet.MockMvcPrintOnlyOnFailureTestExecutionListener, org.springframework.boot.test.autoconfigure.web.servlet.WebDriverTestExecutionListener, org.springframework.boot.test.autoconfigure.webservices.client.MockWebServiceServerTestExecutionListener, org.springframework.boot.test.mock.mockito.MockitoTestExecutionListener, org.springframework.boot.test.mock.mockito.ResetMocksTestExecutionListener, org.springframework.test.context.web.ServletTestExecutionListener, org.springframework.test.context.support.DirtiesContextBeforeModesTestExecutionListener, org.springframework.test.context.event.ApplicationEventsTestExecutionListener, org.springframework.test.context.support.DependencyInjectionTestExecutionListener, org.springframework.test.context.support.DirtiesContextTestExecutionListener, org.springframework.test.context.transaction.TransactionalTestExecutionListener, org.springframework.test.context.jdbc.SqlScriptsTestExecutionListener, org.springframework.test.context.event.EventPublishingTestExecutionListener]
2024-06-23 19:36:51,578 [Test worker] INFO  o.s.t.c.s.DefaultTestContextBootstrapper - Using TestExecutionListeners: [org.springframework.test.context.web.ServletTestExecutionListener@4d7f3adf, org.springframework.test.context.support.DirtiesContextBeforeModesTestExecutionListener@394c77e2, org.springframework.test.context.event.ApplicationEventsTestExecutionListener@20dfe8b2, org.springframework.boot.test.mock.mockito.MockitoTestExecutionListener@5911dd25, org.springframework.test.context.support.DependencyInjectionTestExecutionListener@6d8cbd1a, org.springframework.test.context.support.DirtiesContextTestExecutionListener@3725242e, org.springframework.test.context.transaction.TransactionalTestExecutionListener@6860c000, org.springframework.test.context.jdbc.SqlScriptsTestExecutionListener@3f4fd0dc, org.springframework.test.context.event.EventPublishingTestExecutionListener@3723de42, org.springframework.boot.test.autoconfigure.restdocs.RestDocsTestExecutionListener@293988dc, org.springframework.boot.test.autoconfigure.web.client.MockRestServiceServerResetTestExecutionListener@47b72d3b, org.springframework.boot.test.autoconfigure.web.servlet.MockMvcPrintOnlyOnFailureTestExecutionListener@63fcc21, org.springframework.boot.test.autoconfigure.web.servlet.WebDriverTestExecutionListener@2fc7c36a, org.springframework.boot.test.autoconfigure.webservices.client.MockWebServiceServerTestExecutionListener@4a5dc126, org.springframework.boot.test.mock.mockito.ResetMocksTestExecutionListener@34fde3a3]
]]></system-out>
  <system-err><![CDATA[]]></system-err>
</testsuite>
