<?xml version="1.0" encoding="UTF-8"?>
<testsuite name="lv.javaguru.travel.insurance.core.underwriting.calculators.cancellation.TravelCancellationAgeCoefficientTest" tests="1" skipped="0" failures="0" errors="0" timestamp="2024-07-15T15:30:38" hostname="DESKTOP-QKNTNJC" time="0.008">
  <properties/>
  <testcase name="calculateAgeCoefficientTest()" classname="lv.javaguru.travel.insurance.core.underwriting.calculators.cancellation.TravelCancellationAgeCoefficientTest" time="0.008"/>
  <system-out><![CDATA[2024-07-15 18:30:37,924 [Test worker] INFO  o.s.t.c.s.DefaultTestContextBootstrapper - Neither @ContextConfiguration nor @ContextHierarchy found for test class [lv.javaguru.travel.insurance.core.underwriting.calculators.cancellation.TravelCancellationAgeCoefficientTest], using DelegatingSmartContextLoader
2024-07-15 18:30:37,926 [Test worker] INFO  o.s.t.c.s.AbstractContextLoader - Could not detect default resource locations for test class [lv.javaguru.travel.insurance.core.underwriting.calculators.cancellation.TravelCancellationAgeCoefficientTest]: no resource found for suffixes {-context.xml}.
2024-07-15 18:30:37,926 [Test worker] INFO  o.s.t.c.s.AnnotationConfigContextLoaderUtils - Could not detect default configuration classes for test class [lv.javaguru.travel.insurance.core.underwriting.calculators.cancellation.TravelCancellationAgeCoefficientTest]: TravelCancellationAgeCoefficientTest does not declare any static, non-private, non-final, nested classes annotated with @Configuration.
2024-07-15 18:30:37,927 [Test worker] INFO  o.s.t.c.s.DefaultTestContextBootstrapper - Loaded default TestExecutionListener class names from location [META-INF/spring.factories]: [org.springframework.boot.test.autoconfigure.restdocs.RestDocsTestExecutionListener, org.springframework.boot.test.autoconfigure.web.client.MockRestServiceServerResetTestExecutionListener, org.springframework.boot.test.autoconfigure.web.servlet.MockMvcPrintOnlyOnFailureTestExecutionListener, org.springframework.boot.test.autoconfigure.web.servlet.WebDriverTestExecutionListener, org.springframework.boot.test.autoconfigure.webservices.client.MockWebServiceServerTestExecutionListener, org.springframework.boot.test.mock.mockito.MockitoTestExecutionListener, org.springframework.boot.test.mock.mockito.ResetMocksTestExecutionListener, org.springframework.test.context.web.ServletTestExecutionListener, org.springframework.test.context.support.DirtiesContextBeforeModesTestExecutionListener, org.springframework.test.context.event.ApplicationEventsTestExecutionListener, org.springframework.test.context.support.DependencyInjectionTestExecutionListener, org.springframework.test.context.support.DirtiesContextTestExecutionListener, org.springframework.test.context.transaction.TransactionalTestExecutionListener, org.springframework.test.context.jdbc.SqlScriptsTestExecutionListener, org.springframework.test.context.event.EventPublishingTestExecutionListener]
2024-07-15 18:30:37,930 [Test worker] INFO  o.s.t.c.s.DefaultTestContextBootstrapper - Using TestExecutionListeners: [org.springframework.test.context.web.ServletTestExecutionListener@4d21b505, org.springframework.test.context.support.DirtiesContextBeforeModesTestExecutionListener@20e25bf7, org.springframework.test.context.event.ApplicationEventsTestExecutionListener@9fc125b, org.springframework.boot.test.mock.mockito.MockitoTestExecutionListener@62129f97, org.springframework.test.context.support.DependencyInjectionTestExecutionListener@22db974d, org.springframework.test.context.support.DirtiesContextTestExecutionListener@10545d02, org.springframework.test.context.transaction.TransactionalTestExecutionListener@79d3fb99, org.springframework.test.context.jdbc.SqlScriptsTestExecutionListener@f4b2d13, org.springframework.test.context.event.EventPublishingTestExecutionListener@7154a248, org.springframework.boot.test.autoconfigure.restdocs.RestDocsTestExecutionListener@435a4d2d, org.springframework.boot.test.autoconfigure.web.client.MockRestServiceServerResetTestExecutionListener@253379ec, org.springframework.boot.test.autoconfigure.web.servlet.MockMvcPrintOnlyOnFailureTestExecutionListener@73c6ebec, org.springframework.boot.test.autoconfigure.web.servlet.WebDriverTestExecutionListener@27d4513e, org.springframework.boot.test.autoconfigure.webservices.client.MockWebServiceServerTestExecutionListener@367653cc, org.springframework.boot.test.mock.mockito.ResetMocksTestExecutionListener@834b0f7]
]]></system-out>
  <system-err><![CDATA[]]></system-err>
</testsuite>
