<?xml version="1.0" encoding="UTF-8"?>
<testsuite name="lv.javaguru.travel.insurance.core.services.TravelCalculatePremiumServiceTest" tests="2" skipped="0" failures="0" errors="0" timestamp="2024-07-15T15:30:36" hostname="DESKTOP-QKNTNJC" time="0.029">
  <properties/>
  <testcase name="correctValueServiceTest()" classname="lv.javaguru.travel.insurance.core.services.TravelCalculatePremiumServiceTest" time="0.016"/>
  <testcase name="oneErrorTest()" classname="lv.javaguru.travel.insurance.core.services.TravelCalculatePremiumServiceTest" time="0.008"/>
  <system-out><![CDATA[2024-07-15 18:30:36,725 [Test worker] INFO  o.s.t.c.s.DefaultTestContextBootstrapper - Neither @ContextConfiguration nor @ContextHierarchy found for test class [lv.javaguru.travel.insurance.core.services.TravelCalculatePremiumServiceTest], using DelegatingSmartContextLoader
2024-07-15 18:30:36,728 [Test worker] INFO  o.s.t.c.s.AbstractContextLoader - Could not detect default resource locations for test class [lv.javaguru.travel.insurance.core.services.TravelCalculatePremiumServiceTest]: no resource found for suffixes {-context.xml}.
2024-07-15 18:30:36,729 [Test worker] INFO  o.s.t.c.s.AnnotationConfigContextLoaderUtils - Could not detect default configuration classes for test class [lv.javaguru.travel.insurance.core.services.TravelCalculatePremiumServiceTest]: TravelCalculatePremiumServiceTest does not declare any static, non-private, non-final, nested classes annotated with @Configuration.
2024-07-15 18:30:36,733 [Test worker] INFO  o.s.t.c.s.DefaultTestContextBootstrapper - Loaded default TestExecutionListener class names from location [META-INF/spring.factories]: [org.springframework.boot.test.autoconfigure.restdocs.RestDocsTestExecutionListener, org.springframework.boot.test.autoconfigure.web.client.MockRestServiceServerResetTestExecutionListener, org.springframework.boot.test.autoconfigure.web.servlet.MockMvcPrintOnlyOnFailureTestExecutionListener, org.springframework.boot.test.autoconfigure.web.servlet.WebDriverTestExecutionListener, org.springframework.boot.test.autoconfigure.webservices.client.MockWebServiceServerTestExecutionListener, org.springframework.boot.test.mock.mockito.MockitoTestExecutionListener, org.springframework.boot.test.mock.mockito.ResetMocksTestExecutionListener, org.springframework.test.context.web.ServletTestExecutionListener, org.springframework.test.context.support.DirtiesContextBeforeModesTestExecutionListener, org.springframework.test.context.event.ApplicationEventsTestExecutionListener, org.springframework.test.context.support.DependencyInjectionTestExecutionListener, org.springframework.test.context.support.DirtiesContextTestExecutionListener, org.springframework.test.context.transaction.TransactionalTestExecutionListener, org.springframework.test.context.jdbc.SqlScriptsTestExecutionListener, org.springframework.test.context.event.EventPublishingTestExecutionListener]
2024-07-15 18:30:36,735 [Test worker] INFO  o.s.t.c.s.DefaultTestContextBootstrapper - Using TestExecutionListeners: [org.springframework.test.context.web.ServletTestExecutionListener@2d26c6a2, org.springframework.test.context.support.DirtiesContextBeforeModesTestExecutionListener@362e6fe, org.springframework.test.context.event.ApplicationEventsTestExecutionListener@1259b2a5, org.springframework.boot.test.mock.mockito.MockitoTestExecutionListener@6779af40, org.springframework.test.context.support.DependencyInjectionTestExecutionListener@7cf166db, org.springframework.test.context.support.DirtiesContextTestExecutionListener@68303aad, org.springframework.test.context.transaction.TransactionalTestExecutionListener@37a36194, org.springframework.test.context.jdbc.SqlScriptsTestExecutionListener@1d0acb8f, org.springframework.test.context.event.EventPublishingTestExecutionListener@6abaa14b, org.springframework.boot.test.autoconfigure.restdocs.RestDocsTestExecutionListener@3b60be3, org.springframework.boot.test.autoconfigure.web.client.MockRestServiceServerResetTestExecutionListener@2f3565c0, org.springframework.boot.test.autoconfigure.web.servlet.MockMvcPrintOnlyOnFailureTestExecutionListener@64a8851a, org.springframework.boot.test.autoconfigure.web.servlet.WebDriverTestExecutionListener@5b27d03d, org.springframework.boot.test.autoconfigure.webservices.client.MockWebServiceServerTestExecutionListener@687d31a9, org.springframework.boot.test.mock.mockito.ResetMocksTestExecutionListener@6ce24203]
]]></system-out>
  <system-err><![CDATA[]]></system-err>
</testsuite>
