<?xml version="1.0" encoding="UTF-8"?>
<testsuite name="lv.javaguru.travel.insurance.rest.controller_get_test.TravelGetAgreementControllerTestCase3" tests="1" skipped="0" failures="0" errors="0" timestamp="2024-07-15T15:30:59" hostname="DESKTOP-QKNTNJC" time="0.096">
  <properties/>
  <testcase name="execute()" classname="lv.javaguru.travel.insurance.rest.controller_get_test.TravelGetAgreementControllerTestCase3" time="0.096"/>
  <system-out><![CDATA[2024-07-15 18:30:59,783 [Test worker] INFO  o.s.b.t.c.SpringBootTestContextBootstrapper - Neither @ContextConfiguration nor @ContextHierarchy found for test class [lv.javaguru.travel.insurance.rest.controller_get_test.TravelGetAgreementControllerTestCase3], using SpringBootContextLoader
2024-07-15 18:30:59,785 [Test worker] INFO  o.s.t.c.s.AbstractContextLoader - Could not detect default resource locations for test class [lv.javaguru.travel.insurance.rest.controller_get_test.TravelGetAgreementControllerTestCase3]: no resource found for suffixes {-context.xml, Context.groovy}.
2024-07-15 18:30:59,786 [Test worker] INFO  o.s.t.c.s.AnnotationConfigContextLoaderUtils - Could not detect default configuration classes for test class [lv.javaguru.travel.insurance.rest.controller_get_test.TravelGetAgreementControllerTestCase3]: TravelGetAgreementControllerTestCase3 does not declare any static, non-private, non-final, nested classes annotated with @Configuration.
2024-07-15 18:30:59,798 [Test worker] INFO  o.s.b.t.c.SpringBootTestContextBootstrapper - Found @SpringBootConfiguration lv.javaguru.travel.insurance.InsuranceApplication for test class lv.javaguru.travel.insurance.rest.controller_get_test.TravelGetAgreementControllerTestCase3
2024-07-15 18:30:59,801 [Test worker] INFO  o.s.b.t.c.SpringBootTestContextBootstrapper - Loaded default TestExecutionListener class names from location [META-INF/spring.factories]: [org.springframework.boot.test.autoconfigure.restdocs.RestDocsTestExecutionListener, org.springframework.boot.test.autoconfigure.web.client.MockRestServiceServerResetTestExecutionListener, org.springframework.boot.test.autoconfigure.web.servlet.MockMvcPrintOnlyOnFailureTestExecutionListener, org.springframework.boot.test.autoconfigure.web.servlet.WebDriverTestExecutionListener, org.springframework.boot.test.autoconfigure.webservices.client.MockWebServiceServerTestExecutionListener, org.springframework.boot.test.mock.mockito.MockitoTestExecutionListener, org.springframework.boot.test.mock.mockito.ResetMocksTestExecutionListener, org.springframework.test.context.web.ServletTestExecutionListener, org.springframework.test.context.support.DirtiesContextBeforeModesTestExecutionListener, org.springframework.test.context.event.ApplicationEventsTestExecutionListener, org.springframework.test.context.support.DependencyInjectionTestExecutionListener, org.springframework.test.context.support.DirtiesContextTestExecutionListener, org.springframework.test.context.transaction.TransactionalTestExecutionListener, org.springframework.test.context.jdbc.SqlScriptsTestExecutionListener, org.springframework.test.context.event.EventPublishingTestExecutionListener]
2024-07-15 18:30:59,802 [Test worker] INFO  o.s.b.t.c.SpringBootTestContextBootstrapper - Using TestExecutionListeners: [org.springframework.test.context.web.ServletTestExecutionListener@1a7c593b, org.springframework.test.context.support.DirtiesContextBeforeModesTestExecutionListener@684aac7, org.springframework.test.context.event.ApplicationEventsTestExecutionListener@3c638904, org.springframework.boot.test.mock.mockito.MockitoTestExecutionListener@2e8828b5, org.springframework.boot.test.autoconfigure.SpringBootDependencyInjectionTestExecutionListener@564519de, org.springframework.test.context.support.DirtiesContextTestExecutionListener@75b45343, org.springframework.test.context.transaction.TransactionalTestExecutionListener@553fdf58, org.springframework.test.context.jdbc.SqlScriptsTestExecutionListener@3a9d88ca, org.springframework.test.context.event.EventPublishingTestExecutionListener@4468fdae, org.springframework.boot.test.autoconfigure.restdocs.RestDocsTestExecutionListener@1391802b, org.springframework.boot.test.autoconfigure.web.client.MockRestServiceServerResetTestExecutionListener@387f581e, org.springframework.boot.test.autoconfigure.web.servlet.MockMvcPrintOnlyOnFailureTestExecutionListener@6ef25c03, org.springframework.boot.test.autoconfigure.web.servlet.WebDriverTestExecutionListener@6df459fe, org.springframework.boot.test.autoconfigure.webservices.client.MockWebServiceServerTestExecutionListener@72fb0cb3, org.springframework.boot.test.mock.mockito.ResetMocksTestExecutionListener@3086155a]
]]></system-out>
  <system-err><![CDATA[]]></system-err>
</testsuite>
