<?xml version="1.0" encoding="UTF-8"?>
<testsuite name="lv.javaguru.travel.insurance.core.underwriting.calculators.TravelRiskPremiumCalculatorLossBaggageTest" tests="1" skipped="0" failures="0" errors="0" timestamp="2024-06-23T16:36:48" hostname="DESKTOP-QKNTNJC" time="0.007">
  <properties/>
  <testcase name="calculatePremiumIntegrationTest()" classname="lv.javaguru.travel.insurance.core.underwriting.calculators.TravelRiskPremiumCalculatorLossBaggageTest" time="0.007"/>
  <system-out><![CDATA[2024-06-23 19:36:48,745 [Test worker] INFO  o.s.t.c.s.DefaultTestContextBootstrapper - Neither @ContextConfiguration nor @ContextHierarchy found for test class [lv.javaguru.travel.insurance.core.underwriting.calculators.TravelRiskPremiumCalculatorLossBaggageTest], using DelegatingSmartContextLoader
2024-06-23 19:36:48,746 [Test worker] INFO  o.s.t.c.s.AbstractContextLoader - Could not detect default resource locations for test class [lv.javaguru.travel.insurance.core.underwriting.calculators.TravelRiskPremiumCalculatorLossBaggageTest]: no resource found for suffixes {-context.xml}.
2024-06-23 19:36:48,746 [Test worker] INFO  o.s.t.c.s.AnnotationConfigContextLoaderUtils - Could not detect default configuration classes for test class [lv.javaguru.travel.insurance.core.underwriting.calculators.TravelRiskPremiumCalculatorLossBaggageTest]: TravelRiskPremiumCalculatorLossBaggageTest does not declare any static, non-private, non-final, nested classes annotated with @Configuration.
2024-06-23 19:36:48,749 [Test worker] INFO  o.s.t.c.s.DefaultTestContextBootstrapper - Loaded default TestExecutionListener class names from location [META-INF/spring.factories]: [org.springframework.boot.test.autoconfigure.restdocs.RestDocsTestExecutionListener, org.springframework.boot.test.autoconfigure.web.client.MockRestServiceServerResetTestExecutionListener, org.springframework.boot.test.autoconfigure.web.servlet.MockMvcPrintOnlyOnFailureTestExecutionListener, org.springframework.boot.test.autoconfigure.web.servlet.WebDriverTestExecutionListener, org.springframework.boot.test.autoconfigure.webservices.client.MockWebServiceServerTestExecutionListener, org.springframework.boot.test.mock.mockito.MockitoTestExecutionListener, org.springframework.boot.test.mock.mockito.ResetMocksTestExecutionListener, org.springframework.test.context.web.ServletTestExecutionListener, org.springframework.test.context.support.DirtiesContextBeforeModesTestExecutionListener, org.springframework.test.context.event.ApplicationEventsTestExecutionListener, org.springframework.test.context.support.DependencyInjectionTestExecutionListener, org.springframework.test.context.support.DirtiesContextTestExecutionListener, org.springframework.test.context.transaction.TransactionalTestExecutionListener, org.springframework.test.context.jdbc.SqlScriptsTestExecutionListener, org.springframework.test.context.event.EventPublishingTestExecutionListener]
2024-06-23 19:36:48,749 [Test worker] INFO  o.s.t.c.s.DefaultTestContextBootstrapper - Using TestExecutionListeners: [org.springframework.test.context.web.ServletTestExecutionListener@3af6d7a7, org.springframework.test.context.support.DirtiesContextBeforeModesTestExecutionListener@18711946, org.springframework.test.context.event.ApplicationEventsTestExecutionListener@2b8b5d9e, org.springframework.boot.test.mock.mockito.MockitoTestExecutionListener@9e092b5, org.springframework.test.context.support.DependencyInjectionTestExecutionListener@52737c1, org.springframework.test.context.support.DirtiesContextTestExecutionListener@158cb50a, org.springframework.test.context.transaction.TransactionalTestExecutionListener@649a6d88, org.springframework.test.context.jdbc.SqlScriptsTestExecutionListener@69e23e94, org.springframework.test.context.event.EventPublishingTestExecutionListener@55c78556, org.springframework.boot.test.autoconfigure.restdocs.RestDocsTestExecutionListener@25134e01, org.springframework.boot.test.autoconfigure.web.client.MockRestServiceServerResetTestExecutionListener@12d28106, org.springframework.boot.test.autoconfigure.web.servlet.MockMvcPrintOnlyOnFailureTestExecutionListener@6a3c1b56, org.springframework.boot.test.autoconfigure.web.servlet.WebDriverTestExecutionListener@3b8ce72, org.springframework.boot.test.autoconfigure.webservices.client.MockWebServiceServerTestExecutionListener@3ce4eb42, org.springframework.boot.test.mock.mockito.ResetMocksTestExecutionListener@3a388769]
]]></system-out>
  <system-err><![CDATA[]]></system-err>
</testsuite>
