<?xml version="1.0" encoding="UTF-8"?>
<testsuite name="lv.javaguru.travel.insurance.core.validations.calculate.integration.AgreementCostValidationTest" tests="3" skipped="0" failures="0" errors="0" timestamp="2024-07-15T15:30:40" hostname="DESKTOP-QKNTNJC" time="0.021">
  <properties/>
  <testcase name="costIsNullTest()" classname="lv.javaguru.travel.insurance.core.validations.calculate.integration.AgreementCostValidationTest" time="0.004"/>
  <testcase name="costIsCorrectTest()" classname="lv.javaguru.travel.insurance.core.validations.calculate.integration.AgreementCostValidationTest" time="0.006"/>
  <testcase name="costIsZeroTest()" classname="lv.javaguru.travel.insurance.core.validations.calculate.integration.AgreementCostValidationTest" time="0.006"/>
  <system-out><![CDATA[2024-07-15 18:30:40,693 [Test worker] INFO  o.s.t.c.s.DefaultTestContextBootstrapper - Neither @ContextConfiguration nor @ContextHierarchy found for test class [lv.javaguru.travel.insurance.core.validations.calculate.integration.AgreementCostValidationTest], using DelegatingSmartContextLoader
2024-07-15 18:30:40,693 [Test worker] INFO  o.s.t.c.s.AbstractContextLoader - Could not detect default resource locations for test class [lv.javaguru.travel.insurance.core.validations.calculate.integration.AgreementCostValidationTest]: no resource found for suffixes {-context.xml}.
2024-07-15 18:30:40,694 [Test worker] INFO  o.s.t.c.s.AnnotationConfigContextLoaderUtils - Could not detect default configuration classes for test class [lv.javaguru.travel.insurance.core.validations.calculate.integration.AgreementCostValidationTest]: AgreementCostValidationTest does not declare any static, non-private, non-final, nested classes annotated with @Configuration.
2024-07-15 18:30:40,694 [Test worker] INFO  o.s.t.c.s.DefaultTestContextBootstrapper - Loaded default TestExecutionListener class names from location [META-INF/spring.factories]: [org.springframework.boot.test.autoconfigure.restdocs.RestDocsTestExecutionListener, org.springframework.boot.test.autoconfigure.web.client.MockRestServiceServerResetTestExecutionListener, org.springframework.boot.test.autoconfigure.web.servlet.MockMvcPrintOnlyOnFailureTestExecutionListener, org.springframework.boot.test.autoconfigure.web.servlet.WebDriverTestExecutionListener, org.springframework.boot.test.autoconfigure.webservices.client.MockWebServiceServerTestExecutionListener, org.springframework.boot.test.mock.mockito.MockitoTestExecutionListener, org.springframework.boot.test.mock.mockito.ResetMocksTestExecutionListener, org.springframework.test.context.web.ServletTestExecutionListener, org.springframework.test.context.support.DirtiesContextBeforeModesTestExecutionListener, org.springframework.test.context.event.ApplicationEventsTestExecutionListener, org.springframework.test.context.support.DependencyInjectionTestExecutionListener, org.springframework.test.context.support.DirtiesContextTestExecutionListener, org.springframework.test.context.transaction.TransactionalTestExecutionListener, org.springframework.test.context.jdbc.SqlScriptsTestExecutionListener, org.springframework.test.context.event.EventPublishingTestExecutionListener]
2024-07-15 18:30:40,695 [Test worker] INFO  o.s.t.c.s.DefaultTestContextBootstrapper - Using TestExecutionListeners: [org.springframework.test.context.web.ServletTestExecutionListener@1484cb57, org.springframework.test.context.support.DirtiesContextBeforeModesTestExecutionListener@1e250539, org.springframework.test.context.event.ApplicationEventsTestExecutionListener@5860e4c3, org.springframework.boot.test.mock.mockito.MockitoTestExecutionListener@3edc999f, org.springframework.test.context.support.DependencyInjectionTestExecutionListener@cb03360, org.springframework.test.context.support.DirtiesContextTestExecutionListener@3a8ae302, org.springframework.test.context.transaction.TransactionalTestExecutionListener@65134e6c, org.springframework.test.context.jdbc.SqlScriptsTestExecutionListener@3fd93330, org.springframework.test.context.event.EventPublishingTestExecutionListener@32ff3c98, org.springframework.boot.test.autoconfigure.restdocs.RestDocsTestExecutionListener@5f804b36, org.springframework.boot.test.autoconfigure.web.client.MockRestServiceServerResetTestExecutionListener@201f0e84, org.springframework.boot.test.autoconfigure.web.servlet.MockMvcPrintOnlyOnFailureTestExecutionListener@5629e904, org.springframework.boot.test.autoconfigure.web.servlet.WebDriverTestExecutionListener@1d7914a5, org.springframework.boot.test.autoconfigure.webservices.client.MockWebServiceServerTestExecutionListener@40fd25c7, org.springframework.boot.test.mock.mockito.ResetMocksTestExecutionListener@18ce7872]
]]></system-out>
  <system-err><![CDATA[]]></system-err>
</testsuite>
