<?xml version="1.0" encoding="UTF-8"?>
<testsuite name="lv.javaguru.travel.insurance.rest.controller_v2_test.agreement_errors.DateToIsLessThanDateFromTest" tests="1" skipped="0" failures="0" errors="0" timestamp="2024-07-15T15:31:02" hostname="DESKTOP-QKNTNJC" time="0.054">
  <properties/>
  <testcase name="execute12()" classname="lv.javaguru.travel.insurance.rest.controller_v2_test.agreement_errors.DateToIsLessThanDateFromTest" time="0.054"/>
  <system-out><![CDATA[2024-07-15 18:31:02,186 [Test worker] INFO  o.s.b.t.c.SpringBootTestContextBootstrapper - Neither @ContextConfiguration nor @ContextHierarchy found for test class [lv.javaguru.travel.insurance.rest.controller_v2_test.agreement_errors.DateToIsLessThanDateFromTest], using SpringBootContextLoader
2024-07-15 18:31:02,188 [Test worker] INFO  o.s.t.c.s.AbstractContextLoader - Could not detect default resource locations for test class [lv.javaguru.travel.insurance.rest.controller_v2_test.agreement_errors.DateToIsLessThanDateFromTest]: no resource found for suffixes {-context.xml, Context.groovy}.
2024-07-15 18:31:02,188 [Test worker] INFO  o.s.t.c.s.AnnotationConfigContextLoaderUtils - Could not detect default configuration classes for test class [lv.javaguru.travel.insurance.rest.controller_v2_test.agreement_errors.DateToIsLessThanDateFromTest]: DateToIsLessThanDateFromTest does not declare any static, non-private, non-final, nested classes annotated with @Configuration.
2024-07-15 18:31:02,204 [Test worker] INFO  o.s.b.t.c.SpringBootTestContextBootstrapper - Found @SpringBootConfiguration lv.javaguru.travel.insurance.InsuranceApplication for test class lv.javaguru.travel.insurance.rest.controller_v2_test.agreement_errors.DateToIsLessThanDateFromTest
2024-07-15 18:31:02,206 [Test worker] INFO  o.s.b.t.c.SpringBootTestContextBootstrapper - Loaded default TestExecutionListener class names from location [META-INF/spring.factories]: [org.springframework.boot.test.autoconfigure.restdocs.RestDocsTestExecutionListener, org.springframework.boot.test.autoconfigure.web.client.MockRestServiceServerResetTestExecutionListener, org.springframework.boot.test.autoconfigure.web.servlet.MockMvcPrintOnlyOnFailureTestExecutionListener, org.springframework.boot.test.autoconfigure.web.servlet.WebDriverTestExecutionListener, org.springframework.boot.test.autoconfigure.webservices.client.MockWebServiceServerTestExecutionListener, org.springframework.boot.test.mock.mockito.MockitoTestExecutionListener, org.springframework.boot.test.mock.mockito.ResetMocksTestExecutionListener, org.springframework.test.context.web.ServletTestExecutionListener, org.springframework.test.context.support.DirtiesContextBeforeModesTestExecutionListener, org.springframework.test.context.event.ApplicationEventsTestExecutionListener, org.springframework.test.context.support.DependencyInjectionTestExecutionListener, org.springframework.test.context.support.DirtiesContextTestExecutionListener, org.springframework.test.context.transaction.TransactionalTestExecutionListener, org.springframework.test.context.jdbc.SqlScriptsTestExecutionListener, org.springframework.test.context.event.EventPublishingTestExecutionListener]
2024-07-15 18:31:02,206 [Test worker] INFO  o.s.b.t.c.SpringBootTestContextBootstrapper - Using TestExecutionListeners: [org.springframework.test.context.web.ServletTestExecutionListener@50ee7857, org.springframework.test.context.support.DirtiesContextBeforeModesTestExecutionListener@48455005, org.springframework.test.context.event.ApplicationEventsTestExecutionListener@223a679, org.springframework.boot.test.mock.mockito.MockitoTestExecutionListener@6b00eaae, org.springframework.boot.test.autoconfigure.SpringBootDependencyInjectionTestExecutionListener@480f1b59, org.springframework.test.context.support.DirtiesContextTestExecutionListener@2a28bf25, org.springframework.test.context.transaction.TransactionalTestExecutionListener@35a7c477, org.springframework.test.context.jdbc.SqlScriptsTestExecutionListener@591e1df7, org.springframework.test.context.event.EventPublishingTestExecutionListener@697b105e, org.springframework.boot.test.autoconfigure.restdocs.RestDocsTestExecutionListener@6c54bc3, org.springframework.boot.test.autoconfigure.web.client.MockRestServiceServerResetTestExecutionListener@dcaa310, org.springframework.boot.test.autoconfigure.web.servlet.MockMvcPrintOnlyOnFailureTestExecutionListener@2492f6fb, org.springframework.boot.test.autoconfigure.web.servlet.WebDriverTestExecutionListener@155afbd7, org.springframework.boot.test.autoconfigure.webservices.client.MockWebServiceServerTestExecutionListener@396d21ec, org.springframework.boot.test.mock.mockito.ResetMocksTestExecutionListener@61e7d7f2]
Hibernate: select classifier0_.id as id1_2_, classifier0_.classifier_id as classifi4_2_, classifier0_.description as descript2_2_, classifier0_.ic as ic3_2_ from classifier_values classifier0_ left outer join classifiers classifier1_ on classifier0_.classifier_id=classifier1_.id where classifier1_.title=? and classifier0_.ic=?
Hibernate: select classifier0_.id as id1_3_0_, classifier0_.description as descript2_3_0_, classifier0_.title as title3_3_0_ from classifiers classifier0_ where classifier0_.id=?
Hibernate: select classifier0_.id as id1_2_, classifier0_.classifier_id as classifi4_2_, classifier0_.description as descript2_2_, classifier0_.ic as ic3_2_ from classifier_values classifier0_ left outer join classifiers classifier1_ on classifier0_.classifier_id=classifier1_.id where classifier1_.title=? and classifier0_.ic=?
Hibernate: select classifier0_.id as id1_3_0_, classifier0_.description as descript2_3_0_, classifier0_.title as title3_3_0_ from classifiers classifier0_ where classifier0_.id=?
Hibernate: select classifier0_.id as id1_2_, classifier0_.classifier_id as classifi4_2_, classifier0_.description as descript2_2_, classifier0_.ic as ic3_2_ from classifier_values classifier0_ left outer join classifiers classifier1_ on classifier0_.classifier_id=classifier1_.id where classifier1_.title=? and classifier0_.ic=?
Hibernate: select classifier0_.id as id1_3_0_, classifier0_.description as descript2_3_0_, classifier0_.title as title3_3_0_ from classifiers classifier0_ where classifier0_.id=?
Hibernate: select classifier0_.id as id1_2_, classifier0_.classifier_id as classifi4_2_, classifier0_.description as descript2_2_, classifier0_.ic as ic3_2_ from classifier_values classifier0_ left outer join classifiers classifier1_ on classifier0_.classifier_id=classifier1_.id where classifier1_.title=? and classifier0_.ic=?
2024-07-15 18:31:02,256 [Test worker] INFO  l.j.t.i.r.c.TravelCalculatePremiumRequestExecutionTimeLogger - Request processing time (ms): 19
]]></system-out>
  <system-err><![CDATA[]]></system-err>
</testsuite>
