<?xml version="1.0" encoding="UTF-8"?>
<testsuite name="lv.javaguru.travel.insurance.core.validations.calculate.agreement.AgreementDateFromValidationTest" tests="2" skipped="0" failures="0" errors="0" timestamp="2024-07-15T15:30:40" hostname="DESKTOP-QKNTNJC" time="0.024">
  <properties/>
  <testcase name="AgreementDateFromIsNullTest()" classname="lv.javaguru.travel.insurance.core.validations.calculate.agreement.AgreementDateFromValidationTest" time="0.005"/>
  <testcase name="AgreementDateFromExistsTest()" classname="lv.javaguru.travel.insurance.core.validations.calculate.agreement.AgreementDateFromValidationTest" time="0.018"/>
  <system-out><![CDATA[2024-07-15 18:30:40,483 [Test worker] INFO  o.s.t.c.s.DefaultTestContextBootstrapper - Neither @ContextConfiguration nor @ContextHierarchy found for test class [lv.javaguru.travel.insurance.core.validations.calculate.agreement.AgreementDateFromValidationTest], using DelegatingSmartContextLoader
2024-07-15 18:30:40,484 [Test worker] INFO  o.s.t.c.s.AbstractContextLoader - Could not detect default resource locations for test class [lv.javaguru.travel.insurance.core.validations.calculate.agreement.AgreementDateFromValidationTest]: no resource found for suffixes {-context.xml}.
2024-07-15 18:30:40,484 [Test worker] INFO  o.s.t.c.s.AnnotationConfigContextLoaderUtils - Could not detect default configuration classes for test class [lv.javaguru.travel.insurance.core.validations.calculate.agreement.AgreementDateFromValidationTest]: AgreementDateFromValidationTest does not declare any static, non-private, non-final, nested classes annotated with @Configuration.
2024-07-15 18:30:40,485 [Test worker] INFO  o.s.t.c.s.DefaultTestContextBootstrapper - Loaded default TestExecutionListener class names from location [META-INF/spring.factories]: [org.springframework.boot.test.autoconfigure.restdocs.RestDocsTestExecutionListener, org.springframework.boot.test.autoconfigure.web.client.MockRestServiceServerResetTestExecutionListener, org.springframework.boot.test.autoconfigure.web.servlet.MockMvcPrintOnlyOnFailureTestExecutionListener, org.springframework.boot.test.autoconfigure.web.servlet.WebDriverTestExecutionListener, org.springframework.boot.test.autoconfigure.webservices.client.MockWebServiceServerTestExecutionListener, org.springframework.boot.test.mock.mockito.MockitoTestExecutionListener, org.springframework.boot.test.mock.mockito.ResetMocksTestExecutionListener, org.springframework.test.context.web.ServletTestExecutionListener, org.springframework.test.context.support.DirtiesContextBeforeModesTestExecutionListener, org.springframework.test.context.event.ApplicationEventsTestExecutionListener, org.springframework.test.context.support.DependencyInjectionTestExecutionListener, org.springframework.test.context.support.DirtiesContextTestExecutionListener, org.springframework.test.context.transaction.TransactionalTestExecutionListener, org.springframework.test.context.jdbc.SqlScriptsTestExecutionListener, org.springframework.test.context.event.EventPublishingTestExecutionListener]
2024-07-15 18:30:40,485 [Test worker] INFO  o.s.t.c.s.DefaultTestContextBootstrapper - Using TestExecutionListeners: [org.springframework.test.context.web.ServletTestExecutionListener@621a7d83, org.springframework.test.context.support.DirtiesContextBeforeModesTestExecutionListener@58de1da2, org.springframework.test.context.event.ApplicationEventsTestExecutionListener@7294c9fe, org.springframework.boot.test.mock.mockito.MockitoTestExecutionListener@65e639f2, org.springframework.test.context.support.DependencyInjectionTestExecutionListener@54a1a6a8, org.springframework.test.context.support.DirtiesContextTestExecutionListener@7cba8293, org.springframework.test.context.transaction.TransactionalTestExecutionListener@28357fc3, org.springframework.test.context.jdbc.SqlScriptsTestExecutionListener@7c48ea9e, org.springframework.test.context.event.EventPublishingTestExecutionListener@25058759, org.springframework.boot.test.autoconfigure.restdocs.RestDocsTestExecutionListener@d833770, org.springframework.boot.test.autoconfigure.web.client.MockRestServiceServerResetTestExecutionListener@e4b9a64, org.springframework.boot.test.autoconfigure.web.servlet.MockMvcPrintOnlyOnFailureTestExecutionListener@35ec9d29, org.springframework.boot.test.autoconfigure.web.servlet.WebDriverTestExecutionListener@3cdafb82, org.springframework.boot.test.autoconfigure.webservices.client.MockWebServiceServerTestExecutionListener@28f663de, org.springframework.boot.test.mock.mockito.ResetMocksTestExecutionListener@7a3c541e]
]]></system-out>
  <system-err><![CDATA[]]></system-err>
</testsuite>
