<?xml version="1.0" encoding="UTF-8"?>
<testsuite name="lv.javaguru.travel.insurance.rest.controller_v1_test.without_all_fields.RequestWithoutFieldsTest" tests="2" skipped="0" failures="0" errors="0" timestamp="2024-07-15T15:31:02" hostname="DESKTOP-QKNTNJC" time="0.127">
  <properties/>
  <testcase name="execute19()" classname="lv.javaguru.travel.insurance.rest.controller_v1_test.without_all_fields.RequestWithoutFieldsTest" time="0.07"/>
  <testcase name="execute20()" classname="lv.javaguru.travel.insurance.rest.controller_v1_test.without_all_fields.RequestWithoutFieldsTest" time="0.056"/>
  <system-out><![CDATA[2024-07-15 18:31:02,022 [Test worker] INFO  o.s.b.t.c.SpringBootTestContextBootstrapper - Neither @ContextConfiguration nor @ContextHierarchy found for test class [lv.javaguru.travel.insurance.rest.controller_v1_test.without_all_fields.RequestWithoutFieldsTest], using SpringBootContextLoader
2024-07-15 18:31:02,023 [Test worker] INFO  o.s.t.c.s.AbstractContextLoader - Could not detect default resource locations for test class [lv.javaguru.travel.insurance.rest.controller_v1_test.without_all_fields.RequestWithoutFieldsTest]: no resource found for suffixes {-context.xml, Context.groovy}.
2024-07-15 18:31:02,024 [Test worker] INFO  o.s.t.c.s.AnnotationConfigContextLoaderUtils - Could not detect default configuration classes for test class [lv.javaguru.travel.insurance.rest.controller_v1_test.without_all_fields.RequestWithoutFieldsTest]: RequestWithoutFieldsTest does not declare any static, non-private, non-final, nested classes annotated with @Configuration.
2024-07-15 18:31:02,038 [Test worker] INFO  o.s.b.t.c.SpringBootTestContextBootstrapper - Found @SpringBootConfiguration lv.javaguru.travel.insurance.InsuranceApplication for test class lv.javaguru.travel.insurance.rest.controller_v1_test.without_all_fields.RequestWithoutFieldsTest
2024-07-15 18:31:02,041 [Test worker] INFO  o.s.b.t.c.SpringBootTestContextBootstrapper - Loaded default TestExecutionListener class names from location [META-INF/spring.factories]: [org.springframework.boot.test.autoconfigure.restdocs.RestDocsTestExecutionListener, org.springframework.boot.test.autoconfigure.web.client.MockRestServiceServerResetTestExecutionListener, org.springframework.boot.test.autoconfigure.web.servlet.MockMvcPrintOnlyOnFailureTestExecutionListener, org.springframework.boot.test.autoconfigure.web.servlet.WebDriverTestExecutionListener, org.springframework.boot.test.autoconfigure.webservices.client.MockWebServiceServerTestExecutionListener, org.springframework.boot.test.mock.mockito.MockitoTestExecutionListener, org.springframework.boot.test.mock.mockito.ResetMocksTestExecutionListener, org.springframework.test.context.web.ServletTestExecutionListener, org.springframework.test.context.support.DirtiesContextBeforeModesTestExecutionListener, org.springframework.test.context.event.ApplicationEventsTestExecutionListener, org.springframework.test.context.support.DependencyInjectionTestExecutionListener, org.springframework.test.context.support.DirtiesContextTestExecutionListener, org.springframework.test.context.transaction.TransactionalTestExecutionListener, org.springframework.test.context.jdbc.SqlScriptsTestExecutionListener, org.springframework.test.context.event.EventPublishingTestExecutionListener]
2024-07-15 18:31:02,043 [Test worker] INFO  o.s.b.t.c.SpringBootTestContextBootstrapper - Using TestExecutionListeners: [org.springframework.test.context.web.ServletTestExecutionListener@24ed4582, org.springframework.test.context.support.DirtiesContextBeforeModesTestExecutionListener@18601f1e, org.springframework.test.context.event.ApplicationEventsTestExecutionListener@4140d677, org.springframework.boot.test.mock.mockito.MockitoTestExecutionListener@2c890ee3, org.springframework.boot.test.autoconfigure.SpringBootDependencyInjectionTestExecutionListener@62068fa5, org.springframework.test.context.support.DirtiesContextTestExecutionListener@7a86e414, org.springframework.test.context.transaction.TransactionalTestExecutionListener@3db2665d, org.springframework.test.context.jdbc.SqlScriptsTestExecutionListener@59a8891e, org.springframework.test.context.event.EventPublishingTestExecutionListener@f054e29, org.springframework.boot.test.autoconfigure.restdocs.RestDocsTestExecutionListener@426ead99, org.springframework.boot.test.autoconfigure.web.client.MockRestServiceServerResetTestExecutionListener@6c40bb07, org.springframework.boot.test.autoconfigure.web.servlet.MockMvcPrintOnlyOnFailureTestExecutionListener@713d2fe8, org.springframework.boot.test.autoconfigure.web.servlet.WebDriverTestExecutionListener@546c43e0, org.springframework.boot.test.autoconfigure.webservices.client.MockWebServiceServerTestExecutionListener@63d93e91, org.springframework.boot.test.mock.mockito.ResetMocksTestExecutionListener@a28296e]
Hibernate: select classifier0_.id as id1_2_, classifier0_.classifier_id as classifi4_2_, classifier0_.description as descript2_2_, classifier0_.ic as ic3_2_ from classifier_values classifier0_ left outer join classifiers classifier1_ on classifier0_.classifier_id=classifier1_.id where classifier1_.title=? and classifier0_.ic=?
Hibernate: select classifier0_.id as id1_3_0_, classifier0_.description as descript2_3_0_, classifier0_.title as title3_3_0_ from classifiers classifier0_ where classifier0_.id=?
2024-07-15 18:31:02,085 [Test worker] INFO  l.j.t.i.r.c.TravelCalculatePremiumRequestExecutionTimeLogger - Request processing time (ms): 10
2024-07-15 18:31:02,146 [Test worker] INFO  l.j.t.i.r.c.TravelCalculatePremiumRequestExecutionTimeLogger - Request processing time (ms): 1
]]></system-out>
  <system-err><![CDATA[]]></system-err>
</testsuite>
