<?xml version="1.0" encoding="UTF-8"?>
<testsuite name="lv.javaguru.travel.insurance.core.util.CalculateAgeUtilTest" tests="1" skipped="0" failures="0" errors="0" timestamp="2024-06-23T16:36:50" hostname="DESKTOP-QKNTNJC" time="0.006">
  <properties/>
  <testcase name="calculateAge()" classname="lv.javaguru.travel.insurance.core.util.CalculateAgeUtilTest" time="0.006"/>
  <system-out><![CDATA[2024-06-23 19:36:50,494 [Test worker] INFO  o.s.t.c.s.DefaultTestContextBootstrapper - Neither @ContextConfiguration nor @ContextHierarchy found for test class [lv.javaguru.travel.insurance.core.util.CalculateAgeUtilTest], using DelegatingSmartContextLoader
2024-06-23 19:36:50,495 [Test worker] INFO  o.s.t.c.s.AbstractContextLoader - Could not detect default resource locations for test class [lv.javaguru.travel.insurance.core.util.CalculateAgeUtilTest]: no resource found for suffixes {-context.xml}.
2024-06-23 19:36:50,495 [Test worker] INFO  o.s.t.c.s.AnnotationConfigContextLoaderUtils - Could not detect default configuration classes for test class [lv.javaguru.travel.insurance.core.util.CalculateAgeUtilTest]: CalculateAgeUtilTest does not declare any static, non-private, non-final, nested classes annotated with @Configuration.
2024-06-23 19:36:50,496 [Test worker] INFO  o.s.t.c.s.DefaultTestContextBootstrapper - Loaded default TestExecutionListener class names from location [META-INF/spring.factories]: [org.springframework.boot.test.autoconfigure.restdocs.RestDocsTestExecutionListener, org.springframework.boot.test.autoconfigure.web.client.MockRestServiceServerResetTestExecutionListener, org.springframework.boot.test.autoconfigure.web.servlet.MockMvcPrintOnlyOnFailureTestExecutionListener, org.springframework.boot.test.autoconfigure.web.servlet.WebDriverTestExecutionListener, org.springframework.boot.test.autoconfigure.webservices.client.MockWebServiceServerTestExecutionListener, org.springframework.boot.test.mock.mockito.MockitoTestExecutionListener, org.springframework.boot.test.mock.mockito.ResetMocksTestExecutionListener, org.springframework.test.context.web.ServletTestExecutionListener, org.springframework.test.context.support.DirtiesContextBeforeModesTestExecutionListener, org.springframework.test.context.event.ApplicationEventsTestExecutionListener, org.springframework.test.context.support.DependencyInjectionTestExecutionListener, org.springframework.test.context.support.DirtiesContextTestExecutionListener, org.springframework.test.context.transaction.TransactionalTestExecutionListener, org.springframework.test.context.jdbc.SqlScriptsTestExecutionListener, org.springframework.test.context.event.EventPublishingTestExecutionListener]
2024-06-23 19:36:50,497 [Test worker] INFO  o.s.t.c.s.DefaultTestContextBootstrapper - Using TestExecutionListeners: [org.springframework.test.context.web.ServletTestExecutionListener@27aa0720, org.springframework.test.context.support.DirtiesContextBeforeModesTestExecutionListener@179cdf4f, org.springframework.test.context.event.ApplicationEventsTestExecutionListener@6a0d47e8, org.springframework.boot.test.mock.mockito.MockitoTestExecutionListener@480d3c40, org.springframework.test.context.support.DependencyInjectionTestExecutionListener@3f69b166, org.springframework.test.context.support.DirtiesContextTestExecutionListener@4e7e7763, org.springframework.test.context.transaction.TransactionalTestExecutionListener@4ecc4b43, org.springframework.test.context.jdbc.SqlScriptsTestExecutionListener@6f8281e6, org.springframework.test.context.event.EventPublishingTestExecutionListener@1d12eff1, org.springframework.boot.test.autoconfigure.restdocs.RestDocsTestExecutionListener@206a465f, org.springframework.boot.test.autoconfigure.web.client.MockRestServiceServerResetTestExecutionListener@c509742, org.springframework.boot.test.autoconfigure.web.servlet.MockMvcPrintOnlyOnFailureTestExecutionListener@77a6aa9f, org.springframework.boot.test.autoconfigure.web.servlet.WebDriverTestExecutionListener@7d41aefd, org.springframework.boot.test.autoconfigure.webservices.client.MockWebServiceServerTestExecutionListener@feb57b4, org.springframework.boot.test.mock.mockito.ResetMocksTestExecutionListener@7893b8c]
]]></system-out>
  <system-err><![CDATA[]]></system-err>
</testsuite>
