<?xml version="1.0" encoding="UTF-8"?>
<testsuite name="lv.javaguru.travel.insurance.core.underwriting.calculators.evacuation.TEAgeCoefficientCalculatorTest" tests="2" skipped="0" failures="0" errors="0" timestamp="2024-07-15T15:30:38" hostname="DESKTOP-QKNTNJC" time="0.027">
  <properties/>
  <testcase name="fiveteenYearsOldTest()" classname="lv.javaguru.travel.insurance.core.underwriting.calculators.evacuation.TEAgeCoefficientCalculatorTest" time="0.016"/>
  <testcase name="threeYearsOldTest()" classname="lv.javaguru.travel.insurance.core.underwriting.calculators.evacuation.TEAgeCoefficientCalculatorTest" time="0.007"/>
  <system-out><![CDATA[2024-07-15 18:30:38,204 [Test worker] INFO  o.s.t.c.s.DefaultTestContextBootstrapper - Neither @ContextConfiguration nor @ContextHierarchy found for test class [lv.javaguru.travel.insurance.core.underwriting.calculators.evacuation.TEAgeCoefficientCalculatorTest], using DelegatingSmartContextLoader
2024-07-15 18:30:38,206 [Test worker] INFO  o.s.t.c.s.AbstractContextLoader - Could not detect default resource locations for test class [lv.javaguru.travel.insurance.core.underwriting.calculators.evacuation.TEAgeCoefficientCalculatorTest]: no resource found for suffixes {-context.xml}.
2024-07-15 18:30:38,207 [Test worker] INFO  o.s.t.c.s.AnnotationConfigContextLoaderUtils - Could not detect default configuration classes for test class [lv.javaguru.travel.insurance.core.underwriting.calculators.evacuation.TEAgeCoefficientCalculatorTest]: TEAgeCoefficientCalculatorTest does not declare any static, non-private, non-final, nested classes annotated with @Configuration.
2024-07-15 18:30:38,209 [Test worker] INFO  o.s.t.c.s.DefaultTestContextBootstrapper - Loaded default TestExecutionListener class names from location [META-INF/spring.factories]: [org.springframework.boot.test.autoconfigure.restdocs.RestDocsTestExecutionListener, org.springframework.boot.test.autoconfigure.web.client.MockRestServiceServerResetTestExecutionListener, org.springframework.boot.test.autoconfigure.web.servlet.MockMvcPrintOnlyOnFailureTestExecutionListener, org.springframework.boot.test.autoconfigure.web.servlet.WebDriverTestExecutionListener, org.springframework.boot.test.autoconfigure.webservices.client.MockWebServiceServerTestExecutionListener, org.springframework.boot.test.mock.mockito.MockitoTestExecutionListener, org.springframework.boot.test.mock.mockito.ResetMocksTestExecutionListener, org.springframework.test.context.web.ServletTestExecutionListener, org.springframework.test.context.support.DirtiesContextBeforeModesTestExecutionListener, org.springframework.test.context.event.ApplicationEventsTestExecutionListener, org.springframework.test.context.support.DependencyInjectionTestExecutionListener, org.springframework.test.context.support.DirtiesContextTestExecutionListener, org.springframework.test.context.transaction.TransactionalTestExecutionListener, org.springframework.test.context.jdbc.SqlScriptsTestExecutionListener, org.springframework.test.context.event.EventPublishingTestExecutionListener]
2024-07-15 18:30:38,210 [Test worker] INFO  o.s.t.c.s.DefaultTestContextBootstrapper - Using TestExecutionListeners: [org.springframework.test.context.web.ServletTestExecutionListener@240c626d, org.springframework.test.context.support.DirtiesContextBeforeModesTestExecutionListener@53a645a2, org.springframework.test.context.event.ApplicationEventsTestExecutionListener@c8d20bb, org.springframework.boot.test.mock.mockito.MockitoTestExecutionListener@1ead6e20, org.springframework.test.context.support.DependencyInjectionTestExecutionListener@59f56892, org.springframework.test.context.support.DirtiesContextTestExecutionListener@389fad5b, org.springframework.test.context.transaction.TransactionalTestExecutionListener@5d72da0b, org.springframework.test.context.jdbc.SqlScriptsTestExecutionListener@285b63eb, org.springframework.test.context.event.EventPublishingTestExecutionListener@5a983f8a, org.springframework.boot.test.autoconfigure.restdocs.RestDocsTestExecutionListener@1fa8a4f7, org.springframework.boot.test.autoconfigure.web.client.MockRestServiceServerResetTestExecutionListener@54c1878b, org.springframework.boot.test.autoconfigure.web.servlet.MockMvcPrintOnlyOnFailureTestExecutionListener@27f6e2c3, org.springframework.boot.test.autoconfigure.web.servlet.WebDriverTestExecutionListener@3c89fdd8, org.springframework.boot.test.autoconfigure.webservices.client.MockWebServiceServerTestExecutionListener@665c79a2, org.springframework.boot.test.mock.mockito.ResetMocksTestExecutionListener@3e79473d]
]]></system-out>
  <system-err><![CDATA[]]></system-err>
</testsuite>
