<?xml version="1.0" encoding="UTF-8"?>
<testsuite name="lv.javaguru.travel.insurance.rest.controller_test.TravelCalculatePremiumControllerTestCase5" tests="1" skipped="0" failures="0" errors="0" timestamp="2024-05-24T20:55:58" hostname="DESKTOP-QKNTNJC" time="0.203">
  <properties/>
  <testcase name="TravelCalculatePremiumControllerTestCase5()" classname="lv.javaguru.travel.insurance.rest.controller_test.TravelCalculatePremiumControllerTestCase5" time="0.203"/>
  <system-out><![CDATA[2024-05-24 23:55:58,094 [Test worker] INFO  o.s.b.t.c.SpringBootTestContextBootstrapper Neither @ContextConfiguration nor @ContextHierarchy found for test class [lv.javaguru.travel.insurance.rest.controller_test.TravelCalculatePremiumControllerTestCase5], using SpringBootContextLoader
2024-05-24 23:55:58,096 [Test worker] INFO  o.s.t.c.s.AbstractContextLoader Could not detect default resource locations for test class [lv.javaguru.travel.insurance.rest.controller_test.TravelCalculatePremiumControllerTestCase5]: no resource found for suffixes {-context.xml, Context.groovy}.
2024-05-24 23:55:58,096 [Test worker] INFO  o.s.t.c.s.AnnotationConfigContextLoaderUtils Could not detect default configuration classes for test class [lv.javaguru.travel.insurance.rest.controller_test.TravelCalculatePremiumControllerTestCase5]: TravelCalculatePremiumControllerTestCase5 does not declare any static, non-private, non-final, nested classes annotated with @Configuration.
2024-05-24 23:55:58,103 [Test worker] INFO  o.s.b.t.c.SpringBootTestContextBootstrapper Found @SpringBootConfiguration lv.javaguru.travel.insurance.InsuranceApplication for test class lv.javaguru.travel.insurance.rest.controller_test.TravelCalculatePremiumControllerTestCase5
2024-05-24 23:55:58,106 [Test worker] INFO  o.s.b.t.c.SpringBootTestContextBootstrapper Loaded default TestExecutionListener class names from location [META-INF/spring.factories]: [org.springframework.boot.test.autoconfigure.restdocs.RestDocsTestExecutionListener, org.springframework.boot.test.autoconfigure.web.client.MockRestServiceServerResetTestExecutionListener, org.springframework.boot.test.autoconfigure.web.servlet.MockMvcPrintOnlyOnFailureTestExecutionListener, org.springframework.boot.test.autoconfigure.web.servlet.WebDriverTestExecutionListener, org.springframework.boot.test.autoconfigure.webservices.client.MockWebServiceServerTestExecutionListener, org.springframework.boot.test.mock.mockito.MockitoTestExecutionListener, org.springframework.boot.test.mock.mockito.ResetMocksTestExecutionListener, org.springframework.test.context.web.ServletTestExecutionListener, org.springframework.test.context.support.DirtiesContextBeforeModesTestExecutionListener, org.springframework.test.context.event.ApplicationEventsTestExecutionListener, org.springframework.test.context.support.DependencyInjectionTestExecutionListener, org.springframework.test.context.support.DirtiesContextTestExecutionListener, org.springframework.test.context.transaction.TransactionalTestExecutionListener, org.springframework.test.context.jdbc.SqlScriptsTestExecutionListener, org.springframework.test.context.event.EventPublishingTestExecutionListener]
2024-05-24 23:55:58,107 [Test worker] INFO  o.s.b.t.c.SpringBootTestContextBootstrapper Using TestExecutionListeners: [org.springframework.test.context.web.ServletTestExecutionListener@5be521cd, org.springframework.test.context.support.DirtiesContextBeforeModesTestExecutionListener@579071ef, org.springframework.test.context.event.ApplicationEventsTestExecutionListener@311683ea, org.springframework.boot.test.mock.mockito.MockitoTestExecutionListener@5d5ad1e2, org.springframework.boot.test.autoconfigure.SpringBootDependencyInjectionTestExecutionListener@2fc378cd, org.springframework.test.context.support.DirtiesContextTestExecutionListener@7b886bd3, org.springframework.test.context.transaction.TransactionalTestExecutionListener@7e84be9b, org.springframework.test.context.jdbc.SqlScriptsTestExecutionListener@75daa568, org.springframework.test.context.event.EventPublishingTestExecutionListener@41ebae0e, org.springframework.boot.test.autoconfigure.restdocs.RestDocsTestExecutionListener@79059313, org.springframework.boot.test.autoconfigure.web.client.MockRestServiceServerResetTestExecutionListener@222e9ace, org.springframework.boot.test.autoconfigure.web.servlet.MockMvcPrintOnlyOnFailureTestExecutionListener@2ff9a06, org.springframework.boot.test.autoconfigure.web.servlet.WebDriverTestExecutionListener@1ef8cf89, org.springframework.boot.test.autoconfigure.webservices.client.MockWebServiceServerTestExecutionListener@4bb05a4e, org.springframework.boot.test.mock.mockito.ResetMocksTestExecutionListener@1d9e511c]
Hibernate: select classifier0_.id as id1_1_, classifier0_.classifier_id as classifi4_1_, classifier0_.description as descript2_1_, classifier0_.ic as ic3_1_ from classifier_values classifier0_ left outer join classifiers classifier1_ on classifier0_.classifier_id=classifier1_.id where classifier1_.title=? and classifier0_.ic=?
Hibernate: select classifier0_.id as id1_2_0_, classifier0_.description as descript2_2_0_, classifier0_.title as title3_2_0_ from classifiers classifier0_ where classifier0_.id=?
2024-05-24 23:55:58,217 [Test worker] INFO  l.j.t.i.r.l.TravelCalculatePremiumRequestLogger {"personFirstName":"Vasja","personLastName":"Pupkin","personIc":"PERSON_0","agreementDateFrom":"2026-05-25","agreementDateTo":"2026-05-29","selectedRisks":[],"country":"SPAIN","personBirthDate":"2005-09-03","medicalRiskLimitLevel":"LEVEL_10000"}
2024-05-24 23:55:58,219 [Test worker] INFO  l.j.t.i.r.l.TravelCalculatePremiumRequestExecutionTimeLogger Request processing time (ms): 80
2024-05-24 23:55:58,234 [Test worker] INFO  l.j.t.i.r.l.TravelCalculatePremiumResponseLogger {"errors":[{"errorCode":"ERROR_CODE_7","description":"Field selected_risks is empty!"}],"personFirstName":null,"personLastName":null,"personIc":null,"agreementDateFrom":null,"agreementDateTo":null,"agreementPremium":null,"risks":null,"country":null,"personBirthDate":null,"medicalRiskLimitLevel":null}
]]></system-out>
  <system-err><![CDATA[]]></system-err>
</testsuite>
