<?xml version="1.0" encoding="UTF-8"?>
<testsuite name="lv.javaguru.travel.insurance.core.underwriting.calculators.medical.TravelRiskPremiumCalculatorMedicalTest" tests="3" skipped="0" failures="0" errors="0" timestamp="2024-05-24T20:55:43" hostname="DESKTOP-QKNTNJC" time="0.09">
  <properties/>
  <testcase name="calculatePremiumForMedicalRiskLatviaTest()" classname="lv.javaguru.travel.insurance.core.underwriting.calculators.medical.TravelRiskPremiumCalculatorMedicalTest" time="0.022"/>
  <testcase name="calculatePremiumForMedicalRiskJapanTest()" classname="lv.javaguru.travel.insurance.core.underwriting.calculators.medical.TravelRiskPremiumCalculatorMedicalTest" time="0.045"/>
  <testcase name="calculatePremiumForMedicalRiskSpainTest()" classname="lv.javaguru.travel.insurance.core.underwriting.calculators.medical.TravelRiskPremiumCalculatorMedicalTest" time="0.018"/>
  <system-out><![CDATA[2024-05-24 23:55:43,172 [Test worker] INFO  o.s.t.c.s.DefaultTestContextBootstrapper Neither @ContextConfiguration nor @ContextHierarchy found for test class [lv.javaguru.travel.insurance.core.underwriting.calculators.medical.TravelRiskPremiumCalculatorMedicalTest], using DelegatingSmartContextLoader
2024-05-24 23:55:43,175 [Test worker] INFO  o.s.t.c.s.AbstractContextLoader Could not detect default resource locations for test class [lv.javaguru.travel.insurance.core.underwriting.calculators.medical.TravelRiskPremiumCalculatorMedicalTest]: no resource found for suffixes {-context.xml}.
2024-05-24 23:55:43,175 [Test worker] INFO  o.s.t.c.s.AnnotationConfigContextLoaderUtils Could not detect default configuration classes for test class [lv.javaguru.travel.insurance.core.underwriting.calculators.medical.TravelRiskPremiumCalculatorMedicalTest]: TravelRiskPremiumCalculatorMedicalTest does not declare any static, non-private, non-final, nested classes annotated with @Configuration.
2024-05-24 23:55:43,176 [Test worker] INFO  o.s.t.c.s.DefaultTestContextBootstrapper Loaded default TestExecutionListener class names from location [META-INF/spring.factories]: [org.springframework.boot.test.autoconfigure.restdocs.RestDocsTestExecutionListener, org.springframework.boot.test.autoconfigure.web.client.MockRestServiceServerResetTestExecutionListener, org.springframework.boot.test.autoconfigure.web.servlet.MockMvcPrintOnlyOnFailureTestExecutionListener, org.springframework.boot.test.autoconfigure.web.servlet.WebDriverTestExecutionListener, org.springframework.boot.test.autoconfigure.webservices.client.MockWebServiceServerTestExecutionListener, org.springframework.boot.test.mock.mockito.MockitoTestExecutionListener, org.springframework.boot.test.mock.mockito.ResetMocksTestExecutionListener, org.springframework.test.context.web.ServletTestExecutionListener, org.springframework.test.context.support.DirtiesContextBeforeModesTestExecutionListener, org.springframework.test.context.event.ApplicationEventsTestExecutionListener, org.springframework.test.context.support.DependencyInjectionTestExecutionListener, org.springframework.test.context.support.DirtiesContextTestExecutionListener, org.springframework.test.context.transaction.TransactionalTestExecutionListener, org.springframework.test.context.jdbc.SqlScriptsTestExecutionListener, org.springframework.test.context.event.EventPublishingTestExecutionListener]
2024-05-24 23:55:43,176 [Test worker] INFO  o.s.t.c.s.DefaultTestContextBootstrapper Using TestExecutionListeners: [org.springframework.test.context.web.ServletTestExecutionListener@7ce58c1c, org.springframework.test.context.support.DirtiesContextBeforeModesTestExecutionListener@36996b37, org.springframework.test.context.event.ApplicationEventsTestExecutionListener@1006d0e3, org.springframework.boot.test.mock.mockito.MockitoTestExecutionListener@4f61c7e1, org.springframework.test.context.support.DependencyInjectionTestExecutionListener@1fb4377d, org.springframework.test.context.support.DirtiesContextTestExecutionListener@6289376f, org.springframework.test.context.transaction.TransactionalTestExecutionListener@442e7215, org.springframework.test.context.jdbc.SqlScriptsTestExecutionListener@5b1ebbe, org.springframework.test.context.event.EventPublishingTestExecutionListener@3b802baa, org.springframework.boot.test.autoconfigure.restdocs.RestDocsTestExecutionListener@109941fa, org.springframework.boot.test.autoconfigure.web.client.MockRestServiceServerResetTestExecutionListener@27103726, org.springframework.boot.test.autoconfigure.web.servlet.MockMvcPrintOnlyOnFailureTestExecutionListener@2df6d461, org.springframework.boot.test.autoconfigure.web.servlet.WebDriverTestExecutionListener@1791670e, org.springframework.boot.test.autoconfigure.webservices.client.MockWebServiceServerTestExecutionListener@4d5d6297, org.springframework.boot.test.mock.mockito.ResetMocksTestExecutionListener@6bd2c51d]
]]></system-out>
  <system-err><![CDATA[]]></system-err>
</testsuite>
