<?xml version="1.0" encoding="UTF-8"?>
<testsuite name="lv.javaguru.travel.insurance.core.validationTests.TravelRequestPersonIcValidationTest" tests="3" skipped="0" failures="0" errors="0" timestamp="2024-05-24T20:55:43" hostname="DESKTOP-QKNTNJC" time="0.024">
  <properties/>
  <testcase name="personIcIsEmpty()" classname="lv.javaguru.travel.insurance.core.validationTests.TravelRequestPersonIcValidationTest" time="0.006"/>
  <testcase name="personIcIsCorrect()" classname="lv.javaguru.travel.insurance.core.validationTests.TravelRequestPersonIcValidationTest" time="0.007"/>
  <testcase name="personIcIsNull()" classname="lv.javaguru.travel.insurance.core.validationTests.TravelRequestPersonIcValidationTest" time="0.006"/>
  <system-out><![CDATA[2024-05-24 23:55:43,987 [Test worker] INFO  o.s.t.c.s.DefaultTestContextBootstrapper Neither @ContextConfiguration nor @ContextHierarchy found for test class [lv.javaguru.travel.insurance.core.validationTests.TravelRequestPersonIcValidationTest], using DelegatingSmartContextLoader
2024-05-24 23:55:43,990 [Test worker] INFO  o.s.t.c.s.AbstractContextLoader Could not detect default resource locations for test class [lv.javaguru.travel.insurance.core.validationTests.TravelRequestPersonIcValidationTest]: no resource found for suffixes {-context.xml}.
2024-05-24 23:55:43,990 [Test worker] INFO  o.s.t.c.s.AnnotationConfigContextLoaderUtils Could not detect default configuration classes for test class [lv.javaguru.travel.insurance.core.validationTests.TravelRequestPersonIcValidationTest]: TravelRequestPersonIcValidationTest does not declare any static, non-private, non-final, nested classes annotated with @Configuration.
2024-05-24 23:55:43,991 [Test worker] INFO  o.s.t.c.s.DefaultTestContextBootstrapper Loaded default TestExecutionListener class names from location [META-INF/spring.factories]: [org.springframework.boot.test.autoconfigure.restdocs.RestDocsTestExecutionListener, org.springframework.boot.test.autoconfigure.web.client.MockRestServiceServerResetTestExecutionListener, org.springframework.boot.test.autoconfigure.web.servlet.MockMvcPrintOnlyOnFailureTestExecutionListener, org.springframework.boot.test.autoconfigure.web.servlet.WebDriverTestExecutionListener, org.springframework.boot.test.autoconfigure.webservices.client.MockWebServiceServerTestExecutionListener, org.springframework.boot.test.mock.mockito.MockitoTestExecutionListener, org.springframework.boot.test.mock.mockito.ResetMocksTestExecutionListener, org.springframework.test.context.web.ServletTestExecutionListener, org.springframework.test.context.support.DirtiesContextBeforeModesTestExecutionListener, org.springframework.test.context.event.ApplicationEventsTestExecutionListener, org.springframework.test.context.support.DependencyInjectionTestExecutionListener, org.springframework.test.context.support.DirtiesContextTestExecutionListener, org.springframework.test.context.transaction.TransactionalTestExecutionListener, org.springframework.test.context.jdbc.SqlScriptsTestExecutionListener, org.springframework.test.context.event.EventPublishingTestExecutionListener]
2024-05-24 23:55:43,992 [Test worker] INFO  o.s.t.c.s.DefaultTestContextBootstrapper Using TestExecutionListeners: [org.springframework.test.context.web.ServletTestExecutionListener@59ffb0af, org.springframework.test.context.support.DirtiesContextBeforeModesTestExecutionListener@d6d88b1, org.springframework.test.context.event.ApplicationEventsTestExecutionListener@1268ac94, org.springframework.boot.test.mock.mockito.MockitoTestExecutionListener@55c901b2, org.springframework.test.context.support.DependencyInjectionTestExecutionListener@7197b96c, org.springframework.test.context.support.DirtiesContextTestExecutionListener@105e9fef, org.springframework.test.context.transaction.TransactionalTestExecutionListener@47858d7c, org.springframework.test.context.jdbc.SqlScriptsTestExecutionListener@5a5cd0af, org.springframework.test.context.event.EventPublishingTestExecutionListener@16cc5e51, org.springframework.boot.test.autoconfigure.restdocs.RestDocsTestExecutionListener@72090a80, org.springframework.boot.test.autoconfigure.web.client.MockRestServiceServerResetTestExecutionListener@198c97d0, org.springframework.boot.test.autoconfigure.web.servlet.MockMvcPrintOnlyOnFailureTestExecutionListener@25e9f5e6, org.springframework.boot.test.autoconfigure.web.servlet.WebDriverTestExecutionListener@512319dc, org.springframework.boot.test.autoconfigure.webservices.client.MockWebServiceServerTestExecutionListener@6bc45472, org.springframework.boot.test.mock.mockito.ResetMocksTestExecutionListener@160b7ccd]
]]></system-out>
  <system-err><![CDATA[]]></system-err>
</testsuite>
