<?xml version="1.0" encoding="UTF-8"?>
<testsuite name="lv.javaguru.travel.insurance.rest.controller_test.TravelCalculatePremiumControllerTestCase6" tests="1" skipped="0" failures="0" errors="0" timestamp="2024-05-24T20:55:58" hostname="DESKTOP-QKNTNJC" time="0.144">
  <properties/>
  <testcase name="TravelCalculatePremiumControllerTestCase6()" classname="lv.javaguru.travel.insurance.rest.controller_test.TravelCalculatePremiumControllerTestCase6" time="0.144"/>
  <system-out><![CDATA[2024-05-24 23:55:58,319 [Test worker] INFO  o.s.b.t.c.SpringBootTestContextBootstrapper Neither @ContextConfiguration nor @ContextHierarchy found for test class [lv.javaguru.travel.insurance.rest.controller_test.TravelCalculatePremiumControllerTestCase6], using SpringBootContextLoader
2024-05-24 23:55:58,320 [Test worker] INFO  o.s.t.c.s.AbstractContextLoader Could not detect default resource locations for test class [lv.javaguru.travel.insurance.rest.controller_test.TravelCalculatePremiumControllerTestCase6]: no resource found for suffixes {-context.xml, Context.groovy}.
2024-05-24 23:55:58,321 [Test worker] INFO  o.s.t.c.s.AnnotationConfigContextLoaderUtils Could not detect default configuration classes for test class [lv.javaguru.travel.insurance.rest.controller_test.TravelCalculatePremiumControllerTestCase6]: TravelCalculatePremiumControllerTestCase6 does not declare any static, non-private, non-final, nested classes annotated with @Configuration.
2024-05-24 23:55:58,325 [Test worker] INFO  o.s.b.t.c.SpringBootTestContextBootstrapper Found @SpringBootConfiguration lv.javaguru.travel.insurance.InsuranceApplication for test class lv.javaguru.travel.insurance.rest.controller_test.TravelCalculatePremiumControllerTestCase6
2024-05-24 23:55:58,327 [Test worker] INFO  o.s.b.t.c.SpringBootTestContextBootstrapper Loaded default TestExecutionListener class names from location [META-INF/spring.factories]: [org.springframework.boot.test.autoconfigure.restdocs.RestDocsTestExecutionListener, org.springframework.boot.test.autoconfigure.web.client.MockRestServiceServerResetTestExecutionListener, org.springframework.boot.test.autoconfigure.web.servlet.MockMvcPrintOnlyOnFailureTestExecutionListener, org.springframework.boot.test.autoconfigure.web.servlet.WebDriverTestExecutionListener, org.springframework.boot.test.autoconfigure.webservices.client.MockWebServiceServerTestExecutionListener, org.springframework.boot.test.mock.mockito.MockitoTestExecutionListener, org.springframework.boot.test.mock.mockito.ResetMocksTestExecutionListener, org.springframework.test.context.web.ServletTestExecutionListener, org.springframework.test.context.support.DirtiesContextBeforeModesTestExecutionListener, org.springframework.test.context.event.ApplicationEventsTestExecutionListener, org.springframework.test.context.support.DependencyInjectionTestExecutionListener, org.springframework.test.context.support.DirtiesContextTestExecutionListener, org.springframework.test.context.transaction.TransactionalTestExecutionListener, org.springframework.test.context.jdbc.SqlScriptsTestExecutionListener, org.springframework.test.context.event.EventPublishingTestExecutionListener]
2024-05-24 23:55:58,328 [Test worker] INFO  o.s.b.t.c.SpringBootTestContextBootstrapper Using TestExecutionListeners: [org.springframework.test.context.web.ServletTestExecutionListener@53a74970, org.springframework.test.context.support.DirtiesContextBeforeModesTestExecutionListener@60c8cc46, org.springframework.test.context.event.ApplicationEventsTestExecutionListener@55d607b, org.springframework.boot.test.mock.mockito.MockitoTestExecutionListener@4a544672, org.springframework.boot.test.autoconfigure.SpringBootDependencyInjectionTestExecutionListener@23d16a81, org.springframework.test.context.support.DirtiesContextTestExecutionListener@5dd3841, org.springframework.test.context.transaction.TransactionalTestExecutionListener@6b6dce39, org.springframework.test.context.jdbc.SqlScriptsTestExecutionListener@3e272f0, org.springframework.test.context.event.EventPublishingTestExecutionListener@2bcf856f, org.springframework.boot.test.autoconfigure.restdocs.RestDocsTestExecutionListener@47bcaf67, org.springframework.boot.test.autoconfigure.web.client.MockRestServiceServerResetTestExecutionListener@42a5bdaf, org.springframework.boot.test.autoconfigure.web.servlet.MockMvcPrintOnlyOnFailureTestExecutionListener@524032f9, org.springframework.boot.test.autoconfigure.web.servlet.WebDriverTestExecutionListener@5f33123, org.springframework.boot.test.autoconfigure.webservices.client.MockWebServiceServerTestExecutionListener@2796716d, org.springframework.boot.test.mock.mockito.ResetMocksTestExecutionListener@48b1f8f5]
Hibernate: select classifier0_.id as id1_1_, classifier0_.classifier_id as classifi4_1_, classifier0_.description as descript2_1_, classifier0_.ic as ic3_1_ from classifier_values classifier0_ left outer join classifiers classifier1_ on classifier0_.classifier_id=classifier1_.id where classifier1_.title=? and classifier0_.ic=?
Hibernate: select classifier0_.id as id1_2_0_, classifier0_.description as descript2_2_0_, classifier0_.title as title3_2_0_ from classifiers classifier0_ where classifier0_.id=?
2024-05-24 23:55:58,447 [Test worker] INFO  l.j.t.i.r.l.TravelCalculatePremiumRequestLogger {"personFirstName":"Vasja","personLastName":"Pupkin","personIc":"PERSON_0","agreementDateFrom":"2026-05-25","agreementDateTo":"2026-05-29","selectedRisks":null,"country":"SPAIN","personBirthDate":"2005-09-03","medicalRiskLimitLevel":"LEVEL_10000"}
2024-05-24 23:55:58,447 [Test worker] INFO  l.j.t.i.r.l.TravelCalculatePremiumRequestExecutionTimeLogger Request processing time (ms): 32
2024-05-24 23:55:58,455 [Test worker] INFO  l.j.t.i.r.l.TravelCalculatePremiumResponseLogger {"errors":[{"errorCode":"ERROR_CODE_8","description":"Field selected_risks is null!"}],"personFirstName":null,"personLastName":null,"personIc":null,"agreementDateFrom":null,"agreementDateTo":null,"agreementPremium":null,"risks":null,"country":null,"personBirthDate":null,"medicalRiskLimitLevel":null}
]]></system-out>
  <system-err><![CDATA[]]></system-err>
</testsuite>
