<?xml version="1.0" encoding="UTF-8"?>
<testsuite name="lv.javaguru.travel.insurance.core.repositories.MedicalRiskLimitLevelRepositoryTest" tests="5" skipped="0" failures="0" errors="0" timestamp="2024-05-24T20:55:22" hostname="DESKTOP-QKNTNJC" time="0.346">
  <properties/>
  <testcase name="MedicalRiskLimitLevelRepositoryLevel10000Test()" classname="lv.javaguru.travel.insurance.core.repositories.MedicalRiskLimitLevelRepositoryTest" time="0.052"/>
  <testcase name="MedicalRiskLimitLevelRepositoryLevel15000Test()" classname="lv.javaguru.travel.insurance.core.repositories.MedicalRiskLimitLevelRepositoryTest" time="0.057"/>
  <testcase name="MedicalRiskLimitLevelRepositoryLevel50000Test()" classname="lv.javaguru.travel.insurance.core.repositories.MedicalRiskLimitLevelRepositoryTest" time="0.071"/>
  <testcase name="MedicalRiskLimitLevelRepositoryLevel20000Test()" classname="lv.javaguru.travel.insurance.core.repositories.MedicalRiskLimitLevelRepositoryTest" time="0.019"/>
  <testcase name="MedicalRiskLimitLevelRepositoryNotNullTest()" classname="lv.javaguru.travel.insurance.core.repositories.MedicalRiskLimitLevelRepositoryTest" time="0.118"/>
  <system-out><![CDATA[2024-05-24 23:55:22,583 [Test worker] INFO  o.s.b.t.a.o.j.DataJpaTestContextBootstrapper Neither @ContextConfiguration nor @ContextHierarchy found for test class [lv.javaguru.travel.insurance.core.repositories.MedicalRiskLimitLevelRepositoryTest], using SpringBootContextLoader
2024-05-24 23:55:22,585 [Test worker] INFO  o.s.t.c.s.AbstractContextLoader Could not detect default resource locations for test class [lv.javaguru.travel.insurance.core.repositories.MedicalRiskLimitLevelRepositoryTest]: no resource found for suffixes {-context.xml, Context.groovy}.
2024-05-24 23:55:22,587 [Test worker] INFO  o.s.t.c.s.AnnotationConfigContextLoaderUtils Could not detect default configuration classes for test class [lv.javaguru.travel.insurance.core.repositories.MedicalRiskLimitLevelRepositoryTest]: MedicalRiskLimitLevelRepositoryTest does not declare any static, non-private, non-final, nested classes annotated with @Configuration.
2024-05-24 23:55:22,607 [Test worker] INFO  o.s.b.t.c.SpringBootTestContextBootstrapper Found @SpringBootConfiguration lv.javaguru.travel.insurance.InsuranceApplication for test class lv.javaguru.travel.insurance.core.repositories.MedicalRiskLimitLevelRepositoryTest
2024-05-24 23:55:22,609 [Test worker] INFO  o.s.b.t.a.o.j.DataJpaTestContextBootstrapper Loaded default TestExecutionListener class names from location [META-INF/spring.factories]: [org.springframework.boot.test.autoconfigure.restdocs.RestDocsTestExecutionListener, org.springframework.boot.test.autoconfigure.web.client.MockRestServiceServerResetTestExecutionListener, org.springframework.boot.test.autoconfigure.web.servlet.MockMvcPrintOnlyOnFailureTestExecutionListener, org.springframework.boot.test.autoconfigure.web.servlet.WebDriverTestExecutionListener, org.springframework.boot.test.autoconfigure.webservices.client.MockWebServiceServerTestExecutionListener, org.springframework.boot.test.mock.mockito.MockitoTestExecutionListener, org.springframework.boot.test.mock.mockito.ResetMocksTestExecutionListener, org.springframework.test.context.web.ServletTestExecutionListener, org.springframework.test.context.support.DirtiesContextBeforeModesTestExecutionListener, org.springframework.test.context.event.ApplicationEventsTestExecutionListener, org.springframework.test.context.support.DependencyInjectionTestExecutionListener, org.springframework.test.context.support.DirtiesContextTestExecutionListener, org.springframework.test.context.transaction.TransactionalTestExecutionListener, org.springframework.test.context.jdbc.SqlScriptsTestExecutionListener, org.springframework.test.context.event.EventPublishingTestExecutionListener]
2024-05-24 23:55:22,610 [Test worker] INFO  o.s.b.t.a.o.j.DataJpaTestContextBootstrapper Using TestExecutionListeners: [org.springframework.test.context.web.ServletTestExecutionListener@6b286640, org.springframework.test.context.support.DirtiesContextBeforeModesTestExecutionListener@294a12b5, org.springframework.test.context.event.ApplicationEventsTestExecutionListener@628aea61, org.springframework.boot.test.mock.mockito.MockitoTestExecutionListener@3606eee9, org.springframework.boot.test.autoconfigure.SpringBootDependencyInjectionTestExecutionListener@1e34840f, org.springframework.test.context.support.DirtiesContextTestExecutionListener@6792f2c6, org.springframework.test.context.transaction.TransactionalTestExecutionListener@52fed5b7, org.springframework.test.context.jdbc.SqlScriptsTestExecutionListener@530e08a7, org.springframework.test.context.event.EventPublishingTestExecutionListener@6920fa35, org.springframework.boot.test.autoconfigure.restdocs.RestDocsTestExecutionListener@19542115, org.springframework.boot.test.autoconfigure.web.client.MockRestServiceServerResetTestExecutionListener@3da30ce5, org.springframework.boot.test.autoconfigure.web.servlet.MockMvcPrintOnlyOnFailureTestExecutionListener@1e4b70c6, org.springframework.boot.test.autoconfigure.web.servlet.WebDriverTestExecutionListener@7054c068, org.springframework.boot.test.autoconfigure.webservices.client.MockWebServiceServerTestExecutionListener@48301bfe, org.springframework.boot.test.mock.mockito.ResetMocksTestExecutionListener@6dd1f239]
2024-05-24 23:55:22,620 [Test worker] INFO  o.s.t.c.t.TransactionContext Began transaction (1) for test context [DefaultTestContext@367fbb28 testClass = MedicalRiskLimitLevelRepositoryTest, testInstance = lv.javaguru.travel.insurance.core.repositories.MedicalRiskLimitLevelRepositoryTest@54ddd7e4, testMethod = MedicalRiskLimitLevelRepositoryLevel10000Test@MedicalRiskLimitLevelRepositoryTest, testException = [null], mergedContextConfiguration = [MergedContextConfiguration@37f7ce20 testClass = MedicalRiskLimitLevelRepositoryTest, locations = '{}', classes = '{class lv.javaguru.travel.insurance.InsuranceApplication}', contextInitializerClasses = '[]', activeProfiles = '{}', propertySourceLocations = '{}', propertySourceProperties = '{org.springframework.boot.test.autoconfigure.orm.jpa.DataJpaTestContextBootstrapper=true}', contextCustomizers = set[org.springframework.boot.test.autoconfigure.OverrideAutoConfigurationContextCustomizerFactory$DisableAutoConfigurationContextCustomizer@44c13103, org.springframework.boot.test.autoconfigure.actuate.metrics.MetricsExportContextCustomizerFactory$DisableMetricExportContextCustomizer@8a2a6a, org.springframework.boot.test.autoconfigure.filter.TypeExcludeFiltersContextCustomizer@351584c0, org.springframework.boot.test.autoconfigure.properties.PropertyMappingContextCustomizer@ae8e351b, org.springframework.boot.test.autoconfigure.web.servlet.WebDriverContextCustomizerFactory$Customizer@1835d3ed, [ImportsContextCustomizer@c931728 key = [org.springframework.boot.autoconfigure.cache.CacheAutoConfiguration, org.springframework.boot.autoconfigure.data.jpa.JpaRepositoriesAutoConfiguration, org.springframework.boot.autoconfigure.flyway.FlywayAutoConfiguration, org.springframework.boot.autoconfigure.jdbc.DataSourceAutoConfiguration, org.springframework.boot.autoconfigure.jdbc.DataSourceTransactionManagerAutoConfiguration, org.springframework.boot.autoconfigure.jdbc.JdbcTemplateAutoConfiguration, org.springframework.boot.autoconfigure.liquibase.LiquibaseAutoConfiguration, org.springframework.boot.autoconfigure.orm.jpa.HibernateJpaAutoConfiguration, org.springframework.boot.autoconfigure.sql.init.SqlInitializationAutoConfiguration, org.springframework.boot.autoconfigure.transaction.TransactionAutoConfiguration, org.springframework.boot.test.autoconfigure.jdbc.TestDatabaseAutoConfiguration, org.springframework.boot.test.autoconfigure.orm.jpa.TestEntityManagerAutoConfiguration]], org.springframework.boot.test.context.filter.ExcludeFilterContextCustomizer@6a937336, org.springframework.boot.test.json.DuplicateJsonObjectContextCustomizerFactory$DuplicateJsonObjectContextCustomizer@6b52dd31, org.springframework.boot.test.mock.mockito.MockitoContextCustomizer@0, org.springframework.boot.test.context.SpringBootTestArgs@1, org.springframework.boot.test.context.SpringBootTestWebEnvironment@0], contextLoader = 'org.springframework.boot.test.context.SpringBootContextLoader', parent = [null]], attributes = map['org.springframework.test.context.event.ApplicationEventsTestExecutionListener.recordApplicationEvents' -> false]]; transaction manager [org.springframework.orm.jpa.JpaTransactionManager@6b15e68c]; rollback [true]
Hibernate: select medicalris0_.id as id1_4_, medicalris0_.coefficient as coeffici2_4_, medicalris0_.medical_risk_limit_level_ic as medical_3_4_ from medical_risk_limit_level medicalris0_ where medicalris0_.medical_risk_limit_level_ic=?
2024-05-24 23:55:22,668 [Test worker] INFO  o.s.t.c.t.TransactionContext Rolled back transaction for test: [DefaultTestContext@367fbb28 testClass = MedicalRiskLimitLevelRepositoryTest, testInstance = lv.javaguru.travel.insurance.core.repositories.MedicalRiskLimitLevelRepositoryTest@54ddd7e4, testMethod = MedicalRiskLimitLevelRepositoryLevel10000Test@MedicalRiskLimitLevelRepositoryTest, testException = [null], mergedContextConfiguration = [MergedContextConfiguration@37f7ce20 testClass = MedicalRiskLimitLevelRepositoryTest, locations = '{}', classes = '{class lv.javaguru.travel.insurance.InsuranceApplication}', contextInitializerClasses = '[]', activeProfiles = '{}', propertySourceLocations = '{}', propertySourceProperties = '{org.springframework.boot.test.autoconfigure.orm.jpa.DataJpaTestContextBootstrapper=true}', contextCustomizers = set[org.springframework.boot.test.autoconfigure.OverrideAutoConfigurationContextCustomizerFactory$DisableAutoConfigurationContextCustomizer@44c13103, org.springframework.boot.test.autoconfigure.actuate.metrics.MetricsExportContextCustomizerFactory$DisableMetricExportContextCustomizer@8a2a6a, org.springframework.boot.test.autoconfigure.filter.TypeExcludeFiltersContextCustomizer@351584c0, org.springframework.boot.test.autoconfigure.properties.PropertyMappingContextCustomizer@ae8e351b, org.springframework.boot.test.autoconfigure.web.servlet.WebDriverContextCustomizerFactory$Customizer@1835d3ed, [ImportsContextCustomizer@c931728 key = [org.springframework.boot.autoconfigure.cache.CacheAutoConfiguration, org.springframework.boot.autoconfigure.data.jpa.JpaRepositoriesAutoConfiguration, org.springframework.boot.autoconfigure.flyway.FlywayAutoConfiguration, org.springframework.boot.autoconfigure.jdbc.DataSourceAutoConfiguration, org.springframework.boot.autoconfigure.jdbc.DataSourceTransactionManagerAutoConfiguration, org.springframework.boot.autoconfigure.jdbc.JdbcTemplateAutoConfiguration, org.springframework.boot.autoconfigure.liquibase.LiquibaseAutoConfiguration, org.springframework.boot.autoconfigure.orm.jpa.HibernateJpaAutoConfiguration, org.springframework.boot.autoconfigure.sql.init.SqlInitializationAutoConfiguration, org.springframework.boot.autoconfigure.transaction.TransactionAutoConfiguration, org.springframework.boot.test.autoconfigure.jdbc.TestDatabaseAutoConfiguration, org.springframework.boot.test.autoconfigure.orm.jpa.TestEntityManagerAutoConfiguration]], org.springframework.boot.test.context.filter.ExcludeFilterContextCustomizer@6a937336, org.springframework.boot.test.json.DuplicateJsonObjectContextCustomizerFactory$DuplicateJsonObjectContextCustomizer@6b52dd31, org.springframework.boot.test.mock.mockito.MockitoContextCustomizer@0, org.springframework.boot.test.context.SpringBootTestArgs@1, org.springframework.boot.test.context.SpringBootTestWebEnvironment@0], contextLoader = 'org.springframework.boot.test.context.SpringBootContextLoader', parent = [null]], attributes = map['org.springframework.test.context.event.ApplicationEventsTestExecutionListener.recordApplicationEvents' -> false]]
2024-05-24 23:55:22,683 [Test worker] INFO  o.s.t.c.t.TransactionContext Began transaction (1) for test context [DefaultTestContext@367fbb28 testClass = MedicalRiskLimitLevelRepositoryTest, testInstance = lv.javaguru.travel.insurance.core.repositories.MedicalRiskLimitLevelRepositoryTest@5507584d, testMethod = MedicalRiskLimitLevelRepositoryLevel15000Test@MedicalRiskLimitLevelRepositoryTest, testException = [null], mergedContextConfiguration = [MergedContextConfiguration@37f7ce20 testClass = MedicalRiskLimitLevelRepositoryTest, locations = '{}', classes = '{class lv.javaguru.travel.insurance.InsuranceApplication}', contextInitializerClasses = '[]', activeProfiles = '{}', propertySourceLocations = '{}', propertySourceProperties = '{org.springframework.boot.test.autoconfigure.orm.jpa.DataJpaTestContextBootstrapper=true}', contextCustomizers = set[org.springframework.boot.test.autoconfigure.OverrideAutoConfigurationContextCustomizerFactory$DisableAutoConfigurationContextCustomizer@44c13103, org.springframework.boot.test.autoconfigure.actuate.metrics.MetricsExportContextCustomizerFactory$DisableMetricExportContextCustomizer@8a2a6a, org.springframework.boot.test.autoconfigure.filter.TypeExcludeFiltersContextCustomizer@351584c0, org.springframework.boot.test.autoconfigure.properties.PropertyMappingContextCustomizer@ae8e351b, org.springframework.boot.test.autoconfigure.web.servlet.WebDriverContextCustomizerFactory$Customizer@1835d3ed, [ImportsContextCustomizer@c931728 key = [org.springframework.boot.autoconfigure.cache.CacheAutoConfiguration, org.springframework.boot.autoconfigure.data.jpa.JpaRepositoriesAutoConfiguration, org.springframework.boot.autoconfigure.flyway.FlywayAutoConfiguration, org.springframework.boot.autoconfigure.jdbc.DataSourceAutoConfiguration, org.springframework.boot.autoconfigure.jdbc.DataSourceTransactionManagerAutoConfiguration, org.springframework.boot.autoconfigure.jdbc.JdbcTemplateAutoConfiguration, org.springframework.boot.autoconfigure.liquibase.LiquibaseAutoConfiguration, org.springframework.boot.autoconfigure.orm.jpa.HibernateJpaAutoConfiguration, org.springframework.boot.autoconfigure.sql.init.SqlInitializationAutoConfiguration, org.springframework.boot.autoconfigure.transaction.TransactionAutoConfiguration, org.springframework.boot.test.autoconfigure.jdbc.TestDatabaseAutoConfiguration, org.springframework.boot.test.autoconfigure.orm.jpa.TestEntityManagerAutoConfiguration]], org.springframework.boot.test.context.filter.ExcludeFilterContextCustomizer@6a937336, org.springframework.boot.test.json.DuplicateJsonObjectContextCustomizerFactory$DuplicateJsonObjectContextCustomizer@6b52dd31, org.springframework.boot.test.mock.mockito.MockitoContextCustomizer@0, org.springframework.boot.test.context.SpringBootTestArgs@1, org.springframework.boot.test.context.SpringBootTestWebEnvironment@0], contextLoader = 'org.springframework.boot.test.context.SpringBootContextLoader', parent = [null]], attributes = map['org.springframework.test.context.event.ApplicationEventsTestExecutionListener.recordApplicationEvents' -> false]]; transaction manager [org.springframework.orm.jpa.JpaTransactionManager@6b15e68c]; rollback [true]
Hibernate: select medicalris0_.id as id1_4_, medicalris0_.coefficient as coeffici2_4_, medicalris0_.medical_risk_limit_level_ic as medical_3_4_ from medical_risk_limit_level medicalris0_ where medicalris0_.medical_risk_limit_level_ic=?
2024-05-24 23:55:22,721 [Test worker] INFO  o.s.t.c.t.TransactionContext Rolled back transaction for test: [DefaultTestContext@367fbb28 testClass = MedicalRiskLimitLevelRepositoryTest, testInstance = lv.javaguru.travel.insurance.core.repositories.MedicalRiskLimitLevelRepositoryTest@5507584d, testMethod = MedicalRiskLimitLevelRepositoryLevel15000Test@MedicalRiskLimitLevelRepositoryTest, testException = [null], mergedContextConfiguration = [MergedContextConfiguration@37f7ce20 testClass = MedicalRiskLimitLevelRepositoryTest, locations = '{}', classes = '{class lv.javaguru.travel.insurance.InsuranceApplication}', contextInitializerClasses = '[]', activeProfiles = '{}', propertySourceLocations = '{}', propertySourceProperties = '{org.springframework.boot.test.autoconfigure.orm.jpa.DataJpaTestContextBootstrapper=true}', contextCustomizers = set[org.springframework.boot.test.autoconfigure.OverrideAutoConfigurationContextCustomizerFactory$DisableAutoConfigurationContextCustomizer@44c13103, org.springframework.boot.test.autoconfigure.actuate.metrics.MetricsExportContextCustomizerFactory$DisableMetricExportContextCustomizer@8a2a6a, org.springframework.boot.test.autoconfigure.filter.TypeExcludeFiltersContextCustomizer@351584c0, org.springframework.boot.test.autoconfigure.properties.PropertyMappingContextCustomizer@ae8e351b, org.springframework.boot.test.autoconfigure.web.servlet.WebDriverContextCustomizerFactory$Customizer@1835d3ed, [ImportsContextCustomizer@c931728 key = [org.springframework.boot.autoconfigure.cache.CacheAutoConfiguration, org.springframework.boot.autoconfigure.data.jpa.JpaRepositoriesAutoConfiguration, org.springframework.boot.autoconfigure.flyway.FlywayAutoConfiguration, org.springframework.boot.autoconfigure.jdbc.DataSourceAutoConfiguration, org.springframework.boot.autoconfigure.jdbc.DataSourceTransactionManagerAutoConfiguration, org.springframework.boot.autoconfigure.jdbc.JdbcTemplateAutoConfiguration, org.springframework.boot.autoconfigure.liquibase.LiquibaseAutoConfiguration, org.springframework.boot.autoconfigure.orm.jpa.HibernateJpaAutoConfiguration, org.springframework.boot.autoconfigure.sql.init.SqlInitializationAutoConfiguration, org.springframework.boot.autoconfigure.transaction.TransactionAutoConfiguration, org.springframework.boot.test.autoconfigure.jdbc.TestDatabaseAutoConfiguration, org.springframework.boot.test.autoconfigure.orm.jpa.TestEntityManagerAutoConfiguration]], org.springframework.boot.test.context.filter.ExcludeFilterContextCustomizer@6a937336, org.springframework.boot.test.json.DuplicateJsonObjectContextCustomizerFactory$DuplicateJsonObjectContextCustomizer@6b52dd31, org.springframework.boot.test.mock.mockito.MockitoContextCustomizer@0, org.springframework.boot.test.context.SpringBootTestArgs@1, org.springframework.boot.test.context.SpringBootTestWebEnvironment@0], contextLoader = 'org.springframework.boot.test.context.SpringBootContextLoader', parent = [null]], attributes = map['org.springframework.test.context.event.ApplicationEventsTestExecutionListener.recordApplicationEvents' -> false]]
2024-05-24 23:55:22,735 [Test worker] INFO  o.s.t.c.t.TransactionContext Began transaction (1) for test context [DefaultTestContext@367fbb28 testClass = MedicalRiskLimitLevelRepositoryTest, testInstance = lv.javaguru.travel.insurance.core.repositories.MedicalRiskLimitLevelRepositoryTest@79f3f34c, testMethod = MedicalRiskLimitLevelRepositoryLevel50000Test@MedicalRiskLimitLevelRepositoryTest, testException = [null], mergedContextConfiguration = [MergedContextConfiguration@37f7ce20 testClass = MedicalRiskLimitLevelRepositoryTest, locations = '{}', classes = '{class lv.javaguru.travel.insurance.InsuranceApplication}', contextInitializerClasses = '[]', activeProfiles = '{}', propertySourceLocations = '{}', propertySourceProperties = '{org.springframework.boot.test.autoconfigure.orm.jpa.DataJpaTestContextBootstrapper=true}', contextCustomizers = set[org.springframework.boot.test.autoconfigure.OverrideAutoConfigurationContextCustomizerFactory$DisableAutoConfigurationContextCustomizer@44c13103, org.springframework.boot.test.autoconfigure.actuate.metrics.MetricsExportContextCustomizerFactory$DisableMetricExportContextCustomizer@8a2a6a, org.springframework.boot.test.autoconfigure.filter.TypeExcludeFiltersContextCustomizer@351584c0, org.springframework.boot.test.autoconfigure.properties.PropertyMappingContextCustomizer@ae8e351b, org.springframework.boot.test.autoconfigure.web.servlet.WebDriverContextCustomizerFactory$Customizer@1835d3ed, [ImportsContextCustomizer@c931728 key = [org.springframework.boot.autoconfigure.cache.CacheAutoConfiguration, org.springframework.boot.autoconfigure.data.jpa.JpaRepositoriesAutoConfiguration, org.springframework.boot.autoconfigure.flyway.FlywayAutoConfiguration, org.springframework.boot.autoconfigure.jdbc.DataSourceAutoConfiguration, org.springframework.boot.autoconfigure.jdbc.DataSourceTransactionManagerAutoConfiguration, org.springframework.boot.autoconfigure.jdbc.JdbcTemplateAutoConfiguration, org.springframework.boot.autoconfigure.liquibase.LiquibaseAutoConfiguration, org.springframework.boot.autoconfigure.orm.jpa.HibernateJpaAutoConfiguration, org.springframework.boot.autoconfigure.sql.init.SqlInitializationAutoConfiguration, org.springframework.boot.autoconfigure.transaction.TransactionAutoConfiguration, org.springframework.boot.test.autoconfigure.jdbc.TestDatabaseAutoConfiguration, org.springframework.boot.test.autoconfigure.orm.jpa.TestEntityManagerAutoConfiguration]], org.springframework.boot.test.context.filter.ExcludeFilterContextCustomizer@6a937336, org.springframework.boot.test.json.DuplicateJsonObjectContextCustomizerFactory$DuplicateJsonObjectContextCustomizer@6b52dd31, org.springframework.boot.test.mock.mockito.MockitoContextCustomizer@0, org.springframework.boot.test.context.SpringBootTestArgs@1, org.springframework.boot.test.context.SpringBootTestWebEnvironment@0], contextLoader = 'org.springframework.boot.test.context.SpringBootContextLoader', parent = [null]], attributes = map['org.springframework.test.context.event.ApplicationEventsTestExecutionListener.recordApplicationEvents' -> false]]; transaction manager [org.springframework.orm.jpa.JpaTransactionManager@6b15e68c]; rollback [true]
Hibernate: select medicalris0_.id as id1_4_, medicalris0_.coefficient as coeffici2_4_, medicalris0_.medical_risk_limit_level_ic as medical_3_4_ from medical_risk_limit_level medicalris0_ where medicalris0_.medical_risk_limit_level_ic=?
2024-05-24 23:55:22,802 [Test worker] INFO  o.s.t.c.t.TransactionContext Rolled back transaction for test: [DefaultTestContext@367fbb28 testClass = MedicalRiskLimitLevelRepositoryTest, testInstance = lv.javaguru.travel.insurance.core.repositories.MedicalRiskLimitLevelRepositoryTest@79f3f34c, testMethod = MedicalRiskLimitLevelRepositoryLevel50000Test@MedicalRiskLimitLevelRepositoryTest, testException = [null], mergedContextConfiguration = [MergedContextConfiguration@37f7ce20 testClass = MedicalRiskLimitLevelRepositoryTest, locations = '{}', classes = '{class lv.javaguru.travel.insurance.InsuranceApplication}', contextInitializerClasses = '[]', activeProfiles = '{}', propertySourceLocations = '{}', propertySourceProperties = '{org.springframework.boot.test.autoconfigure.orm.jpa.DataJpaTestContextBootstrapper=true}', contextCustomizers = set[org.springframework.boot.test.autoconfigure.OverrideAutoConfigurationContextCustomizerFactory$DisableAutoConfigurationContextCustomizer@44c13103, org.springframework.boot.test.autoconfigure.actuate.metrics.MetricsExportContextCustomizerFactory$DisableMetricExportContextCustomizer@8a2a6a, org.springframework.boot.test.autoconfigure.filter.TypeExcludeFiltersContextCustomizer@351584c0, org.springframework.boot.test.autoconfigure.properties.PropertyMappingContextCustomizer@ae8e351b, org.springframework.boot.test.autoconfigure.web.servlet.WebDriverContextCustomizerFactory$Customizer@1835d3ed, [ImportsContextCustomizer@c931728 key = [org.springframework.boot.autoconfigure.cache.CacheAutoConfiguration, org.springframework.boot.autoconfigure.data.jpa.JpaRepositoriesAutoConfiguration, org.springframework.boot.autoconfigure.flyway.FlywayAutoConfiguration, org.springframework.boot.autoconfigure.jdbc.DataSourceAutoConfiguration, org.springframework.boot.autoconfigure.jdbc.DataSourceTransactionManagerAutoConfiguration, org.springframework.boot.autoconfigure.jdbc.JdbcTemplateAutoConfiguration, org.springframework.boot.autoconfigure.liquibase.LiquibaseAutoConfiguration, org.springframework.boot.autoconfigure.orm.jpa.HibernateJpaAutoConfiguration, org.springframework.boot.autoconfigure.sql.init.SqlInitializationAutoConfiguration, org.springframework.boot.autoconfigure.transaction.TransactionAutoConfiguration, org.springframework.boot.test.autoconfigure.jdbc.TestDatabaseAutoConfiguration, org.springframework.boot.test.autoconfigure.orm.jpa.TestEntityManagerAutoConfiguration]], org.springframework.boot.test.context.filter.ExcludeFilterContextCustomizer@6a937336, org.springframework.boot.test.json.DuplicateJsonObjectContextCustomizerFactory$DuplicateJsonObjectContextCustomizer@6b52dd31, org.springframework.boot.test.mock.mockito.MockitoContextCustomizer@0, org.springframework.boot.test.context.SpringBootTestArgs@1, org.springframework.boot.test.context.SpringBootTestWebEnvironment@0], contextLoader = 'org.springframework.boot.test.context.SpringBootContextLoader', parent = [null]], attributes = map['org.springframework.test.context.event.ApplicationEventsTestExecutionListener.recordApplicationEvents' -> false]]
2024-05-24 23:55:22,826 [Test worker] INFO  o.s.t.c.t.TransactionContext Began transaction (1) for test context [DefaultTestContext@367fbb28 testClass = MedicalRiskLimitLevelRepositoryTest, testInstance = lv.javaguru.travel.insurance.core.repositories.MedicalRiskLimitLevelRepositoryTest@7e764e5c, testMethod = MedicalRiskLimitLevelRepositoryLevel20000Test@MedicalRiskLimitLevelRepositoryTest, testException = [null], mergedContextConfiguration = [MergedContextConfiguration@37f7ce20 testClass = MedicalRiskLimitLevelRepositoryTest, locations = '{}', classes = '{class lv.javaguru.travel.insurance.InsuranceApplication}', contextInitializerClasses = '[]', activeProfiles = '{}', propertySourceLocations = '{}', propertySourceProperties = '{org.springframework.boot.test.autoconfigure.orm.jpa.DataJpaTestContextBootstrapper=true}', contextCustomizers = set[org.springframework.boot.test.autoconfigure.OverrideAutoConfigurationContextCustomizerFactory$DisableAutoConfigurationContextCustomizer@44c13103, org.springframework.boot.test.autoconfigure.actuate.metrics.MetricsExportContextCustomizerFactory$DisableMetricExportContextCustomizer@8a2a6a, org.springframework.boot.test.autoconfigure.filter.TypeExcludeFiltersContextCustomizer@351584c0, org.springframework.boot.test.autoconfigure.properties.PropertyMappingContextCustomizer@ae8e351b, org.springframework.boot.test.autoconfigure.web.servlet.WebDriverContextCustomizerFactory$Customizer@1835d3ed, [ImportsContextCustomizer@c931728 key = [org.springframework.boot.autoconfigure.cache.CacheAutoConfiguration, org.springframework.boot.autoconfigure.data.jpa.JpaRepositoriesAutoConfiguration, org.springframework.boot.autoconfigure.flyway.FlywayAutoConfiguration, org.springframework.boot.autoconfigure.jdbc.DataSourceAutoConfiguration, org.springframework.boot.autoconfigure.jdbc.DataSourceTransactionManagerAutoConfiguration, org.springframework.boot.autoconfigure.jdbc.JdbcTemplateAutoConfiguration, org.springframework.boot.autoconfigure.liquibase.LiquibaseAutoConfiguration, org.springframework.boot.autoconfigure.orm.jpa.HibernateJpaAutoConfiguration, org.springframework.boot.autoconfigure.sql.init.SqlInitializationAutoConfiguration, org.springframework.boot.autoconfigure.transaction.TransactionAutoConfiguration, org.springframework.boot.test.autoconfigure.jdbc.TestDatabaseAutoConfiguration, org.springframework.boot.test.autoconfigure.orm.jpa.TestEntityManagerAutoConfiguration]], org.springframework.boot.test.context.filter.ExcludeFilterContextCustomizer@6a937336, org.springframework.boot.test.json.DuplicateJsonObjectContextCustomizerFactory$DuplicateJsonObjectContextCustomizer@6b52dd31, org.springframework.boot.test.mock.mockito.MockitoContextCustomizer@0, org.springframework.boot.test.context.SpringBootTestArgs@1, org.springframework.boot.test.context.SpringBootTestWebEnvironment@0], contextLoader = 'org.springframework.boot.test.context.SpringBootContextLoader', parent = [null]], attributes = map['org.springframework.test.context.event.ApplicationEventsTestExecutionListener.recordApplicationEvents' -> false]]; transaction manager [org.springframework.orm.jpa.JpaTransactionManager@6b15e68c]; rollback [true]
Hibernate: select medicalris0_.id as id1_4_, medicalris0_.coefficient as coeffici2_4_, medicalris0_.medical_risk_limit_level_ic as medical_3_4_ from medical_risk_limit_level medicalris0_ where medicalris0_.medical_risk_limit_level_ic=?
2024-05-24 23:55:22,842 [Test worker] INFO  o.s.t.c.t.TransactionContext Rolled back transaction for test: [DefaultTestContext@367fbb28 testClass = MedicalRiskLimitLevelRepositoryTest, testInstance = lv.javaguru.travel.insurance.core.repositories.MedicalRiskLimitLevelRepositoryTest@7e764e5c, testMethod = MedicalRiskLimitLevelRepositoryLevel20000Test@MedicalRiskLimitLevelRepositoryTest, testException = [null], mergedContextConfiguration = [MergedContextConfiguration@37f7ce20 testClass = MedicalRiskLimitLevelRepositoryTest, locations = '{}', classes = '{class lv.javaguru.travel.insurance.InsuranceApplication}', contextInitializerClasses = '[]', activeProfiles = '{}', propertySourceLocations = '{}', propertySourceProperties = '{org.springframework.boot.test.autoconfigure.orm.jpa.DataJpaTestContextBootstrapper=true}', contextCustomizers = set[org.springframework.boot.test.autoconfigure.OverrideAutoConfigurationContextCustomizerFactory$DisableAutoConfigurationContextCustomizer@44c13103, org.springframework.boot.test.autoconfigure.actuate.metrics.MetricsExportContextCustomizerFactory$DisableMetricExportContextCustomizer@8a2a6a, org.springframework.boot.test.autoconfigure.filter.TypeExcludeFiltersContextCustomizer@351584c0, org.springframework.boot.test.autoconfigure.properties.PropertyMappingContextCustomizer@ae8e351b, org.springframework.boot.test.autoconfigure.web.servlet.WebDriverContextCustomizerFactory$Customizer@1835d3ed, [ImportsContextCustomizer@c931728 key = [org.springframework.boot.autoconfigure.cache.CacheAutoConfiguration, org.springframework.boot.autoconfigure.data.jpa.JpaRepositoriesAutoConfiguration, org.springframework.boot.autoconfigure.flyway.FlywayAutoConfiguration, org.springframework.boot.autoconfigure.jdbc.DataSourceAutoConfiguration, org.springframework.boot.autoconfigure.jdbc.DataSourceTransactionManagerAutoConfiguration, org.springframework.boot.autoconfigure.jdbc.JdbcTemplateAutoConfiguration, org.springframework.boot.autoconfigure.liquibase.LiquibaseAutoConfiguration, org.springframework.boot.autoconfigure.orm.jpa.HibernateJpaAutoConfiguration, org.springframework.boot.autoconfigure.sql.init.SqlInitializationAutoConfiguration, org.springframework.boot.autoconfigure.transaction.TransactionAutoConfiguration, org.springframework.boot.test.autoconfigure.jdbc.TestDatabaseAutoConfiguration, org.springframework.boot.test.autoconfigure.orm.jpa.TestEntityManagerAutoConfiguration]], org.springframework.boot.test.context.filter.ExcludeFilterContextCustomizer@6a937336, org.springframework.boot.test.json.DuplicateJsonObjectContextCustomizerFactory$DuplicateJsonObjectContextCustomizer@6b52dd31, org.springframework.boot.test.mock.mockito.MockitoContextCustomizer@0, org.springframework.boot.test.context.SpringBootTestArgs@1, org.springframework.boot.test.context.SpringBootTestWebEnvironment@0], contextLoader = 'org.springframework.boot.test.context.SpringBootContextLoader', parent = [null]], attributes = map['org.springframework.test.context.event.ApplicationEventsTestExecutionListener.recordApplicationEvents' -> false]]
2024-05-24 23:55:22,848 [Test worker] INFO  o.s.t.c.t.TransactionContext Began transaction (1) for test context [DefaultTestContext@367fbb28 testClass = MedicalRiskLimitLevelRepositoryTest, testInstance = lv.javaguru.travel.insurance.core.repositories.MedicalRiskLimitLevelRepositoryTest@7e4dddee, testMethod = MedicalRiskLimitLevelRepositoryNotNullTest@MedicalRiskLimitLevelRepositoryTest, testException = [null], mergedContextConfiguration = [MergedContextConfiguration@37f7ce20 testClass = MedicalRiskLimitLevelRepositoryTest, locations = '{}', classes = '{class lv.javaguru.travel.insurance.InsuranceApplication}', contextInitializerClasses = '[]', activeProfiles = '{}', propertySourceLocations = '{}', propertySourceProperties = '{org.springframework.boot.test.autoconfigure.orm.jpa.DataJpaTestContextBootstrapper=true}', contextCustomizers = set[org.springframework.boot.test.autoconfigure.OverrideAutoConfigurationContextCustomizerFactory$DisableAutoConfigurationContextCustomizer@44c13103, org.springframework.boot.test.autoconfigure.actuate.metrics.MetricsExportContextCustomizerFactory$DisableMetricExportContextCustomizer@8a2a6a, org.springframework.boot.test.autoconfigure.filter.TypeExcludeFiltersContextCustomizer@351584c0, org.springframework.boot.test.autoconfigure.properties.PropertyMappingContextCustomizer@ae8e351b, org.springframework.boot.test.autoconfigure.web.servlet.WebDriverContextCustomizerFactory$Customizer@1835d3ed, [ImportsContextCustomizer@c931728 key = [org.springframework.boot.autoconfigure.cache.CacheAutoConfiguration, org.springframework.boot.autoconfigure.data.jpa.JpaRepositoriesAutoConfiguration, org.springframework.boot.autoconfigure.flyway.FlywayAutoConfiguration, org.springframework.boot.autoconfigure.jdbc.DataSourceAutoConfiguration, org.springframework.boot.autoconfigure.jdbc.DataSourceTransactionManagerAutoConfiguration, org.springframework.boot.autoconfigure.jdbc.JdbcTemplateAutoConfiguration, org.springframework.boot.autoconfigure.liquibase.LiquibaseAutoConfiguration, org.springframework.boot.autoconfigure.orm.jpa.HibernateJpaAutoConfiguration, org.springframework.boot.autoconfigure.sql.init.SqlInitializationAutoConfiguration, org.springframework.boot.autoconfigure.transaction.TransactionAutoConfiguration, org.springframework.boot.test.autoconfigure.jdbc.TestDatabaseAutoConfiguration, org.springframework.boot.test.autoconfigure.orm.jpa.TestEntityManagerAutoConfiguration]], org.springframework.boot.test.context.filter.ExcludeFilterContextCustomizer@6a937336, org.springframework.boot.test.json.DuplicateJsonObjectContextCustomizerFactory$DuplicateJsonObjectContextCustomizer@6b52dd31, org.springframework.boot.test.mock.mockito.MockitoContextCustomizer@0, org.springframework.boot.test.context.SpringBootTestArgs@1, org.springframework.boot.test.context.SpringBootTestWebEnvironment@0], contextLoader = 'org.springframework.boot.test.context.SpringBootContextLoader', parent = [null]], attributes = map['org.springframework.test.context.event.ApplicationEventsTestExecutionListener.recordApplicationEvents' -> false]]; transaction manager [org.springframework.orm.jpa.JpaTransactionManager@6b15e68c]; rollback [true]
2024-05-24 23:55:22,961 [Test worker] INFO  o.s.t.c.t.TransactionContext Rolled back transaction for test: [DefaultTestContext@367fbb28 testClass = MedicalRiskLimitLevelRepositoryTest, testInstance = lv.javaguru.travel.insurance.core.repositories.MedicalRiskLimitLevelRepositoryTest@7e4dddee, testMethod = MedicalRiskLimitLevelRepositoryNotNullTest@MedicalRiskLimitLevelRepositoryTest, testException = [null], mergedContextConfiguration = [MergedContextConfiguration@37f7ce20 testClass = MedicalRiskLimitLevelRepositoryTest, locations = '{}', classes = '{class lv.javaguru.travel.insurance.InsuranceApplication}', contextInitializerClasses = '[]', activeProfiles = '{}', propertySourceLocations = '{}', propertySourceProperties = '{org.springframework.boot.test.autoconfigure.orm.jpa.DataJpaTestContextBootstrapper=true}', contextCustomizers = set[org.springframework.boot.test.autoconfigure.OverrideAutoConfigurationContextCustomizerFactory$DisableAutoConfigurationContextCustomizer@44c13103, org.springframework.boot.test.autoconfigure.actuate.metrics.MetricsExportContextCustomizerFactory$DisableMetricExportContextCustomizer@8a2a6a, org.springframework.boot.test.autoconfigure.filter.TypeExcludeFiltersContextCustomizer@351584c0, org.springframework.boot.test.autoconfigure.properties.PropertyMappingContextCustomizer@ae8e351b, org.springframework.boot.test.autoconfigure.web.servlet.WebDriverContextCustomizerFactory$Customizer@1835d3ed, [ImportsContextCustomizer@c931728 key = [org.springframework.boot.autoconfigure.cache.CacheAutoConfiguration, org.springframework.boot.autoconfigure.data.jpa.JpaRepositoriesAutoConfiguration, org.springframework.boot.autoconfigure.flyway.FlywayAutoConfiguration, org.springframework.boot.autoconfigure.jdbc.DataSourceAutoConfiguration, org.springframework.boot.autoconfigure.jdbc.DataSourceTransactionManagerAutoConfiguration, org.springframework.boot.autoconfigure.jdbc.JdbcTemplateAutoConfiguration, org.springframework.boot.autoconfigure.liquibase.LiquibaseAutoConfiguration, org.springframework.boot.autoconfigure.orm.jpa.HibernateJpaAutoConfiguration, org.springframework.boot.autoconfigure.sql.init.SqlInitializationAutoConfiguration, org.springframework.boot.autoconfigure.transaction.TransactionAutoConfiguration, org.springframework.boot.test.autoconfigure.jdbc.TestDatabaseAutoConfiguration, org.springframework.boot.test.autoconfigure.orm.jpa.TestEntityManagerAutoConfiguration]], org.springframework.boot.test.context.filter.ExcludeFilterContextCustomizer@6a937336, org.springframework.boot.test.json.DuplicateJsonObjectContextCustomizerFactory$DuplicateJsonObjectContextCustomizer@6b52dd31, org.springframework.boot.test.mock.mockito.MockitoContextCustomizer@0, org.springframework.boot.test.context.SpringBootTestArgs@1, org.springframework.boot.test.context.SpringBootTestWebEnvironment@0], contextLoader = 'org.springframework.boot.test.context.SpringBootContextLoader', parent = [null]], attributes = map['org.springframework.test.context.event.ApplicationEventsTestExecutionListener.recordApplicationEvents' -> false]]
]]></system-out>
  <system-err><![CDATA[]]></system-err>
</testsuite>
