<?xml version="1.0" encoding="UTF-8"?>
<testsuite name="lv.javaguru.travel.insurance.core.validationTests.TravelCalculatePremiumRequestV1LastNameTest" tests="1" skipped="0" failures="0" errors="0" timestamp="2024-05-24T20:55:43" hostname="DESKTOP-QKNTNJC" time="0.004">
  <properties/>
  <testcase name="TravelCalculatePremiumRequestValidatorLastNameTest()" classname="lv.javaguru.travel.insurance.core.validationTests.TravelCalculatePremiumRequestV1LastNameTest" time="0.004"/>
  <system-out><![CDATA[]]></system-out>
  <system-err><![CDATA[]]></system-err>
</testsuite>
