<?xml version="1.0" encoding="UTF-8"?>
<testsuite name="lv.javaguru.travel.insurance.core.underwriting.calculators.medical.TravelCalculateInsuranceLimitCoefficientTest" tests="1" skipped="0" failures="0" errors="0" timestamp="2024-05-24T20:55:42" hostname="DESKTOP-QKNTNJC" time="0.075">
  <properties/>
  <testcase name="TravelCalculateInsuranceLimitCoefficientCorrectValueTest()" classname="lv.javaguru.travel.insurance.core.underwriting.calculators.medical.TravelCalculateInsuranceLimitCoefficientTest" time="0.075"/>
  <system-out><![CDATA[2024-05-24 23:55:42,009 [Test worker] INFO  o.s.t.c.s.DefaultTestContextBootstrapper Neither @ContextConfiguration nor @ContextHierarchy found for test class [lv.javaguru.travel.insurance.core.underwriting.calculators.medical.TravelCalculateInsuranceLimitCoefficientTest], using DelegatingSmartContextLoader
2024-05-24 23:55:42,016 [Test worker] INFO  o.s.t.c.s.AbstractContextLoader Could not detect default resource locations for test class [lv.javaguru.travel.insurance.core.underwriting.calculators.medical.TravelCalculateInsuranceLimitCoefficientTest]: no resource found for suffixes {-context.xml}.
2024-05-24 23:55:42,022 [Test worker] INFO  o.s.t.c.s.AnnotationConfigContextLoaderUtils Could not detect default configuration classes for test class [lv.javaguru.travel.insurance.core.underwriting.calculators.medical.TravelCalculateInsuranceLimitCoefficientTest]: TravelCalculateInsuranceLimitCoefficientTest does not declare any static, non-private, non-final, nested classes annotated with @Configuration.
2024-05-24 23:55:42,023 [Test worker] INFO  o.s.t.c.s.DefaultTestContextBootstrapper Loaded default TestExecutionListener class names from location [META-INF/spring.factories]: [org.springframework.boot.test.autoconfigure.restdocs.RestDocsTestExecutionListener, org.springframework.boot.test.autoconfigure.web.client.MockRestServiceServerResetTestExecutionListener, org.springframework.boot.test.autoconfigure.web.servlet.MockMvcPrintOnlyOnFailureTestExecutionListener, org.springframework.boot.test.autoconfigure.web.servlet.WebDriverTestExecutionListener, org.springframework.boot.test.autoconfigure.webservices.client.MockWebServiceServerTestExecutionListener, org.springframework.boot.test.mock.mockito.MockitoTestExecutionListener, org.springframework.boot.test.mock.mockito.ResetMocksTestExecutionListener, org.springframework.test.context.web.ServletTestExecutionListener, org.springframework.test.context.support.DirtiesContextBeforeModesTestExecutionListener, org.springframework.test.context.event.ApplicationEventsTestExecutionListener, org.springframework.test.context.support.DependencyInjectionTestExecutionListener, org.springframework.test.context.support.DirtiesContextTestExecutionListener, org.springframework.test.context.transaction.TransactionalTestExecutionListener, org.springframework.test.context.jdbc.SqlScriptsTestExecutionListener, org.springframework.test.context.event.EventPublishingTestExecutionListener]
2024-05-24 23:55:42,025 [Test worker] INFO  o.s.t.c.s.DefaultTestContextBootstrapper Using TestExecutionListeners: [org.springframework.test.context.web.ServletTestExecutionListener@4a3e1b5d, org.springframework.test.context.support.DirtiesContextBeforeModesTestExecutionListener@587df3e4, org.springframework.test.context.event.ApplicationEventsTestExecutionListener@64abb917, org.springframework.boot.test.mock.mockito.MockitoTestExecutionListener@5207747c, org.springframework.test.context.support.DependencyInjectionTestExecutionListener@68596992, org.springframework.test.context.support.DirtiesContextTestExecutionListener@5f0c45ae, org.springframework.test.context.transaction.TransactionalTestExecutionListener@66d62c59, org.springframework.test.context.jdbc.SqlScriptsTestExecutionListener@f1b006b, org.springframework.test.context.event.EventPublishingTestExecutionListener@2c2dfde3, org.springframework.boot.test.autoconfigure.restdocs.RestDocsTestExecutionListener@1131fcfd, org.springframework.boot.test.autoconfigure.web.client.MockRestServiceServerResetTestExecutionListener@46d2be66, org.springframework.boot.test.autoconfigure.web.servlet.MockMvcPrintOnlyOnFailureTestExecutionListener@119de68f, org.springframework.boot.test.autoconfigure.web.servlet.WebDriverTestExecutionListener@529cd3ba, org.springframework.boot.test.autoconfigure.webservices.client.MockWebServiceServerTestExecutionListener@4c541b00, org.springframework.boot.test.mock.mockito.ResetMocksTestExecutionListener@1f26bd62]
]]></system-out>
  <system-err><![CDATA[]]></system-err>
</testsuite>
