<?xml version="1.0" encoding="UTF-8"?>
<testsuite name="lv.javaguru.travel.insurance.core.validationTests.TravelCalculatePremiumDateToTest" tests="2" skipped="0" failures="0" errors="0" timestamp="2024-05-24T20:55:43" hostname="DESKTOP-QKNTNJC" time="0.022">
  <properties/>
  <testcase name="TravelCalculatePremiumRequestValidatorDateToNotInPastTest()" classname="lv.javaguru.travel.insurance.core.validationTests.TravelCalculatePremiumDateToTest" time="0.016"/>
  <testcase name="TravelCalculatePremiumRequestValidatorDateToNotBeforeDateFromTest()" classname="lv.javaguru.travel.insurance.core.validationTests.TravelCalculatePremiumDateToTest" time="0.005"/>
  <system-out><![CDATA[]]></system-out>
  <system-err><![CDATA[]]></system-err>
</testsuite>
