<?xml version="1.0" encoding="UTF-8"?>
<testsuite name="lv.javaguru.travel.insurance.rest.controller_test.TravelCalculatePremiumControllerTestCase3" tests="1" skipped="0" failures="0" errors="0" timestamp="2024-05-24T20:55:57" hostname="DESKTOP-QKNTNJC" time="0.294">
  <properties/>
  <testcase name="TravelCalculatePremiumControllerTestCase3()" classname="lv.javaguru.travel.insurance.rest.controller_test.TravelCalculatePremiumControllerTestCase3" time="0.294"/>
  <system-out><![CDATA[2024-05-24 23:55:57,595 [Test worker] INFO  o.s.b.t.c.SpringBootTestContextBootstrapper Neither @ContextConfiguration nor @ContextHierarchy found for test class [lv.javaguru.travel.insurance.rest.controller_test.TravelCalculatePremiumControllerTestCase3], using SpringBootContextLoader
2024-05-24 23:55:57,596 [Test worker] INFO  o.s.t.c.s.AbstractContextLoader Could not detect default resource locations for test class [lv.javaguru.travel.insurance.rest.controller_test.TravelCalculatePremiumControllerTestCase3]: no resource found for suffixes {-context.xml, Context.groovy}.
2024-05-24 23:55:57,597 [Test worker] INFO  o.s.t.c.s.AnnotationConfigContextLoaderUtils Could not detect default configuration classes for test class [lv.javaguru.travel.insurance.rest.controller_test.TravelCalculatePremiumControllerTestCase3]: TravelCalculatePremiumControllerTestCase3 does not declare any static, non-private, non-final, nested classes annotated with @Configuration.
2024-05-24 23:55:57,601 [Test worker] INFO  o.s.b.t.c.SpringBootTestContextBootstrapper Found @SpringBootConfiguration lv.javaguru.travel.insurance.InsuranceApplication for test class lv.javaguru.travel.insurance.rest.controller_test.TravelCalculatePremiumControllerTestCase3
2024-05-24 23:55:57,606 [Test worker] INFO  o.s.b.t.c.SpringBootTestContextBootstrapper Loaded default TestExecutionListener class names from location [META-INF/spring.factories]: [org.springframework.boot.test.autoconfigure.restdocs.RestDocsTestExecutionListener, org.springframework.boot.test.autoconfigure.web.client.MockRestServiceServerResetTestExecutionListener, org.springframework.boot.test.autoconfigure.web.servlet.MockMvcPrintOnlyOnFailureTestExecutionListener, org.springframework.boot.test.autoconfigure.web.servlet.WebDriverTestExecutionListener, org.springframework.boot.test.autoconfigure.webservices.client.MockWebServiceServerTestExecutionListener, org.springframework.boot.test.mock.mockito.MockitoTestExecutionListener, org.springframework.boot.test.mock.mockito.ResetMocksTestExecutionListener, org.springframework.test.context.web.ServletTestExecutionListener, org.springframework.test.context.support.DirtiesContextBeforeModesTestExecutionListener, org.springframework.test.context.event.ApplicationEventsTestExecutionListener, org.springframework.test.context.support.DependencyInjectionTestExecutionListener, org.springframework.test.context.support.DirtiesContextTestExecutionListener, org.springframework.test.context.transaction.TransactionalTestExecutionListener, org.springframework.test.context.jdbc.SqlScriptsTestExecutionListener, org.springframework.test.context.event.EventPublishingTestExecutionListener]
2024-05-24 23:55:57,633 [Test worker] INFO  o.s.b.t.c.SpringBootTestContextBootstrapper Using TestExecutionListeners: [org.springframework.test.context.web.ServletTestExecutionListener@58fe7e22, org.springframework.test.context.support.DirtiesContextBeforeModesTestExecutionListener@591dd039, org.springframework.test.context.event.ApplicationEventsTestExecutionListener@597f9d91, org.springframework.boot.test.mock.mockito.MockitoTestExecutionListener@64d128d0, org.springframework.boot.test.autoconfigure.SpringBootDependencyInjectionTestExecutionListener@4f755506, org.springframework.test.context.support.DirtiesContextTestExecutionListener@78ded8c9, org.springframework.test.context.transaction.TransactionalTestExecutionListener@5d685156, org.springframework.test.context.jdbc.SqlScriptsTestExecutionListener@30926583, org.springframework.test.context.event.EventPublishingTestExecutionListener@55aadbf2, org.springframework.boot.test.autoconfigure.restdocs.RestDocsTestExecutionListener@5b3c491e, org.springframework.boot.test.autoconfigure.web.client.MockRestServiceServerResetTestExecutionListener@44c141ce, org.springframework.boot.test.autoconfigure.web.servlet.MockMvcPrintOnlyOnFailureTestExecutionListener@67dc8aa8, org.springframework.boot.test.autoconfigure.web.servlet.WebDriverTestExecutionListener@642aa8ea, org.springframework.boot.test.autoconfigure.webservices.client.MockWebServiceServerTestExecutionListener@5de769c8, org.springframework.boot.test.mock.mockito.ResetMocksTestExecutionListener@13668c8b]
Hibernate: select classifier0_.id as id1_1_, classifier0_.classifier_id as classifi4_1_, classifier0_.description as descript2_1_, classifier0_.ic as ic3_1_ from classifier_values classifier0_ left outer join classifiers classifier1_ on classifier0_.classifier_id=classifier1_.id where classifier1_.title=? and classifier0_.ic=?
Hibernate: select classifier0_.id as id1_2_0_, classifier0_.description as descript2_2_0_, classifier0_.title as title3_2_0_ from classifiers classifier0_ where classifier0_.id=?
Hibernate: select classifier0_.id as id1_1_, classifier0_.classifier_id as classifi4_1_, classifier0_.description as descript2_1_, classifier0_.ic as ic3_1_ from classifier_values classifier0_ left outer join classifiers classifier1_ on classifier0_.classifier_id=classifier1_.id where classifier1_.title=? and classifier0_.ic=?
Hibernate: select classifier0_.id as id1_2_0_, classifier0_.description as descript2_2_0_, classifier0_.title as title3_2_0_ from classifiers classifier0_ where classifier0_.id=?
2024-05-24 23:55:57,845 [Test worker] INFO  l.j.t.i.r.l.TravelCalculatePremiumRequestLogger {"personFirstName":"Vasja","personLastName":"","personIc":"PERSON_0","agreementDateFrom":"2026-05-25","agreementDateTo":"2026-05-29","selectedRisks":["TRAVEL_MEDICAL"],"country":"SPAIN","personBirthDate":"2005-09-03","medicalRiskLimitLevel":"LEVEL_10000"}
2024-05-24 23:55:57,846 [Test worker] INFO  l.j.t.i.r.l.TravelCalculatePremiumRequestExecutionTimeLogger Request processing time (ms): 20
2024-05-24 23:55:57,858 [Test worker] INFO  l.j.t.i.r.l.TravelCalculatePremiumResponseLogger {"errors":[{"errorCode":"ERROR_CODE_2","description":"Field personLastName is empty!"}],"personFirstName":null,"personLastName":null,"personIc":null,"agreementDateFrom":null,"agreementDateTo":null,"agreementPremium":null,"risks":null,"country":null,"personBirthDate":null,"medicalRiskLimitLevel":null}
]]></system-out>
  <system-err><![CDATA[]]></system-err>
</testsuite>
