<?xml version="1.0" encoding="UTF-8"?>
<testsuite name="lv.javaguru.travel.insurance.core.validationTests.TravelRequestMedicalRiskLimitLevelNotEmptyValidationTest" tests="2" skipped="0" failures="0" errors="0" timestamp="2024-05-24T20:55:43" hostname="DESKTOP-QKNTNJC" time="0.072">
  <properties/>
  <testcase name="MedicalRiskLimitLevelNotEmptyValidationTest()" classname="lv.javaguru.travel.insurance.core.validationTests.TravelRequestMedicalRiskLimitLevelNotEmptyValidationTest" time="0.02"/>
  <testcase name="MedicalRiskLimitLevelNotNullValidationTest()" classname="lv.javaguru.travel.insurance.core.validationTests.TravelRequestMedicalRiskLimitLevelNotEmptyValidationTest" time="0.032"/>
  <system-out><![CDATA[]]></system-out>
  <system-err><![CDATA[]]></system-err>
</testsuite>
