<?xml version="1.0" encoding="UTF-8"?>
<testsuite name="lv.javaguru.travel.insurance.core.underwriting.SelectedRisksPremiumCalculatorTest" tests="3" skipped="0" failures="0" errors="0" timestamp="2024-05-24T20:55:41" hostname="DESKTOP-QKNTNJC" time="0.113">
  <properties/>
  <testcase name="calculatePremiumForAllRisksTest()" classname="lv.javaguru.travel.insurance.core.underwriting.SelectedRisksPremiumCalculatorTest" time="0.095"/>
  <testcase name="findCalculatorByIcIncorrectValueTest()" classname="lv.javaguru.travel.insurance.core.underwriting.SelectedRisksPremiumCalculatorTest" time="0.008"/>
  <testcase name="findCalculatorByIcCorrectValueTest()" classname="lv.javaguru.travel.insurance.core.underwriting.SelectedRisksPremiumCalculatorTest" time="0.008"/>
  <system-out><![CDATA[]]></system-out>
  <system-err><![CDATA[]]></system-err>
</testsuite>
