<?xml version="1.0" encoding="UTF-8"?>
<testsuite name="lv.javaguru.travel.insurance.core.underwriting.calculators.TravelRiskPremiumCalculatorLossBaggageTest" tests="1" skipped="0" failures="0" errors="0" timestamp="2024-05-24T20:55:41" hostname="DESKTOP-QKNTNJC" time="0.013">
  <properties/>
  <testcase name="calculatePremiumTest()" classname="lv.javaguru.travel.insurance.core.underwriting.calculators.TravelRiskPremiumCalculatorLossBaggageTest" time="0.013"/>
  <system-out><![CDATA[]]></system-out>
  <system-err><![CDATA[]]></system-err>
</testsuite>
