<?xml version="1.0" encoding="UTF-8"?>
<testsuite name="lv.javaguru.travel.insurance.core.validationTests.TravelRequestCountryIsNotNullValidationTest" tests="2" skipped="0" failures="0" errors="0" timestamp="2024-05-24T20:55:43" hostname="DESKTOP-QKNTNJC" time="0.043">
  <properties/>
  <testcase name="TravelCalculatePremiumRequestValidatorCountryNotEmptyTest()" classname="lv.javaguru.travel.insurance.core.validationTests.TravelRequestCountryIsNotNullValidationTest" time="0.035"/>
  <testcase name="TravelCalculatePremiumRequestValidatorCountryNotNullTest()" classname="lv.javaguru.travel.insurance.core.validationTests.TravelRequestCountryIsNotNullValidationTest" time="0.006"/>
  <system-out><![CDATA[]]></system-out>
  <system-err><![CDATA[]]></system-err>
</testsuite>
