<?xml version="1.0" encoding="UTF-8"?>
<testsuite name="lv.javaguru.travel.insurance.rest.controller_test.TravelCalculatePremiumControllerTestCase4" tests="1" skipped="0" failures="0" errors="0" timestamp="2024-05-24T20:55:58" hostname="DESKTOP-QKNTNJC" time="0.051">
  <properties/>
  <testcase name="TravelCalculatePremiumControllerTestCase4()" classname="lv.javaguru.travel.insurance.rest.controller_test.TravelCalculatePremiumControllerTestCase4" time="0.051"/>
  <system-out><![CDATA[2024-05-24 23:55:57,948 [Test worker] INFO  o.s.b.t.c.SpringBootTestContextBootstrapper Neither @ContextConfiguration nor @ContextHierarchy found for test class [lv.javaguru.travel.insurance.rest.controller_test.TravelCalculatePremiumControllerTestCase4], using SpringBootContextLoader
2024-05-24 23:55:57,949 [Test worker] INFO  o.s.t.c.s.AbstractContextLoader Could not detect default resource locations for test class [lv.javaguru.travel.insurance.rest.controller_test.TravelCalculatePremiumControllerTestCase4]: no resource found for suffixes {-context.xml, Context.groovy}.
2024-05-24 23:55:57,952 [Test worker] INFO  o.s.t.c.s.AnnotationConfigContextLoaderUtils Could not detect default configuration classes for test class [lv.javaguru.travel.insurance.rest.controller_test.TravelCalculatePremiumControllerTestCase4]: TravelCalculatePremiumControllerTestCase4 does not declare any static, non-private, non-final, nested classes annotated with @Configuration.
2024-05-24 23:55:58,008 [Test worker] INFO  o.s.b.t.c.SpringBootTestContextBootstrapper Found @SpringBootConfiguration lv.javaguru.travel.insurance.InsuranceApplication for test class lv.javaguru.travel.insurance.rest.controller_test.TravelCalculatePremiumControllerTestCase4
2024-05-24 23:55:58,020 [Test worker] INFO  o.s.b.t.c.SpringBootTestContextBootstrapper Loaded default TestExecutionListener class names from location [META-INF/spring.factories]: [org.springframework.boot.test.autoconfigure.restdocs.RestDocsTestExecutionListener, org.springframework.boot.test.autoconfigure.web.client.MockRestServiceServerResetTestExecutionListener, org.springframework.boot.test.autoconfigure.web.servlet.MockMvcPrintOnlyOnFailureTestExecutionListener, org.springframework.boot.test.autoconfigure.web.servlet.WebDriverTestExecutionListener, org.springframework.boot.test.autoconfigure.webservices.client.MockWebServiceServerTestExecutionListener, org.springframework.boot.test.mock.mockito.MockitoTestExecutionListener, org.springframework.boot.test.mock.mockito.ResetMocksTestExecutionListener, org.springframework.test.context.web.ServletTestExecutionListener, org.springframework.test.context.support.DirtiesContextBeforeModesTestExecutionListener, org.springframework.test.context.event.ApplicationEventsTestExecutionListener, org.springframework.test.context.support.DependencyInjectionTestExecutionListener, org.springframework.test.context.support.DirtiesContextTestExecutionListener, org.springframework.test.context.transaction.TransactionalTestExecutionListener, org.springframework.test.context.jdbc.SqlScriptsTestExecutionListener, org.springframework.test.context.event.EventPublishingTestExecutionListener]
2024-05-24 23:55:58,028 [Test worker] INFO  o.s.b.t.c.SpringBootTestContextBootstrapper Using TestExecutionListeners: [org.springframework.test.context.web.ServletTestExecutionListener@5ceeab0c, org.springframework.test.context.support.DirtiesContextBeforeModesTestExecutionListener@7194f5b, org.springframework.test.context.event.ApplicationEventsTestExecutionListener@1e0be005, org.springframework.boot.test.mock.mockito.MockitoTestExecutionListener@1fd226da, org.springframework.boot.test.autoconfigure.SpringBootDependencyInjectionTestExecutionListener@36cd58e7, org.springframework.test.context.support.DirtiesContextTestExecutionListener@7be3baf2, org.springframework.test.context.transaction.TransactionalTestExecutionListener@3a296643, org.springframework.test.context.jdbc.SqlScriptsTestExecutionListener@3443732a, org.springframework.test.context.event.EventPublishingTestExecutionListener@68950f25, org.springframework.boot.test.autoconfigure.restdocs.RestDocsTestExecutionListener@e471cef, org.springframework.boot.test.autoconfigure.web.client.MockRestServiceServerResetTestExecutionListener@7f2d681a, org.springframework.boot.test.autoconfigure.web.servlet.MockMvcPrintOnlyOnFailureTestExecutionListener@50588ef6, org.springframework.boot.test.autoconfigure.web.servlet.WebDriverTestExecutionListener@10744fff, org.springframework.boot.test.autoconfigure.webservices.client.MockWebServiceServerTestExecutionListener@2662997a, org.springframework.boot.test.mock.mockito.ResetMocksTestExecutionListener@329b4814]
Hibernate: select classifier0_.id as id1_1_, classifier0_.classifier_id as classifi4_1_, classifier0_.description as descript2_1_, classifier0_.ic as ic3_1_ from classifier_values classifier0_ left outer join classifiers classifier1_ on classifier0_.classifier_id=classifier1_.id where classifier1_.title=? and classifier0_.ic=?
Hibernate: select classifier0_.id as id1_2_0_, classifier0_.description as descript2_2_0_, classifier0_.title as title3_2_0_ from classifiers classifier0_ where classifier0_.id=?
Hibernate: select classifier0_.id as id1_1_, classifier0_.classifier_id as classifi4_1_, classifier0_.description as descript2_1_, classifier0_.ic as ic3_1_ from classifier_values classifier0_ left outer join classifiers classifier1_ on classifier0_.classifier_id=classifier1_.id where classifier1_.title=? and classifier0_.ic=?
Hibernate: select classifier0_.id as id1_2_0_, classifier0_.description as descript2_2_0_, classifier0_.title as title3_2_0_ from classifiers classifier0_ where classifier0_.id=?
2024-05-24 23:55:58,068 [Test worker] INFO  l.j.t.i.r.l.TravelCalculatePremiumRequestLogger {"personFirstName":"Vasja","personLastName":"Pupkin","personIc":"PERSON_0","agreementDateFrom":null,"agreementDateTo":null,"selectedRisks":["TRAVEL_MEDICAL"],"country":"SPAIN","personBirthDate":"2005-09-03","medicalRiskLimitLevel":"LEVEL_10000"}
2024-05-24 23:55:58,068 [Test worker] INFO  l.j.t.i.r.l.TravelCalculatePremiumRequestExecutionTimeLogger Request processing time (ms): 9
2024-05-24 23:55:58,071 [Test worker] INFO  l.j.t.i.r.l.TravelCalculatePremiumResponseLogger {"errors":[{"errorCode":"ERROR_CODE_3","description":"Field agreementDateFrom is empty!"},{"errorCode":"ERROR_CODE_5","description":"Field agreementDateTo is empty!"}],"personFirstName":null,"personLastName":null,"personIc":null,"agreementDateFrom":null,"agreementDateTo":null,"agreementPremium":null,"risks":null,"country":null,"personBirthDate":null,"medicalRiskLimitLevel":null}
]]></system-out>
  <system-err><![CDATA[]]></system-err>
</testsuite>
