<?xml version="1.0" encoding="UTF-8"?>
<testsuite name="lv.javaguru.travel.insurance.rest.controller_test.TravelCalculatePremiumControllerTestCase1" tests="1" skipped="0" failures="0" errors="0" timestamp="2024-05-24T20:55:55" hostname="DESKTOP-QKNTNJC" time="1.574">
  <properties/>
  <testcase name="TravelCalculatePremiumControllerTestCase1()" classname="lv.javaguru.travel.insurance.rest.controller_test.TravelCalculatePremiumControllerTestCase1" time="1.574"/>
  <system-out><![CDATA[2024-05-24 23:55:44,031 [Test worker] INFO  o.s.b.t.c.SpringBootTestContextBootstrapper Neither @ContextConfiguration nor @ContextHierarchy found for test class [lv.javaguru.travel.insurance.rest.controller_test.TravelCalculatePremiumControllerTestCase1], using SpringBootContextLoader
2024-05-24 23:55:44,057 [Test worker] INFO  o.s.t.c.s.AbstractContextLoader Could not detect default resource locations for test class [lv.javaguru.travel.insurance.rest.controller_test.TravelCalculatePremiumControllerTestCase1]: no resource found for suffixes {-context.xml, Context.groovy}.
2024-05-24 23:55:44,057 [Test worker] INFO  o.s.t.c.s.AnnotationConfigContextLoaderUtils Could not detect default configuration classes for test class [lv.javaguru.travel.insurance.rest.controller_test.TravelCalculatePremiumControllerTestCase1]: TravelCalculatePremiumControllerTestCase1 does not declare any static, non-private, non-final, nested classes annotated with @Configuration.
2024-05-24 23:55:44,085 [Test worker] INFO  o.s.b.t.c.SpringBootTestContextBootstrapper Found @SpringBootConfiguration lv.javaguru.travel.insurance.InsuranceApplication for test class lv.javaguru.travel.insurance.rest.controller_test.TravelCalculatePremiumControllerTestCase1
2024-05-24 23:55:44,181 [Test worker] INFO  o.s.b.t.c.SpringBootTestContextBootstrapper Loaded default TestExecutionListener class names from location [META-INF/spring.factories]: [org.springframework.boot.test.autoconfigure.restdocs.RestDocsTestExecutionListener, org.springframework.boot.test.autoconfigure.web.client.MockRestServiceServerResetTestExecutionListener, org.springframework.boot.test.autoconfigure.web.servlet.MockMvcPrintOnlyOnFailureTestExecutionListener, org.springframework.boot.test.autoconfigure.web.servlet.WebDriverTestExecutionListener, org.springframework.boot.test.autoconfigure.webservices.client.MockWebServiceServerTestExecutionListener, org.springframework.boot.test.mock.mockito.MockitoTestExecutionListener, org.springframework.boot.test.mock.mockito.ResetMocksTestExecutionListener, org.springframework.test.context.web.ServletTestExecutionListener, org.springframework.test.context.support.DirtiesContextBeforeModesTestExecutionListener, org.springframework.test.context.event.ApplicationEventsTestExecutionListener, org.springframework.test.context.support.DependencyInjectionTestExecutionListener, org.springframework.test.context.support.DirtiesContextTestExecutionListener, org.springframework.test.context.transaction.TransactionalTestExecutionListener, org.springframework.test.context.jdbc.SqlScriptsTestExecutionListener, org.springframework.test.context.event.EventPublishingTestExecutionListener]
2024-05-24 23:55:44,182 [Test worker] INFO  o.s.b.t.c.SpringBootTestContextBootstrapper Using TestExecutionListeners: [org.springframework.test.context.web.ServletTestExecutionListener@5086e144, org.springframework.test.context.support.DirtiesContextBeforeModesTestExecutionListener@557fe039, org.springframework.test.context.event.ApplicationEventsTestExecutionListener@231d5119, org.springframework.boot.test.mock.mockito.MockitoTestExecutionListener@79cfc008, org.springframework.boot.test.autoconfigure.SpringBootDependencyInjectionTestExecutionListener@1ea482b4, org.springframework.test.context.support.DirtiesContextTestExecutionListener@3470c771, org.springframework.test.context.transaction.TransactionalTestExecutionListener@7d2ccd7f, org.springframework.test.context.jdbc.SqlScriptsTestExecutionListener@7ae49d52, org.springframework.test.context.event.EventPublishingTestExecutionListener@40ef1198, org.springframework.boot.test.autoconfigure.restdocs.RestDocsTestExecutionListener@72161dbb, org.springframework.boot.test.autoconfigure.web.client.MockRestServiceServerResetTestExecutionListener@69ca71b3, org.springframework.boot.test.autoconfigure.web.servlet.MockMvcPrintOnlyOnFailureTestExecutionListener@371a7fd5, org.springframework.boot.test.autoconfigure.web.servlet.WebDriverTestExecutionListener@f41db7f, org.springframework.boot.test.autoconfigure.webservices.client.MockWebServiceServerTestExecutionListener@4df8f4e9, org.springframework.boot.test.mock.mockito.ResetMocksTestExecutionListener@7785430c]

  .   ____          _            __ _ _
 /\\ / ___'_ __ _ _(_)_ __  __ _ \ \ \ \
( ( )\___ | '_ | '_| | '_ \/ _` | \ \ \ \
 \\/  ___)| |_)| | | | | || (_| |  ) ) ) )
  '  |____| .__|_| |_|_| |_\__, | / / / /
 =========|_|==============|___/=/_/_/_/
 :: Spring Boot ::                (v2.7.5)

2024-05-24 23:55:44,658 [Test worker] INFO  l.j.t.i.r.c.TravelCalculatePremiumControllerTestCase1 Starting TravelCalculatePremiumControllerTestCase1 using Java 18.0.2 on DESKTOP-QKNTNJC with PID 2356 (started by User in D:\Leva\BSU\Java_Internship_2023\bsu-java-internship-2023\student_snezhko_leu)
2024-05-24 23:55:44,665 [Test worker] INFO  l.j.t.i.r.c.TravelCalculatePremiumControllerTestCase1 No active profile set, falling back to 1 default profile: "default"
2024-05-24 23:55:47,730 [Test worker] INFO  o.s.d.r.c.RepositoryConfigurationDelegate Bootstrapping Spring Data JPA repositories in DEFAULT mode.
2024-05-24 23:55:48,074 [Test worker] INFO  o.s.d.r.c.RepositoryConfigurationDelegate Finished Spring Data repository scanning in 342 ms. Found 5 JPA repository interfaces.
2024-05-24 23:55:49,043 [Test worker] INFO  com.zaxxer.hikari.HikariDataSource HikariPool-2 - Starting...
2024-05-24 23:55:49,045 [Test worker] INFO  com.zaxxer.hikari.HikariDataSource HikariPool-2 - Start completed.
2024-05-24 23:55:49,973 [Test worker] INFO  o.h.jpa.internal.util.LogHelper HHH000204: Processing PersistenceUnitInfo [name: default]
2024-05-24 23:55:50,336 [Test worker] INFO  org.hibernate.dialect.Dialect HHH000400: Using dialect: org.hibernate.dialect.H2Dialect
2024-05-24 23:55:51,221 [Test worker] INFO  o.h.e.t.j.p.i.JtaPlatformInitiator HHH000490: Using JtaPlatform implementation: [org.hibernate.engine.transaction.jta.platform.internal.NoJtaPlatform]
2024-05-24 23:55:51,222 [Test worker] INFO  o.s.o.j.LocalContainerEntityManagerFactoryBean Initialized JPA EntityManagerFactory for persistence unit 'default'
2024-05-24 23:55:53,207 [Test worker] WARN  o.s.b.a.o.j.JpaBaseConfiguration$JpaWebConfiguration spring.jpa.open-in-view is enabled by default. Therefore, database queries may be performed during view rendering. Explicitly configure spring.jpa.open-in-view to disable this warning
2024-05-24 23:55:55,759 [Test worker] INFO  o.s.b.t.m.w.SpringBootMockServletContext Initializing Spring TestDispatcherServlet ''
2024-05-24 23:55:55,759 [Test worker] INFO  o.s.t.w.s.TestDispatcherServlet Initializing Servlet ''
2024-05-24 23:55:55,761 [Test worker] INFO  o.s.t.w.s.TestDispatcherServlet Completed initialization in 1 ms
2024-05-24 23:55:55,797 [Test worker] INFO  l.j.t.i.r.c.TravelCalculatePremiumControllerTestCase1 Started TravelCalculatePremiumControllerTestCase1 in 11.609 seconds (JVM running for 72.222)
Hibernate: select classifier0_.id as id1_1_, classifier0_.classifier_id as classifi4_1_, classifier0_.description as descript2_1_, classifier0_.ic as ic3_1_ from classifier_values classifier0_ left outer join classifiers classifier1_ on classifier0_.classifier_id=classifier1_.id where classifier1_.title=? and classifier0_.ic=?
Hibernate: select classifier0_.id as id1_2_0_, classifier0_.description as descript2_2_0_, classifier0_.title as title3_2_0_ from classifiers classifier0_ where classifier0_.id=?
Hibernate: select classifier0_.id as id1_1_, classifier0_.classifier_id as classifi4_1_, classifier0_.description as descript2_1_, classifier0_.ic as ic3_1_ from classifier_values classifier0_ left outer join classifiers classifier1_ on classifier0_.classifier_id=classifier1_.id where classifier1_.title=? and classifier0_.ic=?
Hibernate: select classifier0_.id as id1_2_0_, classifier0_.description as descript2_2_0_, classifier0_.title as title3_2_0_ from classifiers classifier0_ where classifier0_.id=?
Hibernate: select classifier0_.id as id1_1_, classifier0_.classifier_id as classifi4_1_, classifier0_.description as descript2_1_, classifier0_.ic as ic3_1_ from classifier_values classifier0_ left outer join classifiers classifier1_ on classifier0_.classifier_id=classifier1_.id where classifier1_.title=? and classifier0_.ic=?
2024-05-24 23:55:56,613 [Test worker] INFO  l.j.t.i.r.l.TravelCalculatePremiumRequestLogger {"personFirstName":"Vasja","personLastName":"Pupkin","personIc":"PERSON_0","agreementDateFrom":"2026-05-25","agreementDateTo":"2026-05-29","selectedRisks":["TRAVEL_MEDICAL","TRAVEL_CANCELLATION"],"country":"SPAIN","personBirthDate":"2005-09-03","medicalRiskLimitLevel":"LEVEL_20000"}
Hibernate: select countrydef0_.id as id1_3_, countrydef0_.country_default_day_rate as country_2_3_, countrydef0_.country_ic as country_3_3_ from country_default_day_rate countrydef0_ where country_ic=?
Hibernate: select agecoeffic0_.id as id1_0_, agecoeffic0_.age_from as age_from2_0_, agecoeffic0_.age_to as age_to3_0_, agecoeffic0_.coefficient as coeffici4_0_ from age_coefficient agecoeffic0_ where age_from<=? and age_to>=?
Hibernate: select medicalris0_.id as id1_4_, medicalris0_.coefficient as coeffici2_4_, medicalris0_.medical_risk_limit_level_ic as medical_3_4_ from medical_risk_limit_level medicalris0_ where medicalris0_.medical_risk_limit_level_ic=?
Hibernate: select countrydef0_.id as id1_3_, countrydef0_.country_default_day_rate as country_2_3_, countrydef0_.country_ic as country_3_3_ from country_default_day_rate countrydef0_ where country_ic=?
Hibernate: select agecoeffic0_.id as id1_0_, agecoeffic0_.age_from as age_from2_0_, agecoeffic0_.age_to as age_to3_0_, agecoeffic0_.coefficient as coeffici4_0_ from age_coefficient agecoeffic0_ where age_from<=? and age_to>=?
Hibernate: select medicalris0_.id as id1_4_, medicalris0_.coefficient as coeffici2_4_, medicalris0_.medical_risk_limit_level_ic as medical_3_4_ from medical_risk_limit_level medicalris0_ where medicalris0_.medical_risk_limit_level_ic=?
2024-05-24 23:55:56,854 [Test worker] INFO  l.j.t.i.r.l.TravelCalculatePremiumRequestExecutionTimeLogger Request processing time (ms): 453
2024-05-24 23:55:57,038 [Test worker] INFO  l.j.t.i.r.l.TravelCalculatePremiumResponseLogger {"errors":null,"personFirstName":"Vasja","personLastName":"Pupkin","personIc":"PERSON_0","agreementDateFrom":"2026-05-25","agreementDateTo":"2026-05-29","agreementPremium":16.50,"risks":[{"riskIc":"TRAVEL_MEDICAL","premium":16.500000},{"riskIc":"TRAVEL_CANCELLATION","premium":0}],"country":"SPAIN","personBirthDate":"2005-09-03","medicalRiskLimitLevel":"LEVEL_20000"}
]]></system-out>
  <system-err><![CDATA[]]></system-err>
</testsuite>
