<?xml version="1.0" encoding="UTF-8"?>
<testsuite name="lv.javaguru.travel.insurance.core.underwriting.calculators.medical.TravelCalculateMedicalAgeCoefficientTest" tests="1" skipped="0" failures="0" errors="0" timestamp="2024-05-24T20:55:42" hostname="DESKTOP-QKNTNJC" time="0.123">
  <properties/>
  <testcase name="MedicalAgeCoefficientCalculator()" classname="lv.javaguru.travel.insurance.core.underwriting.calculators.medical.TravelCalculateMedicalAgeCoefficientTest" time="0.123"/>
  <system-out><![CDATA[2024-05-24 23:55:42,478 [Test worker] INFO  o.s.b.t.a.o.j.DataJpaTestContextBootstrapper Neither @ContextConfiguration nor @ContextHierarchy found for test class [lv.javaguru.travel.insurance.core.underwriting.calculators.medical.TravelCalculateMedicalAgeCoefficientTest], using SpringBootContextLoader
2024-05-24 23:55:42,479 [Test worker] INFO  o.s.t.c.s.AbstractContextLoader Could not detect default resource locations for test class [lv.javaguru.travel.insurance.core.underwriting.calculators.medical.TravelCalculateMedicalAgeCoefficientTest]: no resource found for suffixes {-context.xml, Context.groovy}.
2024-05-24 23:55:42,480 [Test worker] INFO  o.s.t.c.s.AnnotationConfigContextLoaderUtils Could not detect default configuration classes for test class [lv.javaguru.travel.insurance.core.underwriting.calculators.medical.TravelCalculateMedicalAgeCoefficientTest]: TravelCalculateMedicalAgeCoefficientTest does not declare any static, non-private, non-final, nested classes annotated with @Configuration.
2024-05-24 23:55:42,529 [Test worker] INFO  o.s.b.t.c.SpringBootTestContextBootstrapper Found @SpringBootConfiguration lv.javaguru.travel.insurance.InsuranceApplication for test class lv.javaguru.travel.insurance.core.underwriting.calculators.medical.TravelCalculateMedicalAgeCoefficientTest
2024-05-24 23:55:42,530 [Test worker] INFO  o.s.b.t.a.o.j.DataJpaTestContextBootstrapper Loaded default TestExecutionListener class names from location [META-INF/spring.factories]: [org.springframework.boot.test.autoconfigure.restdocs.RestDocsTestExecutionListener, org.springframework.boot.test.autoconfigure.web.client.MockRestServiceServerResetTestExecutionListener, org.springframework.boot.test.autoconfigure.web.servlet.MockMvcPrintOnlyOnFailureTestExecutionListener, org.springframework.boot.test.autoconfigure.web.servlet.WebDriverTestExecutionListener, org.springframework.boot.test.autoconfigure.webservices.client.MockWebServiceServerTestExecutionListener, org.springframework.boot.test.mock.mockito.MockitoTestExecutionListener, org.springframework.boot.test.mock.mockito.ResetMocksTestExecutionListener, org.springframework.test.context.web.ServletTestExecutionListener, org.springframework.test.context.support.DirtiesContextBeforeModesTestExecutionListener, org.springframework.test.context.event.ApplicationEventsTestExecutionListener, org.springframework.test.context.support.DependencyInjectionTestExecutionListener, org.springframework.test.context.support.DirtiesContextTestExecutionListener, org.springframework.test.context.transaction.TransactionalTestExecutionListener, org.springframework.test.context.jdbc.SqlScriptsTestExecutionListener, org.springframework.test.context.event.EventPublishingTestExecutionListener]
2024-05-24 23:55:42,532 [Test worker] INFO  o.s.b.t.a.o.j.DataJpaTestContextBootstrapper Using TestExecutionListeners: [org.springframework.test.context.web.ServletTestExecutionListener@19598b38, org.springframework.test.context.support.DirtiesContextBeforeModesTestExecutionListener@5d16bb07, org.springframework.test.context.event.ApplicationEventsTestExecutionListener@233bfc46, org.springframework.boot.test.mock.mockito.MockitoTestExecutionListener@3612a60d, org.springframework.boot.test.autoconfigure.SpringBootDependencyInjectionTestExecutionListener@6347ebbc, org.springframework.test.context.support.DirtiesContextTestExecutionListener@b61aa50, org.springframework.test.context.transaction.TransactionalTestExecutionListener@77c4aeb6, org.springframework.test.context.jdbc.SqlScriptsTestExecutionListener@54455c8d, org.springframework.test.context.event.EventPublishingTestExecutionListener@80347b2, org.springframework.boot.test.autoconfigure.restdocs.RestDocsTestExecutionListener@eb65fc8, org.springframework.boot.test.autoconfigure.web.client.MockRestServiceServerResetTestExecutionListener@5cd5e1b6, org.springframework.boot.test.autoconfigure.web.servlet.MockMvcPrintOnlyOnFailureTestExecutionListener@220a7f95, org.springframework.boot.test.autoconfigure.web.servlet.WebDriverTestExecutionListener@302692b1, org.springframework.boot.test.autoconfigure.webservices.client.MockWebServiceServerTestExecutionListener@c52c362, org.springframework.boot.test.mock.mockito.ResetMocksTestExecutionListener@7f794b0f]
2024-05-24 23:55:42,757 [Test worker] INFO  o.s.t.c.t.TransactionContext Began transaction (1) for test context [DefaultTestContext@7108b12d testClass = TravelCalculateMedicalAgeCoefficientTest, testInstance = lv.javaguru.travel.insurance.core.underwriting.calculators.medical.TravelCalculateMedicalAgeCoefficientTest@7a80b2e6, testMethod = MedicalAgeCoefficientCalculator@TravelCalculateMedicalAgeCoefficientTest, testException = [null], mergedContextConfiguration = [MergedContextConfiguration@394e0104 testClass = TravelCalculateMedicalAgeCoefficientTest, locations = '{}', classes = '{class lv.javaguru.travel.insurance.InsuranceApplication}', contextInitializerClasses = '[]', activeProfiles = '{}', propertySourceLocations = '{}', propertySourceProperties = '{org.springframework.boot.test.autoconfigure.orm.jpa.DataJpaTestContextBootstrapper=true}', contextCustomizers = set[org.springframework.boot.test.autoconfigure.OverrideAutoConfigurationContextCustomizerFactory$DisableAutoConfigurationContextCustomizer@44c13103, org.springframework.boot.test.autoconfigure.actuate.metrics.MetricsExportContextCustomizerFactory$DisableMetricExportContextCustomizer@8a2a6a, org.springframework.boot.test.autoconfigure.filter.TypeExcludeFiltersContextCustomizer@351584c0, org.springframework.boot.test.autoconfigure.properties.PropertyMappingContextCustomizer@ae8e351b, org.springframework.boot.test.autoconfigure.web.servlet.WebDriverContextCustomizerFactory$Customizer@1835d3ed, [ImportsContextCustomizer@1e5f3c4a key = [org.springframework.boot.autoconfigure.cache.CacheAutoConfiguration, org.springframework.boot.autoconfigure.data.jpa.JpaRepositoriesAutoConfiguration, org.springframework.boot.autoconfigure.flyway.FlywayAutoConfiguration, org.springframework.boot.autoconfigure.jdbc.DataSourceAutoConfiguration, org.springframework.boot.autoconfigure.jdbc.DataSourceTransactionManagerAutoConfiguration, org.springframework.boot.autoconfigure.jdbc.JdbcTemplateAutoConfiguration, org.springframework.boot.autoconfigure.liquibase.LiquibaseAutoConfiguration, org.springframework.boot.autoconfigure.orm.jpa.HibernateJpaAutoConfiguration, org.springframework.boot.autoconfigure.sql.init.SqlInitializationAutoConfiguration, org.springframework.boot.autoconfigure.transaction.TransactionAutoConfiguration, org.springframework.boot.test.autoconfigure.jdbc.TestDatabaseAutoConfiguration, org.springframework.boot.test.autoconfigure.orm.jpa.TestEntityManagerAutoConfiguration]], org.springframework.boot.test.context.filter.ExcludeFilterContextCustomizer@6a937336, org.springframework.boot.test.json.DuplicateJsonObjectContextCustomizerFactory$DuplicateJsonObjectContextCustomizer@6b52dd31, org.springframework.boot.test.mock.mockito.MockitoContextCustomizer@0, org.springframework.boot.test.context.SpringBootTestArgs@1, org.springframework.boot.test.context.SpringBootTestWebEnvironment@0], contextLoader = 'org.springframework.boot.test.context.SpringBootContextLoader', parent = [null]], attributes = map['org.springframework.test.context.event.ApplicationEventsTestExecutionListener.recordApplicationEvents' -> false, 'org.springframework.boot.test.mock.mockito.MockitoTestExecutionListener.mocks' -> org.mockito.internal.configuration.InjectingAnnotationEngine$$Lambda$1462/0x0000000801473df8@2aea7775]]; transaction manager [org.springframework.orm.jpa.JpaTransactionManager@6b15e68c]; rollback [true]
2024-05-24 23:55:42,877 [Test worker] INFO  o.s.t.c.t.TransactionContext Rolled back transaction for test: [DefaultTestContext@7108b12d testClass = TravelCalculateMedicalAgeCoefficientTest, testInstance = lv.javaguru.travel.insurance.core.underwriting.calculators.medical.TravelCalculateMedicalAgeCoefficientTest@7a80b2e6, testMethod = MedicalAgeCoefficientCalculator@TravelCalculateMedicalAgeCoefficientTest, testException = [null], mergedContextConfiguration = [MergedContextConfiguration@394e0104 testClass = TravelCalculateMedicalAgeCoefficientTest, locations = '{}', classes = '{class lv.javaguru.travel.insurance.InsuranceApplication}', contextInitializerClasses = '[]', activeProfiles = '{}', propertySourceLocations = '{}', propertySourceProperties = '{org.springframework.boot.test.autoconfigure.orm.jpa.DataJpaTestContextBootstrapper=true}', contextCustomizers = set[org.springframework.boot.test.autoconfigure.OverrideAutoConfigurationContextCustomizerFactory$DisableAutoConfigurationContextCustomizer@44c13103, org.springframework.boot.test.autoconfigure.actuate.metrics.MetricsExportContextCustomizerFactory$DisableMetricExportContextCustomizer@8a2a6a, org.springframework.boot.test.autoconfigure.filter.TypeExcludeFiltersContextCustomizer@351584c0, org.springframework.boot.test.autoconfigure.properties.PropertyMappingContextCustomizer@ae8e351b, org.springframework.boot.test.autoconfigure.web.servlet.WebDriverContextCustomizerFactory$Customizer@1835d3ed, [ImportsContextCustomizer@1e5f3c4a key = [org.springframework.boot.autoconfigure.cache.CacheAutoConfiguration, org.springframework.boot.autoconfigure.data.jpa.JpaRepositoriesAutoConfiguration, org.springframework.boot.autoconfigure.flyway.FlywayAutoConfiguration, org.springframework.boot.autoconfigure.jdbc.DataSourceAutoConfiguration, org.springframework.boot.autoconfigure.jdbc.DataSourceTransactionManagerAutoConfiguration, org.springframework.boot.autoconfigure.jdbc.JdbcTemplateAutoConfiguration, org.springframework.boot.autoconfigure.liquibase.LiquibaseAutoConfiguration, org.springframework.boot.autoconfigure.orm.jpa.HibernateJpaAutoConfiguration, org.springframework.boot.autoconfigure.sql.init.SqlInitializationAutoConfiguration, org.springframework.boot.autoconfigure.transaction.TransactionAutoConfiguration, org.springframework.boot.test.autoconfigure.jdbc.TestDatabaseAutoConfiguration, org.springframework.boot.test.autoconfigure.orm.jpa.TestEntityManagerAutoConfiguration]], org.springframework.boot.test.context.filter.ExcludeFilterContextCustomizer@6a937336, org.springframework.boot.test.json.DuplicateJsonObjectContextCustomizerFactory$DuplicateJsonObjectContextCustomizer@6b52dd31, org.springframework.boot.test.mock.mockito.MockitoContextCustomizer@0, org.springframework.boot.test.context.SpringBootTestArgs@1, org.springframework.boot.test.context.SpringBootTestWebEnvironment@0], contextLoader = 'org.springframework.boot.test.context.SpringBootContextLoader', parent = [null]], attributes = map['org.springframework.test.context.event.ApplicationEventsTestExecutionListener.recordApplicationEvents' -> false, 'org.springframework.boot.test.mock.mockito.MockitoTestExecutionListener.mocks' -> org.mockito.internal.configuration.InjectingAnnotationEngine$$Lambda$1462/0x0000000801473df8@2aea7775]]
]]></system-out>
  <system-err><![CDATA[]]></system-err>
</testsuite>
